[3.052s] Invoking command in '/home/andrewlh/VSCode/ros2_ws/src/servo_control': CONDA_PROMPT_MODIFIER=(base) DEBUGINFOD_URLS=https://debuginfod.ubuntu.com PYTHONPATH=/home/andrewlh/VSCode/ros2_ws/build/servo_control/prefix_override:/usr/lib/python3/dist-packages/colcon_core/task/python/colcon_distutils_commands:/home/andrewlh/VSCode/ros2_ws/install/servo_control/lib/python3.12/site-packages:${PYTHONPATH} /usr/bin/python3 -W ignore:setup.py install is deprecated -W ignore:easy_install command is deprecated setup.py egg_info --egg-base ../../build/servo_control build --build-base /home/andrewlh/VSCode/ros2_ws/build/servo_control/build install --record /home/andrewlh/VSCode/ros2_ws/build/servo_control/install.log --single-version-externally-managed install_data
[3.831s] running egg_info
[3.831s] creating ../../build/servo_control/servo_control.egg-info
[3.885s] writing ../../build/servo_control/servo_control.egg-info/PKG-INFO
[3.885s] writing dependency_links to ../../build/servo_control/servo_control.egg-info/dependency_links.txt
[3.886s] writing entry points to ../../build/servo_control/servo_control.egg-info/entry_points.txt
[3.891s] writing requirements to ../../build/servo_control/servo_control.egg-info/requires.txt
[3.891s] writing top-level names to ../../build/servo_control/servo_control.egg-info/top_level.txt
[3.892s] writing manifest file '../../build/servo_control/servo_control.egg-info/SOURCES.txt'
[3.986s] reading manifest file '../../build/servo_control/servo_control.egg-info/SOURCES.txt'
[3.994s] writing manifest file '../../build/servo_control/servo_control.egg-info/SOURCES.txt'
[3.995s] running build
[3.995s] running install
[4.047s] running install_data
[4.047s] creating /home/andrewlh/VSCode/ros2_ws/install/servo_control/share
[4.047s] creating /home/andrewlh/VSCode/ros2_ws/install/servo_control/share/ament_index
[4.047s] creating /home/andrewlh/VSCode/ros2_ws/install/servo_control/share/ament_index/resource_index
[4.048s] creating /home/andrewlh/VSCode/ros2_ws/install/servo_control/share/ament_index/resource_index/packages
[4.048s] error: can't copy 'resource/servo_control': doesn't exist or not a regular file
[4.103s] Invoked command in '/home/andrewlh/VSCode/ros2_ws/src/servo_control' returned '1': CONDA_PROMPT_MODIFIER=(base) DEBUGINFOD_URLS=https://debuginfod.ubuntu.com PYTHONPATH=/home/andrewlh/VSCode/ros2_ws/build/servo_control/prefix_override:/usr/lib/python3/dist-packages/colcon_core/task/python/colcon_distutils_commands:/home/andrewlh/VSCode/ros2_ws/install/servo_control/lib/python3.12/site-packages:${PYTHONPATH} /usr/bin/python3 -W ignore:setup.py install is deprecated -W ignore:easy_install command is deprecated setup.py egg_info --egg-base ../../build/servo_control build --build-base /home/andrewlh/VSCode/ros2_ws/build/servo_control/build install --record /home/andrewlh/VSCode/ros2_ws/build/servo_control/install.log --single-version-externally-managed install_data
