running egg_info
writing ../../build/camera_interface/camera_interface.egg-info/PKG-INFO
writing dependency_links to ../../build/camera_interface/camera_interface.egg-info/dependency_links.txt
writing entry points to ../../build/camera_interface/camera_interface.egg-info/entry_points.txt
writing requirements to ../../build/camera_interface/camera_interface.egg-info/requires.txt
writing top-level names to ../../build/camera_interface/camera_interface.egg-info/top_level.txt
reading manifest file '../../build/camera_interface/camera_interface.egg-info/SOURCES.txt'
writing manifest file '../../build/camera_interface/camera_interface.egg-info/SOURCES.txt'
running build
running build_py
running install
running install_lib
running install_data
running install_egg_info
removing '/home/andrewlh/VSCode/ros2_ws/install/camera_interface/lib/python3.12/site-packages/camera_interface-0.1.0-py3.12.egg-info' (and everything under it)
Copying ../../build/camera_interface/camera_interface.egg-info to /home/andrewlh/VSCode/ros2_ws/install/camera_interface/lib/python3.12/site-packages/camera_interface-0.1.0-py3.12.egg-info
running install_scripts
Installing camera_info_node script to /home/andrewlh/VSCode/ros2_ws/install/camera_interface/lib/camera_interface
Installing camera_node script to /home/andrewlh/VSCode/ros2_ws/install/camera_interface/lib/camera_interface
writing list of installed files to '/home/andrewlh/VSCode/ros2_ws/build/camera_interface/install.log'
