[5.082s] Invoking command in '/home/andrewlh/VSCode/ros2_ws/build/control': CONDA_PROMPT_MODIFIER=(base) DEBUGINFOD_URLS=https://debuginfod.ubuntu.com PYTHONPATH=/home/andrewlh/VSCode/ros2_ws/build/control/prefix_override:/usr/lib/python3/dist-packages/colcon_core/task/python/colcon_distutils_commands:/home/andrewlh/VSCode/ros2_ws/install/control/lib/python3.12/site-packages:${PYTHONPATH} /usr/bin/python3 -W ignore:setup.py install is deprecated -W ignore:easy_install command is deprecated setup.py develop --editable --build-directory /home/andrewlh/VSCode/ros2_ws/build/control/build --no-deps symlink_data
[6.899s] running develop
[7.114s] running egg_info
[7.194s] writing control.egg-info/PKG-INFO
[7.195s] writing dependency_links to control.egg-info/dependency_links.txt
[7.196s] writing entry points to control.egg-info/entry_points.txt
[7.196s] writing requirements to control.egg-info/requires.txt
[7.196s] writing top-level names to control.egg-info/top_level.txt
[7.331s] reading manifest file 'control.egg-info/SOURCES.txt'
[7.332s] writing manifest file 'control.egg-info/SOURCES.txt'
[7.384s] running build_ext
[7.384s] Creating /home/andrewlh/VSCode/ros2_ws/install/control/lib/python3.12/site-packages/control.egg-link (link to .)
[7.385s] Installing motion_planner_node script to /home/andrewlh/VSCode/ros2_ws/install/control/bin
[7.386s] Installing pose_to_command_node script to /home/andrewlh/VSCode/ros2_ws/install/control/bin
[7.387s] Installing teleop_node script to /home/andrewlh/VSCode/ros2_ws/install/control/bin
[7.387s] Installing trajectory_executor_node script to /home/andrewlh/VSCode/ros2_ws/install/control/bin
[7.388s] 
[7.388s] Installed /home/andrewlh/VSCode/ros2_ws/build/control
[7.388s] running symlink_data
[7.508s] Invoked command in '/home/andrewlh/VSCode/ros2_ws/build/control' returned '0': CONDA_PROMPT_MODIFIER=(base) DEBUGINFOD_URLS=https://debuginfod.ubuntu.com PYTHONPATH=/home/andrewlh/VSCode/ros2_ws/build/control/prefix_override:/usr/lib/python3/dist-packages/colcon_core/task/python/colcon_distutils_commands:/home/andrewlh/VSCode/ros2_ws/install/control/lib/python3.12/site-packages:${PYTHONPATH} /usr/bin/python3 -W ignore:setup.py install is deprecated -W ignore:easy_install command is deprecated setup.py develop --editable --build-directory /home/andrewlh/VSCode/ros2_ws/build/control/build --no-deps symlink_data
