[0.335s] DEBUG:colcon:Command line arguments: ['/usr/bin/colcon', 'build']
[0.335s] DEBUG:colcon:Parsed command line arguments: Namespace(log_base=None, log_level=None, verb_name='build', build_base='build', install_base='install', merge_install=False, symlink_install=False, test_result_base=None, continue_on_error=False, executor='parallel', parallel_workers=8, event_handlers=None, ignore_user_meta=False, metas=['./colcon.meta'], base_paths=['.'], packages_ignore=None, packages_ignore_regex=None, paths=None, packages_up_to=None, packages_up_to_regex=None, packages_above=None, packages_above_and_dependencies=None, packages_above_depth=None, packages_select_by_dep=None, packages_skip_by_dep=None, packages_skip_up_to=None, packages_select_build_failed=False, packages_skip_build_finished=False, packages_select_test_failures=False, packages_skip_test_passed=False, packages_select=None, packages_skip=None, packages_select_regex=None, packages_skip_regex=None, packages_start=None, packages_end=None, allow_overriding=[], cmake_args=None, cmake_target=None, cmake_target_skip_unavailable=False, cmake_clean_cache=False, cmake_clean_first=False, cmake_force_configure=False, ament_cmake_args=None, catkin_cmake_args=None, catkin_skip_building_tests=False, mixin_files=None, mixin=None, verb_parser=<colcon_mixin.mixin.mixin_argument.MixinArgumentDecorator object at 0x730c09594fb0>, verb_extension=<colcon_core.verb.build.BuildVerb object at 0x730c09594920>, main=<bound method BuildVerb.main of <colcon_core.verb.build.BuildVerb object at 0x730c09594920>>, mixin_verb=('build',))
[0.392s] Level 1:colcon.colcon_core.package_discovery:discover_packages(colcon_meta) check parameters
[0.392s] Level 1:colcon.colcon_core.package_discovery:discover_packages(recursive) check parameters
[0.392s] Level 1:colcon.colcon_core.package_discovery:discover_packages(ignore) check parameters
[0.392s] Level 1:colcon.colcon_core.package_discovery:discover_packages(path) check parameters
[0.392s] Level 1:colcon.colcon_core.package_discovery:discover_packages(colcon_meta) discover
[0.392s] Level 1:colcon.colcon_core.package_discovery:discover_packages(recursive) discover
[0.392s] INFO:colcon.colcon_core.package_discovery:Crawling recursively for packages in '/home/andrewlh/VSCode/ros2_ws'
[0.392s] Level 1:colcon.colcon_core.package_identification:_identify(.) by extensions ['ignore', 'ignore_ament_install']
[0.392s] Level 1:colcon.colcon_core.package_identification:_identify(.) by extension 'ignore'
[0.393s] Level 1:colcon.colcon_core.package_identification:_identify(.) by extension 'ignore_ament_install'
[0.393s] Level 1:colcon.colcon_core.package_identification:_identify(.) by extensions ['colcon_pkg']
[0.393s] Level 1:colcon.colcon_core.package_identification:_identify(.) by extension 'colcon_pkg'
[0.393s] Level 1:colcon.colcon_core.package_identification:_identify(.) by extensions ['colcon_meta']
[0.393s] Level 1:colcon.colcon_core.package_identification:_identify(.) by extension 'colcon_meta'
[0.393s] Level 1:colcon.colcon_core.package_identification:_identify(.) by extensions ['ros']
[0.393s] Level 1:colcon.colcon_core.package_identification:_identify(.) by extension 'ros'
[0.419s] Level 1:colcon.colcon_core.package_identification:_identify(.) by extensions ['cmake', 'python']
[0.419s] Level 1:colcon.colcon_core.package_identification:_identify(.) by extension 'cmake'
[0.419s] Level 1:colcon.colcon_core.package_identification:_identify(.) by extension 'python'
[0.419s] Level 1:colcon.colcon_core.package_identification:_identify(.) by extensions ['python_setup_py']
[0.419s] Level 1:colcon.colcon_core.package_identification:_identify(.) by extension 'python_setup_py'
[0.419s] Level 1:colcon.colcon_core.package_identification:_identify(build) by extensions ['ignore', 'ignore_ament_install']
[0.420s] Level 1:colcon.colcon_core.package_identification:_identify(build) by extension 'ignore'
[0.420s] Level 1:colcon.colcon_core.package_identification:_identify(build) ignored
[0.420s] Level 1:colcon.colcon_core.package_identification:_identify(documentation) by extensions ['ignore', 'ignore_ament_install']
[0.420s] Level 1:colcon.colcon_core.package_identification:_identify(documentation) by extension 'ignore'
[0.420s] Level 1:colcon.colcon_core.package_identification:_identify(documentation) by extension 'ignore_ament_install'
[0.420s] Level 1:colcon.colcon_core.package_identification:_identify(documentation) by extensions ['colcon_pkg']
[0.420s] Level 1:colcon.colcon_core.package_identification:_identify(documentation) by extension 'colcon_pkg'
[0.421s] Level 1:colcon.colcon_core.package_identification:_identify(documentation) by extensions ['colcon_meta']
[0.421s] Level 1:colcon.colcon_core.package_identification:_identify(documentation) by extension 'colcon_meta'
[0.421s] Level 1:colcon.colcon_core.package_identification:_identify(documentation) by extensions ['ros']
[0.421s] Level 1:colcon.colcon_core.package_identification:_identify(documentation) by extension 'ros'
[0.421s] Level 1:colcon.colcon_core.package_identification:_identify(documentation) by extensions ['cmake', 'python']
[0.421s] Level 1:colcon.colcon_core.package_identification:_identify(documentation) by extension 'cmake'
[0.421s] Level 1:colcon.colcon_core.package_identification:_identify(documentation) by extension 'python'
[0.421s] Level 1:colcon.colcon_core.package_identification:_identify(documentation) by extensions ['python_setup_py']
[0.421s] Level 1:colcon.colcon_core.package_identification:_identify(documentation) by extension 'python_setup_py'
[0.421s] Level 1:colcon.colcon_core.package_identification:_identify(install) by extensions ['ignore', 'ignore_ament_install']
[0.421s] Level 1:colcon.colcon_core.package_identification:_identify(install) by extension 'ignore'
[0.421s] Level 1:colcon.colcon_core.package_identification:_identify(install) ignored
[0.422s] Level 1:colcon.colcon_core.package_identification:_identify(log) by extensions ['ignore', 'ignore_ament_install']
[0.422s] Level 1:colcon.colcon_core.package_identification:_identify(log) by extension 'ignore'
[0.422s] Level 1:colcon.colcon_core.package_identification:_identify(log) ignored
[0.422s] Level 1:colcon.colcon_core.package_identification:_identify(src) by extensions ['ignore', 'ignore_ament_install']
[0.422s] Level 1:colcon.colcon_core.package_identification:_identify(src) by extension 'ignore'
[0.422s] Level 1:colcon.colcon_core.package_identification:_identify(src) by extension 'ignore_ament_install'
[0.422s] Level 1:colcon.colcon_core.package_identification:_identify(src) by extensions ['colcon_pkg']
[0.422s] Level 1:colcon.colcon_core.package_identification:_identify(src) by extension 'colcon_pkg'
[0.422s] Level 1:colcon.colcon_core.package_identification:_identify(src) by extensions ['colcon_meta']
[0.422s] Level 1:colcon.colcon_core.package_identification:_identify(src) by extension 'colcon_meta'
[0.422s] Level 1:colcon.colcon_core.package_identification:_identify(src) by extensions ['ros']
[0.422s] Level 1:colcon.colcon_core.package_identification:_identify(src) by extension 'ros'
[0.422s] Level 1:colcon.colcon_core.package_identification:_identify(src) by extensions ['cmake', 'python']
[0.422s] Level 1:colcon.colcon_core.package_identification:_identify(src) by extension 'cmake'
[0.422s] Level 1:colcon.colcon_core.package_identification:_identify(src) by extension 'python'
[0.422s] Level 1:colcon.colcon_core.package_identification:_identify(src) by extensions ['python_setup_py']
[0.422s] Level 1:colcon.colcon_core.package_identification:_identify(src) by extension 'python_setup_py'
[0.423s] Level 1:colcon.colcon_core.package_identification:_identify(src/camera_interface) by extensions ['ignore', 'ignore_ament_install']
[0.423s] Level 1:colcon.colcon_core.package_identification:_identify(src/camera_interface) by extension 'ignore'
[0.423s] Level 1:colcon.colcon_core.package_identification:_identify(src/camera_interface) by extension 'ignore_ament_install'
[0.423s] Level 1:colcon.colcon_core.package_identification:_identify(src/camera_interface) by extensions ['colcon_pkg']
[0.423s] Level 1:colcon.colcon_core.package_identification:_identify(src/camera_interface) by extension 'colcon_pkg'
[0.423s] Level 1:colcon.colcon_core.package_identification:_identify(src/camera_interface) by extensions ['colcon_meta']
[0.423s] Level 1:colcon.colcon_core.package_identification:_identify(src/camera_interface) by extension 'colcon_meta'
[0.423s] Level 1:colcon.colcon_core.package_identification:_identify(src/camera_interface) by extensions ['ros']
[0.423s] Level 1:colcon.colcon_core.package_identification:_identify(src/camera_interface) by extension 'ros'
[0.426s] DEBUG:colcon.colcon_core.package_identification:Package 'src/camera_interface' with type 'ros.ament_python' and name 'camera_interface'
[0.426s] Level 1:colcon.colcon_core.package_identification:_identify(src/control) by extensions ['ignore', 'ignore_ament_install']
[0.426s] Level 1:colcon.colcon_core.package_identification:_identify(src/control) by extension 'ignore'
[0.426s] Level 1:colcon.colcon_core.package_identification:_identify(src/control) by extension 'ignore_ament_install'
[0.426s] Level 1:colcon.colcon_core.package_identification:_identify(src/control) by extensions ['colcon_pkg']
[0.426s] Level 1:colcon.colcon_core.package_identification:_identify(src/control) by extension 'colcon_pkg'
[0.426s] Level 1:colcon.colcon_core.package_identification:_identify(src/control) by extensions ['colcon_meta']
[0.426s] Level 1:colcon.colcon_core.package_identification:_identify(src/control) by extension 'colcon_meta'
[0.426s] Level 1:colcon.colcon_core.package_identification:_identify(src/control) by extensions ['ros']
[0.426s] Level 1:colcon.colcon_core.package_identification:_identify(src/control) by extension 'ros'
[0.427s] DEBUG:colcon.colcon_core.package_identification:Package 'src/control' with type 'ros.ament_python' and name 'control'
[0.427s] Level 1:colcon.colcon_core.package_identification:_identify(src/control_system) by extensions ['ignore', 'ignore_ament_install']
[0.427s] Level 1:colcon.colcon_core.package_identification:_identify(src/control_system) by extension 'ignore'
[0.427s] Level 1:colcon.colcon_core.package_identification:_identify(src/control_system) by extension 'ignore_ament_install'
[0.427s] Level 1:colcon.colcon_core.package_identification:_identify(src/control_system) by extensions ['colcon_pkg']
[0.427s] Level 1:colcon.colcon_core.package_identification:_identify(src/control_system) by extension 'colcon_pkg'
[0.427s] Level 1:colcon.colcon_core.package_identification:_identify(src/control_system) by extensions ['colcon_meta']
[0.427s] Level 1:colcon.colcon_core.package_identification:_identify(src/control_system) by extension 'colcon_meta'
[0.427s] Level 1:colcon.colcon_core.package_identification:_identify(src/control_system) by extensions ['ros']
[0.427s] Level 1:colcon.colcon_core.package_identification:_identify(src/control_system) by extension 'ros'
[0.428s] DEBUG:colcon.colcon_core.package_identification:Failed to parse potential ROS package manifest in'src/control_system': Error(s) in package 'src/control_system/package.xml':
The manifest contains invalid XML:
no element found: line 1, column 0
[0.428s] Level 1:colcon.colcon_core.package_identification:_identify(src/control_system) by extensions ['cmake', 'python']
[0.428s] Level 1:colcon.colcon_core.package_identification:_identify(src/control_system) by extension 'cmake'
[0.428s] Level 1:colcon.colcon_core.package_identification:_identify(src/control_system) by extension 'python'
[0.428s] DEBUG:colcon.colcon_core.package_identification:Python package in 'src/control_system' passes arguments to the setup() function which requires a different identification extension than 'python'
[0.428s] Level 1:colcon.colcon_core.package_identification:_identify(src/control_system) by extensions ['python_setup_py']
[0.428s] Level 1:colcon.colcon_core.package_identification:_identify(src/control_system) by extension 'python_setup_py'
[0.630s] DEBUG:colcon.colcon_core.package_identification:Package 'src/control_system' with type 'python' and name 'control_system'
[0.630s] Level 1:colcon.colcon_core.package_identification:_identify(src/cr3_interface) by extensions ['ignore', 'ignore_ament_install']
[0.630s] Level 1:colcon.colcon_core.package_identification:_identify(src/cr3_interface) by extension 'ignore'
[0.630s] Level 1:colcon.colcon_core.package_identification:_identify(src/cr3_interface) by extension 'ignore_ament_install'
[0.630s] Level 1:colcon.colcon_core.package_identification:_identify(src/cr3_interface) by extensions ['colcon_pkg']
[0.630s] Level 1:colcon.colcon_core.package_identification:_identify(src/cr3_interface) by extension 'colcon_pkg'
[0.631s] Level 1:colcon.colcon_core.package_identification:_identify(src/cr3_interface) by extensions ['colcon_meta']
[0.631s] Level 1:colcon.colcon_core.package_identification:_identify(src/cr3_interface) by extension 'colcon_meta'
[0.631s] Level 1:colcon.colcon_core.package_identification:_identify(src/cr3_interface) by extensions ['ros']
[0.631s] Level 1:colcon.colcon_core.package_identification:_identify(src/cr3_interface) by extension 'ros'
[0.631s] DEBUG:colcon.colcon_core.package_identification:Package 'src/cr3_interface' with type 'ros.ament_python' and name 'cr3_interface'
[0.631s] Level 1:colcon.colcon_core.package_identification:_identify(src/diagnostics) by extensions ['ignore', 'ignore_ament_install']
[0.631s] Level 1:colcon.colcon_core.package_identification:_identify(src/diagnostics) by extension 'ignore'
[0.632s] Level 1:colcon.colcon_core.package_identification:_identify(src/diagnostics) by extension 'ignore_ament_install'
[0.632s] Level 1:colcon.colcon_core.package_identification:_identify(src/diagnostics) by extensions ['colcon_pkg']
[0.632s] Level 1:colcon.colcon_core.package_identification:_identify(src/diagnostics) by extension 'colcon_pkg'
[0.632s] Level 1:colcon.colcon_core.package_identification:_identify(src/diagnostics) by extensions ['colcon_meta']
[0.632s] Level 1:colcon.colcon_core.package_identification:_identify(src/diagnostics) by extension 'colcon_meta'
[0.632s] Level 1:colcon.colcon_core.package_identification:_identify(src/diagnostics) by extensions ['ros']
[0.632s] Level 1:colcon.colcon_core.package_identification:_identify(src/diagnostics) by extension 'ros'
[0.632s] DEBUG:colcon.colcon_core.package_identification:Package 'src/diagnostics' with type 'ros.ament_python' and name 'diagnostics'
[0.632s] Level 1:colcon.colcon_core.package_identification:_identify(src/perception) by extensions ['ignore', 'ignore_ament_install']
[0.632s] Level 1:colcon.colcon_core.package_identification:_identify(src/perception) by extension 'ignore'
[0.632s] Level 1:colcon.colcon_core.package_identification:_identify(src/perception) by extension 'ignore_ament_install'
[0.633s] Level 1:colcon.colcon_core.package_identification:_identify(src/perception) by extensions ['colcon_pkg']
[0.633s] Level 1:colcon.colcon_core.package_identification:_identify(src/perception) by extension 'colcon_pkg'
[0.633s] Level 1:colcon.colcon_core.package_identification:_identify(src/perception) by extensions ['colcon_meta']
[0.633s] Level 1:colcon.colcon_core.package_identification:_identify(src/perception) by extension 'colcon_meta'
[0.633s] Level 1:colcon.colcon_core.package_identification:_identify(src/perception) by extensions ['ros']
[0.633s] Level 1:colcon.colcon_core.package_identification:_identify(src/perception) by extension 'ros'
[0.633s] DEBUG:colcon.colcon_core.package_identification:Package 'src/perception' with type 'ros.ament_python' and name 'perception'
[0.634s] Level 1:colcon.colcon_core.package_identification:_identify(src/servo_control) by extensions ['ignore', 'ignore_ament_install']
[0.634s] Level 1:colcon.colcon_core.package_identification:_identify(src/servo_control) by extension 'ignore'
[0.634s] Level 1:colcon.colcon_core.package_identification:_identify(src/servo_control) by extension 'ignore_ament_install'
[0.634s] Level 1:colcon.colcon_core.package_identification:_identify(src/servo_control) by extensions ['colcon_pkg']
[0.634s] Level 1:colcon.colcon_core.package_identification:_identify(src/servo_control) by extension 'colcon_pkg'
[0.634s] Level 1:colcon.colcon_core.package_identification:_identify(src/servo_control) by extensions ['colcon_meta']
[0.634s] Level 1:colcon.colcon_core.package_identification:_identify(src/servo_control) by extension 'colcon_meta'
[0.634s] Level 1:colcon.colcon_core.package_identification:_identify(src/servo_control) by extensions ['ros']
[0.634s] Level 1:colcon.colcon_core.package_identification:_identify(src/servo_control) by extension 'ros'
[0.635s] DEBUG:colcon.colcon_core.package_identification:Package 'src/servo_control' with type 'ros.ament_python' and name 'servo_control'
[0.635s] Level 1:colcon.colcon_core.package_identification:_identify(src/sim_interface) by extensions ['ignore', 'ignore_ament_install']
[0.635s] Level 1:colcon.colcon_core.package_identification:_identify(src/sim_interface) by extension 'ignore'
[0.635s] Level 1:colcon.colcon_core.package_identification:_identify(src/sim_interface) by extension 'ignore_ament_install'
[0.635s] Level 1:colcon.colcon_core.package_identification:_identify(src/sim_interface) by extensions ['colcon_pkg']
[0.635s] Level 1:colcon.colcon_core.package_identification:_identify(src/sim_interface) by extension 'colcon_pkg'
[0.635s] Level 1:colcon.colcon_core.package_identification:_identify(src/sim_interface) by extensions ['colcon_meta']
[0.635s] Level 1:colcon.colcon_core.package_identification:_identify(src/sim_interface) by extension 'colcon_meta'
[0.635s] Level 1:colcon.colcon_core.package_identification:_identify(src/sim_interface) by extensions ['ros']
[0.635s] Level 1:colcon.colcon_core.package_identification:_identify(src/sim_interface) by extension 'ros'
[0.636s] DEBUG:colcon.colcon_core.package_identification:Package 'src/sim_interface' with type 'ros.ament_python' and name 'sim_interface'
[0.636s] Level 1:colcon.colcon_core.package_identification:_identify(src/ui) by extensions ['ignore', 'ignore_ament_install']
[0.636s] Level 1:colcon.colcon_core.package_identification:_identify(src/ui) by extension 'ignore'
[0.636s] Level 1:colcon.colcon_core.package_identification:_identify(src/ui) by extension 'ignore_ament_install'
[0.636s] Level 1:colcon.colcon_core.package_identification:_identify(src/ui) by extensions ['colcon_pkg']
[0.636s] Level 1:colcon.colcon_core.package_identification:_identify(src/ui) by extension 'colcon_pkg'
[0.636s] Level 1:colcon.colcon_core.package_identification:_identify(src/ui) by extensions ['colcon_meta']
[0.636s] Level 1:colcon.colcon_core.package_identification:_identify(src/ui) by extension 'colcon_meta'
[0.636s] Level 1:colcon.colcon_core.package_identification:_identify(src/ui) by extensions ['ros']
[0.636s] Level 1:colcon.colcon_core.package_identification:_identify(src/ui) by extension 'ros'
[0.636s] DEBUG:colcon.colcon_core.package_identification:Failed to parse potential ROS package manifest in'src/ui': Error(s) in package 'src/ui/package.xml':
The manifest contains invalid XML:
no element found: line 1, column 0
[0.636s] Level 1:colcon.colcon_core.package_identification:_identify(src/ui) by extensions ['cmake', 'python']
[0.636s] Level 1:colcon.colcon_core.package_identification:_identify(src/ui) by extension 'cmake'
[0.636s] Level 1:colcon.colcon_core.package_identification:_identify(src/ui) by extension 'python'
[0.636s] DEBUG:colcon.colcon_core.package_identification:Python package in 'src/ui' passes arguments to the setup() function which requires a different identification extension than 'python'
[0.637s] Level 1:colcon.colcon_core.package_identification:_identify(src/ui) by extensions ['python_setup_py']
[0.637s] Level 1:colcon.colcon_core.package_identification:_identify(src/ui) by extension 'python_setup_py'
[0.920s] DEBUG:colcon.colcon_core.package_identification:Package 'src/ui' with type 'python' and name 'ui'
[0.920s] Level 1:colcon.colcon_core.package_discovery:discover_packages(recursive) using defaults
[0.920s] Level 1:colcon.colcon_core.package_discovery:discover_packages(ignore) discover
[0.920s] Level 1:colcon.colcon_core.package_discovery:discover_packages(ignore) using defaults
[0.920s] Level 1:colcon.colcon_core.package_discovery:discover_packages(path) discover
[0.920s] Level 1:colcon.colcon_core.package_discovery:discover_packages(path) using defaults
[0.939s] Level 1:colcon.colcon_core.package_discovery:discover_packages(prefix_path) check parameters
[0.939s] Level 1:colcon.colcon_core.package_discovery:discover_packages(prefix_path) discover
[0.942s] DEBUG:colcon.colcon_installed_package_information.package_discovery:Found 9 installed packages in /home/andrewlh/VSCode/ros2_ws/install
[0.944s] DEBUG:colcon.colcon_installed_package_information.package_discovery:Found 318 installed packages in /opt/ros/jazzy
[0.944s] Level 1:colcon.colcon_core.package_discovery:discover_packages(prefix_path) using defaults
[0.984s] Level 5:colcon.colcon_core.verb:set package 'camera_interface' build argument 'cmake_args' from command line to 'None'
[0.984s] Level 5:colcon.colcon_core.verb:set package 'camera_interface' build argument 'cmake_target' from command line to 'None'
[0.984s] Level 5:colcon.colcon_core.verb:set package 'camera_interface' build argument 'cmake_target_skip_unavailable' from command line to 'False'
[0.984s] Level 5:colcon.colcon_core.verb:set package 'camera_interface' build argument 'cmake_clean_cache' from command line to 'False'
[0.984s] Level 5:colcon.colcon_core.verb:set package 'camera_interface' build argument 'cmake_clean_first' from command line to 'False'
[0.984s] Level 5:colcon.colcon_core.verb:set package 'camera_interface' build argument 'cmake_force_configure' from command line to 'False'
[0.984s] Level 5:colcon.colcon_core.verb:set package 'camera_interface' build argument 'ament_cmake_args' from command line to 'None'
[0.984s] Level 5:colcon.colcon_core.verb:set package 'camera_interface' build argument 'catkin_cmake_args' from command line to 'None'
[0.984s] Level 5:colcon.colcon_core.verb:set package 'camera_interface' build argument 'catkin_skip_building_tests' from command line to 'False'
[0.984s] DEBUG:colcon.colcon_core.verb:Building package 'camera_interface' with the following arguments: {'ament_cmake_args': None, 'build_base': '/home/andrewlh/VSCode/ros2_ws/build/camera_interface', 'catkin_cmake_args': None, 'catkin_skip_building_tests': False, 'cmake_args': None, 'cmake_clean_cache': False, 'cmake_clean_first': False, 'cmake_force_configure': False, 'cmake_target': None, 'cmake_target_skip_unavailable': False, 'install_base': '/home/andrewlh/VSCode/ros2_ws/install/camera_interface', 'merge_install': False, 'path': '/home/andrewlh/VSCode/ros2_ws/src/camera_interface', 'symlink_install': False, 'test_result_base': None}
[0.985s] Level 5:colcon.colcon_core.verb:set package 'control' build argument 'cmake_args' from command line to 'None'
[0.985s] Level 5:colcon.colcon_core.verb:set package 'control' build argument 'cmake_target' from command line to 'None'
[0.985s] Level 5:colcon.colcon_core.verb:set package 'control' build argument 'cmake_target_skip_unavailable' from command line to 'False'
[0.985s] Level 5:colcon.colcon_core.verb:set package 'control' build argument 'cmake_clean_cache' from command line to 'False'
[0.985s] Level 5:colcon.colcon_core.verb:set package 'control' build argument 'cmake_clean_first' from command line to 'False'
[0.985s] Level 5:colcon.colcon_core.verb:set package 'control' build argument 'cmake_force_configure' from command line to 'False'
[0.985s] Level 5:colcon.colcon_core.verb:set package 'control' build argument 'ament_cmake_args' from command line to 'None'
[0.985s] Level 5:colcon.colcon_core.verb:set package 'control' build argument 'catkin_cmake_args' from command line to 'None'
[0.985s] Level 5:colcon.colcon_core.verb:set package 'control' build argument 'catkin_skip_building_tests' from command line to 'False'
[0.985s] DEBUG:colcon.colcon_core.verb:Building package 'control' with the following arguments: {'ament_cmake_args': None, 'build_base': '/home/andrewlh/VSCode/ros2_ws/build/control', 'catkin_cmake_args': None, 'catkin_skip_building_tests': False, 'cmake_args': None, 'cmake_clean_cache': False, 'cmake_clean_first': False, 'cmake_force_configure': False, 'cmake_target': None, 'cmake_target_skip_unavailable': False, 'install_base': '/home/andrewlh/VSCode/ros2_ws/install/control', 'merge_install': False, 'path': '/home/andrewlh/VSCode/ros2_ws/src/control', 'symlink_install': False, 'test_result_base': None}
[0.985s] Level 5:colcon.colcon_core.verb:set package 'control_system' build argument 'cmake_args' from command line to 'None'
[0.985s] Level 5:colcon.colcon_core.verb:set package 'control_system' build argument 'cmake_target' from command line to 'None'
[0.985s] Level 5:colcon.colcon_core.verb:set package 'control_system' build argument 'cmake_target_skip_unavailable' from command line to 'False'
[0.985s] Level 5:colcon.colcon_core.verb:set package 'control_system' build argument 'cmake_clean_cache' from command line to 'False'
[0.985s] Level 5:colcon.colcon_core.verb:set package 'control_system' build argument 'cmake_clean_first' from command line to 'False'
[0.985s] Level 5:colcon.colcon_core.verb:set package 'control_system' build argument 'cmake_force_configure' from command line to 'False'
[0.985s] Level 5:colcon.colcon_core.verb:set package 'control_system' build argument 'ament_cmake_args' from command line to 'None'
[0.986s] Level 5:colcon.colcon_core.verb:set package 'control_system' build argument 'catkin_cmake_args' from command line to 'None'
[0.986s] Level 5:colcon.colcon_core.verb:set package 'control_system' build argument 'catkin_skip_building_tests' from command line to 'False'
[0.986s] DEBUG:colcon.colcon_core.verb:Building package 'control_system' with the following arguments: {'ament_cmake_args': None, 'build_base': '/home/andrewlh/VSCode/ros2_ws/build/control_system', 'catkin_cmake_args': None, 'catkin_skip_building_tests': False, 'cmake_args': None, 'cmake_clean_cache': False, 'cmake_clean_first': False, 'cmake_force_configure': False, 'cmake_target': None, 'cmake_target_skip_unavailable': False, 'install_base': '/home/andrewlh/VSCode/ros2_ws/install/control_system', 'merge_install': False, 'path': '/home/andrewlh/VSCode/ros2_ws/src/control_system', 'symlink_install': False, 'test_result_base': None}
[0.986s] Level 5:colcon.colcon_core.verb:set package 'cr3_interface' build argument 'cmake_args' from command line to 'None'
[0.986s] Level 5:colcon.colcon_core.verb:set package 'cr3_interface' build argument 'cmake_target' from command line to 'None'
[0.986s] Level 5:colcon.colcon_core.verb:set package 'cr3_interface' build argument 'cmake_target_skip_unavailable' from command line to 'False'
[0.986s] Level 5:colcon.colcon_core.verb:set package 'cr3_interface' build argument 'cmake_clean_cache' from command line to 'False'
[0.986s] Level 5:colcon.colcon_core.verb:set package 'cr3_interface' build argument 'cmake_clean_first' from command line to 'False'
[0.986s] Level 5:colcon.colcon_core.verb:set package 'cr3_interface' build argument 'cmake_force_configure' from command line to 'False'
[0.986s] Level 5:colcon.colcon_core.verb:set package 'cr3_interface' build argument 'ament_cmake_args' from command line to 'None'
[0.986s] Level 5:colcon.colcon_core.verb:set package 'cr3_interface' build argument 'catkin_cmake_args' from command line to 'None'
[0.986s] Level 5:colcon.colcon_core.verb:set package 'cr3_interface' build argument 'catkin_skip_building_tests' from command line to 'False'
[0.986s] DEBUG:colcon.colcon_core.verb:Building package 'cr3_interface' with the following arguments: {'ament_cmake_args': None, 'build_base': '/home/andrewlh/VSCode/ros2_ws/build/cr3_interface', 'catkin_cmake_args': None, 'catkin_skip_building_tests': False, 'cmake_args': None, 'cmake_clean_cache': False, 'cmake_clean_first': False, 'cmake_force_configure': False, 'cmake_target': None, 'cmake_target_skip_unavailable': False, 'install_base': '/home/andrewlh/VSCode/ros2_ws/install/cr3_interface', 'merge_install': False, 'path': '/home/andrewlh/VSCode/ros2_ws/src/cr3_interface', 'symlink_install': False, 'test_result_base': None}
[0.986s] Level 5:colcon.colcon_core.verb:set package 'diagnostics' build argument 'cmake_args' from command line to 'None'
[0.986s] Level 5:colcon.colcon_core.verb:set package 'diagnostics' build argument 'cmake_target' from command line to 'None'
[0.986s] Level 5:colcon.colcon_core.verb:set package 'diagnostics' build argument 'cmake_target_skip_unavailable' from command line to 'False'
[0.986s] Level 5:colcon.colcon_core.verb:set package 'diagnostics' build argument 'cmake_clean_cache' from command line to 'False'
[0.986s] Level 5:colcon.colcon_core.verb:set package 'diagnostics' build argument 'cmake_clean_first' from command line to 'False'
[0.986s] Level 5:colcon.colcon_core.verb:set package 'diagnostics' build argument 'cmake_force_configure' from command line to 'False'
[0.986s] Level 5:colcon.colcon_core.verb:set package 'diagnostics' build argument 'ament_cmake_args' from command line to 'None'
[0.986s] Level 5:colcon.colcon_core.verb:set package 'diagnostics' build argument 'catkin_cmake_args' from command line to 'None'
[0.986s] Level 5:colcon.colcon_core.verb:set package 'diagnostics' build argument 'catkin_skip_building_tests' from command line to 'False'
[0.986s] DEBUG:colcon.colcon_core.verb:Building package 'diagnostics' with the following arguments: {'ament_cmake_args': None, 'build_base': '/home/andrewlh/VSCode/ros2_ws/build/diagnostics', 'catkin_cmake_args': None, 'catkin_skip_building_tests': False, 'cmake_args': None, 'cmake_clean_cache': False, 'cmake_clean_first': False, 'cmake_force_configure': False, 'cmake_target': None, 'cmake_target_skip_unavailable': False, 'install_base': '/home/andrewlh/VSCode/ros2_ws/install/diagnostics', 'merge_install': False, 'path': '/home/andrewlh/VSCode/ros2_ws/src/diagnostics', 'symlink_install': False, 'test_result_base': None}
[0.987s] Level 5:colcon.colcon_core.verb:set package 'perception' build argument 'cmake_args' from command line to 'None'
[0.987s] Level 5:colcon.colcon_core.verb:set package 'perception' build argument 'cmake_target' from command line to 'None'
[0.987s] Level 5:colcon.colcon_core.verb:set package 'perception' build argument 'cmake_target_skip_unavailable' from command line to 'False'
[0.987s] Level 5:colcon.colcon_core.verb:set package 'perception' build argument 'cmake_clean_cache' from command line to 'False'
[0.987s] Level 5:colcon.colcon_core.verb:set package 'perception' build argument 'cmake_clean_first' from command line to 'False'
[0.987s] Level 5:colcon.colcon_core.verb:set package 'perception' build argument 'cmake_force_configure' from command line to 'False'
[0.987s] Level 5:colcon.colcon_core.verb:set package 'perception' build argument 'ament_cmake_args' from command line to 'None'
[0.987s] Level 5:colcon.colcon_core.verb:set package 'perception' build argument 'catkin_cmake_args' from command line to 'None'
[0.987s] Level 5:colcon.colcon_core.verb:set package 'perception' build argument 'catkin_skip_building_tests' from command line to 'False'
[0.987s] DEBUG:colcon.colcon_core.verb:Building package 'perception' with the following arguments: {'ament_cmake_args': None, 'build_base': '/home/andrewlh/VSCode/ros2_ws/build/perception', 'catkin_cmake_args': None, 'catkin_skip_building_tests': False, 'cmake_args': None, 'cmake_clean_cache': False, 'cmake_clean_first': False, 'cmake_force_configure': False, 'cmake_target': None, 'cmake_target_skip_unavailable': False, 'install_base': '/home/andrewlh/VSCode/ros2_ws/install/perception', 'merge_install': False, 'path': '/home/andrewlh/VSCode/ros2_ws/src/perception', 'symlink_install': False, 'test_result_base': None}
[0.987s] Level 5:colcon.colcon_core.verb:set package 'servo_control' build argument 'cmake_args' from command line to 'None'
[0.987s] Level 5:colcon.colcon_core.verb:set package 'servo_control' build argument 'cmake_target' from command line to 'None'
[0.987s] Level 5:colcon.colcon_core.verb:set package 'servo_control' build argument 'cmake_target_skip_unavailable' from command line to 'False'
[0.987s] Level 5:colcon.colcon_core.verb:set package 'servo_control' build argument 'cmake_clean_cache' from command line to 'False'
[0.987s] Level 5:colcon.colcon_core.verb:set package 'servo_control' build argument 'cmake_clean_first' from command line to 'False'
[0.987s] Level 5:colcon.colcon_core.verb:set package 'servo_control' build argument 'cmake_force_configure' from command line to 'False'
[0.987s] Level 5:colcon.colcon_core.verb:set package 'servo_control' build argument 'ament_cmake_args' from command line to 'None'
[0.987s] Level 5:colcon.colcon_core.verb:set package 'servo_control' build argument 'catkin_cmake_args' from command line to 'None'
[0.987s] Level 5:colcon.colcon_core.verb:set package 'servo_control' build argument 'catkin_skip_building_tests' from command line to 'False'
[0.988s] DEBUG:colcon.colcon_core.verb:Building package 'servo_control' with the following arguments: {'ament_cmake_args': None, 'build_base': '/home/andrewlh/VSCode/ros2_ws/build/servo_control', 'catkin_cmake_args': None, 'catkin_skip_building_tests': False, 'cmake_args': None, 'cmake_clean_cache': False, 'cmake_clean_first': False, 'cmake_force_configure': False, 'cmake_target': None, 'cmake_target_skip_unavailable': False, 'install_base': '/home/andrewlh/VSCode/ros2_ws/install/servo_control', 'merge_install': False, 'path': '/home/andrewlh/VSCode/ros2_ws/src/servo_control', 'symlink_install': False, 'test_result_base': None}
[0.988s] Level 5:colcon.colcon_core.verb:set package 'sim_interface' build argument 'cmake_args' from command line to 'None'
[0.988s] Level 5:colcon.colcon_core.verb:set package 'sim_interface' build argument 'cmake_target' from command line to 'None'
[0.988s] Level 5:colcon.colcon_core.verb:set package 'sim_interface' build argument 'cmake_target_skip_unavailable' from command line to 'False'
[0.988s] Level 5:colcon.colcon_core.verb:set package 'sim_interface' build argument 'cmake_clean_cache' from command line to 'False'
[0.988s] Level 5:colcon.colcon_core.verb:set package 'sim_interface' build argument 'cmake_clean_first' from command line to 'False'
[0.988s] Level 5:colcon.colcon_core.verb:set package 'sim_interface' build argument 'cmake_force_configure' from command line to 'False'
[0.988s] Level 5:colcon.colcon_core.verb:set package 'sim_interface' build argument 'ament_cmake_args' from command line to 'None'
[0.988s] Level 5:colcon.colcon_core.verb:set package 'sim_interface' build argument 'catkin_cmake_args' from command line to 'None'
[0.988s] Level 5:colcon.colcon_core.verb:set package 'sim_interface' build argument 'catkin_skip_building_tests' from command line to 'False'
[0.988s] DEBUG:colcon.colcon_core.verb:Building package 'sim_interface' with the following arguments: {'ament_cmake_args': None, 'build_base': '/home/andrewlh/VSCode/ros2_ws/build/sim_interface', 'catkin_cmake_args': None, 'catkin_skip_building_tests': False, 'cmake_args': None, 'cmake_clean_cache': False, 'cmake_clean_first': False, 'cmake_force_configure': False, 'cmake_target': None, 'cmake_target_skip_unavailable': False, 'install_base': '/home/andrewlh/VSCode/ros2_ws/install/sim_interface', 'merge_install': False, 'path': '/home/andrewlh/VSCode/ros2_ws/src/sim_interface', 'symlink_install': False, 'test_result_base': None}
[0.989s] Level 5:colcon.colcon_core.verb:set package 'ui' build argument 'cmake_args' from command line to 'None'
[0.989s] Level 5:colcon.colcon_core.verb:set package 'ui' build argument 'cmake_target' from command line to 'None'
[0.989s] Level 5:colcon.colcon_core.verb:set package 'ui' build argument 'cmake_target_skip_unavailable' from command line to 'False'
[0.989s] Level 5:colcon.colcon_core.verb:set package 'ui' build argument 'cmake_clean_cache' from command line to 'False'
[0.989s] Level 5:colcon.colcon_core.verb:set package 'ui' build argument 'cmake_clean_first' from command line to 'False'
[0.989s] Level 5:colcon.colcon_core.verb:set package 'ui' build argument 'cmake_force_configure' from command line to 'False'
[0.989s] Level 5:colcon.colcon_core.verb:set package 'ui' build argument 'ament_cmake_args' from command line to 'None'
[0.989s] Level 5:colcon.colcon_core.verb:set package 'ui' build argument 'catkin_cmake_args' from command line to 'None'
[0.989s] Level 5:colcon.colcon_core.verb:set package 'ui' build argument 'catkin_skip_building_tests' from command line to 'False'
[0.989s] DEBUG:colcon.colcon_core.verb:Building package 'ui' with the following arguments: {'ament_cmake_args': None, 'build_base': '/home/andrewlh/VSCode/ros2_ws/build/ui', 'catkin_cmake_args': None, 'catkin_skip_building_tests': False, 'cmake_args': None, 'cmake_clean_cache': False, 'cmake_clean_first': False, 'cmake_force_configure': False, 'cmake_target': None, 'cmake_target_skip_unavailable': False, 'install_base': '/home/andrewlh/VSCode/ros2_ws/install/ui', 'merge_install': False, 'path': '/home/andrewlh/VSCode/ros2_ws/src/ui', 'symlink_install': False, 'test_result_base': None}
[0.989s] INFO:colcon.colcon_core.executor:Executing jobs using 'parallel' executor
[0.990s] DEBUG:colcon.colcon_parallel_executor.executor.parallel:run_until_complete
[0.991s] INFO:colcon.colcon_ros.task.ament_python.build:Building ROS package in '/home/andrewlh/VSCode/ros2_ws/src/camera_interface' with build type 'ament_python'
[0.992s] Level 1:colcon.colcon_core.shell:create_environment_hook('camera_interface', 'ament_prefix_path')
[0.998s] INFO:colcon.colcon_core.plugin_system:Skipping extension 'colcon_core.shell.bat': Not used on non-Windows systems
[0.998s] INFO:colcon.colcon_core.shell:Creating environment hook '/home/andrewlh/VSCode/ros2_ws/install/camera_interface/share/camera_interface/hook/ament_prefix_path.ps1'
[0.999s] INFO:colcon.colcon_core.shell:Creating environment descriptor '/home/andrewlh/VSCode/ros2_ws/install/camera_interface/share/camera_interface/hook/ament_prefix_path.dsv'
[1.000s] INFO:colcon.colcon_core.shell:Creating environment hook '/home/andrewlh/VSCode/ros2_ws/install/camera_interface/share/camera_interface/hook/ament_prefix_path.sh'
[1.001s] INFO:colcon.colcon_core.shell:Skip shell extension 'powershell' for command environment: Not usable outside of PowerShell
[1.001s] DEBUG:colcon.colcon_core.shell:Skip shell extension 'dsv' for command environment
[1.004s] INFO:colcon.colcon_ros.task.ament_python.build:Building ROS package in '/home/andrewlh/VSCode/ros2_ws/src/control' with build type 'ament_python'
[1.005s] Level 1:colcon.colcon_core.shell:create_environment_hook('control', 'ament_prefix_path')
[1.005s] INFO:colcon.colcon_core.shell:Creating environment hook '/home/andrewlh/VSCode/ros2_ws/install/control/share/control/hook/ament_prefix_path.ps1'
[1.006s] INFO:colcon.colcon_core.shell:Creating environment descriptor '/home/andrewlh/VSCode/ros2_ws/install/control/share/control/hook/ament_prefix_path.dsv'
[1.007s] INFO:colcon.colcon_core.shell:Creating environment hook '/home/andrewlh/VSCode/ros2_ws/install/control/share/control/hook/ament_prefix_path.sh'
[1.007s] INFO:colcon.colcon_core.shell:Skip shell extension 'powershell' for command environment: Not usable outside of PowerShell
[1.008s] DEBUG:colcon.colcon_core.shell:Skip shell extension 'dsv' for command environment
[1.011s] INFO:colcon.colcon_core.task.python.build:Building Python package in '/home/andrewlh/VSCode/ros2_ws/src/control_system'
[1.011s] INFO:colcon.colcon_core.shell:Skip shell extension 'powershell' for command environment: Not usable outside of PowerShell
[1.012s] DEBUG:colcon.colcon_core.shell:Skip shell extension 'dsv' for command environment
[1.015s] INFO:colcon.colcon_ros.task.ament_python.build:Building ROS package in '/home/andrewlh/VSCode/ros2_ws/src/cr3_interface' with build type 'ament_python'
[1.015s] Level 1:colcon.colcon_core.shell:create_environment_hook('cr3_interface', 'ament_prefix_path')
[1.016s] INFO:colcon.colcon_core.shell:Creating environment hook '/home/andrewlh/VSCode/ros2_ws/install/cr3_interface/share/cr3_interface/hook/ament_prefix_path.ps1'
[1.016s] INFO:colcon.colcon_core.shell:Creating environment descriptor '/home/andrewlh/VSCode/ros2_ws/install/cr3_interface/share/cr3_interface/hook/ament_prefix_path.dsv'
[1.017s] INFO:colcon.colcon_core.shell:Creating environment hook '/home/andrewlh/VSCode/ros2_ws/install/cr3_interface/share/cr3_interface/hook/ament_prefix_path.sh'
[1.018s] INFO:colcon.colcon_core.shell:Skip shell extension 'powershell' for command environment: Not usable outside of PowerShell
[1.018s] DEBUG:colcon.colcon_core.shell:Skip shell extension 'dsv' for command environment
[1.024s] INFO:colcon.colcon_ros.task.ament_python.build:Building ROS package in '/home/andrewlh/VSCode/ros2_ws/src/diagnostics' with build type 'ament_python'
[1.025s] Level 1:colcon.colcon_core.shell:create_environment_hook('diagnostics', 'ament_prefix_path')
[1.025s] INFO:colcon.colcon_core.shell:Creating environment hook '/home/andrewlh/VSCode/ros2_ws/install/diagnostics/share/diagnostics/hook/ament_prefix_path.ps1'
[1.026s] INFO:colcon.colcon_core.shell:Creating environment descriptor '/home/andrewlh/VSCode/ros2_ws/install/diagnostics/share/diagnostics/hook/ament_prefix_path.dsv'
[1.027s] INFO:colcon.colcon_core.shell:Creating environment hook '/home/andrewlh/VSCode/ros2_ws/install/diagnostics/share/diagnostics/hook/ament_prefix_path.sh'
[1.027s] INFO:colcon.colcon_core.shell:Skip shell extension 'powershell' for command environment: Not usable outside of PowerShell
[1.027s] DEBUG:colcon.colcon_core.shell:Skip shell extension 'dsv' for command environment
[1.031s] INFO:colcon.colcon_ros.task.ament_python.build:Building ROS package in '/home/andrewlh/VSCode/ros2_ws/src/perception' with build type 'ament_python'
[1.031s] Level 1:colcon.colcon_core.shell:create_environment_hook('perception', 'ament_prefix_path')
[1.031s] INFO:colcon.colcon_core.shell:Creating environment hook '/home/andrewlh/VSCode/ros2_ws/install/perception/share/perception/hook/ament_prefix_path.ps1'
[1.032s] INFO:colcon.colcon_core.shell:Creating environment descriptor '/home/andrewlh/VSCode/ros2_ws/install/perception/share/perception/hook/ament_prefix_path.dsv'
[1.032s] INFO:colcon.colcon_core.shell:Creating environment hook '/home/andrewlh/VSCode/ros2_ws/install/perception/share/perception/hook/ament_prefix_path.sh'
[1.033s] INFO:colcon.colcon_core.shell:Skip shell extension 'powershell' for command environment: Not usable outside of PowerShell
[1.033s] DEBUG:colcon.colcon_core.shell:Skip shell extension 'dsv' for command environment
[1.037s] INFO:colcon.colcon_ros.task.ament_python.build:Building ROS package in '/home/andrewlh/VSCode/ros2_ws/src/servo_control' with build type 'ament_python'
[1.037s] Level 1:colcon.colcon_core.shell:create_environment_hook('servo_control', 'ament_prefix_path')
[1.037s] INFO:colcon.colcon_core.shell:Creating environment hook '/home/andrewlh/VSCode/ros2_ws/install/servo_control/share/servo_control/hook/ament_prefix_path.ps1'
[1.038s] INFO:colcon.colcon_core.shell:Creating environment descriptor '/home/andrewlh/VSCode/ros2_ws/install/servo_control/share/servo_control/hook/ament_prefix_path.dsv'
[1.039s] INFO:colcon.colcon_core.shell:Creating environment hook '/home/andrewlh/VSCode/ros2_ws/install/servo_control/share/servo_control/hook/ament_prefix_path.sh'
[1.039s] INFO:colcon.colcon_core.shell:Skip shell extension 'powershell' for command environment: Not usable outside of PowerShell
[1.039s] DEBUG:colcon.colcon_core.shell:Skip shell extension 'dsv' for command environment
[1.044s] INFO:colcon.colcon_ros.task.ament_python.build:Building ROS package in '/home/andrewlh/VSCode/ros2_ws/src/sim_interface' with build type 'ament_python'
[1.045s] Level 1:colcon.colcon_core.shell:create_environment_hook('sim_interface', 'ament_prefix_path')
[1.045s] INFO:colcon.colcon_core.shell:Creating environment hook '/home/andrewlh/VSCode/ros2_ws/install/sim_interface/share/sim_interface/hook/ament_prefix_path.ps1'
[1.046s] INFO:colcon.colcon_core.shell:Creating environment descriptor '/home/andrewlh/VSCode/ros2_ws/install/sim_interface/share/sim_interface/hook/ament_prefix_path.dsv'
[1.047s] INFO:colcon.colcon_core.shell:Creating environment hook '/home/andrewlh/VSCode/ros2_ws/install/sim_interface/share/sim_interface/hook/ament_prefix_path.sh'
[1.047s] INFO:colcon.colcon_core.shell:Skip shell extension 'powershell' for command environment: Not usable outside of PowerShell
[1.047s] DEBUG:colcon.colcon_core.shell:Skip shell extension 'dsv' for command environment
[1.273s] INFO:colcon.colcon_core.task.python.build:Building Python package in '/home/andrewlh/VSCode/ros2_ws/src/camera_interface'
[1.274s] INFO:colcon.colcon_core.shell:Skip shell extension 'powershell' for command environment: Not usable outside of PowerShell
[1.274s] DEBUG:colcon.colcon_core.shell:Skip shell extension 'dsv' for command environment
[1.555s] INFO:colcon.colcon_core.task.python.build:Building Python package in '/home/andrewlh/VSCode/ros2_ws/src/control'
[1.555s] INFO:colcon.colcon_core.shell:Skip shell extension 'powershell' for command environment: Not usable outside of PowerShell
[1.556s] DEBUG:colcon.colcon_core.shell:Skip shell extension 'dsv' for command environment
[-0.621s] INFO:colcon.colcon_core.task.python.build:Building Python package in '/home/andrewlh/VSCode/ros2_ws/src/cr3_interface'
[-0.620s] INFO:colcon.colcon_core.shell:Skip shell extension 'powershell' for command environment: Not usable outside of PowerShell
[-0.620s] DEBUG:colcon.colcon_core.shell:Skip shell extension 'dsv' for command environment
[-0.341s] INFO:colcon.colcon_core.task.python.build:Building Python package in '/home/andrewlh/VSCode/ros2_ws/src/diagnostics'
[-0.341s] INFO:colcon.colcon_core.shell:Skip shell extension 'powershell' for command environment: Not usable outside of PowerShell
[-0.340s] DEBUG:colcon.colcon_core.shell:Skip shell extension 'dsv' for command environment
[0.012s] INFO:colcon.colcon_core.task.python.build:Building Python package in '/home/andrewlh/VSCode/ros2_ws/src/perception'
[0.013s] INFO:colcon.colcon_core.shell:Skip shell extension 'powershell' for command environment: Not usable outside of PowerShell
[0.013s] DEBUG:colcon.colcon_core.shell:Skip shell extension 'dsv' for command environment
[0.232s] INFO:colcon.colcon_core.task.python.build:Building Python package in '/home/andrewlh/VSCode/ros2_ws/src/servo_control'
[0.232s] INFO:colcon.colcon_core.shell:Skip shell extension 'powershell' for command environment: Not usable outside of PowerShell
[0.232s] DEBUG:colcon.colcon_core.shell:Skip shell extension 'dsv' for command environment
[0.535s] INFO:colcon.colcon_core.task.python.build:Building Python package in '/home/andrewlh/VSCode/ros2_ws/src/sim_interface'
[0.535s] INFO:colcon.colcon_core.shell:Skip shell extension 'powershell' for command environment: Not usable outside of PowerShell
[0.535s] DEBUG:colcon.colcon_core.shell:Skip shell extension 'dsv' for command environment
[0.552s] DEBUG:colcon.colcon_core.event_handler.log_command:Invoking command in '/home/andrewlh/VSCode/ros2_ws/src/control_system': CONDA_PROMPT_MODIFIER=(base) DEBUGINFOD_URLS=https://debuginfod.ubuntu.com PYTHONPATH=/home/andrewlh/VSCode/ros2_ws/build/control_system/prefix_override:/usr/lib/python3/dist-packages/colcon_core/task/python/colcon_distutils_commands:/home/andrewlh/VSCode/ros2_ws/install/control_system/lib/python3.12/site-packages:${PYTHONPATH} /usr/bin/python3 -W ignore:setup.py install is deprecated -W ignore:easy_install command is deprecated setup.py egg_info --egg-base ../../build/control_system build --build-base /home/andrewlh/VSCode/ros2_ws/build/control_system/build install --record /home/andrewlh/VSCode/ros2_ws/build/control_system/install.log --single-version-externally-managed install_data
[2.498s] DEBUG:colcon.colcon_core.event_handler.log_command:Invoking command in '/home/andrewlh/VSCode/ros2_ws/src/camera_interface': CONDA_PROMPT_MODIFIER=(base) DEBUGINFOD_URLS=https://debuginfod.ubuntu.com PYTHONPATH=/home/andrewlh/VSCode/ros2_ws/build/camera_interface/prefix_override:/usr/lib/python3/dist-packages/colcon_core/task/python/colcon_distutils_commands:/home/andrewlh/VSCode/ros2_ws/install/camera_interface/lib/python3.12/site-packages:${PYTHONPATH} /usr/bin/python3 -W ignore:setup.py install is deprecated -W ignore:easy_install command is deprecated setup.py egg_info --egg-base ../../build/camera_interface build --build-base /home/andrewlh/VSCode/ros2_ws/build/camera_interface/build install --record /home/andrewlh/VSCode/ros2_ws/build/camera_interface/install.log --single-version-externally-managed install_data
[2.541s] DEBUG:colcon.colcon_core.event_handler.log_command:Invoking command in '/home/andrewlh/VSCode/ros2_ws/src/control': CONDA_PROMPT_MODIFIER=(base) DEBUGINFOD_URLS=https://debuginfod.ubuntu.com PYTHONPATH=/home/andrewlh/VSCode/ros2_ws/build/control/prefix_override:/usr/lib/python3/dist-packages/colcon_core/task/python/colcon_distutils_commands:/home/andrewlh/VSCode/ros2_ws/install/control/lib/python3.12/site-packages:${PYTHONPATH} /usr/bin/python3 -W ignore:setup.py install is deprecated -W ignore:easy_install command is deprecated setup.py egg_info --egg-base ../../build/control build --build-base /home/andrewlh/VSCode/ros2_ws/build/control/build install --record /home/andrewlh/VSCode/ros2_ws/build/control/install.log --single-version-externally-managed install_data
[2.662s] DEBUG:colcon.colcon_core.event_handler.log_command:Invoking command in '/home/andrewlh/VSCode/ros2_ws/src/perception': CONDA_PROMPT_MODIFIER=(base) DEBUGINFOD_URLS=https://debuginfod.ubuntu.com PYTHONPATH=/home/andrewlh/VSCode/ros2_ws/build/perception/prefix_override:/usr/lib/python3/dist-packages/colcon_core/task/python/colcon_distutils_commands:/home/andrewlh/VSCode/ros2_ws/install/perception/lib/python3.12/site-packages:${PYTHONPATH} /usr/bin/python3 -W ignore:setup.py install is deprecated -W ignore:easy_install command is deprecated setup.py egg_info --egg-base ../../build/perception build --build-base /home/andrewlh/VSCode/ros2_ws/build/perception/build install --record /home/andrewlh/VSCode/ros2_ws/build/perception/install.log --single-version-externally-managed install_data
[2.705s] DEBUG:colcon.colcon_core.event_handler.log_command:Invoking command in '/home/andrewlh/VSCode/ros2_ws/src/servo_control': CONDA_PROMPT_MODIFIER=(base) DEBUGINFOD_URLS=https://debuginfod.ubuntu.com PYTHONPATH=/home/andrewlh/VSCode/ros2_ws/build/servo_control/prefix_override:/usr/lib/python3/dist-packages/colcon_core/task/python/colcon_distutils_commands:/home/andrewlh/VSCode/ros2_ws/install/servo_control/lib/python3.12/site-packages:${PYTHONPATH} /usr/bin/python3 -W ignore:setup.py install is deprecated -W ignore:easy_install command is deprecated setup.py egg_info --egg-base ../../build/servo_control build --build-base /home/andrewlh/VSCode/ros2_ws/build/servo_control/build install --record /home/andrewlh/VSCode/ros2_ws/build/servo_control/install.log --single-version-externally-managed install_data
[2.787s] DEBUG:colcon.colcon_core.event_handler.log_command:Invoked command in '/home/andrewlh/VSCode/ros2_ws/src/control_system' returned '0': CONDA_PROMPT_MODIFIER=(base) DEBUGINFOD_URLS=https://debuginfod.ubuntu.com PYTHONPATH=/home/andrewlh/VSCode/ros2_ws/build/control_system/prefix_override:/usr/lib/python3/dist-packages/colcon_core/task/python/colcon_distutils_commands:/home/andrewlh/VSCode/ros2_ws/install/control_system/lib/python3.12/site-packages:${PYTHONPATH} /usr/bin/python3 -W ignore:setup.py install is deprecated -W ignore:easy_install command is deprecated setup.py egg_info --egg-base ../../build/control_system build --build-base /home/andrewlh/VSCode/ros2_ws/build/control_system/build install --record /home/andrewlh/VSCode/ros2_ws/build/control_system/install.log --single-version-externally-managed install_data
[2.795s] Level 1:colcon.colcon_core.environment:checking '/home/andrewlh/VSCode/ros2_ws/install/control_system' for CMake module files
[2.796s] Level 1:colcon.colcon_core.environment:checking '/home/andrewlh/VSCode/ros2_ws/install/control_system' for CMake config files
[2.797s] Level 1:colcon.colcon_core.environment:checking '/home/andrewlh/VSCode/ros2_ws/install/control_system/lib'
[2.798s] Level 1:colcon.colcon_core.environment:checking '/home/andrewlh/VSCode/ros2_ws/install/control_system/bin'
[2.798s] Level 1:colcon.colcon_core.environment:checking '/home/andrewlh/VSCode/ros2_ws/install/control_system/lib/pkgconfig/control_system.pc'
[2.799s] Level 1:colcon.colcon_core.environment:checking '/home/andrewlh/VSCode/ros2_ws/install/control_system/lib/python3.12/site-packages'
[2.799s] Level 1:colcon.colcon_core.shell:create_environment_hook('control_system', 'pythonpath')
[2.800s] INFO:colcon.colcon_core.shell:Creating environment hook '/home/andrewlh/VSCode/ros2_ws/install/control_system/share/control_system/hook/pythonpath.ps1'
[2.801s] INFO:colcon.colcon_core.shell:Creating environment descriptor '/home/andrewlh/VSCode/ros2_ws/install/control_system/share/control_system/hook/pythonpath.dsv'
[2.802s] INFO:colcon.colcon_core.shell:Creating environment hook '/home/andrewlh/VSCode/ros2_ws/install/control_system/share/control_system/hook/pythonpath.sh'
[2.804s] Level 1:colcon.colcon_core.environment:checking '/home/andrewlh/VSCode/ros2_ws/install/control_system/bin'
[2.804s] Level 1:colcon.colcon_core.environment:create_environment_scripts_only(control_system)
[2.805s] INFO:colcon.colcon_core.shell:Creating package script '/home/andrewlh/VSCode/ros2_ws/install/control_system/share/control_system/package.ps1'
[2.808s] INFO:colcon.colcon_core.shell:Creating package descriptor '/home/andrewlh/VSCode/ros2_ws/install/control_system/share/control_system/package.dsv'
[2.809s] INFO:colcon.colcon_core.shell:Creating package script '/home/andrewlh/VSCode/ros2_ws/install/control_system/share/control_system/package.sh'
[2.810s] INFO:colcon.colcon_core.shell:Creating package script '/home/andrewlh/VSCode/ros2_ws/install/control_system/share/control_system/package.bash'
[2.811s] INFO:colcon.colcon_core.shell:Creating package script '/home/andrewlh/VSCode/ros2_ws/install/control_system/share/control_system/package.zsh'
[2.815s] Level 1:colcon.colcon_core.environment:create_file_with_runtime_dependencies(/home/andrewlh/VSCode/ros2_ws/install/control_system/share/colcon-core/packages/control_system)
[2.818s] INFO:colcon.colcon_core.task.python.build:Building Python package in '/home/andrewlh/VSCode/ros2_ws/src/ui'
[2.818s] INFO:colcon.colcon_core.shell:Skip shell extension 'powershell' for command environment: Not usable outside of PowerShell
[2.819s] DEBUG:colcon.colcon_core.shell:Skip shell extension 'dsv' for command environment
[3.329s] DEBUG:colcon.colcon_core.event_handler.log_command:Invoking command in '/home/andrewlh/VSCode/ros2_ws/src/diagnostics': CONDA_PROMPT_MODIFIER=(base) DEBUGINFOD_URLS=https://debuginfod.ubuntu.com PYTHONPATH=/home/andrewlh/VSCode/ros2_ws/build/diagnostics/prefix_override:/usr/lib/python3/dist-packages/colcon_core/task/python/colcon_distutils_commands:/home/andrewlh/VSCode/ros2_ws/install/diagnostics/lib/python3.12/site-packages:${PYTHONPATH} /usr/bin/python3 -W ignore:setup.py install is deprecated -W ignore:easy_install command is deprecated setup.py egg_info --egg-base ../../build/diagnostics build --build-base /home/andrewlh/VSCode/ros2_ws/build/diagnostics/build install --record /home/andrewlh/VSCode/ros2_ws/build/diagnostics/install.log --single-version-externally-managed install_data
[3.348s] DEBUG:colcon.colcon_core.event_handler.log_command:Invoking command in '/home/andrewlh/VSCode/ros2_ws/src/cr3_interface': CONDA_PROMPT_MODIFIER=(base) DEBUGINFOD_URLS=https://debuginfod.ubuntu.com PYTHONPATH=/home/andrewlh/VSCode/ros2_ws/build/cr3_interface/prefix_override:/usr/lib/python3/dist-packages/colcon_core/task/python/colcon_distutils_commands:/home/andrewlh/VSCode/ros2_ws/install/cr3_interface/lib/python3.12/site-packages:${PYTHONPATH} /usr/bin/python3 -W ignore:setup.py install is deprecated -W ignore:easy_install command is deprecated setup.py egg_info --egg-base ../../build/cr3_interface build --build-base /home/andrewlh/VSCode/ros2_ws/build/cr3_interface/build install --record /home/andrewlh/VSCode/ros2_ws/build/cr3_interface/install.log --single-version-externally-managed install_data
[3.357s] DEBUG:colcon.colcon_core.event_handler.log_command:Invoking command in '/home/andrewlh/VSCode/ros2_ws/src/sim_interface': CONDA_PROMPT_MODIFIER=(base) DEBUGINFOD_URLS=https://debuginfod.ubuntu.com PYTHONPATH=/home/andrewlh/VSCode/ros2_ws/build/sim_interface/prefix_override:/usr/lib/python3/dist-packages/colcon_core/task/python/colcon_distutils_commands:/home/andrewlh/VSCode/ros2_ws/install/sim_interface/lib/python3.12/site-packages:${PYTHONPATH} /usr/bin/python3 -W ignore:setup.py install is deprecated -W ignore:easy_install command is deprecated setup.py egg_info --egg-base ../../build/sim_interface build --build-base /home/andrewlh/VSCode/ros2_ws/build/sim_interface/build install --record /home/andrewlh/VSCode/ros2_ws/build/sim_interface/install.log --single-version-externally-managed install_data
[3.986s] Level 1:colcon.colcon_core.environment:checking '/home/andrewlh/VSCode/ros2_ws/install/camera_interface' for CMake module files
[3.988s] Level 1:colcon.colcon_core.environment:checking '/home/andrewlh/VSCode/ros2_ws/install/camera_interface' for CMake config files
[3.987s] DEBUG:colcon.colcon_core.event_handler.log_command:Invoked command in '/home/andrewlh/VSCode/ros2_ws/src/camera_interface' returned '0': CONDA_PROMPT_MODIFIER=(base) DEBUGINFOD_URLS=https://debuginfod.ubuntu.com PYTHONPATH=/home/andrewlh/VSCode/ros2_ws/build/camera_interface/prefix_override:/usr/lib/python3/dist-packages/colcon_core/task/python/colcon_distutils_commands:/home/andrewlh/VSCode/ros2_ws/install/camera_interface/lib/python3.12/site-packages:${PYTHONPATH} /usr/bin/python3 -W ignore:setup.py install is deprecated -W ignore:easy_install command is deprecated setup.py egg_info --egg-base ../../build/camera_interface build --build-base /home/andrewlh/VSCode/ros2_ws/build/camera_interface/build install --record /home/andrewlh/VSCode/ros2_ws/build/camera_interface/install.log --single-version-externally-managed install_data
[3.992s] Level 1:colcon.colcon_core.environment:checking '/home/andrewlh/VSCode/ros2_ws/install/camera_interface/lib'
[3.992s] Level 1:colcon.colcon_core.environment:checking '/home/andrewlh/VSCode/ros2_ws/install/camera_interface/bin'
[3.993s] Level 1:colcon.colcon_core.environment:checking '/home/andrewlh/VSCode/ros2_ws/install/camera_interface/lib/pkgconfig/camera_interface.pc'
[3.993s] Level 1:colcon.colcon_core.environment:checking '/home/andrewlh/VSCode/ros2_ws/install/camera_interface/lib/python3.12/site-packages'
[3.993s] Level 1:colcon.colcon_core.shell:create_environment_hook('camera_interface', 'pythonpath')
[3.994s] INFO:colcon.colcon_core.shell:Creating environment hook '/home/andrewlh/VSCode/ros2_ws/install/camera_interface/share/camera_interface/hook/pythonpath.ps1'
[3.995s] INFO:colcon.colcon_core.shell:Creating environment descriptor '/home/andrewlh/VSCode/ros2_ws/install/camera_interface/share/camera_interface/hook/pythonpath.dsv'
[3.999s] INFO:colcon.colcon_core.shell:Creating environment hook '/home/andrewlh/VSCode/ros2_ws/install/camera_interface/share/camera_interface/hook/pythonpath.sh'
[4.001s] Level 1:colcon.colcon_core.environment:checking '/home/andrewlh/VSCode/ros2_ws/install/camera_interface/bin'
[4.001s] Level 1:colcon.colcon_core.environment:create_environment_scripts_only(camera_interface)
[4.001s] INFO:colcon.colcon_core.shell:Creating package script '/home/andrewlh/VSCode/ros2_ws/install/camera_interface/share/camera_interface/package.ps1'
[4.003s] INFO:colcon.colcon_core.shell:Creating package descriptor '/home/andrewlh/VSCode/ros2_ws/install/camera_interface/share/camera_interface/package.dsv'
[4.003s] INFO:colcon.colcon_core.shell:Creating package script '/home/andrewlh/VSCode/ros2_ws/install/camera_interface/share/camera_interface/package.sh'
[4.004s] INFO:colcon.colcon_core.shell:Creating package script '/home/andrewlh/VSCode/ros2_ws/install/camera_interface/share/camera_interface/package.bash'
[4.005s] INFO:colcon.colcon_core.shell:Creating package script '/home/andrewlh/VSCode/ros2_ws/install/camera_interface/share/camera_interface/package.zsh'
[4.006s] Level 1:colcon.colcon_core.environment:create_file_with_runtime_dependencies(/home/andrewlh/VSCode/ros2_ws/install/camera_interface/share/colcon-core/packages/camera_interface)
[4.015s] Level 1:colcon.colcon_core.environment:checking '/home/andrewlh/VSCode/ros2_ws/install/control' for CMake module files
[4.017s] Level 1:colcon.colcon_core.environment:checking '/home/andrewlh/VSCode/ros2_ws/install/control' for CMake config files
[4.018s] Level 1:colcon.colcon_core.environment:checking '/home/andrewlh/VSCode/ros2_ws/install/control/lib'
[4.018s] Level 1:colcon.colcon_core.environment:checking '/home/andrewlh/VSCode/ros2_ws/install/control/bin'
[4.018s] Level 1:colcon.colcon_core.environment:checking '/home/andrewlh/VSCode/ros2_ws/install/control/lib/pkgconfig/control.pc'
[4.019s] Level 1:colcon.colcon_core.environment:checking '/home/andrewlh/VSCode/ros2_ws/install/control/lib/python3.12/site-packages'
[4.019s] Level 1:colcon.colcon_core.shell:create_environment_hook('control', 'pythonpath')
[4.019s] INFO:colcon.colcon_core.shell:Creating environment hook '/home/andrewlh/VSCode/ros2_ws/install/control/share/control/hook/pythonpath.ps1'
[4.021s] INFO:colcon.colcon_core.shell:Creating environment descriptor '/home/andrewlh/VSCode/ros2_ws/install/control/share/control/hook/pythonpath.dsv'
[4.021s] DEBUG:colcon.colcon_core.event_handler.log_command:Invoked command in '/home/andrewlh/VSCode/ros2_ws/src/control' returned '0': CONDA_PROMPT_MODIFIER=(base) DEBUGINFOD_URLS=https://debuginfod.ubuntu.com PYTHONPATH=/home/andrewlh/VSCode/ros2_ws/build/control/prefix_override:/usr/lib/python3/dist-packages/colcon_core/task/python/colcon_distutils_commands:/home/andrewlh/VSCode/ros2_ws/install/control/lib/python3.12/site-packages:${PYTHONPATH} /usr/bin/python3 -W ignore:setup.py install is deprecated -W ignore:easy_install command is deprecated setup.py egg_info --egg-base ../../build/control build --build-base /home/andrewlh/VSCode/ros2_ws/build/control/build install --record /home/andrewlh/VSCode/ros2_ws/build/control/install.log --single-version-externally-managed install_data
[4.023s] INFO:colcon.colcon_core.shell:Creating environment hook '/home/andrewlh/VSCode/ros2_ws/install/control/share/control/hook/pythonpath.sh'
[4.024s] Level 1:colcon.colcon_core.environment:checking '/home/andrewlh/VSCode/ros2_ws/install/control/bin'
[4.024s] Level 1:colcon.colcon_core.environment:create_environment_scripts_only(control)
[4.025s] INFO:colcon.colcon_core.shell:Creating package script '/home/andrewlh/VSCode/ros2_ws/install/control/share/control/package.ps1'
[4.026s] INFO:colcon.colcon_core.shell:Creating package descriptor '/home/andrewlh/VSCode/ros2_ws/install/control/share/control/package.dsv'
[4.027s] INFO:colcon.colcon_core.shell:Creating package script '/home/andrewlh/VSCode/ros2_ws/install/control/share/control/package.sh'
[4.028s] INFO:colcon.colcon_core.shell:Creating package script '/home/andrewlh/VSCode/ros2_ws/install/control/share/control/package.bash'
[4.029s] INFO:colcon.colcon_core.shell:Creating package script '/home/andrewlh/VSCode/ros2_ws/install/control/share/control/package.zsh'
[4.029s] Level 1:colcon.colcon_core.environment:create_file_with_runtime_dependencies(/home/andrewlh/VSCode/ros2_ws/install/control/share/colcon-core/packages/control)
[4.106s] Level 1:colcon.colcon_core.environment:checking '/home/andrewlh/VSCode/ros2_ws/install/perception' for CMake module files
[4.108s] Level 1:colcon.colcon_core.environment:checking '/home/andrewlh/VSCode/ros2_ws/install/perception' for CMake config files
[4.110s] DEBUG:colcon.colcon_core.event_handler.log_command:Invoked command in '/home/andrewlh/VSCode/ros2_ws/src/perception' returned '0': CONDA_PROMPT_MODIFIER=(base) DEBUGINFOD_URLS=https://debuginfod.ubuntu.com PYTHONPATH=/home/andrewlh/VSCode/ros2_ws/build/perception/prefix_override:/usr/lib/python3/dist-packages/colcon_core/task/python/colcon_distutils_commands:/home/andrewlh/VSCode/ros2_ws/install/perception/lib/python3.12/site-packages:${PYTHONPATH} /usr/bin/python3 -W ignore:setup.py install is deprecated -W ignore:easy_install command is deprecated setup.py egg_info --egg-base ../../build/perception build --build-base /home/andrewlh/VSCode/ros2_ws/build/perception/build install --record /home/andrewlh/VSCode/ros2_ws/build/perception/install.log --single-version-externally-managed install_data
[4.110s] Level 1:colcon.colcon_core.environment:checking '/home/andrewlh/VSCode/ros2_ws/install/perception/lib'
[4.110s] Level 1:colcon.colcon_core.environment:checking '/home/andrewlh/VSCode/ros2_ws/install/perception/bin'
[4.111s] Level 1:colcon.colcon_core.environment:checking '/home/andrewlh/VSCode/ros2_ws/install/perception/lib/pkgconfig/perception.pc'
[4.111s] Level 1:colcon.colcon_core.environment:checking '/home/andrewlh/VSCode/ros2_ws/install/perception/lib/python3.12/site-packages'
[4.112s] Level 1:colcon.colcon_core.shell:create_environment_hook('perception', 'pythonpath')
[4.113s] INFO:colcon.colcon_core.shell:Creating environment hook '/home/andrewlh/VSCode/ros2_ws/install/perception/share/perception/hook/pythonpath.ps1'
[4.114s] INFO:colcon.colcon_core.shell:Creating environment descriptor '/home/andrewlh/VSCode/ros2_ws/install/perception/share/perception/hook/pythonpath.dsv'
[4.114s] INFO:colcon.colcon_core.shell:Creating environment hook '/home/andrewlh/VSCode/ros2_ws/install/perception/share/perception/hook/pythonpath.sh'
[4.116s] Level 1:colcon.colcon_core.environment:checking '/home/andrewlh/VSCode/ros2_ws/install/perception/bin'
[4.116s] Level 1:colcon.colcon_core.environment:create_environment_scripts_only(perception)
[4.116s] INFO:colcon.colcon_core.shell:Creating package script '/home/andrewlh/VSCode/ros2_ws/install/perception/share/perception/package.ps1'
[4.117s] INFO:colcon.colcon_core.shell:Creating package descriptor '/home/andrewlh/VSCode/ros2_ws/install/perception/share/perception/package.dsv'
[4.118s] INFO:colcon.colcon_core.shell:Creating package script '/home/andrewlh/VSCode/ros2_ws/install/perception/share/perception/package.sh'
[4.118s] INFO:colcon.colcon_core.shell:Creating package script '/home/andrewlh/VSCode/ros2_ws/install/perception/share/perception/package.bash'
[4.119s] INFO:colcon.colcon_core.shell:Creating package script '/home/andrewlh/VSCode/ros2_ws/install/perception/share/perception/package.zsh'
[4.120s] Level 1:colcon.colcon_core.environment:create_file_with_runtime_dependencies(/home/andrewlh/VSCode/ros2_ws/install/perception/share/colcon-core/packages/perception)
[4.165s] Level 1:colcon.colcon_core.environment:checking '/home/andrewlh/VSCode/ros2_ws/install/servo_control' for CMake module files
[4.166s] Level 1:colcon.colcon_core.environment:checking '/home/andrewlh/VSCode/ros2_ws/install/servo_control' for CMake config files
[4.167s] DEBUG:colcon.colcon_core.event_handler.log_command:Invoked command in '/home/andrewlh/VSCode/ros2_ws/src/servo_control' returned '0': CONDA_PROMPT_MODIFIER=(base) DEBUGINFOD_URLS=https://debuginfod.ubuntu.com PYTHONPATH=/home/andrewlh/VSCode/ros2_ws/build/servo_control/prefix_override:/usr/lib/python3/dist-packages/colcon_core/task/python/colcon_distutils_commands:/home/andrewlh/VSCode/ros2_ws/install/servo_control/lib/python3.12/site-packages:${PYTHONPATH} /usr/bin/python3 -W ignore:setup.py install is deprecated -W ignore:easy_install command is deprecated setup.py egg_info --egg-base ../../build/servo_control build --build-base /home/andrewlh/VSCode/ros2_ws/build/servo_control/build install --record /home/andrewlh/VSCode/ros2_ws/build/servo_control/install.log --single-version-externally-managed install_data
[4.168s] Level 1:colcon.colcon_core.environment:checking '/home/andrewlh/VSCode/ros2_ws/install/servo_control/lib'
[4.168s] Level 1:colcon.colcon_core.environment:checking '/home/andrewlh/VSCode/ros2_ws/install/servo_control/bin'
[4.168s] Level 1:colcon.colcon_core.environment:checking '/home/andrewlh/VSCode/ros2_ws/install/servo_control/lib/pkgconfig/servo_control.pc'
[4.169s] Level 1:colcon.colcon_core.environment:checking '/home/andrewlh/VSCode/ros2_ws/install/servo_control/lib/python3.12/site-packages'
[4.169s] Level 1:colcon.colcon_core.shell:create_environment_hook('servo_control', 'pythonpath')
[4.170s] INFO:colcon.colcon_core.shell:Creating environment hook '/home/andrewlh/VSCode/ros2_ws/install/servo_control/share/servo_control/hook/pythonpath.ps1'
[4.171s] INFO:colcon.colcon_core.shell:Creating environment descriptor '/home/andrewlh/VSCode/ros2_ws/install/servo_control/share/servo_control/hook/pythonpath.dsv'
[4.173s] INFO:colcon.colcon_core.shell:Creating environment hook '/home/andrewlh/VSCode/ros2_ws/install/servo_control/share/servo_control/hook/pythonpath.sh'
[4.174s] Level 1:colcon.colcon_core.environment:checking '/home/andrewlh/VSCode/ros2_ws/install/servo_control/bin'
[4.174s] Level 1:colcon.colcon_core.environment:create_environment_scripts_only(servo_control)
[4.175s] INFO:colcon.colcon_core.shell:Creating package script '/home/andrewlh/VSCode/ros2_ws/install/servo_control/share/servo_control/package.ps1'
[4.175s] INFO:colcon.colcon_core.shell:Creating package descriptor '/home/andrewlh/VSCode/ros2_ws/install/servo_control/share/servo_control/package.dsv'
[4.176s] INFO:colcon.colcon_core.shell:Creating package script '/home/andrewlh/VSCode/ros2_ws/install/servo_control/share/servo_control/package.sh'
[4.177s] INFO:colcon.colcon_core.shell:Creating package script '/home/andrewlh/VSCode/ros2_ws/install/servo_control/share/servo_control/package.bash'
[4.177s] INFO:colcon.colcon_core.shell:Creating package script '/home/andrewlh/VSCode/ros2_ws/install/servo_control/share/servo_control/package.zsh'
[4.178s] Level 1:colcon.colcon_core.environment:create_file_with_runtime_dependencies(/home/andrewlh/VSCode/ros2_ws/install/servo_control/share/colcon-core/packages/servo_control)
[4.791s] Level 1:colcon.colcon_core.environment:checking '/home/andrewlh/VSCode/ros2_ws/install/cr3_interface' for CMake module files
[4.793s] Level 1:colcon.colcon_core.environment:checking '/home/andrewlh/VSCode/ros2_ws/install/cr3_interface' for CMake config files
[4.793s] DEBUG:colcon.colcon_core.event_handler.log_command:Invoked command in '/home/andrewlh/VSCode/ros2_ws/src/cr3_interface' returned '0': CONDA_PROMPT_MODIFIER=(base) DEBUGINFOD_URLS=https://debuginfod.ubuntu.com PYTHONPATH=/home/andrewlh/VSCode/ros2_ws/build/cr3_interface/prefix_override:/usr/lib/python3/dist-packages/colcon_core/task/python/colcon_distutils_commands:/home/andrewlh/VSCode/ros2_ws/install/cr3_interface/lib/python3.12/site-packages:${PYTHONPATH} /usr/bin/python3 -W ignore:setup.py install is deprecated -W ignore:easy_install command is deprecated setup.py egg_info --egg-base ../../build/cr3_interface build --build-base /home/andrewlh/VSCode/ros2_ws/build/cr3_interface/build install --record /home/andrewlh/VSCode/ros2_ws/build/cr3_interface/install.log --single-version-externally-managed install_data
[4.795s] Level 1:colcon.colcon_core.environment:checking '/home/andrewlh/VSCode/ros2_ws/install/cr3_interface/lib'
[4.795s] Level 1:colcon.colcon_core.environment:checking '/home/andrewlh/VSCode/ros2_ws/install/cr3_interface/bin'
[4.795s] Level 1:colcon.colcon_core.environment:checking '/home/andrewlh/VSCode/ros2_ws/install/cr3_interface/lib/pkgconfig/cr3_interface.pc'
[4.796s] Level 1:colcon.colcon_core.environment:checking '/home/andrewlh/VSCode/ros2_ws/install/cr3_interface/lib/python3.12/site-packages'
[4.796s] Level 1:colcon.colcon_core.shell:create_environment_hook('cr3_interface', 'pythonpath')
[4.797s] INFO:colcon.colcon_core.shell:Creating environment hook '/home/andrewlh/VSCode/ros2_ws/install/cr3_interface/share/cr3_interface/hook/pythonpath.ps1'
[4.798s] INFO:colcon.colcon_core.shell:Creating environment descriptor '/home/andrewlh/VSCode/ros2_ws/install/cr3_interface/share/cr3_interface/hook/pythonpath.dsv'
[4.799s] INFO:colcon.colcon_core.shell:Creating environment hook '/home/andrewlh/VSCode/ros2_ws/install/cr3_interface/share/cr3_interface/hook/pythonpath.sh'
[4.800s] Level 1:colcon.colcon_core.environment:checking '/home/andrewlh/VSCode/ros2_ws/install/cr3_interface/bin'
[4.800s] Level 1:colcon.colcon_core.environment:create_environment_scripts_only(cr3_interface)
[4.800s] INFO:colcon.colcon_core.shell:Creating package script '/home/andrewlh/VSCode/ros2_ws/install/cr3_interface/share/cr3_interface/package.ps1'
[4.801s] INFO:colcon.colcon_core.shell:Creating package descriptor '/home/andrewlh/VSCode/ros2_ws/install/cr3_interface/share/cr3_interface/package.dsv'
[4.802s] INFO:colcon.colcon_core.shell:Creating package script '/home/andrewlh/VSCode/ros2_ws/install/cr3_interface/share/cr3_interface/package.sh'
[4.802s] INFO:colcon.colcon_core.shell:Creating package script '/home/andrewlh/VSCode/ros2_ws/install/cr3_interface/share/cr3_interface/package.bash'
[4.803s] INFO:colcon.colcon_core.shell:Creating package script '/home/andrewlh/VSCode/ros2_ws/install/cr3_interface/share/cr3_interface/package.zsh'
[4.803s] Level 1:colcon.colcon_core.environment:create_file_with_runtime_dependencies(/home/andrewlh/VSCode/ros2_ws/install/cr3_interface/share/colcon-core/packages/cr3_interface)
[4.806s] Level 1:colcon.colcon_core.environment:checking '/home/andrewlh/VSCode/ros2_ws/install/sim_interface' for CMake module files
[4.807s] DEBUG:colcon.colcon_core.event_handler.log_command:Invoked command in '/home/andrewlh/VSCode/ros2_ws/src/sim_interface' returned '0': CONDA_PROMPT_MODIFIER=(base) DEBUGINFOD_URLS=https://debuginfod.ubuntu.com PYTHONPATH=/home/andrewlh/VSCode/ros2_ws/build/sim_interface/prefix_override:/usr/lib/python3/dist-packages/colcon_core/task/python/colcon_distutils_commands:/home/andrewlh/VSCode/ros2_ws/install/sim_interface/lib/python3.12/site-packages:${PYTHONPATH} /usr/bin/python3 -W ignore:setup.py install is deprecated -W ignore:easy_install command is deprecated setup.py egg_info --egg-base ../../build/sim_interface build --build-base /home/andrewlh/VSCode/ros2_ws/build/sim_interface/build install --record /home/andrewlh/VSCode/ros2_ws/build/sim_interface/install.log --single-version-externally-managed install_data
[4.807s] Level 1:colcon.colcon_core.environment:checking '/home/andrewlh/VSCode/ros2_ws/install/sim_interface' for CMake config files
[4.808s] Level 1:colcon.colcon_core.environment:checking '/home/andrewlh/VSCode/ros2_ws/install/sim_interface/lib'
[4.808s] Level 1:colcon.colcon_core.environment:checking '/home/andrewlh/VSCode/ros2_ws/install/sim_interface/bin'
[4.808s] Level 1:colcon.colcon_core.environment:checking '/home/andrewlh/VSCode/ros2_ws/install/sim_interface/lib/pkgconfig/sim_interface.pc'
[4.808s] Level 1:colcon.colcon_core.environment:checking '/home/andrewlh/VSCode/ros2_ws/install/sim_interface/lib/python3.12/site-packages'
[4.808s] Level 1:colcon.colcon_core.shell:create_environment_hook('sim_interface', 'pythonpath')
[4.809s] INFO:colcon.colcon_core.shell:Creating environment hook '/home/andrewlh/VSCode/ros2_ws/install/sim_interface/share/sim_interface/hook/pythonpath.ps1'
[4.809s] INFO:colcon.colcon_core.shell:Creating environment descriptor '/home/andrewlh/VSCode/ros2_ws/install/sim_interface/share/sim_interface/hook/pythonpath.dsv'
[4.810s] INFO:colcon.colcon_core.shell:Creating environment hook '/home/andrewlh/VSCode/ros2_ws/install/sim_interface/share/sim_interface/hook/pythonpath.sh'
[4.811s] Level 1:colcon.colcon_core.environment:checking '/home/andrewlh/VSCode/ros2_ws/install/sim_interface/bin'
[4.811s] Level 1:colcon.colcon_core.environment:create_environment_scripts_only(sim_interface)
[4.811s] INFO:colcon.colcon_core.shell:Creating package script '/home/andrewlh/VSCode/ros2_ws/install/sim_interface/share/sim_interface/package.ps1'
[4.812s] INFO:colcon.colcon_core.shell:Creating package descriptor '/home/andrewlh/VSCode/ros2_ws/install/sim_interface/share/sim_interface/package.dsv'
[4.813s] INFO:colcon.colcon_core.shell:Creating package script '/home/andrewlh/VSCode/ros2_ws/install/sim_interface/share/sim_interface/package.sh'
[4.813s] INFO:colcon.colcon_core.shell:Creating package script '/home/andrewlh/VSCode/ros2_ws/install/sim_interface/share/sim_interface/package.bash'
[4.814s] INFO:colcon.colcon_core.shell:Creating package script '/home/andrewlh/VSCode/ros2_ws/install/sim_interface/share/sim_interface/package.zsh'
[4.814s] Level 1:colcon.colcon_core.environment:create_file_with_runtime_dependencies(/home/andrewlh/VSCode/ros2_ws/install/sim_interface/share/colcon-core/packages/sim_interface)
[4.818s] Level 1:colcon.colcon_core.environment:checking '/home/andrewlh/VSCode/ros2_ws/install/diagnostics' for CMake module files
[4.820s] DEBUG:colcon.colcon_core.event_handler.log_command:Invoked command in '/home/andrewlh/VSCode/ros2_ws/src/diagnostics' returned '0': CONDA_PROMPT_MODIFIER=(base) DEBUGINFOD_URLS=https://debuginfod.ubuntu.com PYTHONPATH=/home/andrewlh/VSCode/ros2_ws/build/diagnostics/prefix_override:/usr/lib/python3/dist-packages/colcon_core/task/python/colcon_distutils_commands:/home/andrewlh/VSCode/ros2_ws/install/diagnostics/lib/python3.12/site-packages:${PYTHONPATH} /usr/bin/python3 -W ignore:setup.py install is deprecated -W ignore:easy_install command is deprecated setup.py egg_info --egg-base ../../build/diagnostics build --build-base /home/andrewlh/VSCode/ros2_ws/build/diagnostics/build install --record /home/andrewlh/VSCode/ros2_ws/build/diagnostics/install.log --single-version-externally-managed install_data
[4.820s] Level 1:colcon.colcon_core.environment:checking '/home/andrewlh/VSCode/ros2_ws/install/diagnostics' for CMake config files
[4.821s] Level 1:colcon.colcon_core.environment:checking '/home/andrewlh/VSCode/ros2_ws/install/diagnostics/lib'
[4.821s] Level 1:colcon.colcon_core.environment:checking '/home/andrewlh/VSCode/ros2_ws/install/diagnostics/bin'
[4.821s] Level 1:colcon.colcon_core.environment:checking '/home/andrewlh/VSCode/ros2_ws/install/diagnostics/lib/pkgconfig/diagnostics.pc'
[4.821s] Level 1:colcon.colcon_core.environment:checking '/home/andrewlh/VSCode/ros2_ws/install/diagnostics/lib/python3.12/site-packages'
[4.821s] Level 1:colcon.colcon_core.shell:create_environment_hook('diagnostics', 'pythonpath')
[4.822s] INFO:colcon.colcon_core.shell:Creating environment hook '/home/andrewlh/VSCode/ros2_ws/install/diagnostics/share/diagnostics/hook/pythonpath.ps1'
[4.823s] INFO:colcon.colcon_core.shell:Creating environment descriptor '/home/andrewlh/VSCode/ros2_ws/install/diagnostics/share/diagnostics/hook/pythonpath.dsv'
[4.823s] INFO:colcon.colcon_core.shell:Creating environment hook '/home/andrewlh/VSCode/ros2_ws/install/diagnostics/share/diagnostics/hook/pythonpath.sh'
[4.824s] Level 1:colcon.colcon_core.environment:checking '/home/andrewlh/VSCode/ros2_ws/install/diagnostics/bin'
[4.825s] Level 1:colcon.colcon_core.environment:create_environment_scripts_only(diagnostics)
[4.825s] INFO:colcon.colcon_core.shell:Creating package script '/home/andrewlh/VSCode/ros2_ws/install/diagnostics/share/diagnostics/package.ps1'
[4.826s] INFO:colcon.colcon_core.shell:Creating package descriptor '/home/andrewlh/VSCode/ros2_ws/install/diagnostics/share/diagnostics/package.dsv'
[4.826s] INFO:colcon.colcon_core.shell:Creating package script '/home/andrewlh/VSCode/ros2_ws/install/diagnostics/share/diagnostics/package.sh'
[4.827s] INFO:colcon.colcon_core.shell:Creating package script '/home/andrewlh/VSCode/ros2_ws/install/diagnostics/share/diagnostics/package.bash'
[4.827s] INFO:colcon.colcon_core.shell:Creating package script '/home/andrewlh/VSCode/ros2_ws/install/diagnostics/share/diagnostics/package.zsh'
[4.827s] Level 1:colcon.colcon_core.environment:create_file_with_runtime_dependencies(/home/andrewlh/VSCode/ros2_ws/install/diagnostics/share/colcon-core/packages/diagnostics)
[4.852s] DEBUG:colcon.colcon_core.event_handler.log_command:Invoking command in '/home/andrewlh/VSCode/ros2_ws/src/ui': CONDA_PROMPT_MODIFIER=(base) DEBUGINFOD_URLS=https://debuginfod.ubuntu.com PYTHONPATH=/home/andrewlh/VSCode/ros2_ws/build/ui/prefix_override:/usr/lib/python3/dist-packages/colcon_core/task/python/colcon_distutils_commands:/home/andrewlh/VSCode/ros2_ws/install/ui/lib/python3.12/site-packages:${PYTHONPATH} /usr/bin/python3 -W ignore:setup.py install is deprecated -W ignore:easy_install command is deprecated setup.py egg_info --egg-base ../../build/ui build --build-base /home/andrewlh/VSCode/ros2_ws/build/ui/build install --record /home/andrewlh/VSCode/ros2_ws/build/ui/install.log --single-version-externally-managed install_data
[5.427s] Level 1:colcon.colcon_core.environment:checking '/home/andrewlh/VSCode/ros2_ws/install/ui' for CMake module files
[5.427s] DEBUG:colcon.colcon_core.event_handler.log_command:Invoked command in '/home/andrewlh/VSCode/ros2_ws/src/ui' returned '0': CONDA_PROMPT_MODIFIER=(base) DEBUGINFOD_URLS=https://debuginfod.ubuntu.com PYTHONPATH=/home/andrewlh/VSCode/ros2_ws/build/ui/prefix_override:/usr/lib/python3/dist-packages/colcon_core/task/python/colcon_distutils_commands:/home/andrewlh/VSCode/ros2_ws/install/ui/lib/python3.12/site-packages:${PYTHONPATH} /usr/bin/python3 -W ignore:setup.py install is deprecated -W ignore:easy_install command is deprecated setup.py egg_info --egg-base ../../build/ui build --build-base /home/andrewlh/VSCode/ros2_ws/build/ui/build install --record /home/andrewlh/VSCode/ros2_ws/build/ui/install.log --single-version-externally-managed install_data
[5.428s] Level 1:colcon.colcon_core.environment:checking '/home/andrewlh/VSCode/ros2_ws/install/ui' for CMake config files
[5.428s] Level 1:colcon.colcon_core.environment:checking '/home/andrewlh/VSCode/ros2_ws/install/ui/lib'
[5.428s] Level 1:colcon.colcon_core.environment:checking '/home/andrewlh/VSCode/ros2_ws/install/ui/bin'
[5.428s] Level 1:colcon.colcon_core.environment:checking '/home/andrewlh/VSCode/ros2_ws/install/ui/lib/pkgconfig/ui.pc'
[5.429s] Level 1:colcon.colcon_core.environment:checking '/home/andrewlh/VSCode/ros2_ws/install/ui/lib/python3.12/site-packages'
[5.429s] Level 1:colcon.colcon_core.shell:create_environment_hook('ui', 'pythonpath')
[5.429s] INFO:colcon.colcon_core.shell:Creating environment hook '/home/andrewlh/VSCode/ros2_ws/install/ui/share/ui/hook/pythonpath.ps1'
[5.429s] INFO:colcon.colcon_core.shell:Creating environment descriptor '/home/andrewlh/VSCode/ros2_ws/install/ui/share/ui/hook/pythonpath.dsv'
[5.430s] INFO:colcon.colcon_core.shell:Creating environment hook '/home/andrewlh/VSCode/ros2_ws/install/ui/share/ui/hook/pythonpath.sh'
[5.430s] Level 1:colcon.colcon_core.environment:checking '/home/andrewlh/VSCode/ros2_ws/install/ui/bin'
[5.430s] Level 1:colcon.colcon_core.environment:create_environment_scripts_only(ui)
[5.431s] INFO:colcon.colcon_core.shell:Creating package script '/home/andrewlh/VSCode/ros2_ws/install/ui/share/ui/package.ps1'
[5.431s] INFO:colcon.colcon_core.shell:Creating package descriptor '/home/andrewlh/VSCode/ros2_ws/install/ui/share/ui/package.dsv'
[5.432s] INFO:colcon.colcon_core.shell:Creating package script '/home/andrewlh/VSCode/ros2_ws/install/ui/share/ui/package.sh'
[5.432s] INFO:colcon.colcon_core.shell:Creating package script '/home/andrewlh/VSCode/ros2_ws/install/ui/share/ui/package.bash'
[5.432s] INFO:colcon.colcon_core.shell:Creating package script '/home/andrewlh/VSCode/ros2_ws/install/ui/share/ui/package.zsh'
[5.433s] Level 1:colcon.colcon_core.environment:create_file_with_runtime_dependencies(/home/andrewlh/VSCode/ros2_ws/install/ui/share/colcon-core/packages/ui)
[5.433s] DEBUG:colcon.colcon_parallel_executor.executor.parallel:closing loop
[5.434s] DEBUG:colcon.colcon_parallel_executor.executor.parallel:loop closed
[5.434s] DEBUG:colcon.colcon_parallel_executor.executor.parallel:run_until_complete finished with '0'
[5.434s] DEBUG:colcon.colcon_core.event_reactor:joining thread
[5.445s] INFO:colcon.colcon_core.plugin_system:Skipping extension 'colcon_notification.desktop_notification.terminal_notifier': Not used on non-Darwin systems
[5.445s] INFO:colcon.colcon_core.plugin_system:Skipping extension 'colcon_notification.desktop_notification.win32': Not used on non-Windows systems
[5.445s] INFO:colcon.colcon_notification.desktop_notification:Sending desktop notification using 'notify2'
[5.457s] DEBUG:colcon.colcon_core.event_reactor:joined thread
[5.458s] INFO:colcon.colcon_core.shell:Creating prefix script '/home/andrewlh/VSCode/ros2_ws/install/local_setup.ps1'
[5.460s] INFO:colcon.colcon_core.shell:Creating prefix util module '/home/andrewlh/VSCode/ros2_ws/install/_local_setup_util_ps1.py'
[5.461s] INFO:colcon.colcon_core.shell:Creating prefix chain script '/home/andrewlh/VSCode/ros2_ws/install/setup.ps1'
[5.462s] INFO:colcon.colcon_core.shell:Creating prefix script '/home/andrewlh/VSCode/ros2_ws/install/local_setup.sh'
[5.463s] INFO:colcon.colcon_core.shell:Creating prefix util module '/home/andrewlh/VSCode/ros2_ws/install/_local_setup_util_sh.py'
[5.464s] INFO:colcon.colcon_core.shell:Creating prefix chain script '/home/andrewlh/VSCode/ros2_ws/install/setup.sh'
[5.465s] INFO:colcon.colcon_core.shell:Creating prefix script '/home/andrewlh/VSCode/ros2_ws/install/local_setup.bash'
[5.465s] INFO:colcon.colcon_core.shell:Creating prefix chain script '/home/andrewlh/VSCode/ros2_ws/install/setup.bash'
[5.466s] INFO:colcon.colcon_core.shell:Creating prefix script '/home/andrewlh/VSCode/ros2_ws/install/local_setup.zsh'
[5.467s] INFO:colcon.colcon_core.shell:Creating prefix chain script '/home/andrewlh/VSCode/ros2_ws/install/setup.zsh'
