[4.219s] Invoking command in '/home/andrewlh/VSCode/ros2_ws/build/diagnostics': CONDA_PROMPT_MODIFIER=(base) DEBUGINFOD_URLS=https://debuginfod.ubuntu.com PYTHONPATH=/home/andrewlh/VSCode/ros2_ws/build/diagnostics/prefix_override:/usr/lib/python3/dist-packages/colcon_core/task/python/colcon_distutils_commands:/home/andrewlh/VSCode/ros2_ws/install/diagnostics/lib/python3.12/site-packages:${PYTHONPATH} /usr/bin/python3 -W ignore:setup.py install is deprecated -W ignore:easy_install command is deprecated setup.py develop --uninstall --editable --build-directory /home/andrewlh/VSCode/ros2_ws/build/diagnostics/build
[4.953s] running develop
[5.634s] Removing /home/andrewlh/VSCode/ros2_ws/install/diagnostics/lib/python3.12/site-packages/diagnostics.egg-link (link to .)
[5.732s] Invoked command in '/home/andrewlh/VSCode/ros2_ws/build/diagnostics' returned '0': CONDA_PROMPT_MODIFIER=(base) DEBUGINFOD_URLS=https://debuginfod.ubuntu.com PYTHONPATH=/home/andrewlh/VSCode/ros2_ws/build/diagnostics/prefix_override:/usr/lib/python3/dist-packages/colcon_core/task/python/colcon_distutils_commands:/home/andrewlh/VSCode/ros2_ws/install/diagnostics/lib/python3.12/site-packages:${PYTHONPATH} /usr/bin/python3 -W ignore:setup.py install is deprecated -W ignore:easy_install command is deprecated setup.py develop --uninstall --editable --build-directory /home/andrewlh/VSCode/ros2_ws/build/diagnostics/build
[5.733s] Invoking command in '/home/andrewlh/VSCode/ros2_ws/src/diagnostics': CONDA_PROMPT_MODIFIER=(base) DEBUGINFOD_URLS=https://debuginfod.ubuntu.com PYTHONPATH=/home/andrewlh/VSCode/ros2_ws/build/diagnostics/prefix_override:/usr/lib/python3/dist-packages/colcon_core/task/python/colcon_distutils_commands:/home/andrewlh/VSCode/ros2_ws/install/diagnostics/lib/python3.12/site-packages:${PYTHONPATH} /usr/bin/python3 -W ignore:setup.py install is deprecated -W ignore:easy_install command is deprecated setup.py egg_info --egg-base ../../build/diagnostics build --build-base /home/andrewlh/VSCode/ros2_ws/build/diagnostics/build install --record /home/andrewlh/VSCode/ros2_ws/build/diagnostics/install.log --single-version-externally-managed install_data --force
[6.416s] running egg_info
[6.472s] writing ../../build/diagnostics/diagnostics.egg-info/PKG-INFO
[6.472s] writing dependency_links to ../../build/diagnostics/diagnostics.egg-info/dependency_links.txt
[6.473s] writing entry points to ../../build/diagnostics/diagnostics.egg-info/entry_points.txt
[6.482s] writing requirements to ../../build/diagnostics/diagnostics.egg-info/requires.txt
[6.482s] writing top-level names to ../../build/diagnostics/diagnostics.egg-info/top_level.txt
[6.585s] reading manifest file '../../build/diagnostics/diagnostics.egg-info/SOURCES.txt'
[6.585s] writing manifest file '../../build/diagnostics/diagnostics.egg-info/SOURCES.txt'
[6.585s] running build
[6.586s] running build_py
[6.586s] creating /home/andrewlh/VSCode/ros2_ws/build/diagnostics/build
[6.586s] creating /home/andrewlh/VSCode/ros2_ws/build/diagnostics/build/lib
[6.586s] creating /home/andrewlh/VSCode/ros2_ws/build/diagnostics/build/lib/diagnostics
[6.587s] copying diagnostics/__init__.py -> /home/andrewlh/VSCode/ros2_ws/build/diagnostics/build/lib/diagnostics
[6.587s] copying diagnostics/resource_monitor_node.py -> /home/andrewlh/VSCode/ros2_ws/build/diagnostics/build/lib/diagnostics
[6.587s] copying diagnostics/health_monitor_node.py -> /home/andrewlh/VSCode/ros2_ws/build/diagnostics/build/lib/diagnostics
[6.587s] copying diagnostics/watchdog_node.py -> /home/andrewlh/VSCode/ros2_ws/build/diagnostics/build/lib/diagnostics
[6.587s] copying diagnostics/network_monitor_node.py -> /home/andrewlh/VSCode/ros2_ws/build/diagnostics/build/lib/diagnostics
[6.587s] copying diagnostics/system_metrics_node.py -> /home/andrewlh/VSCode/ros2_ws/build/diagnostics/build/lib/diagnostics
[6.588s] copying diagnostics/error_handler_node.py -> /home/andrewlh/VSCode/ros2_ws/build/diagnostics/build/lib/diagnostics
[6.588s] copying diagnostics/logger_node.py -> /home/andrewlh/VSCode/ros2_ws/build/diagnostics/build/lib/diagnostics
[6.592s] copying diagnostics/emergency_stop_node.py -> /home/andrewlh/VSCode/ros2_ws/build/diagnostics/build/lib/diagnostics
[6.593s] running install
[6.600s] running install_lib
[6.650s] creating /home/andrewlh/VSCode/ros2_ws/install/diagnostics/lib/python3.12/site-packages/diagnostics
[6.650s] copying /home/andrewlh/VSCode/ros2_ws/build/diagnostics/build/lib/diagnostics/__init__.py -> /home/andrewlh/VSCode/ros2_ws/install/diagnostics/lib/python3.12/site-packages/diagnostics
[6.652s] copying /home/andrewlh/VSCode/ros2_ws/build/diagnostics/build/lib/diagnostics/resource_monitor_node.py -> /home/andrewlh/VSCode/ros2_ws/install/diagnostics/lib/python3.12/site-packages/diagnostics
[6.652s] copying /home/andrewlh/VSCode/ros2_ws/build/diagnostics/build/lib/diagnostics/health_monitor_node.py -> /home/andrewlh/VSCode/ros2_ws/install/diagnostics/lib/python3.12/site-packages/diagnostics
[6.652s] copying /home/andrewlh/VSCode/ros2_ws/build/diagnostics/build/lib/diagnostics/watchdog_node.py -> /home/andrewlh/VSCode/ros2_ws/install/diagnostics/lib/python3.12/site-packages/diagnostics
[6.653s] copying /home/andrewlh/VSCode/ros2_ws/build/diagnostics/build/lib/diagnostics/network_monitor_node.py -> /home/andrewlh/VSCode/ros2_ws/install/diagnostics/lib/python3.12/site-packages/diagnostics
[6.653s] copying /home/andrewlh/VSCode/ros2_ws/build/diagnostics/build/lib/diagnostics/system_metrics_node.py -> /home/andrewlh/VSCode/ros2_ws/install/diagnostics/lib/python3.12/site-packages/diagnostics
[6.653s] copying /home/andrewlh/VSCode/ros2_ws/build/diagnostics/build/lib/diagnostics/error_handler_node.py -> /home/andrewlh/VSCode/ros2_ws/install/diagnostics/lib/python3.12/site-packages/diagnostics
[6.656s] copying /home/andrewlh/VSCode/ros2_ws/build/diagnostics/build/lib/diagnostics/logger_node.py -> /home/andrewlh/VSCode/ros2_ws/install/diagnostics/lib/python3.12/site-packages/diagnostics
[6.657s] copying /home/andrewlh/VSCode/ros2_ws/build/diagnostics/build/lib/diagnostics/emergency_stop_node.py -> /home/andrewlh/VSCode/ros2_ws/install/diagnostics/lib/python3.12/site-packages/diagnostics
[6.657s] byte-compiling /home/andrewlh/VSCode/ros2_ws/install/diagnostics/lib/python3.12/site-packages/diagnostics/__init__.py to __init__.cpython-312.pyc
[6.657s] byte-compiling /home/andrewlh/VSCode/ros2_ws/install/diagnostics/lib/python3.12/site-packages/diagnostics/resource_monitor_node.py to resource_monitor_node.cpython-312.pyc
[6.657s] byte-compiling /home/andrewlh/VSCode/ros2_ws/install/diagnostics/lib/python3.12/site-packages/diagnostics/health_monitor_node.py to health_monitor_node.cpython-312.pyc
[6.658s] byte-compiling /home/andrewlh/VSCode/ros2_ws/install/diagnostics/lib/python3.12/site-packages/diagnostics/watchdog_node.py to watchdog_node.cpython-312.pyc
[6.661s] byte-compiling /home/andrewlh/VSCode/ros2_ws/install/diagnostics/lib/python3.12/site-packages/diagnostics/network_monitor_node.py to network_monitor_node.cpython-312.pyc
[6.663s] byte-compiling /home/andrewlh/VSCode/ros2_ws/install/diagnostics/lib/python3.12/site-packages/diagnostics/system_metrics_node.py to system_metrics_node.cpython-312.pyc
[6.663s] byte-compiling /home/andrewlh/VSCode/ros2_ws/install/diagnostics/lib/python3.12/site-packages/diagnostics/error_handler_node.py to error_handler_node.cpython-312.pyc
[6.663s] byte-compiling /home/andrewlh/VSCode/ros2_ws/install/diagnostics/lib/python3.12/site-packages/diagnostics/logger_node.py to logger_node.cpython-312.pyc
[6.668s] byte-compiling /home/andrewlh/VSCode/ros2_ws/install/diagnostics/lib/python3.12/site-packages/diagnostics/emergency_stop_node.py to emergency_stop_node.cpython-312.pyc
[6.668s] running install_data
[6.669s] copying resource/diagnostics -> /home/andrewlh/VSCode/ros2_ws/install/diagnostics/share/ament_index/resource_index/packages
[6.669s] copying package.xml -> /home/andrewlh/VSCode/ros2_ws/install/diagnostics/share/diagnostics
[6.669s] running install_egg_info
[6.733s] Copying ../../build/diagnostics/diagnostics.egg-info to /home/andrewlh/VSCode/ros2_ws/install/diagnostics/lib/python3.12/site-packages/diagnostics-0.1.0-py3.12.egg-info
[6.736s] running install_scripts
[7.280s] Installing emergency_stop_node script to /home/andrewlh/VSCode/ros2_ws/install/diagnostics/bin
[7.281s] Installing error_handler_node script to /home/andrewlh/VSCode/ros2_ws/install/diagnostics/bin
[7.282s] Installing health_monitor_node script to /home/andrewlh/VSCode/ros2_ws/install/diagnostics/bin
[7.282s] Installing logger_node script to /home/andrewlh/VSCode/ros2_ws/install/diagnostics/bin
[7.282s] Installing network_monitor_node script to /home/andrewlh/VSCode/ros2_ws/install/diagnostics/bin
[7.282s] Installing resource_monitor_node script to /home/andrewlh/VSCode/ros2_ws/install/diagnostics/bin
[7.282s] Installing system_metrics_node script to /home/andrewlh/VSCode/ros2_ws/install/diagnostics/bin
[7.282s] Installing watchdog_node script to /home/andrewlh/VSCode/ros2_ws/install/diagnostics/bin
[7.317s] writing list of installed files to '/home/andrewlh/VSCode/ros2_ws/build/diagnostics/install.log'
[7.633s] Invoked command in '/home/andrewlh/VSCode/ros2_ws/src/diagnostics' returned '0': CONDA_PROMPT_MODIFIER=(base) DEBUGINFOD_URLS=https://debuginfod.ubuntu.com PYTHONPATH=/home/andrewlh/VSCode/ros2_ws/build/diagnostics/prefix_override:/usr/lib/python3/dist-packages/colcon_core/task/python/colcon_distutils_commands:/home/andrewlh/VSCode/ros2_ws/install/diagnostics/lib/python3.12/site-packages:${PYTHONPATH} /usr/bin/python3 -W ignore:setup.py install is deprecated -W ignore:easy_install command is deprecated setup.py egg_info --egg-base ../../build/diagnostics build --build-base /home/andrewlh/VSCode/ros2_ws/build/diagnostics/build install --record /home/andrewlh/VSCode/ros2_ws/build/diagnostics/install.log --single-version-externally-managed install_data --force
