[5.690s] Invoking command in '/home/andrewlh/VSCode/ros2_ws/src/control': CONDA_PROMPT_MODIFIER=(base) DEBUGINFOD_URLS=https://debuginfod.ubuntu.com PYTHONPATH=/home/andrewlh/VSCode/ros2_ws/build/control/prefix_override:/usr/lib/python3/dist-packages/colcon_core/task/python/colcon_distutils_commands:/home/andrewlh/VSCode/ros2_ws/install/control/lib/python3.12/site-packages:${PYTHONPATH} /usr/bin/python3 -W ignore:setup.py install is deprecated -W ignore:easy_install command is deprecated setup.py egg_info --egg-base ../../build/control build --build-base /home/andrewlh/VSCode/ros2_ws/build/control/build install --record /home/andrewlh/VSCode/ros2_ws/build/control/install.log --single-version-externally-managed install_data
[6.698s] running egg_info
[6.850s] writing ../../build/control/control.egg-info/PKG-INFO
[6.851s] writing dependency_links to ../../build/control/control.egg-info/dependency_links.txt
[6.851s] writing entry points to ../../build/control/control.egg-info/entry_points.txt
[6.851s] writing requirements to ../../build/control/control.egg-info/requires.txt
[6.851s] writing top-level names to ../../build/control/control.egg-info/top_level.txt
[7.128s] reading manifest file '../../build/control/control.egg-info/SOURCES.txt'
[7.131s] writing manifest file '../../build/control/control.egg-info/SOURCES.txt'
[7.132s] running build
[7.133s] running build_py
[7.135s] running install
[7.178s] running install_lib
[7.298s] running install_data
[7.298s] running install_egg_info
[7.415s] removing '/home/andrewlh/VSCode/ros2_ws/install/control/lib/python3.12/site-packages/control-0.1.0-py3.12.egg-info' (and everything under it)
[7.420s] Copying ../../build/control/control.egg-info to /home/andrewlh/VSCode/ros2_ws/install/control/lib/python3.12/site-packages/control-0.1.0-py3.12.egg-info
[7.428s] running install_scripts
[8.063s] Installing motion_planner_node script to /home/andrewlh/VSCode/ros2_ws/install/control/lib/control
[8.064s] Installing pose_to_command_node script to /home/andrewlh/VSCode/ros2_ws/install/control/lib/control
[8.064s] Installing teleop_node script to /home/andrewlh/VSCode/ros2_ws/install/control/lib/control
[8.065s] Installing trajectory_executor_node script to /home/andrewlh/VSCode/ros2_ws/install/control/lib/control
[8.066s] writing list of installed files to '/home/andrewlh/VSCode/ros2_ws/build/control/install.log'
[8.764s] Invoked command in '/home/andrewlh/VSCode/ros2_ws/src/control' returned '0': CONDA_PROMPT_MODIFIER=(base) DEBUGINFOD_URLS=https://debuginfod.ubuntu.com PYTHONPATH=/home/andrewlh/VSCode/ros2_ws/build/control/prefix_override:/usr/lib/python3/dist-packages/colcon_core/task/python/colcon_distutils_commands:/home/andrewlh/VSCode/ros2_ws/install/control/lib/python3.12/site-packages:${PYTHONPATH} /usr/bin/python3 -W ignore:setup.py install is deprecated -W ignore:easy_install command is deprecated setup.py egg_info --egg-base ../../build/control build --build-base /home/andrewlh/VSCode/ros2_ws/build/control/build install --record /home/andrewlh/VSCode/ros2_ws/build/control/install.log --single-version-externally-managed install_data
