[4.002s] Invoking command in '/home/andrewlh/VSCode/ros2_ws/src/camera_interface': CONDA_PROMPT_MODIFIER=(base) DEBUGINFOD_URLS=https://debuginfod.ubuntu.com PYTHONPATH=/home/andrewlh/VSCode/ros2_ws/build/camera_interface/prefix_override:/usr/lib/python3/dist-packages/colcon_core/task/python/colcon_distutils_commands:/home/andrewlh/VSCode/ros2_ws/install/camera_interface/lib/python3.12/site-packages:${PYTHONPATH} /usr/bin/python3 -W ignore:setup.py install is deprecated -W ignore:easy_install command is deprecated setup.py egg_info --egg-base ../../build/camera_interface build --build-base /home/andrewlh/VSCode/ros2_ws/build/camera_interface/build install --record /home/andrewlh/VSCode/ros2_ws/build/camera_interface/install.log --single-version-externally-managed install_data
[5.490s] running egg_info
[5.557s] writing ../../build/camera_interface/camera_interface.egg-info/PKG-INFO
[5.557s] writing dependency_links to ../../build/camera_interface/camera_interface.egg-info/dependency_links.txt
[5.557s] writing entry points to ../../build/camera_interface/camera_interface.egg-info/entry_points.txt
[5.558s] writing requirements to ../../build/camera_interface/camera_interface.egg-info/requires.txt
[5.558s] writing top-level names to ../../build/camera_interface/camera_interface.egg-info/top_level.txt
[5.692s] reading manifest file '../../build/camera_interface/camera_interface.egg-info/SOURCES.txt'
[5.693s] writing manifest file '../../build/camera_interface/camera_interface.egg-info/SOURCES.txt'
[5.693s] running build
[5.694s] running build_py
[5.694s] running install
[5.711s] running install_lib
[5.838s] running install_data
[5.839s] running install_egg_info
[5.963s] removing '/home/andrewlh/VSCode/ros2_ws/install/camera_interface/lib/python3.12/site-packages/camera_interface-0.1.0-py3.12.egg-info' (and everything under it)
[5.964s] Copying ../../build/camera_interface/camera_interface.egg-info to /home/andrewlh/VSCode/ros2_ws/install/camera_interface/lib/python3.12/site-packages/camera_interface-0.1.0-py3.12.egg-info
[5.964s] running install_scripts
[6.536s] Installing camera_info_node script to /home/andrewlh/VSCode/ros2_ws/install/camera_interface/bin
[6.536s] Installing camera_node script to /home/andrewlh/VSCode/ros2_ws/install/camera_interface/bin
[6.537s] writing list of installed files to '/home/andrewlh/VSCode/ros2_ws/build/camera_interface/install.log'
[6.606s] Invoked command in '/home/andrewlh/VSCode/ros2_ws/src/camera_interface' returned '0': CONDA_PROMPT_MODIFIER=(base) DEBUGINFOD_URLS=https://debuginfod.ubuntu.com PYTHONPATH=/home/andrewlh/VSCode/ros2_ws/build/camera_interface/prefix_override:/usr/lib/python3/dist-packages/colcon_core/task/python/colcon_distutils_commands:/home/andrewlh/VSCode/ros2_ws/install/camera_interface/lib/python3.12/site-packages:${PYTHONPATH} /usr/bin/python3 -W ignore:setup.py install is deprecated -W ignore:easy_install command is deprecated setup.py egg_info --egg-base ../../build/camera_interface build --build-base /home/andrewlh/VSCode/ros2_ws/build/camera_interface/build install --record /home/andrewlh/VSCode/ros2_ws/build/camera_interface/install.log --single-version-externally-managed install_data
