[1.530s] Invoking command in '/home/andrewlh/VSCode/ros2_ws/src/servo_control': CONDA_PROMPT_MODIFIER=(base) DEBUGINFOD_URLS=https://debuginfod.ubuntu.com PYTHONPATH=/home/andrewlh/VSCode/ros2_ws/build/servo_control/prefix_override:/usr/lib/python3/dist-packages/colcon_core/task/python/colcon_distutils_commands:/home/andrewlh/VSCode/ros2_ws/install/servo_control/lib/python3.12/site-packages:${PYTHONPATH} /usr/bin/python3 -W ignore:setup.py install is deprecated -W ignore:easy_install command is deprecated setup.py egg_info --egg-base ../../build/servo_control build --build-base /home/andrewlh/VSCode/ros2_ws/build/servo_control/build install --record /home/andrewlh/VSCode/ros2_ws/build/servo_control/install.log --single-version-externally-managed install_data
[1.962s] running egg_info
[2.003s] writing ../../build/servo_control/servo_control.egg-info/PKG-INFO
[2.003s] writing dependency_links to ../../build/servo_control/servo_control.egg-info/dependency_links.txt
[2.003s] writing entry points to ../../build/servo_control/servo_control.egg-info/entry_points.txt
[2.004s] writing requirements to ../../build/servo_control/servo_control.egg-info/requires.txt
[2.004s] writing top-level names to ../../build/servo_control/servo_control.egg-info/top_level.txt
[2.094s] reading manifest file '../../build/servo_control/servo_control.egg-info/SOURCES.txt'
[2.097s] writing manifest file '../../build/servo_control/servo_control.egg-info/SOURCES.txt'
[2.097s] running build
[2.097s] running build_py
[2.098s] copying servo_control/manual_servo_control_node.py -> /home/andrewlh/VSCode/ros2_ws/build/servo_control/build/lib/servo_control
[2.099s] running install
[2.112s] running install_lib
[2.154s] copying /home/andrewlh/VSCode/ros2_ws/build/servo_control/build/lib/servo_control/manual_servo_control_node.py -> /home/andrewlh/VSCode/ros2_ws/install/servo_control/lib/python3.12/site-packages/servo_control
[2.156s] byte-compiling /home/andrewlh/VSCode/ros2_ws/install/servo_control/lib/python3.12/site-packages/servo_control/manual_servo_control_node.py to manual_servo_control_node.cpython-312.pyc
[2.163s] running install_data
[2.163s] running install_egg_info
[2.209s] removing '/home/andrewlh/VSCode/ros2_ws/install/servo_control/lib/python3.12/site-packages/servo_control-0.0.0-py3.12.egg-info' (and everything under it)
[2.210s] Copying ../../build/servo_control/servo_control.egg-info to /home/andrewlh/VSCode/ros2_ws/install/servo_control/lib/python3.12/site-packages/servo_control-0.0.0-py3.12.egg-info
[2.212s] running install_scripts
[2.417s] Installing direct_servo_tester_node script to /home/andrewlh/VSCode/ros2_ws/install/servo_control/lib/servo_control
[2.418s] Installing finger_servo_controller_node script to /home/andrewlh/VSCode/ros2_ws/install/servo_control/lib/servo_control
[2.418s] Installing manual_servo_control_node script to /home/andrewlh/VSCode/ros2_ws/install/servo_control/lib/servo_control
[2.418s] Installing servo_interface_node script to /home/andrewlh/VSCode/ros2_ws/install/servo_control/lib/servo_control
[2.419s] writing list of installed files to '/home/andrewlh/VSCode/ros2_ws/build/servo_control/install.log'
[2.495s] Invoked command in '/home/andrewlh/VSCode/ros2_ws/src/servo_control' returned '0': CONDA_PROMPT_MODIFIER=(base) DEBUGINFOD_URLS=https://debuginfod.ubuntu.com PYTHONPATH=/home/andrewlh/VSCode/ros2_ws/build/servo_control/prefix_override:/usr/lib/python3/dist-packages/colcon_core/task/python/colcon_distutils_commands:/home/andrewlh/VSCode/ros2_ws/install/servo_control/lib/python3.12/site-packages:${PYTHONPATH} /usr/bin/python3 -W ignore:setup.py install is deprecated -W ignore:easy_install command is deprecated setup.py egg_info --egg-base ../../build/servo_control build --build-base /home/andrewlh/VSCode/ros2_ws/build/servo_control/build install --record /home/andrewlh/VSCode/ros2_ws/build/servo_control/install.log --single-version-externally-managed install_data
