[2.780s] Invoking command in '/home/andrewlh/VSCode/ros2_ws/src/servo_control': CONDA_PROMPT_MODIFIER=(base) DEBUGINFOD_URLS=https://debuginfod.ubuntu.com PYTHONPATH=/home/andrewlh/VSCode/ros2_ws/build/servo_control/prefix_override:/usr/lib/python3/dist-packages/colcon_core/task/python/colcon_distutils_commands:/home/andrewlh/VSCode/ros2_ws/install/servo_control/lib/python3.12/site-packages:${PYTHONPATH} /usr/bin/python3 -W ignore:setup.py install is deprecated -W ignore:easy_install command is deprecated setup.py egg_info --egg-base ../../build/servo_control build --build-base /home/andrewlh/VSCode/ros2_ws/build/servo_control/build install --record /home/andrewlh/VSCode/ros2_ws/build/servo_control/install.log --single-version-externally-managed install_data
[3.489s] running egg_info
[3.548s] writing ../../build/servo_control/servo_control.egg-info/PKG-INFO
[3.549s] writing dependency_links to ../../build/servo_control/servo_control.egg-info/dependency_links.txt
[3.558s] writing entry points to ../../build/servo_control/servo_control.egg-info/entry_points.txt
[3.559s] writing requirements to ../../build/servo_control/servo_control.egg-info/requires.txt
[3.559s] writing top-level names to ../../build/servo_control/servo_control.egg-info/top_level.txt
[3.708s] reading manifest file '../../build/servo_control/servo_control.egg-info/SOURCES.txt'
[3.710s] writing manifest file '../../build/servo_control/servo_control.egg-info/SOURCES.txt'
[3.710s] running build
[3.711s] running build_py
[3.711s] copying servo_control/manual_servo_control_node.py -> /home/andrewlh/VSCode/ros2_ws/build/servo_control/build/lib/servo_control
[3.714s] copying servo_control/servo_interface_node.py -> /home/andrewlh/VSCode/ros2_ws/build/servo_control/build/lib/servo_control
[3.717s] running install
[3.727s] running install_lib
[3.790s] copying /home/andrewlh/VSCode/ros2_ws/build/servo_control/build/lib/servo_control/manual_servo_control_node.py -> /home/andrewlh/VSCode/ros2_ws/install/servo_control/lib/python3.12/site-packages/servo_control
[3.791s] copying /home/andrewlh/VSCode/ros2_ws/build/servo_control/build/lib/servo_control/servo_interface_node.py -> /home/andrewlh/VSCode/ros2_ws/install/servo_control/lib/python3.12/site-packages/servo_control
[3.792s] byte-compiling /home/andrewlh/VSCode/ros2_ws/install/servo_control/lib/python3.12/site-packages/servo_control/manual_servo_control_node.py to manual_servo_control_node.cpython-312.pyc
[3.807s] byte-compiling /home/andrewlh/VSCode/ros2_ws/install/servo_control/lib/python3.12/site-packages/servo_control/servo_interface_node.py to servo_interface_node.cpython-312.pyc
[3.812s] running install_data
[3.813s] running install_egg_info
[3.875s] removing '/home/andrewlh/VSCode/ros2_ws/install/servo_control/lib/python3.12/site-packages/servo_control-0.0.0-py3.12.egg-info' (and everything under it)
[3.881s] Copying ../../build/servo_control/servo_control.egg-info to /home/andrewlh/VSCode/ros2_ws/install/servo_control/lib/python3.12/site-packages/servo_control-0.0.0-py3.12.egg-info
[3.884s] running install_scripts
[4.245s] Installing finger_servo_controller_node script to /home/andrewlh/VSCode/ros2_ws/install/servo_control/lib/servo_control
[4.245s] Installing manual_servo_control_node script to /home/andrewlh/VSCode/ros2_ws/install/servo_control/lib/servo_control
[4.246s] Installing servo_interface_node script to /home/andrewlh/VSCode/ros2_ws/install/servo_control/lib/servo_control
[4.246s] writing list of installed files to '/home/andrewlh/VSCode/ros2_ws/build/servo_control/install.log'
[4.348s] Invoked command in '/home/andrewlh/VSCode/ros2_ws/src/servo_control' returned '0': CONDA_PROMPT_MODIFIER=(base) DEBUGINFOD_URLS=https://debuginfod.ubuntu.com PYTHONPATH=/home/andrewlh/VSCode/ros2_ws/build/servo_control/prefix_override:/usr/lib/python3/dist-packages/colcon_core/task/python/colcon_distutils_commands:/home/andrewlh/VSCode/ros2_ws/install/servo_control/lib/python3.12/site-packages:${PYTHONPATH} /usr/bin/python3 -W ignore:setup.py install is deprecated -W ignore:easy_install command is deprecated setup.py egg_info --egg-base ../../build/servo_control build --build-base /home/andrewlh/VSCode/ros2_ws/build/servo_control/build install --record /home/andrewlh/VSCode/ros2_ws/build/servo_control/install.log --single-version-externally-managed install_data
