[0.939s] Invoking command in '/home/andrewlh/VSCode/ros2_ws/src/control_system': CONDA_PROMPT_MODIFIER=(base) DEBUGINFOD_URLS=https://debuginfod.ubuntu.com PYTHONPATH=/home/andrewlh/VSCode/ros2_ws/build/control_system/prefix_override:/usr/lib/python3/dist-packages/colcon_core/task/python/colcon_distutils_commands:/home/andrewlh/VSCode/ros2_ws/install/control_system/lib/python3.12/site-packages:${PYTHONPATH} /usr/bin/python3 -W ignore:setup.py install is deprecated -W ignore:easy_install command is deprecated setup.py egg_info --egg-base ../../build/control_system build --build-base /home/andrewlh/VSCode/ros2_ws/build/control_system/build install --record /home/andrewlh/VSCode/ros2_ws/build/control_system/install.log --single-version-externally-managed install_data
[1.210s] running egg_info
[1.230s] writing ../../build/control_system/control_system.egg-info/PKG-INFO
[1.231s] writing dependency_links to ../../build/control_system/control_system.egg-info/dependency_links.txt
[1.231s] writing entry points to ../../build/control_system/control_system.egg-info/entry_points.txt
[1.231s] writing requirements to ../../build/control_system/control_system.egg-info/requires.txt
[1.232s] writing top-level names to ../../build/control_system/control_system.egg-info/top_level.txt
[1.277s] reading manifest file '../../build/control_system/control_system.egg-info/SOURCES.txt'
[1.277s] writing manifest file '../../build/control_system/control_system.egg-info/SOURCES.txt'
[1.278s] running build
[1.278s] running build_py
[1.278s] running install
[1.286s] running install_lib
[1.308s] running install_data
[1.309s] copying package.xml -> /home/andrewlh/VSCode/ros2_ws/install/control_system/share/control_system
[1.309s] running install_egg_info
[1.335s] Copying ../../build/control_system/control_system.egg-info to /home/andrewlh/VSCode/ros2_ws/install/control_system/lib/python3.12/site-packages/control_system-0.0.1-py3.12.egg-info
[1.338s] running install_scripts
[1.501s] Installing manual_control_node script to /home/andrewlh/VSCode/ros2_ws/install/control_system/lib/cr3_interface
[1.502s] Installing mode_manager_node script to /home/andrewlh/VSCode/ros2_ws/install/control_system/lib/cr3_interface
[1.502s] Installing perception_control_node script to /home/andrewlh/VSCode/ros2_ws/install/control_system/lib/cr3_interface
[1.502s] Installing servo_interface_node script to /home/andrewlh/VSCode/ros2_ws/install/control_system/lib/cr3_interface
[1.502s] Installing unified_control_node script to /home/andrewlh/VSCode/ros2_ws/install/control_system/lib/cr3_interface
[1.503s] writing list of installed files to '/home/andrewlh/VSCode/ros2_ws/build/control_system/install.log'
[1.531s] Invoked command in '/home/andrewlh/VSCode/ros2_ws/src/control_system' returned '0': CONDA_PROMPT_MODIFIER=(base) DEBUGINFOD_URLS=https://debuginfod.ubuntu.com PYTHONPATH=/home/andrewlh/VSCode/ros2_ws/build/control_system/prefix_override:/usr/lib/python3/dist-packages/colcon_core/task/python/colcon_distutils_commands:/home/andrewlh/VSCode/ros2_ws/install/control_system/lib/python3.12/site-packages:${PYTHONPATH} /usr/bin/python3 -W ignore:setup.py install is deprecated -W ignore:easy_install command is deprecated setup.py egg_info --egg-base ../../build/control_system build --build-base /home/andrewlh/VSCode/ros2_ws/build/control_system/build install --record /home/andrewlh/VSCode/ros2_ws/build/control_system/install.log --single-version-externally-managed install_data
