[0.576s] DEBUG:colcon:Command line arguments: ['/usr/bin/colcon', 'build', '--packages-select', 'ui']
[0.576s] DEBUG:colcon:Parsed command line arguments: Namespace(log_base=None, log_level=None, verb_name='build', build_base='build', install_base='install', merge_install=False, symlink_install=False, test_result_base=None, continue_on_error=False, executor='parallel', parallel_workers=8, event_handlers=None, ignore_user_meta=False, metas=['./colcon.meta'], base_paths=['.'], packages_ignore=None, packages_ignore_regex=None, paths=None, packages_up_to=None, packages_up_to_regex=None, packages_above=None, packages_above_and_dependencies=None, packages_above_depth=None, packages_select_by_dep=None, packages_skip_by_dep=None, packages_skip_up_to=None, packages_select_build_failed=False, packages_skip_build_finished=False, packages_select_test_failures=False, packages_skip_test_passed=False, packages_select=['ui'], packages_skip=None, packages_select_regex=None, packages_skip_regex=None, packages_start=None, packages_end=None, allow_overriding=[], cmake_args=None, cmake_target=None, cmake_target_skip_unavailable=False, cmake_clean_cache=False, cmake_clean_first=False, cmake_force_configure=False, ament_cmake_args=None, catkin_cmake_args=None, catkin_skip_building_tests=False, mixin_files=None, mixin=None, verb_parser=<colcon_mixin.mixin.mixin_argument.MixinArgumentDecorator object at 0x7344b8884a70>, verb_extension=<colcon_core.verb.build.BuildVerb object at 0x7344b8884380>, main=<bound method BuildVerb.main of <colcon_core.verb.build.BuildVerb object at 0x7344b8884380>>, mixin_verb=('build',))
[0.649s] Level 1:colcon.colcon_core.package_discovery:discover_packages(colcon_meta) check parameters
[0.650s] Level 1:colcon.colcon_core.package_discovery:discover_packages(recursive) check parameters
[0.651s] Level 1:colcon.colcon_core.package_discovery:discover_packages(ignore) check parameters
[0.651s] Level 1:colcon.colcon_core.package_discovery:discover_packages(path) check parameters
[0.651s] Level 1:colcon.colcon_core.package_discovery:discover_packages(colcon_meta) discover
[0.651s] Level 1:colcon.colcon_core.package_discovery:discover_packages(recursive) discover
[0.651s] INFO:colcon.colcon_core.package_discovery:Crawling recursively for packages in '/home/andrewlh/VSCode/ros2_ws'
[0.652s] Level 1:colcon.colcon_core.package_identification:_identify(.) by extensions ['ignore', 'ignore_ament_install']
[0.652s] Level 1:colcon.colcon_core.package_identification:_identify(.) by extension 'ignore'
[0.652s] Level 1:colcon.colcon_core.package_identification:_identify(.) by extension 'ignore_ament_install'
[0.652s] Level 1:colcon.colcon_core.package_identification:_identify(.) by extensions ['colcon_pkg']
[0.652s] Level 1:colcon.colcon_core.package_identification:_identify(.) by extension 'colcon_pkg'
[0.653s] Level 1:colcon.colcon_core.package_identification:_identify(.) by extensions ['colcon_meta']
[0.653s] Level 1:colcon.colcon_core.package_identification:_identify(.) by extension 'colcon_meta'
[0.653s] Level 1:colcon.colcon_core.package_identification:_identify(.) by extensions ['ros']
[0.653s] Level 1:colcon.colcon_core.package_identification:_identify(.) by extension 'ros'
[0.687s] Level 1:colcon.colcon_core.package_identification:_identify(.) by extensions ['cmake', 'python']
[0.687s] Level 1:colcon.colcon_core.package_identification:_identify(.) by extension 'cmake'
[0.687s] Level 1:colcon.colcon_core.package_identification:_identify(.) by extension 'python'
[0.687s] Level 1:colcon.colcon_core.package_identification:_identify(.) by extensions ['python_setup_py']
[0.687s] Level 1:colcon.colcon_core.package_identification:_identify(.) by extension 'python_setup_py'
[0.687s] Level 1:colcon.colcon_core.package_identification:_identify(Dashboards) by extensions ['ignore', 'ignore_ament_install']
[0.687s] Level 1:colcon.colcon_core.package_identification:_identify(Dashboards) by extension 'ignore'
[0.687s] Level 1:colcon.colcon_core.package_identification:_identify(Dashboards) by extension 'ignore_ament_install'
[0.687s] Level 1:colcon.colcon_core.package_identification:_identify(Dashboards) by extensions ['colcon_pkg']
[0.688s] Level 1:colcon.colcon_core.package_identification:_identify(Dashboards) by extension 'colcon_pkg'
[0.688s] Level 1:colcon.colcon_core.package_identification:_identify(Dashboards) by extensions ['colcon_meta']
[0.688s] Level 1:colcon.colcon_core.package_identification:_identify(Dashboards) by extension 'colcon_meta'
[0.688s] Level 1:colcon.colcon_core.package_identification:_identify(Dashboards) by extensions ['ros']
[0.688s] Level 1:colcon.colcon_core.package_identification:_identify(Dashboards) by extension 'ros'
[0.688s] Level 1:colcon.colcon_core.package_identification:_identify(Dashboards) by extensions ['cmake', 'python']
[0.688s] Level 1:colcon.colcon_core.package_identification:_identify(Dashboards) by extension 'cmake'
[0.688s] Level 1:colcon.colcon_core.package_identification:_identify(Dashboards) by extension 'python'
[0.688s] Level 1:colcon.colcon_core.package_identification:_identify(Dashboards) by extensions ['python_setup_py']
[0.688s] Level 1:colcon.colcon_core.package_identification:_identify(Dashboards) by extension 'python_setup_py'
[0.688s] Level 1:colcon.colcon_core.package_identification:_identify(Dashboards/hand_tracking_dashboard) by extensions ['ignore', 'ignore_ament_install']
[0.688s] Level 1:colcon.colcon_core.package_identification:_identify(Dashboards/hand_tracking_dashboard) by extension 'ignore'
[0.688s] Level 1:colcon.colcon_core.package_identification:_identify(Dashboards/hand_tracking_dashboard) by extension 'ignore_ament_install'
[0.688s] Level 1:colcon.colcon_core.package_identification:_identify(Dashboards/hand_tracking_dashboard) by extensions ['colcon_pkg']
[0.688s] Level 1:colcon.colcon_core.package_identification:_identify(Dashboards/hand_tracking_dashboard) by extension 'colcon_pkg'
[0.688s] Level 1:colcon.colcon_core.package_identification:_identify(Dashboards/hand_tracking_dashboard) by extensions ['colcon_meta']
[0.688s] Level 1:colcon.colcon_core.package_identification:_identify(Dashboards/hand_tracking_dashboard) by extension 'colcon_meta'
[0.688s] Level 1:colcon.colcon_core.package_identification:_identify(Dashboards/hand_tracking_dashboard) by extensions ['ros']
[0.688s] Level 1:colcon.colcon_core.package_identification:_identify(Dashboards/hand_tracking_dashboard) by extension 'ros'
[0.689s] Level 1:colcon.colcon_core.package_identification:_identify(Dashboards/hand_tracking_dashboard) by extensions ['cmake', 'python']
[0.689s] Level 1:colcon.colcon_core.package_identification:_identify(Dashboards/hand_tracking_dashboard) by extension 'cmake'
[0.689s] Level 1:colcon.colcon_core.package_identification:_identify(Dashboards/hand_tracking_dashboard) by extension 'python'
[0.689s] Level 1:colcon.colcon_core.package_identification:_identify(Dashboards/hand_tracking_dashboard) by extensions ['python_setup_py']
[0.689s] Level 1:colcon.colcon_core.package_identification:_identify(Dashboards/hand_tracking_dashboard) by extension 'python_setup_py'
[0.689s] Level 1:colcon.colcon_core.package_identification:_identify(Dashboards/hand_tracking_dashboard/__pycache__) by extensions ['ignore', 'ignore_ament_install']
[0.689s] Level 1:colcon.colcon_core.package_identification:_identify(Dashboards/hand_tracking_dashboard/__pycache__) by extension 'ignore'
[0.689s] Level 1:colcon.colcon_core.package_identification:_identify(Dashboards/hand_tracking_dashboard/__pycache__) by extension 'ignore_ament_install'
[0.689s] Level 1:colcon.colcon_core.package_identification:_identify(Dashboards/hand_tracking_dashboard/__pycache__) by extensions ['colcon_pkg']
[0.689s] Level 1:colcon.colcon_core.package_identification:_identify(Dashboards/hand_tracking_dashboard/__pycache__) by extension 'colcon_pkg'
[0.689s] Level 1:colcon.colcon_core.package_identification:_identify(Dashboards/hand_tracking_dashboard/__pycache__) by extensions ['colcon_meta']
[0.689s] Level 1:colcon.colcon_core.package_identification:_identify(Dashboards/hand_tracking_dashboard/__pycache__) by extension 'colcon_meta'
[0.689s] Level 1:colcon.colcon_core.package_identification:_identify(Dashboards/hand_tracking_dashboard/__pycache__) by extensions ['ros']
[0.689s] Level 1:colcon.colcon_core.package_identification:_identify(Dashboards/hand_tracking_dashboard/__pycache__) by extension 'ros'
[0.689s] Level 1:colcon.colcon_core.package_identification:_identify(Dashboards/hand_tracking_dashboard/__pycache__) by extensions ['cmake', 'python']
[0.689s] Level 1:colcon.colcon_core.package_identification:_identify(Dashboards/hand_tracking_dashboard/__pycache__) by extension 'cmake'
[0.689s] Level 1:colcon.colcon_core.package_identification:_identify(Dashboards/hand_tracking_dashboard/__pycache__) by extension 'python'
[0.689s] Level 1:colcon.colcon_core.package_identification:_identify(Dashboards/hand_tracking_dashboard/__pycache__) by extensions ['python_setup_py']
[0.689s] Level 1:colcon.colcon_core.package_identification:_identify(Dashboards/hand_tracking_dashboard/__pycache__) by extension 'python_setup_py'
[0.689s] Level 1:colcon.colcon_core.package_identification:_identify(build) by extensions ['ignore', 'ignore_ament_install']
[0.690s] Level 1:colcon.colcon_core.package_identification:_identify(build) by extension 'ignore'
[0.690s] Level 1:colcon.colcon_core.package_identification:_identify(build) ignored
[0.690s] Level 1:colcon.colcon_core.package_identification:_identify(documentation) by extensions ['ignore', 'ignore_ament_install']
[0.690s] Level 1:colcon.colcon_core.package_identification:_identify(documentation) by extension 'ignore'
[0.690s] Level 1:colcon.colcon_core.package_identification:_identify(documentation) by extension 'ignore_ament_install'
[0.690s] Level 1:colcon.colcon_core.package_identification:_identify(documentation) by extensions ['colcon_pkg']
[0.690s] Level 1:colcon.colcon_core.package_identification:_identify(documentation) by extension 'colcon_pkg'
[0.690s] Level 1:colcon.colcon_core.package_identification:_identify(documentation) by extensions ['colcon_meta']
[0.690s] Level 1:colcon.colcon_core.package_identification:_identify(documentation) by extension 'colcon_meta'
[0.690s] Level 1:colcon.colcon_core.package_identification:_identify(documentation) by extensions ['ros']
[0.690s] Level 1:colcon.colcon_core.package_identification:_identify(documentation) by extension 'ros'
[0.690s] Level 1:colcon.colcon_core.package_identification:_identify(documentation) by extensions ['cmake', 'python']
[0.690s] Level 1:colcon.colcon_core.package_identification:_identify(documentation) by extension 'cmake'
[0.690s] Level 1:colcon.colcon_core.package_identification:_identify(documentation) by extension 'python'
[0.690s] Level 1:colcon.colcon_core.package_identification:_identify(documentation) by extensions ['python_setup_py']
[0.690s] Level 1:colcon.colcon_core.package_identification:_identify(documentation) by extension 'python_setup_py'
[0.690s] Level 1:colcon.colcon_core.package_identification:_identify(install) by extensions ['ignore', 'ignore_ament_install']
[0.690s] Level 1:colcon.colcon_core.package_identification:_identify(install) by extension 'ignore'
[0.691s] Level 1:colcon.colcon_core.package_identification:_identify(install) ignored
[0.691s] Level 1:colcon.colcon_core.package_identification:_identify(log) by extensions ['ignore', 'ignore_ament_install']
[0.691s] Level 1:colcon.colcon_core.package_identification:_identify(log) by extension 'ignore'
[0.691s] Level 1:colcon.colcon_core.package_identification:_identify(log) ignored
[0.691s] Level 1:colcon.colcon_core.package_identification:_identify(src) by extensions ['ignore', 'ignore_ament_install']
[0.691s] Level 1:colcon.colcon_core.package_identification:_identify(src) by extension 'ignore'
[0.691s] Level 1:colcon.colcon_core.package_identification:_identify(src) by extension 'ignore_ament_install'
[0.691s] Level 1:colcon.colcon_core.package_identification:_identify(src) by extensions ['colcon_pkg']
[0.691s] Level 1:colcon.colcon_core.package_identification:_identify(src) by extension 'colcon_pkg'
[0.691s] Level 1:colcon.colcon_core.package_identification:_identify(src) by extensions ['colcon_meta']
[0.691s] Level 1:colcon.colcon_core.package_identification:_identify(src) by extension 'colcon_meta'
[0.691s] Level 1:colcon.colcon_core.package_identification:_identify(src) by extensions ['ros']
[0.691s] Level 1:colcon.colcon_core.package_identification:_identify(src) by extension 'ros'
[0.691s] Level 1:colcon.colcon_core.package_identification:_identify(src) by extensions ['cmake', 'python']
[0.691s] Level 1:colcon.colcon_core.package_identification:_identify(src) by extension 'cmake'
[0.691s] Level 1:colcon.colcon_core.package_identification:_identify(src) by extension 'python'
[0.691s] Level 1:colcon.colcon_core.package_identification:_identify(src) by extensions ['python_setup_py']
[0.691s] Level 1:colcon.colcon_core.package_identification:_identify(src) by extension 'python_setup_py'
[0.692s] Level 1:colcon.colcon_core.package_identification:_identify(src/camera_interface) by extensions ['ignore', 'ignore_ament_install']
[0.692s] Level 1:colcon.colcon_core.package_identification:_identify(src/camera_interface) by extension 'ignore'
[0.692s] Level 1:colcon.colcon_core.package_identification:_identify(src/camera_interface) by extension 'ignore_ament_install'
[0.692s] Level 1:colcon.colcon_core.package_identification:_identify(src/camera_interface) by extensions ['colcon_pkg']
[0.692s] Level 1:colcon.colcon_core.package_identification:_identify(src/camera_interface) by extension 'colcon_pkg'
[0.692s] Level 1:colcon.colcon_core.package_identification:_identify(src/camera_interface) by extensions ['colcon_meta']
[0.692s] Level 1:colcon.colcon_core.package_identification:_identify(src/camera_interface) by extension 'colcon_meta'
[0.692s] Level 1:colcon.colcon_core.package_identification:_identify(src/camera_interface) by extensions ['ros']
[0.692s] Level 1:colcon.colcon_core.package_identification:_identify(src/camera_interface) by extension 'ros'
[0.695s] DEBUG:colcon.colcon_core.package_identification:Package 'src/camera_interface' with type 'ros.ament_python' and name 'camera_interface'
[0.696s] Level 1:colcon.colcon_core.package_identification:_identify(src/control) by extensions ['ignore', 'ignore_ament_install']
[0.696s] Level 1:colcon.colcon_core.package_identification:_identify(src/control) by extension 'ignore'
[0.696s] Level 1:colcon.colcon_core.package_identification:_identify(src/control) by extension 'ignore_ament_install'
[0.696s] Level 1:colcon.colcon_core.package_identification:_identify(src/control) by extensions ['colcon_pkg']
[0.696s] Level 1:colcon.colcon_core.package_identification:_identify(src/control) by extension 'colcon_pkg'
[0.696s] Level 1:colcon.colcon_core.package_identification:_identify(src/control) by extensions ['colcon_meta']
[0.696s] Level 1:colcon.colcon_core.package_identification:_identify(src/control) by extension 'colcon_meta'
[0.696s] Level 1:colcon.colcon_core.package_identification:_identify(src/control) by extensions ['ros']
[0.696s] Level 1:colcon.colcon_core.package_identification:_identify(src/control) by extension 'ros'
[0.697s] DEBUG:colcon.colcon_core.package_identification:Package 'src/control' with type 'ros.ament_python' and name 'control'
[0.697s] Level 1:colcon.colcon_core.package_identification:_identify(src/cr3_interface) by extensions ['ignore', 'ignore_ament_install']
[0.697s] Level 1:colcon.colcon_core.package_identification:_identify(src/cr3_interface) by extension 'ignore'
[0.697s] Level 1:colcon.colcon_core.package_identification:_identify(src/cr3_interface) by extension 'ignore_ament_install'
[0.697s] Level 1:colcon.colcon_core.package_identification:_identify(src/cr3_interface) by extensions ['colcon_pkg']
[0.697s] Level 1:colcon.colcon_core.package_identification:_identify(src/cr3_interface) by extension 'colcon_pkg'
[0.697s] Level 1:colcon.colcon_core.package_identification:_identify(src/cr3_interface) by extensions ['colcon_meta']
[0.697s] Level 1:colcon.colcon_core.package_identification:_identify(src/cr3_interface) by extension 'colcon_meta'
[0.697s] Level 1:colcon.colcon_core.package_identification:_identify(src/cr3_interface) by extensions ['ros']
[0.697s] Level 1:colcon.colcon_core.package_identification:_identify(src/cr3_interface) by extension 'ros'
[0.698s] DEBUG:colcon.colcon_core.package_identification:Package 'src/cr3_interface' with type 'ros.ament_python' and name 'cr3_interface'
[0.698s] Level 1:colcon.colcon_core.package_identification:_identify(src/diagnostics) by extensions ['ignore', 'ignore_ament_install']
[0.698s] Level 1:colcon.colcon_core.package_identification:_identify(src/diagnostics) by extension 'ignore'
[0.698s] Level 1:colcon.colcon_core.package_identification:_identify(src/diagnostics) by extension 'ignore_ament_install'
[0.698s] Level 1:colcon.colcon_core.package_identification:_identify(src/diagnostics) by extensions ['colcon_pkg']
[0.698s] Level 1:colcon.colcon_core.package_identification:_identify(src/diagnostics) by extension 'colcon_pkg'
[0.698s] Level 1:colcon.colcon_core.package_identification:_identify(src/diagnostics) by extensions ['colcon_meta']
[0.698s] Level 1:colcon.colcon_core.package_identification:_identify(src/diagnostics) by extension 'colcon_meta'
[0.698s] Level 1:colcon.colcon_core.package_identification:_identify(src/diagnostics) by extensions ['ros']
[0.698s] Level 1:colcon.colcon_core.package_identification:_identify(src/diagnostics) by extension 'ros'
[0.700s] DEBUG:colcon.colcon_core.package_identification:Package 'src/diagnostics' with type 'ros.ament_python' and name 'diagnostics'
[0.700s] Level 1:colcon.colcon_core.package_identification:_identify(src/integration_tests) by extensions ['ignore', 'ignore_ament_install']
[0.700s] Level 1:colcon.colcon_core.package_identification:_identify(src/integration_tests) by extension 'ignore'
[0.700s] Level 1:colcon.colcon_core.package_identification:_identify(src/integration_tests) by extension 'ignore_ament_install'
[0.701s] Level 1:colcon.colcon_core.package_identification:_identify(src/integration_tests) by extensions ['colcon_pkg']
[0.701s] Level 1:colcon.colcon_core.package_identification:_identify(src/integration_tests) by extension 'colcon_pkg'
[0.701s] Level 1:colcon.colcon_core.package_identification:_identify(src/integration_tests) by extensions ['colcon_meta']
[0.701s] Level 1:colcon.colcon_core.package_identification:_identify(src/integration_tests) by extension 'colcon_meta'
[0.701s] Level 1:colcon.colcon_core.package_identification:_identify(src/integration_tests) by extensions ['ros']
[0.701s] Level 1:colcon.colcon_core.package_identification:_identify(src/integration_tests) by extension 'ros'
[0.701s] DEBUG:colcon.colcon_core.package_identification:Package 'src/integration_tests' with type 'ros.ament_python' and name 'integration_tests'
[0.701s] Level 1:colcon.colcon_core.package_identification:_identify(src/launch) by extensions ['ignore', 'ignore_ament_install']
[0.702s] Level 1:colcon.colcon_core.package_identification:_identify(src/launch) by extension 'ignore'
[0.702s] Level 1:colcon.colcon_core.package_identification:_identify(src/launch) by extension 'ignore_ament_install'
[0.702s] Level 1:colcon.colcon_core.package_identification:_identify(src/launch) by extensions ['colcon_pkg']
[0.702s] Level 1:colcon.colcon_core.package_identification:_identify(src/launch) by extension 'colcon_pkg'
[0.702s] Level 1:colcon.colcon_core.package_identification:_identify(src/launch) by extensions ['colcon_meta']
[0.702s] Level 1:colcon.colcon_core.package_identification:_identify(src/launch) by extension 'colcon_meta'
[0.702s] Level 1:colcon.colcon_core.package_identification:_identify(src/launch) by extensions ['ros']
[0.702s] Level 1:colcon.colcon_core.package_identification:_identify(src/launch) by extension 'ros'
[0.702s] Level 1:colcon.colcon_core.package_identification:_identify(src/launch) by extensions ['cmake', 'python']
[0.702s] Level 1:colcon.colcon_core.package_identification:_identify(src/launch) by extension 'cmake'
[0.702s] Level 1:colcon.colcon_core.package_identification:_identify(src/launch) by extension 'python'
[0.702s] Level 1:colcon.colcon_core.package_identification:_identify(src/launch) by extensions ['python_setup_py']
[0.702s] Level 1:colcon.colcon_core.package_identification:_identify(src/launch) by extension 'python_setup_py'
[0.702s] Level 1:colcon.colcon_core.package_identification:_identify(src/perception) by extensions ['ignore', 'ignore_ament_install']
[0.702s] Level 1:colcon.colcon_core.package_identification:_identify(src/perception) by extension 'ignore'
[0.702s] Level 1:colcon.colcon_core.package_identification:_identify(src/perception) by extension 'ignore_ament_install'
[0.702s] Level 1:colcon.colcon_core.package_identification:_identify(src/perception) by extensions ['colcon_pkg']
[0.702s] Level 1:colcon.colcon_core.package_identification:_identify(src/perception) by extension 'colcon_pkg'
[0.702s] Level 1:colcon.colcon_core.package_identification:_identify(src/perception) by extensions ['colcon_meta']
[0.702s] Level 1:colcon.colcon_core.package_identification:_identify(src/perception) by extension 'colcon_meta'
[0.702s] Level 1:colcon.colcon_core.package_identification:_identify(src/perception) by extensions ['ros']
[0.702s] Level 1:colcon.colcon_core.package_identification:_identify(src/perception) by extension 'ros'
[0.703s] DEBUG:colcon.colcon_core.package_identification:Package 'src/perception' with type 'ros.ament_python' and name 'perception'
[0.703s] Level 1:colcon.colcon_core.package_identification:_identify(src/sim_interface) by extensions ['ignore', 'ignore_ament_install']
[0.704s] Level 1:colcon.colcon_core.package_identification:_identify(src/sim_interface) by extension 'ignore'
[0.704s] Level 1:colcon.colcon_core.package_identification:_identify(src/sim_interface) by extension 'ignore_ament_install'
[0.704s] Level 1:colcon.colcon_core.package_identification:_identify(src/sim_interface) by extensions ['colcon_pkg']
[0.704s] Level 1:colcon.colcon_core.package_identification:_identify(src/sim_interface) by extension 'colcon_pkg'
[0.704s] Level 1:colcon.colcon_core.package_identification:_identify(src/sim_interface) by extensions ['colcon_meta']
[0.704s] Level 1:colcon.colcon_core.package_identification:_identify(src/sim_interface) by extension 'colcon_meta'
[0.704s] Level 1:colcon.colcon_core.package_identification:_identify(src/sim_interface) by extensions ['ros']
[0.704s] Level 1:colcon.colcon_core.package_identification:_identify(src/sim_interface) by extension 'ros'
[0.705s] DEBUG:colcon.colcon_core.package_identification:Package 'src/sim_interface' with type 'ros.ament_python' and name 'sim_interface'
[0.705s] Level 1:colcon.colcon_core.package_identification:_identify(src/ui) by extensions ['ignore', 'ignore_ament_install']
[0.705s] Level 1:colcon.colcon_core.package_identification:_identify(src/ui) by extension 'ignore'
[0.705s] Level 1:colcon.colcon_core.package_identification:_identify(src/ui) by extension 'ignore_ament_install'
[0.705s] Level 1:colcon.colcon_core.package_identification:_identify(src/ui) by extensions ['colcon_pkg']
[0.705s] Level 1:colcon.colcon_core.package_identification:_identify(src/ui) by extension 'colcon_pkg'
[0.705s] Level 1:colcon.colcon_core.package_identification:_identify(src/ui) by extensions ['colcon_meta']
[0.705s] Level 1:colcon.colcon_core.package_identification:_identify(src/ui) by extension 'colcon_meta'
[0.705s] Level 1:colcon.colcon_core.package_identification:_identify(src/ui) by extensions ['ros']
[0.705s] Level 1:colcon.colcon_core.package_identification:_identify(src/ui) by extension 'ros'
[0.706s] DEBUG:colcon.colcon_core.package_identification:Package 'src/ui' with type 'ros.ament_python' and name 'ui'
[0.706s] Level 1:colcon.colcon_core.package_discovery:discover_packages(recursive) using defaults
[0.706s] Level 1:colcon.colcon_core.package_discovery:discover_packages(ignore) discover
[0.706s] Level 1:colcon.colcon_core.package_discovery:discover_packages(ignore) using defaults
[0.706s] Level 1:colcon.colcon_core.package_discovery:discover_packages(path) discover
[0.706s] Level 1:colcon.colcon_core.package_discovery:discover_packages(path) using defaults
[0.731s] INFO:colcon.colcon_core.package_selection:Skipping not selected package 'camera_interface' in 'src/camera_interface'
[0.739s] INFO:colcon.colcon_core.package_selection:Skipping not selected package 'control' in 'src/control'
[0.740s] INFO:colcon.colcon_core.package_selection:Skipping not selected package 'cr3_interface' in 'src/cr3_interface'
[0.740s] INFO:colcon.colcon_core.package_selection:Skipping not selected package 'diagnostics' in 'src/diagnostics'
[0.740s] INFO:colcon.colcon_core.package_selection:Skipping not selected package 'integration_tests' in 'src/integration_tests'
[0.740s] INFO:colcon.colcon_core.package_selection:Skipping not selected package 'perception' in 'src/perception'
[0.740s] INFO:colcon.colcon_core.package_selection:Skipping not selected package 'sim_interface' in 'src/sim_interface'
[0.741s] Level 1:colcon.colcon_core.package_discovery:discover_packages(prefix_path) check parameters
[0.741s] Level 1:colcon.colcon_core.package_discovery:discover_packages(prefix_path) discover
[0.746s] DEBUG:colcon.colcon_installed_package_information.package_discovery:Found 8 installed packages in /home/andrewlh/VSCode/ros2_ws/install
[0.747s] DEBUG:colcon.colcon_installed_package_information.package_discovery:Found 318 installed packages in /opt/ros/jazzy
[0.749s] Level 1:colcon.colcon_core.package_discovery:discover_packages(prefix_path) using defaults
[0.804s] Level 5:colcon.colcon_core.verb:set package 'ui' build argument 'cmake_args' from command line to 'None'
[0.804s] Level 5:colcon.colcon_core.verb:set package 'ui' build argument 'cmake_target' from command line to 'None'
[0.804s] Level 5:colcon.colcon_core.verb:set package 'ui' build argument 'cmake_target_skip_unavailable' from command line to 'False'
[0.804s] Level 5:colcon.colcon_core.verb:set package 'ui' build argument 'cmake_clean_cache' from command line to 'False'
[0.804s] Level 5:colcon.colcon_core.verb:set package 'ui' build argument 'cmake_clean_first' from command line to 'False'
[0.804s] Level 5:colcon.colcon_core.verb:set package 'ui' build argument 'cmake_force_configure' from command line to 'False'
[0.804s] Level 5:colcon.colcon_core.verb:set package 'ui' build argument 'ament_cmake_args' from command line to 'None'
[0.804s] Level 5:colcon.colcon_core.verb:set package 'ui' build argument 'catkin_cmake_args' from command line to 'None'
[0.804s] Level 5:colcon.colcon_core.verb:set package 'ui' build argument 'catkin_skip_building_tests' from command line to 'False'
[0.804s] DEBUG:colcon.colcon_core.verb:Building package 'ui' with the following arguments: {'ament_cmake_args': None, 'build_base': '/home/andrewlh/VSCode/ros2_ws/build/ui', 'catkin_cmake_args': None, 'catkin_skip_building_tests': False, 'cmake_args': None, 'cmake_clean_cache': False, 'cmake_clean_first': False, 'cmake_force_configure': False, 'cmake_target': None, 'cmake_target_skip_unavailable': False, 'install_base': '/home/andrewlh/VSCode/ros2_ws/install/ui', 'merge_install': False, 'path': '/home/andrewlh/VSCode/ros2_ws/src/ui', 'symlink_install': False, 'test_result_base': None}
[0.804s] INFO:colcon.colcon_core.executor:Executing jobs using 'parallel' executor
[0.806s] DEBUG:colcon.colcon_parallel_executor.executor.parallel:run_until_complete
[0.807s] INFO:colcon.colcon_ros.task.ament_python.build:Building ROS package in '/home/andrewlh/VSCode/ros2_ws/src/ui' with build type 'ament_python'
[0.807s] Level 1:colcon.colcon_core.shell:create_environment_hook('ui', 'ament_prefix_path')
[0.814s] INFO:colcon.colcon_core.plugin_system:Skipping extension 'colcon_core.shell.bat': Not used on non-Windows systems
[0.815s] INFO:colcon.colcon_core.shell:Creating environment hook '/home/andrewlh/VSCode/ros2_ws/install/ui/share/ui/hook/ament_prefix_path.ps1'
[0.816s] INFO:colcon.colcon_core.shell:Creating environment descriptor '/home/andrewlh/VSCode/ros2_ws/install/ui/share/ui/hook/ament_prefix_path.dsv'
[0.816s] INFO:colcon.colcon_core.shell:Creating environment hook '/home/andrewlh/VSCode/ros2_ws/install/ui/share/ui/hook/ament_prefix_path.sh'
[0.817s] INFO:colcon.colcon_core.shell:Skip shell extension 'powershell' for command environment: Not usable outside of PowerShell
[0.817s] DEBUG:colcon.colcon_core.shell:Skip shell extension 'dsv' for command environment
[1.273s] INFO:colcon.colcon_core.task.python.build:Building Python package in '/home/andrewlh/VSCode/ros2_ws/src/ui'
[1.273s] INFO:colcon.colcon_core.shell:Skip shell extension 'powershell' for command environment: Not usable outside of PowerShell
[1.273s] DEBUG:colcon.colcon_core.shell:Skip shell extension 'dsv' for command environment
[2.236s] DEBUG:colcon.colcon_core.event_handler.log_command:Invoking command in '/home/andrewlh/VSCode/ros2_ws/src/ui': CONDA_PROMPT_MODIFIER=(base) DEBUGINFOD_URLS=https://debuginfod.ubuntu.com PYTHONPATH=/home/andrewlh/VSCode/ros2_ws/build/ui/prefix_override:/usr/lib/python3/dist-packages/colcon_core/task/python/colcon_distutils_commands:/home/andrewlh/VSCode/ros2_ws/install/ui/lib/python3.12/site-packages:${PYTHONPATH} /usr/bin/python3 -W ignore:setup.py install is deprecated -W ignore:easy_install command is deprecated setup.py egg_info --egg-base ../../build/ui build --build-base /home/andrewlh/VSCode/ros2_ws/build/ui/build install --record /home/andrewlh/VSCode/ros2_ws/build/ui/install.log --single-version-externally-managed install_data
[3.131s] DEBUG:colcon.colcon_core.event_handler.log_command:Invoked command in '/home/andrewlh/VSCode/ros2_ws/src/ui' returned '0': CONDA_PROMPT_MODIFIER=(base) DEBUGINFOD_URLS=https://debuginfod.ubuntu.com PYTHONPATH=/home/andrewlh/VSCode/ros2_ws/build/ui/prefix_override:/usr/lib/python3/dist-packages/colcon_core/task/python/colcon_distutils_commands:/home/andrewlh/VSCode/ros2_ws/install/ui/lib/python3.12/site-packages:${PYTHONPATH} /usr/bin/python3 -W ignore:setup.py install is deprecated -W ignore:easy_install command is deprecated setup.py egg_info --egg-base ../../build/ui build --build-base /home/andrewlh/VSCode/ros2_ws/build/ui/build install --record /home/andrewlh/VSCode/ros2_ws/build/ui/install.log --single-version-externally-managed install_data
[3.137s] Level 1:colcon.colcon_core.environment:checking '/home/andrewlh/VSCode/ros2_ws/install/ui' for CMake module files
[3.137s] Level 1:colcon.colcon_core.environment:checking '/home/andrewlh/VSCode/ros2_ws/install/ui' for CMake config files
[3.138s] Level 1:colcon.colcon_core.environment:checking '/home/andrewlh/VSCode/ros2_ws/install/ui/lib'
[3.138s] Level 1:colcon.colcon_core.environment:checking '/home/andrewlh/VSCode/ros2_ws/install/ui/bin'
[3.138s] Level 1:colcon.colcon_core.environment:checking '/home/andrewlh/VSCode/ros2_ws/install/ui/lib/pkgconfig/ui.pc'
[3.139s] Level 1:colcon.colcon_core.environment:checking '/home/andrewlh/VSCode/ros2_ws/install/ui/lib/python3.12/site-packages'
[3.139s] Level 1:colcon.colcon_core.shell:create_environment_hook('ui', 'pythonpath')
[3.140s] INFO:colcon.colcon_core.shell:Creating environment hook '/home/andrewlh/VSCode/ros2_ws/install/ui/share/ui/hook/pythonpath.ps1'
[3.140s] INFO:colcon.colcon_core.shell:Creating environment descriptor '/home/andrewlh/VSCode/ros2_ws/install/ui/share/ui/hook/pythonpath.dsv'
[3.141s] INFO:colcon.colcon_core.shell:Creating environment hook '/home/andrewlh/VSCode/ros2_ws/install/ui/share/ui/hook/pythonpath.sh'
[3.142s] Level 1:colcon.colcon_core.environment:checking '/home/andrewlh/VSCode/ros2_ws/install/ui/bin'
[3.142s] Level 1:colcon.colcon_core.environment:create_environment_scripts_only(ui)
[3.142s] INFO:colcon.colcon_core.shell:Creating package script '/home/andrewlh/VSCode/ros2_ws/install/ui/share/ui/package.ps1'
[3.143s] INFO:colcon.colcon_core.shell:Creating package descriptor '/home/andrewlh/VSCode/ros2_ws/install/ui/share/ui/package.dsv'
[3.143s] INFO:colcon.colcon_core.shell:Creating package script '/home/andrewlh/VSCode/ros2_ws/install/ui/share/ui/package.sh'
[3.145s] INFO:colcon.colcon_core.shell:Creating package script '/home/andrewlh/VSCode/ros2_ws/install/ui/share/ui/package.bash'
[3.145s] INFO:colcon.colcon_core.shell:Creating package script '/home/andrewlh/VSCode/ros2_ws/install/ui/share/ui/package.zsh'
[3.146s] Level 1:colcon.colcon_core.environment:create_file_with_runtime_dependencies(/home/andrewlh/VSCode/ros2_ws/install/ui/share/colcon-core/packages/ui)
[3.147s] DEBUG:colcon.colcon_parallel_executor.executor.parallel:closing loop
[3.148s] DEBUG:colcon.colcon_parallel_executor.executor.parallel:loop closed
[3.148s] DEBUG:colcon.colcon_parallel_executor.executor.parallel:run_until_complete finished with '0'
[3.149s] DEBUG:colcon.colcon_core.event_reactor:joining thread
[3.159s] INFO:colcon.colcon_core.plugin_system:Skipping extension 'colcon_notification.desktop_notification.terminal_notifier': Not used on non-Darwin systems
[3.159s] INFO:colcon.colcon_core.plugin_system:Skipping extension 'colcon_notification.desktop_notification.win32': Not used on non-Windows systems
[3.159s] INFO:colcon.colcon_notification.desktop_notification:Sending desktop notification using 'notify2'
[3.183s] DEBUG:colcon.colcon_core.event_reactor:joined thread
[3.183s] INFO:colcon.colcon_core.shell:Creating prefix script '/home/andrewlh/VSCode/ros2_ws/install/local_setup.ps1'
[3.186s] INFO:colcon.colcon_core.shell:Creating prefix util module '/home/andrewlh/VSCode/ros2_ws/install/_local_setup_util_ps1.py'
[3.191s] INFO:colcon.colcon_core.shell:Creating prefix chain script '/home/andrewlh/VSCode/ros2_ws/install/setup.ps1'
[3.197s] INFO:colcon.colcon_core.shell:Creating prefix script '/home/andrewlh/VSCode/ros2_ws/install/local_setup.sh'
[3.198s] INFO:colcon.colcon_core.shell:Creating prefix util module '/home/andrewlh/VSCode/ros2_ws/install/_local_setup_util_sh.py'
[3.200s] INFO:colcon.colcon_core.shell:Creating prefix chain script '/home/andrewlh/VSCode/ros2_ws/install/setup.sh'
[3.202s] INFO:colcon.colcon_core.shell:Creating prefix script '/home/andrewlh/VSCode/ros2_ws/install/local_setup.bash'
[3.203s] INFO:colcon.colcon_core.shell:Creating prefix chain script '/home/andrewlh/VSCode/ros2_ws/install/setup.bash'
[3.207s] INFO:colcon.colcon_core.shell:Creating prefix script '/home/andrewlh/VSCode/ros2_ws/install/local_setup.zsh'
[3.208s] INFO:colcon.colcon_core.shell:Creating prefix chain script '/home/andrewlh/VSCode/ros2_ws/install/setup.zsh'
