running egg_info
creating ../../build/control/control.egg-info
writing ../../build/control/control.egg-info/PKG-INFO
writing dependency_links to ../../build/control/control.egg-info/dependency_links.txt
writing entry points to ../../build/control/control.egg-info/entry_points.txt
writing requirements to ../../build/control/control.egg-info/requires.txt
writing top-level names to ../../build/control/control.egg-info/top_level.txt
writing manifest file '../../build/control/control.egg-info/SOURCES.txt'
reading manifest file '../../build/control/control.egg-info/SOURCES.txt'
writing manifest file '../../build/control/control.egg-info/SOURCES.txt'
running build
running build_py
creating /home/andrewlh/VSCode/ros2_ws/build/control/build
creating /home/andrewlh/VSCode/ros2_ws/build/control/build/lib
creating /home/andrewlh/VSCode/ros2_ws/build/control/build/lib/control
copying control/__init__.py -> /home/andrewlh/VSCode/ros2_ws/build/control/build/lib/control
copying control/teleop_node.py -> /home/andrewlh/VSCode/ros2_ws/build/control/build/lib/control
copying control/pose_to_command_node.py -> /home/andrewlh/VSCode/ros2_ws/build/control/build/lib/control
copying control/motion_planner_node.py -> /home/andrewlh/VSCode/ros2_ws/build/control/build/lib/control
copying control/trajectory_executor_node.py -> /home/andrewlh/VSCode/ros2_ws/build/control/build/lib/control
running install
running install_lib
creating /home/andrewlh/VSCode/ros2_ws/install/control/lib/python3.12/site-packages/control
copying /home/andrewlh/VSCode/ros2_ws/build/control/build/lib/control/__init__.py -> /home/andrewlh/VSCode/ros2_ws/install/control/lib/python3.12/site-packages/control
copying /home/andrewlh/VSCode/ros2_ws/build/control/build/lib/control/teleop_node.py -> /home/andrewlh/VSCode/ros2_ws/install/control/lib/python3.12/site-packages/control
copying /home/andrewlh/VSCode/ros2_ws/build/control/build/lib/control/pose_to_command_node.py -> /home/andrewlh/VSCode/ros2_ws/install/control/lib/python3.12/site-packages/control
copying /home/andrewlh/VSCode/ros2_ws/build/control/build/lib/control/motion_planner_node.py -> /home/andrewlh/VSCode/ros2_ws/install/control/lib/python3.12/site-packages/control
copying /home/andrewlh/VSCode/ros2_ws/build/control/build/lib/control/trajectory_executor_node.py -> /home/andrewlh/VSCode/ros2_ws/install/control/lib/python3.12/site-packages/control
byte-compiling /home/andrewlh/VSCode/ros2_ws/install/control/lib/python3.12/site-packages/control/__init__.py to __init__.cpython-312.pyc
byte-compiling /home/andrewlh/VSCode/ros2_ws/install/control/lib/python3.12/site-packages/control/teleop_node.py to teleop_node.cpython-312.pyc
byte-compiling /home/andrewlh/VSCode/ros2_ws/install/control/lib/python3.12/site-packages/control/pose_to_command_node.py to pose_to_command_node.cpython-312.pyc
byte-compiling /home/andrewlh/VSCode/ros2_ws/install/control/lib/python3.12/site-packages/control/motion_planner_node.py to motion_planner_node.cpython-312.pyc
byte-compiling /home/andrewlh/VSCode/ros2_ws/install/control/lib/python3.12/site-packages/control/trajectory_executor_node.py to trajectory_executor_node.cpython-312.pyc
running install_data
creating /home/andrewlh/VSCode/ros2_ws/install/control/share/ament_index
creating /home/andrewlh/VSCode/ros2_ws/install/control/share/ament_index/resource_index
creating /home/andrewlh/VSCode/ros2_ws/install/control/share/ament_index/resource_index/packages
copying resource/control -> /home/andrewlh/VSCode/ros2_ws/install/control/share/ament_index/resource_index/packages
copying package.xml -> /home/andrewlh/VSCode/ros2_ws/install/control/share/control
running install_egg_info
Copying ../../build/control/control.egg-info to /home/andrewlh/VSCode/ros2_ws/install/control/lib/python3.12/site-packages/control-0.1.0-py3.12.egg-info
running install_scripts
Installing motion_planner_node script to /home/andrewlh/VSCode/ros2_ws/install/control/lib/control
Installing pose_to_command_node script to /home/andrewlh/VSCode/ros2_ws/install/control/lib/control
Installing teleop_node script to /home/andrewlh/VSCode/ros2_ws/install/control/lib/control
Installing trajectory_executor_node script to /home/andrewlh/VSCode/ros2_ws/install/control/lib/control
writing list of installed files to '/home/andrewlh/VSCode/ros2_ws/build/control/install.log'
