[4.016s] Invoking command in '/home/andrewlh/VSCode/ros2_ws/src/control': CONDA_PROMPT_MODIFIER=(base) DEBUGINFOD_URLS=https://debuginfod.ubuntu.com PYTHONPATH=/home/andrewlh/VSCode/ros2_ws/build/control/prefix_override:/usr/lib/python3/dist-packages/colcon_core/task/python/colcon_distutils_commands:/home/andrewlh/VSCode/ros2_ws/install/control/lib/python3.12/site-packages:${PYTHONPATH} /usr/bin/python3 -W ignore:setup.py install is deprecated -W ignore:easy_install command is deprecated setup.py egg_info --egg-base ../../build/control build --build-base /home/andrewlh/VSCode/ros2_ws/build/control/build install --record /home/andrewlh/VSCode/ros2_ws/build/control/install.log --single-version-externally-managed install_data
[4.701s] running egg_info
[4.701s] creating ../../build/control/control.egg-info
[4.758s] writing ../../build/control/control.egg-info/PKG-INFO
[4.759s] writing dependency_links to ../../build/control/control.egg-info/dependency_links.txt
[4.760s] writing entry points to ../../build/control/control.egg-info/entry_points.txt
[4.760s] writing requirements to ../../build/control/control.egg-info/requires.txt
[4.760s] writing top-level names to ../../build/control/control.egg-info/top_level.txt
[4.760s] writing manifest file '../../build/control/control.egg-info/SOURCES.txt'
[4.861s] reading manifest file '../../build/control/control.egg-info/SOURCES.txt'
[4.862s] writing manifest file '../../build/control/control.egg-info/SOURCES.txt'
[4.862s] running build
[4.862s] running build_py
[4.863s] creating /home/andrewlh/VSCode/ros2_ws/build/control/build
[4.864s] creating /home/andrewlh/VSCode/ros2_ws/build/control/build/lib
[4.864s] creating /home/andrewlh/VSCode/ros2_ws/build/control/build/lib/control
[4.867s] copying control/__init__.py -> /home/andrewlh/VSCode/ros2_ws/build/control/build/lib/control
[4.867s] copying control/teleop_node.py -> /home/andrewlh/VSCode/ros2_ws/build/control/build/lib/control
[4.867s] copying control/pose_to_command_node.py -> /home/andrewlh/VSCode/ros2_ws/build/control/build/lib/control
[4.868s] copying control/motion_planner_node.py -> /home/andrewlh/VSCode/ros2_ws/build/control/build/lib/control
[4.875s] copying control/trajectory_executor_node.py -> /home/andrewlh/VSCode/ros2_ws/build/control/build/lib/control
[4.875s] running install
[4.891s] running install_lib
[4.942s] creating /home/andrewlh/VSCode/ros2_ws/install/control/lib/python3.12/site-packages/control
[4.942s] copying /home/andrewlh/VSCode/ros2_ws/build/control/build/lib/control/__init__.py -> /home/andrewlh/VSCode/ros2_ws/install/control/lib/python3.12/site-packages/control
[4.942s] copying /home/andrewlh/VSCode/ros2_ws/build/control/build/lib/control/teleop_node.py -> /home/andrewlh/VSCode/ros2_ws/install/control/lib/python3.12/site-packages/control
[4.942s] copying /home/andrewlh/VSCode/ros2_ws/build/control/build/lib/control/pose_to_command_node.py -> /home/andrewlh/VSCode/ros2_ws/install/control/lib/python3.12/site-packages/control
[4.942s] copying /home/andrewlh/VSCode/ros2_ws/build/control/build/lib/control/motion_planner_node.py -> /home/andrewlh/VSCode/ros2_ws/install/control/lib/python3.12/site-packages/control
[4.943s] copying /home/andrewlh/VSCode/ros2_ws/build/control/build/lib/control/trajectory_executor_node.py -> /home/andrewlh/VSCode/ros2_ws/install/control/lib/python3.12/site-packages/control
[4.943s] byte-compiling /home/andrewlh/VSCode/ros2_ws/install/control/lib/python3.12/site-packages/control/__init__.py to __init__.cpython-312.pyc
[4.944s] byte-compiling /home/andrewlh/VSCode/ros2_ws/install/control/lib/python3.12/site-packages/control/teleop_node.py to teleop_node.cpython-312.pyc
[4.945s] byte-compiling /home/andrewlh/VSCode/ros2_ws/install/control/lib/python3.12/site-packages/control/pose_to_command_node.py to pose_to_command_node.cpython-312.pyc
[4.946s] byte-compiling /home/andrewlh/VSCode/ros2_ws/install/control/lib/python3.12/site-packages/control/motion_planner_node.py to motion_planner_node.cpython-312.pyc
[4.951s] byte-compiling /home/andrewlh/VSCode/ros2_ws/install/control/lib/python3.12/site-packages/control/trajectory_executor_node.py to trajectory_executor_node.cpython-312.pyc
[4.951s] running install_data
[4.951s] creating /home/andrewlh/VSCode/ros2_ws/install/control/share/ament_index
[4.951s] creating /home/andrewlh/VSCode/ros2_ws/install/control/share/ament_index/resource_index
[4.952s] creating /home/andrewlh/VSCode/ros2_ws/install/control/share/ament_index/resource_index/packages
[4.952s] copying resource/control -> /home/andrewlh/VSCode/ros2_ws/install/control/share/ament_index/resource_index/packages
[4.952s] copying package.xml -> /home/andrewlh/VSCode/ros2_ws/install/control/share/control
[4.952s] running install_egg_info
[5.007s] Copying ../../build/control/control.egg-info to /home/andrewlh/VSCode/ros2_ws/install/control/lib/python3.12/site-packages/control-0.1.0-py3.12.egg-info
[5.010s] running install_scripts
[5.487s] Installing motion_planner_node script to /home/andrewlh/VSCode/ros2_ws/install/control/lib/control
[5.487s] Installing pose_to_command_node script to /home/andrewlh/VSCode/ros2_ws/install/control/lib/control
[5.487s] Installing teleop_node script to /home/andrewlh/VSCode/ros2_ws/install/control/lib/control
[5.487s] Installing trajectory_executor_node script to /home/andrewlh/VSCode/ros2_ws/install/control/lib/control
[5.488s] writing list of installed files to '/home/andrewlh/VSCode/ros2_ws/build/control/install.log'
[5.581s] Invoked command in '/home/andrewlh/VSCode/ros2_ws/src/control' returned '0': CONDA_PROMPT_MODIFIER=(base) DEBUGINFOD_URLS=https://debuginfod.ubuntu.com PYTHONPATH=/home/andrewlh/VSCode/ros2_ws/build/control/prefix_override:/usr/lib/python3/dist-packages/colcon_core/task/python/colcon_distutils_commands:/home/andrewlh/VSCode/ros2_ws/install/control/lib/python3.12/site-packages:${PYTHONPATH} /usr/bin/python3 -W ignore:setup.py install is deprecated -W ignore:easy_install command is deprecated setup.py egg_info --egg-base ../../build/control build --build-base /home/andrewlh/VSCode/ros2_ws/build/control/build install --record /home/andrewlh/VSCode/ros2_ws/build/control/install.log --single-version-externally-managed install_data
