[3.952s] Invoking command in '/home/andrewlh/VSCode/ros2_ws/src/sim_interface': CONDA_PROMPT_MODIFIER=(base) DEBUGINFOD_URLS=https://debuginfod.ubuntu.com PYTHONPATH=/home/andrewlh/VSCode/ros2_ws/build/sim_interface/prefix_override:/usr/lib/python3/dist-packages/colcon_core/task/python/colcon_distutils_commands:/home/andrewlh/VSCode/ros2_ws/install/sim_interface/lib/python3.12/site-packages:${PYTHONPATH} /usr/bin/python3 -W ignore:setup.py install is deprecated -W ignore:easy_install command is deprecated setup.py egg_info --egg-base ../../build/sim_interface build --build-base /home/andrewlh/VSCode/ros2_ws/build/sim_interface/build install --record /home/andrewlh/VSCode/ros2_ws/build/sim_interface/install.log --single-version-externally-managed install_data
[4.595s] running egg_info
[4.595s] creating ../../build/sim_interface/sim_interface.egg-info
[4.656s] writing ../../build/sim_interface/sim_interface.egg-info/PKG-INFO
[4.657s] writing dependency_links to ../../build/sim_interface/sim_interface.egg-info/dependency_links.txt
[4.657s] writing entry points to ../../build/sim_interface/sim_interface.egg-info/entry_points.txt
[4.662s] writing requirements to ../../build/sim_interface/sim_interface.egg-info/requires.txt
[4.663s] writing top-level names to ../../build/sim_interface/sim_interface.egg-info/top_level.txt
[4.663s] writing manifest file '../../build/sim_interface/sim_interface.egg-info/SOURCES.txt'
[4.754s] reading manifest file '../../build/sim_interface/sim_interface.egg-info/SOURCES.txt'
[4.759s] writing manifest file '../../build/sim_interface/sim_interface.egg-info/SOURCES.txt'
[4.759s] running build
[4.759s] running build_py
[4.759s] creating /home/andrewlh/VSCode/ros2_ws/build/sim_interface/build
[4.760s] creating /home/andrewlh/VSCode/ros2_ws/build/sim_interface/build/lib
[4.761s] creating /home/andrewlh/VSCode/ros2_ws/build/sim_interface/build/lib/sim_interface
[4.762s] copying sim_interface/__init__.py -> /home/andrewlh/VSCode/ros2_ws/build/sim_interface/build/lib/sim_interface
[4.762s] copying sim_interface/sim_world_interface_node.py -> /home/andrewlh/VSCode/ros2_ws/build/sim_interface/build/lib/sim_interface
[4.763s] copying sim_interface/simulator_node.py -> /home/andrewlh/VSCode/ros2_ws/build/sim_interface/build/lib/sim_interface
[4.766s] running install
[4.786s] running install_lib
[4.839s] creating /home/andrewlh/VSCode/ros2_ws/install/sim_interface/lib/python3.12/site-packages/sim_interface
[4.839s] copying /home/andrewlh/VSCode/ros2_ws/build/sim_interface/build/lib/sim_interface/__init__.py -> /home/andrewlh/VSCode/ros2_ws/install/sim_interface/lib/python3.12/site-packages/sim_interface
[4.839s] copying /home/andrewlh/VSCode/ros2_ws/build/sim_interface/build/lib/sim_interface/sim_world_interface_node.py -> /home/andrewlh/VSCode/ros2_ws/install/sim_interface/lib/python3.12/site-packages/sim_interface
[4.839s] copying /home/andrewlh/VSCode/ros2_ws/build/sim_interface/build/lib/sim_interface/simulator_node.py -> /home/andrewlh/VSCode/ros2_ws/install/sim_interface/lib/python3.12/site-packages/sim_interface
[4.839s] byte-compiling /home/andrewlh/VSCode/ros2_ws/install/sim_interface/lib/python3.12/site-packages/sim_interface/__init__.py to __init__.cpython-312.pyc
[4.840s] byte-compiling /home/andrewlh/VSCode/ros2_ws/install/sim_interface/lib/python3.12/site-packages/sim_interface/sim_world_interface_node.py to sim_world_interface_node.cpython-312.pyc
[4.843s] byte-compiling /home/andrewlh/VSCode/ros2_ws/install/sim_interface/lib/python3.12/site-packages/sim_interface/simulator_node.py to simulator_node.cpython-312.pyc
[4.844s] running install_data
[4.844s] creating /home/andrewlh/VSCode/ros2_ws/install/sim_interface/share/ament_index
[4.845s] creating /home/andrewlh/VSCode/ros2_ws/install/sim_interface/share/ament_index/resource_index
[4.846s] creating /home/andrewlh/VSCode/ros2_ws/install/sim_interface/share/ament_index/resource_index/packages
[4.846s] copying resource/sim_interface -> /home/andrewlh/VSCode/ros2_ws/install/sim_interface/share/ament_index/resource_index/packages
[4.846s] copying package.xml -> /home/andrewlh/VSCode/ros2_ws/install/sim_interface/share/sim_interface
[4.847s] running install_egg_info
[4.899s] Copying ../../build/sim_interface/sim_interface.egg-info to /home/andrewlh/VSCode/ros2_ws/install/sim_interface/lib/python3.12/site-packages/sim_interface-0.1.0-py3.12.egg-info
[4.906s] running install_scripts
[5.293s] Installing sim_world_interface_node script to /home/andrewlh/VSCode/ros2_ws/install/sim_interface/lib/sim_interface
[5.296s] Installing simulator_node script to /home/andrewlh/VSCode/ros2_ws/install/sim_interface/lib/sim_interface
[5.296s] writing list of installed files to '/home/andrewlh/VSCode/ros2_ws/build/sim_interface/install.log'
[5.389s] Invoked command in '/home/andrewlh/VSCode/ros2_ws/src/sim_interface' returned '0': CONDA_PROMPT_MODIFIER=(base) DEBUGINFOD_URLS=https://debuginfod.ubuntu.com PYTHONPATH=/home/andrewlh/VSCode/ros2_ws/build/sim_interface/prefix_override:/usr/lib/python3/dist-packages/colcon_core/task/python/colcon_distutils_commands:/home/andrewlh/VSCode/ros2_ws/install/sim_interface/lib/python3.12/site-packages:${PYTHONPATH} /usr/bin/python3 -W ignore:setup.py install is deprecated -W ignore:easy_install command is deprecated setup.py egg_info --egg-base ../../build/sim_interface build --build-base /home/andrewlh/VSCode/ros2_ws/build/sim_interface/build install --record /home/andrewlh/VSCode/ros2_ws/build/sim_interface/install.log --single-version-externally-managed install_data
