[4.944s] Invoking command in '/home/andrewlh/VSCode/ros2_ws/src/servo_control': CONDA_PROMPT_MODIFIER=(base) DEBUGINFOD_URLS=https://debuginfod.ubuntu.com PYTHONPATH=/home/andrewlh/VSCode/ros2_ws/build/servo_control/prefix_override:/usr/lib/python3/dist-packages/colcon_core/task/python/colcon_distutils_commands:/home/andrewlh/VSCode/ros2_ws/install/servo_control/lib/python3.12/site-packages:${PYTHONPATH} /usr/bin/python3 -W ignore:setup.py install is deprecated -W ignore:easy_install command is deprecated setup.py egg_info --egg-base ../../build/servo_control build --build-base /home/andrewlh/VSCode/ros2_ws/build/servo_control/build install --record /home/andrewlh/VSCode/ros2_ws/build/servo_control/install.log --single-version-externally-managed install_data
[5.737s] running egg_info
[5.785s] writing ../../build/servo_control/servo_control.egg-info/PKG-INFO
[5.786s] writing dependency_links to ../../build/servo_control/servo_control.egg-info/dependency_links.txt
[5.787s] writing entry points to ../../build/servo_control/servo_control.egg-info/entry_points.txt
[5.788s] writing requirements to ../../build/servo_control/servo_control.egg-info/requires.txt
[5.788s] writing top-level names to ../../build/servo_control/servo_control.egg-info/top_level.txt
[5.934s] reading manifest file '../../build/servo_control/servo_control.egg-info/SOURCES.txt'
[5.936s] writing manifest file '../../build/servo_control/servo_control.egg-info/SOURCES.txt'
[5.937s] running build
[5.937s] running build_py
[5.938s] running install
[5.963s] running install_lib
[6.030s] running install_data
[6.031s] running install_egg_info
[6.100s] removing '/home/andrewlh/VSCode/ros2_ws/install/servo_control/lib/python3.12/site-packages/servo_control-0.0.0-py3.12.egg-info' (and everything under it)
[6.101s] Copying ../../build/servo_control/servo_control.egg-info to /home/andrewlh/VSCode/ros2_ws/install/servo_control/lib/python3.12/site-packages/servo_control-0.0.0-py3.12.egg-info
[6.104s] running install_scripts
[6.516s] Installing direct_servo_tester_node script to /home/andrewlh/VSCode/ros2_ws/install/servo_control/lib/servo_control
[6.517s] Installing finger_servo_controller_node script to /home/andrewlh/VSCode/ros2_ws/install/servo_control/lib/servo_control
[6.517s] Installing manual_servo_control_node script to /home/andrewlh/VSCode/ros2_ws/install/servo_control/lib/servo_control
[6.518s] Installing servo_interface_node script to /home/andrewlh/VSCode/ros2_ws/install/servo_control/lib/servo_control
[6.519s] writing list of installed files to '/home/andrewlh/VSCode/ros2_ws/build/servo_control/install.log'
[6.600s] Invoked command in '/home/andrewlh/VSCode/ros2_ws/src/servo_control' returned '0': CONDA_PROMPT_MODIFIER=(base) DEBUGINFOD_URLS=https://debuginfod.ubuntu.com PYTHONPATH=/home/andrewlh/VSCode/ros2_ws/build/servo_control/prefix_override:/usr/lib/python3/dist-packages/colcon_core/task/python/colcon_distutils_commands:/home/andrewlh/VSCode/ros2_ws/install/servo_control/lib/python3.12/site-packages:${PYTHONPATH} /usr/bin/python3 -W ignore:setup.py install is deprecated -W ignore:easy_install command is deprecated setup.py egg_info --egg-base ../../build/servo_control build --build-base /home/andrewlh/VSCode/ros2_ws/build/servo_control/build install --record /home/andrewlh/VSCode/ros2_ws/build/servo_control/install.log --single-version-externally-managed install_data
