running egg_info
writing ../../build/servo_control/servo_control.egg-info/PKG-INFO
writing dependency_links to ../../build/servo_control/servo_control.egg-info/dependency_links.txt
writing entry points to ../../build/servo_control/servo_control.egg-info/entry_points.txt
writing requirements to ../../build/servo_control/servo_control.egg-info/requires.txt
writing top-level names to ../../build/servo_control/servo_control.egg-info/top_level.txt
reading manifest file '../../build/servo_control/servo_control.egg-info/SOURCES.txt'
writing manifest file '../../build/servo_control/servo_control.egg-info/SOURCES.txt'
running build
running build_py
copying servo_control/direct_servo_tester.py -> /home/andrewlh/VSCode/ros2_ws/build/servo_control/build/lib/servo_control
copying servo_control/direct_servo_tester_node.py -> /home/andrewlh/VSCode/ros2_ws/build/servo_control/build/lib/servo_control
running install
running install_lib
copying /home/andrewlh/VSCode/ros2_ws/build/servo_control/build/lib/servo_control/direct_servo_tester.py -> /home/andrewlh/VSCode/ros2_ws/install/servo_control/lib/python3.12/site-packages/servo_control
copying /home/andrewlh/VSCode/ros2_ws/build/servo_control/build/lib/servo_control/direct_servo_tester_node.py -> /home/andrewlh/VSCode/ros2_ws/install/servo_control/lib/python3.12/site-packages/servo_control
byte-compiling /home/andrewlh/VSCode/ros2_ws/install/servo_control/lib/python3.12/site-packages/servo_control/direct_servo_tester.py to direct_servo_tester.cpython-312.pyc
byte-compiling /home/andrewlh/VSCode/ros2_ws/install/servo_control/lib/python3.12/site-packages/servo_control/direct_servo_tester_node.py to direct_servo_tester_node.cpython-312.pyc
running install_data
running install_egg_info
removing '/home/andrewlh/VSCode/ros2_ws/install/servo_control/lib/python3.12/site-packages/servo_control-0.0.0-py3.12.egg-info' (and everything under it)
Copying ../../build/servo_control/servo_control.egg-info to /home/andrewlh/VSCode/ros2_ws/install/servo_control/lib/python3.12/site-packages/servo_control-0.0.0-py3.12.egg-info
running install_scripts
Installing direct_servo_tester_node script to /home/andrewlh/VSCode/ros2_ws/install/servo_control/lib/servo_control
Installing finger_servo_controller_node script to /home/andrewlh/VSCode/ros2_ws/install/servo_control/lib/servo_control
Installing manual_servo_control_node script to /home/andrewlh/VSCode/ros2_ws/install/servo_control/lib/servo_control
Installing servo_interface_node script to /home/andrewlh/VSCode/ros2_ws/install/servo_control/lib/servo_control
writing list of installed files to '/home/andrewlh/VSCode/ros2_ws/build/servo_control/install.log'
