[3.103s] Invoking command in '/home/andrewlh/VSCode/ros2_ws/src/servo_control': CONDA_PROMPT_MODIFIER=(base) DEBUGINFOD_URLS=https://debuginfod.ubuntu.com PYTHONPATH=/home/andrewlh/VSCode/ros2_ws/build/servo_control/prefix_override:/usr/lib/python3/dist-packages/colcon_core/task/python/colcon_distutils_commands:/home/andrewlh/VSCode/ros2_ws/install/servo_control/lib/python3.12/site-packages:${PYTHONPATH} /usr/bin/python3 -W ignore:setup.py install is deprecated -W ignore:easy_install command is deprecated setup.py egg_info --egg-base ../../build/servo_control build --build-base /home/andrewlh/VSCode/ros2_ws/build/servo_control/build install --record /home/andrewlh/VSCode/ros2_ws/build/servo_control/install.log --single-version-externally-managed install_data
[3.792s] running egg_info
[3.841s] writing ../../build/servo_control/servo_control.egg-info/PKG-INFO
[3.843s] writing dependency_links to ../../build/servo_control/servo_control.egg-info/dependency_links.txt
[3.846s] writing entry points to ../../build/servo_control/servo_control.egg-info/entry_points.txt
[3.847s] writing requirements to ../../build/servo_control/servo_control.egg-info/requires.txt
[3.852s] writing top-level names to ../../build/servo_control/servo_control.egg-info/top_level.txt
[3.962s] reading manifest file '../../build/servo_control/servo_control.egg-info/SOURCES.txt'
[3.969s] writing manifest file '../../build/servo_control/servo_control.egg-info/SOURCES.txt'
[3.969s] running build
[3.969s] running build_py
[3.970s] copying servo_control/direct_servo_tester.py -> /home/andrewlh/VSCode/ros2_ws/build/servo_control/build/lib/servo_control
[3.970s] copying servo_control/direct_servo_tester_node.py -> /home/andrewlh/VSCode/ros2_ws/build/servo_control/build/lib/servo_control
[3.971s] running install
[3.997s] running install_lib
[4.060s] copying /home/andrewlh/VSCode/ros2_ws/build/servo_control/build/lib/servo_control/direct_servo_tester.py -> /home/andrewlh/VSCode/ros2_ws/install/servo_control/lib/python3.12/site-packages/servo_control
[4.060s] copying /home/andrewlh/VSCode/ros2_ws/build/servo_control/build/lib/servo_control/direct_servo_tester_node.py -> /home/andrewlh/VSCode/ros2_ws/install/servo_control/lib/python3.12/site-packages/servo_control
[4.060s] byte-compiling /home/andrewlh/VSCode/ros2_ws/install/servo_control/lib/python3.12/site-packages/servo_control/direct_servo_tester.py to direct_servo_tester.cpython-312.pyc
[4.063s] byte-compiling /home/andrewlh/VSCode/ros2_ws/install/servo_control/lib/python3.12/site-packages/servo_control/direct_servo_tester_node.py to direct_servo_tester_node.cpython-312.pyc
[4.069s] running install_data
[4.070s] running install_egg_info
[4.159s] removing '/home/andrewlh/VSCode/ros2_ws/install/servo_control/lib/python3.12/site-packages/servo_control-0.0.0-py3.12.egg-info' (and everything under it)
[4.160s] Copying ../../build/servo_control/servo_control.egg-info to /home/andrewlh/VSCode/ros2_ws/install/servo_control/lib/python3.12/site-packages/servo_control-0.0.0-py3.12.egg-info
[4.162s] running install_scripts
[4.497s] Installing direct_servo_tester_node script to /home/andrewlh/VSCode/ros2_ws/install/servo_control/lib/servo_control
[4.498s] Installing finger_servo_controller_node script to /home/andrewlh/VSCode/ros2_ws/install/servo_control/lib/servo_control
[4.499s] Installing manual_servo_control_node script to /home/andrewlh/VSCode/ros2_ws/install/servo_control/lib/servo_control
[4.499s] Installing servo_interface_node script to /home/andrewlh/VSCode/ros2_ws/install/servo_control/lib/servo_control
[4.499s] writing list of installed files to '/home/andrewlh/VSCode/ros2_ws/build/servo_control/install.log'
[4.640s] Invoked command in '/home/andrewlh/VSCode/ros2_ws/src/servo_control' returned '0': CONDA_PROMPT_MODIFIER=(base) DEBUGINFOD_URLS=https://debuginfod.ubuntu.com PYTHONPATH=/home/andrewlh/VSCode/ros2_ws/build/servo_control/prefix_override:/usr/lib/python3/dist-packages/colcon_core/task/python/colcon_distutils_commands:/home/andrewlh/VSCode/ros2_ws/install/servo_control/lib/python3.12/site-packages:${PYTHONPATH} /usr/bin/python3 -W ignore:setup.py install is deprecated -W ignore:easy_install command is deprecated setup.py egg_info --egg-base ../../build/servo_control build --build-base /home/andrewlh/VSCode/ros2_ws/build/servo_control/build install --record /home/andrewlh/VSCode/ros2_ws/build/servo_control/install.log --single-version-externally-managed install_data
