/home/andrewlh/VSCode/ros2_ws/install/camera_interface/lib/python3.12/site-packages/camera_interface/__init__.py
/home/andrewlh/VSCode/ros2_ws/install/camera_interface/lib/python3.12/site-packages/camera_interface/camera_info_node.py
/home/andrewlh/VSCode/ros2_ws/install/camera_interface/lib/python3.12/site-packages/camera_interface/camera_lifecycle_node.py
/home/andrewlh/VSCode/ros2_ws/install/camera_interface/lib/python3.12/site-packages/camera_interface/camera_node.py
/home/andrewlh/VSCode/ros2_ws/install/camera_interface/lib/python3.12/site-packages/camera_interface/__pycache__/__init__.cpython-312.pyc
/home/andrewlh/VSCode/ros2_ws/install/camera_interface/lib/python3.12/site-packages/camera_interface/__pycache__/camera_info_node.cpython-312.pyc
/home/andrewlh/VSCode/ros2_ws/install/camera_interface/lib/python3.12/site-packages/camera_interface/__pycache__/camera_lifecycle_node.cpython-312.pyc
/home/andrewlh/VSCode/ros2_ws/install/camera_interface/lib/python3.12/site-packages/camera_interface/__pycache__/camera_node.cpython-312.pyc
/home/andrewlh/VSCode/ros2_ws/install/camera_interface/share/ament_index/resource_index/packages/camera_interface
/home/andrewlh/VSCode/ros2_ws/install/camera_interface/share/camera_interface/package.xml
/home/andrewlh/VSCode/ros2_ws/install/camera_interface/lib/python3.12/site-packages/camera_interface-0.1.0-py3.12.egg-info/entry_points.txt
/home/andrewlh/VSCode/ros2_ws/install/camera_interface/lib/python3.12/site-packages/camera_interface-0.1.0-py3.12.egg-info/PKG-INFO
/home/andrewlh/VSCode/ros2_ws/install/camera_interface/lib/python3.12/site-packages/camera_interface-0.1.0-py3.12.egg-info/zip-safe
/home/andrewlh/VSCode/ros2_ws/install/camera_interface/lib/python3.12/site-packages/camera_interface-0.1.0-py3.12.egg-info/top_level.txt
/home/andrewlh/VSCode/ros2_ws/install/camera_interface/lib/python3.12/site-packages/camera_interface-0.1.0-py3.12.egg-info/SOURCES.txt
/home/andrewlh/VSCode/ros2_ws/install/camera_interface/lib/python3.12/site-packages/camera_interface-0.1.0-py3.12.egg-info/dependency_links.txt
/home/andrewlh/VSCode/ros2_ws/install/camera_interface/lib/python3.12/site-packages/camera_interface-0.1.0-py3.12.egg-info/requires.txt
/home/andrewlh/VSCode/ros2_ws/install/camera_interface/lib/camera_interface/camera_info_node
/home/andrewlh/VSCode/ros2_ws/install/camera_interface/lib/camera_interface/camera_lifecycle_node
/home/andrewlh/VSCode/ros2_ws/install/camera_interface/lib/camera_interface/camera_node
