[4.015s] Invoking command in '/home/andrewlh/VSCode/ros2_ws/src/diagnostics': CONDA_PROMPT_MODIFIER=(base) DEBUGINFOD_URLS=https://debuginfod.ubuntu.com PYTHONPATH=/home/andrewlh/VSCode/ros2_ws/build/diagnostics/prefix_override:/usr/lib/python3/dist-packages/colcon_core/task/python/colcon_distutils_commands:/home/andrewlh/VSCode/ros2_ws/install/diagnostics/lib/python3.12/site-packages:${PYTHONPATH} /usr/bin/python3 -W ignore:setup.py install is deprecated -W ignore:easy_install command is deprecated setup.py egg_info --egg-base ../../build/diagnostics build --build-base /home/andrewlh/VSCode/ros2_ws/build/diagnostics/build install --record /home/andrewlh/VSCode/ros2_ws/build/diagnostics/install.log --single-version-externally-managed install_data
[4.732s] running egg_info
[4.733s] creating ../../build/diagnostics/diagnostics.egg-info
[4.789s] writing ../../build/diagnostics/diagnostics.egg-info/PKG-INFO
[4.790s] writing dependency_links to ../../build/diagnostics/diagnostics.egg-info/dependency_links.txt
[4.790s] writing entry points to ../../build/diagnostics/diagnostics.egg-info/entry_points.txt
[4.790s] writing requirements to ../../build/diagnostics/diagnostics.egg-info/requires.txt
[4.793s] writing top-level names to ../../build/diagnostics/diagnostics.egg-info/top_level.txt
[4.794s] writing manifest file '../../build/diagnostics/diagnostics.egg-info/SOURCES.txt'
[4.911s] reading manifest file '../../build/diagnostics/diagnostics.egg-info/SOURCES.txt'
[4.921s] writing manifest file '../../build/diagnostics/diagnostics.egg-info/SOURCES.txt'
[4.921s] running build
[4.921s] running build_py
[4.921s] creating /home/andrewlh/VSCode/ros2_ws/build/diagnostics/build
[4.921s] creating /home/andrewlh/VSCode/ros2_ws/build/diagnostics/build/lib
[4.922s] creating /home/andrewlh/VSCode/ros2_ws/build/diagnostics/build/lib/diagnostics
[4.922s] copying diagnostics/__init__.py -> /home/andrewlh/VSCode/ros2_ws/build/diagnostics/build/lib/diagnostics
[4.922s] copying diagnostics/resource_monitor_node.py -> /home/andrewlh/VSCode/ros2_ws/build/diagnostics/build/lib/diagnostics
[4.922s] copying diagnostics/health_monitor_node.py -> /home/andrewlh/VSCode/ros2_ws/build/diagnostics/build/lib/diagnostics
[4.922s] copying diagnostics/watchdog_node.py -> /home/andrewlh/VSCode/ros2_ws/build/diagnostics/build/lib/diagnostics
[4.922s] copying diagnostics/network_monitor_node.py -> /home/andrewlh/VSCode/ros2_ws/build/diagnostics/build/lib/diagnostics
[4.922s] copying diagnostics/system_metrics_node.py -> /home/andrewlh/VSCode/ros2_ws/build/diagnostics/build/lib/diagnostics
[4.923s] copying diagnostics/error_handler_node.py -> /home/andrewlh/VSCode/ros2_ws/build/diagnostics/build/lib/diagnostics
[4.923s] copying diagnostics/logger_node.py -> /home/andrewlh/VSCode/ros2_ws/build/diagnostics/build/lib/diagnostics
[4.923s] copying diagnostics/emergency_stop_node.py -> /home/andrewlh/VSCode/ros2_ws/build/diagnostics/build/lib/diagnostics
[4.923s] running install
[4.942s] running install_lib
[5.016s] creating /home/andrewlh/VSCode/ros2_ws/install/diagnostics/lib/python3.12/site-packages/diagnostics
[5.017s] copying /home/andrewlh/VSCode/ros2_ws/build/diagnostics/build/lib/diagnostics/__init__.py -> /home/andrewlh/VSCode/ros2_ws/install/diagnostics/lib/python3.12/site-packages/diagnostics
[5.021s] copying /home/andrewlh/VSCode/ros2_ws/build/diagnostics/build/lib/diagnostics/resource_monitor_node.py -> /home/andrewlh/VSCode/ros2_ws/install/diagnostics/lib/python3.12/site-packages/diagnostics
[5.021s] copying /home/andrewlh/VSCode/ros2_ws/build/diagnostics/build/lib/diagnostics/health_monitor_node.py -> /home/andrewlh/VSCode/ros2_ws/install/diagnostics/lib/python3.12/site-packages/diagnostics
[5.021s] copying /home/andrewlh/VSCode/ros2_ws/build/diagnostics/build/lib/diagnostics/watchdog_node.py -> /home/andrewlh/VSCode/ros2_ws/install/diagnostics/lib/python3.12/site-packages/diagnostics
[5.024s] copying /home/andrewlh/VSCode/ros2_ws/build/diagnostics/build/lib/diagnostics/network_monitor_node.py -> /home/andrewlh/VSCode/ros2_ws/install/diagnostics/lib/python3.12/site-packages/diagnostics
[5.024s] copying /home/andrewlh/VSCode/ros2_ws/build/diagnostics/build/lib/diagnostics/system_metrics_node.py -> /home/andrewlh/VSCode/ros2_ws/install/diagnostics/lib/python3.12/site-packages/diagnostics
[5.024s] copying /home/andrewlh/VSCode/ros2_ws/build/diagnostics/build/lib/diagnostics/error_handler_node.py -> /home/andrewlh/VSCode/ros2_ws/install/diagnostics/lib/python3.12/site-packages/diagnostics
[5.024s] copying /home/andrewlh/VSCode/ros2_ws/build/diagnostics/build/lib/diagnostics/logger_node.py -> /home/andrewlh/VSCode/ros2_ws/install/diagnostics/lib/python3.12/site-packages/diagnostics
[5.024s] copying /home/andrewlh/VSCode/ros2_ws/build/diagnostics/build/lib/diagnostics/emergency_stop_node.py -> /home/andrewlh/VSCode/ros2_ws/install/diagnostics/lib/python3.12/site-packages/diagnostics
[5.025s] byte-compiling /home/andrewlh/VSCode/ros2_ws/install/diagnostics/lib/python3.12/site-packages/diagnostics/__init__.py to __init__.cpython-312.pyc
[5.025s] byte-compiling /home/andrewlh/VSCode/ros2_ws/install/diagnostics/lib/python3.12/site-packages/diagnostics/resource_monitor_node.py to resource_monitor_node.cpython-312.pyc
[5.025s] byte-compiling /home/andrewlh/VSCode/ros2_ws/install/diagnostics/lib/python3.12/site-packages/diagnostics/health_monitor_node.py to health_monitor_node.cpython-312.pyc
[5.025s] byte-compiling /home/andrewlh/VSCode/ros2_ws/install/diagnostics/lib/python3.12/site-packages/diagnostics/watchdog_node.py to watchdog_node.cpython-312.pyc
[5.025s] byte-compiling /home/andrewlh/VSCode/ros2_ws/install/diagnostics/lib/python3.12/site-packages/diagnostics/network_monitor_node.py to network_monitor_node.cpython-312.pyc
[5.034s] byte-compiling /home/andrewlh/VSCode/ros2_ws/install/diagnostics/lib/python3.12/site-packages/diagnostics/system_metrics_node.py to system_metrics_node.cpython-312.pyc
[5.036s] byte-compiling /home/andrewlh/VSCode/ros2_ws/install/diagnostics/lib/python3.12/site-packages/diagnostics/error_handler_node.py to error_handler_node.cpython-312.pyc
[5.046s] byte-compiling /home/andrewlh/VSCode/ros2_ws/install/diagnostics/lib/python3.12/site-packages/diagnostics/logger_node.py to logger_node.cpython-312.pyc
[5.052s] byte-compiling /home/andrewlh/VSCode/ros2_ws/install/diagnostics/lib/python3.12/site-packages/diagnostics/emergency_stop_node.py to emergency_stop_node.cpython-312.pyc
[5.052s] running install_data
[5.052s] creating /home/andrewlh/VSCode/ros2_ws/install/diagnostics/share/ament_index
[5.057s] creating /home/andrewlh/VSCode/ros2_ws/install/diagnostics/share/ament_index/resource_index
[5.058s] creating /home/andrewlh/VSCode/ros2_ws/install/diagnostics/share/ament_index/resource_index/packages
[5.060s] copying resource/diagnostics -> /home/andrewlh/VSCode/ros2_ws/install/diagnostics/share/ament_index/resource_index/packages
[5.075s] copying package.xml -> /home/andrewlh/VSCode/ros2_ws/install/diagnostics/share/diagnostics
[5.076s] running install_egg_info
[5.193s] Copying ../../build/diagnostics/diagnostics.egg-info to /home/andrewlh/VSCode/ros2_ws/install/diagnostics/lib/python3.12/site-packages/diagnostics-0.1.0-py3.12.egg-info
[5.215s] running install_scripts
[5.687s] Installing emergency_stop_node script to /home/andrewlh/VSCode/ros2_ws/install/diagnostics/lib/diagnostics
[5.687s] Installing error_handler_node script to /home/andrewlh/VSCode/ros2_ws/install/diagnostics/lib/diagnostics
[5.687s] Installing health_monitor_node script to /home/andrewlh/VSCode/ros2_ws/install/diagnostics/lib/diagnostics
[5.688s] Installing logger_node script to /home/andrewlh/VSCode/ros2_ws/install/diagnostics/lib/diagnostics
[5.688s] Installing network_monitor_node script to /home/andrewlh/VSCode/ros2_ws/install/diagnostics/lib/diagnostics
[5.688s] Installing resource_monitor_node script to /home/andrewlh/VSCode/ros2_ws/install/diagnostics/lib/diagnostics
[5.688s] Installing system_metrics_node script to /home/andrewlh/VSCode/ros2_ws/install/diagnostics/lib/diagnostics
[5.689s] Installing watchdog_node script to /home/andrewlh/VSCode/ros2_ws/install/diagnostics/lib/diagnostics
[5.690s] writing list of installed files to '/home/andrewlh/VSCode/ros2_ws/build/diagnostics/install.log'
[5.780s] Invoked command in '/home/andrewlh/VSCode/ros2_ws/src/diagnostics' returned '0': CONDA_PROMPT_MODIFIER=(base) DEBUGINFOD_URLS=https://debuginfod.ubuntu.com PYTHONPATH=/home/andrewlh/VSCode/ros2_ws/build/diagnostics/prefix_override:/usr/lib/python3/dist-packages/colcon_core/task/python/colcon_distutils_commands:/home/andrewlh/VSCode/ros2_ws/install/diagnostics/lib/python3.12/site-packages:${PYTHONPATH} /usr/bin/python3 -W ignore:setup.py install is deprecated -W ignore:easy_install command is deprecated setup.py egg_info --egg-base ../../build/diagnostics build --build-base /home/andrewlh/VSCode/ros2_ws/build/diagnostics/build install --record /home/andrewlh/VSCode/ros2_ws/build/diagnostics/install.log --single-version-externally-managed install_data
