[4.734s] Invoking command in '/home/andrewlh/VSCode/ros2_ws/build/diagnostics': CONDA_PROMPT_MODIFIER=(base) DEBUGINFOD_URLS=https://debuginfod.ubuntu.com PYTHONPATH=/home/andrewlh/VSCode/ros2_ws/build/diagnostics/prefix_override:/usr/lib/python3/dist-packages/colcon_core/task/python/colcon_distutils_commands:/home/andrewlh/VSCode/ros2_ws/install/diagnostics/lib/python3.12/site-packages:${PYTHONPATH} /usr/bin/python3 -W ignore:setup.py install is deprecated -W ignore:easy_install command is deprecated setup.py develop --editable --build-directory /home/andrewlh/VSCode/ros2_ws/build/diagnostics/build --no-deps symlink_data
[5.853s] running develop
[6.527s] running egg_info
[6.581s] writing diagnostics.egg-info/PKG-INFO
[6.582s] writing dependency_links to diagnostics.egg-info/dependency_links.txt
[6.583s] writing entry points to diagnostics.egg-info/entry_points.txt
[6.583s] writing requirements to diagnostics.egg-info/requires.txt
[6.583s] writing top-level names to diagnostics.egg-info/top_level.txt
[6.703s] reading manifest file 'diagnostics.egg-info/SOURCES.txt'
[6.715s] writing manifest file 'diagnostics.egg-info/SOURCES.txt'
[6.771s] running build_ext
[6.771s] Creating /home/andrewlh/VSCode/ros2_ws/install/diagnostics/lib/python3.12/site-packages/diagnostics.egg-link (link to .)
[6.772s] Installing emergency_stop_node script to /home/andrewlh/VSCode/ros2_ws/install/diagnostics/bin
[6.772s] Installing error_handler_node script to /home/andrewlh/VSCode/ros2_ws/install/diagnostics/bin
[6.777s] Installing health_monitor_node script to /home/andrewlh/VSCode/ros2_ws/install/diagnostics/bin
[6.777s] Installing logger_node script to /home/andrewlh/VSCode/ros2_ws/install/diagnostics/bin
[6.777s] Installing network_monitor_node script to /home/andrewlh/VSCode/ros2_ws/install/diagnostics/bin
[6.777s] Installing resource_monitor_node script to /home/andrewlh/VSCode/ros2_ws/install/diagnostics/bin
[6.777s] Installing system_metrics_node script to /home/andrewlh/VSCode/ros2_ws/install/diagnostics/bin
[6.778s] Installing watchdog_node script to /home/andrewlh/VSCode/ros2_ws/install/diagnostics/bin
[6.778s] 
[6.778s] Installed /home/andrewlh/VSCode/ros2_ws/build/diagnostics
[6.778s] running symlink_data
[6.888s] Invoked command in '/home/andrewlh/VSCode/ros2_ws/build/diagnostics' returned '0': CONDA_PROMPT_MODIFIER=(base) DEBUGINFOD_URLS=https://debuginfod.ubuntu.com PYTHONPATH=/home/andrewlh/VSCode/ros2_ws/build/diagnostics/prefix_override:/usr/lib/python3/dist-packages/colcon_core/task/python/colcon_distutils_commands:/home/andrewlh/VSCode/ros2_ws/install/diagnostics/lib/python3.12/site-packages:${PYTHONPATH} /usr/bin/python3 -W ignore:setup.py install is deprecated -W ignore:easy_install command is deprecated setup.py develop --editable --build-directory /home/andrewlh/VSCode/ros2_ws/build/diagnostics/build --no-deps symlink_data
