[3.803s] Invoking command in '/home/andrewlh/VSCode/ros2_ws/src/cr3_interface': CONDA_PROMPT_MODIFIER=(base) DEBUGINFOD_URLS=https://debuginfod.ubuntu.com PYTHONPATH=/home/andrewlh/VSCode/ros2_ws/build/cr3_interface/prefix_override:/usr/lib/python3/dist-packages/colcon_core/task/python/colcon_distutils_commands:/home/andrewlh/VSCode/ros2_ws/install/cr3_interface/lib/python3.12/site-packages:${PYTHONPATH} /usr/bin/python3 -W ignore:setup.py install is deprecated -W ignore:easy_install command is deprecated setup.py egg_info --egg-base ../../build/cr3_interface build --build-base /home/andrewlh/VSCode/ros2_ws/build/cr3_interface/build install --record /home/andrewlh/VSCode/ros2_ws/build/cr3_interface/install.log --single-version-externally-managed install_data
[4.672s] running egg_info
[4.672s] creating ../../build/cr3_interface/cr3_interface.egg-info
[4.729s] writing ../../build/cr3_interface/cr3_interface.egg-info/PKG-INFO
[4.729s] writing dependency_links to ../../build/cr3_interface/cr3_interface.egg-info/dependency_links.txt
[4.729s] writing entry points to ../../build/cr3_interface/cr3_interface.egg-info/entry_points.txt
[4.729s] writing requirements to ../../build/cr3_interface/cr3_interface.egg-info/requires.txt
[4.729s] writing top-level names to ../../build/cr3_interface/cr3_interface.egg-info/top_level.txt
[4.729s] writing manifest file '../../build/cr3_interface/cr3_interface.egg-info/SOURCES.txt'
[4.851s] reading manifest file '../../build/cr3_interface/cr3_interface.egg-info/SOURCES.txt'
[4.852s] writing manifest file '../../build/cr3_interface/cr3_interface.egg-info/SOURCES.txt'
[4.852s] running build
[4.852s] running build_py
[4.853s] creating /home/andrewlh/VSCode/ros2_ws/build/cr3_interface/build
[4.853s] creating /home/andrewlh/VSCode/ros2_ws/build/cr3_interface/build/lib
[4.853s] creating /home/andrewlh/VSCode/ros2_ws/build/cr3_interface/build/lib/cr3_interface
[4.853s] copying cr3_interface/__init__.py -> /home/andrewlh/VSCode/ros2_ws/build/cr3_interface/build/lib/cr3_interface
[4.867s] copying cr3_interface/tf_broadcaster_node.py -> /home/andrewlh/VSCode/ros2_ws/build/cr3_interface/build/lib/cr3_interface
[4.872s] copying cr3_interface/ip_to_ros_bridge_node.py -> /home/andrewlh/VSCode/ros2_ws/build/cr3_interface/build/lib/cr3_interface
[4.872s] copying cr3_interface/joint_state_publisher_node.py -> /home/andrewlh/VSCode/ros2_ws/build/cr3_interface/build/lib/cr3_interface
[4.872s] copying cr3_interface/hand_controller_node.py -> /home/andrewlh/VSCode/ros2_ws/build/cr3_interface/build/lib/cr3_interface
[4.872s] copying cr3_interface/cr3_controller_node.py -> /home/andrewlh/VSCode/ros2_ws/build/cr3_interface/build/lib/cr3_interface
[4.872s] running install
[4.873s] running install_lib
[4.960s] creating /home/andrewlh/VSCode/ros2_ws/install/cr3_interface/lib/python3.12/site-packages/cr3_interface
[4.963s] copying /home/andrewlh/VSCode/ros2_ws/build/cr3_interface/build/lib/cr3_interface/__init__.py -> /home/andrewlh/VSCode/ros2_ws/install/cr3_interface/lib/python3.12/site-packages/cr3_interface
[4.963s] copying /home/andrewlh/VSCode/ros2_ws/build/cr3_interface/build/lib/cr3_interface/tf_broadcaster_node.py -> /home/andrewlh/VSCode/ros2_ws/install/cr3_interface/lib/python3.12/site-packages/cr3_interface
[4.964s] copying /home/andrewlh/VSCode/ros2_ws/build/cr3_interface/build/lib/cr3_interface/ip_to_ros_bridge_node.py -> /home/andrewlh/VSCode/ros2_ws/install/cr3_interface/lib/python3.12/site-packages/cr3_interface
[4.964s] copying /home/andrewlh/VSCode/ros2_ws/build/cr3_interface/build/lib/cr3_interface/joint_state_publisher_node.py -> /home/andrewlh/VSCode/ros2_ws/install/cr3_interface/lib/python3.12/site-packages/cr3_interface
[4.964s] copying /home/andrewlh/VSCode/ros2_ws/build/cr3_interface/build/lib/cr3_interface/hand_controller_node.py -> /home/andrewlh/VSCode/ros2_ws/install/cr3_interface/lib/python3.12/site-packages/cr3_interface
[4.964s] copying /home/andrewlh/VSCode/ros2_ws/build/cr3_interface/build/lib/cr3_interface/cr3_controller_node.py -> /home/andrewlh/VSCode/ros2_ws/install/cr3_interface/lib/python3.12/site-packages/cr3_interface
[4.966s] byte-compiling /home/andrewlh/VSCode/ros2_ws/install/cr3_interface/lib/python3.12/site-packages/cr3_interface/__init__.py to __init__.cpython-312.pyc
[4.966s] byte-compiling /home/andrewlh/VSCode/ros2_ws/install/cr3_interface/lib/python3.12/site-packages/cr3_interface/tf_broadcaster_node.py to tf_broadcaster_node.cpython-312.pyc
[4.967s] byte-compiling /home/andrewlh/VSCode/ros2_ws/install/cr3_interface/lib/python3.12/site-packages/cr3_interface/ip_to_ros_bridge_node.py to ip_to_ros_bridge_node.cpython-312.pyc
[4.968s] byte-compiling /home/andrewlh/VSCode/ros2_ws/install/cr3_interface/lib/python3.12/site-packages/cr3_interface/joint_state_publisher_node.py to joint_state_publisher_node.cpython-312.pyc
[4.971s] byte-compiling /home/andrewlh/VSCode/ros2_ws/install/cr3_interface/lib/python3.12/site-packages/cr3_interface/hand_controller_node.py to hand_controller_node.cpython-312.pyc
[4.971s] byte-compiling /home/andrewlh/VSCode/ros2_ws/install/cr3_interface/lib/python3.12/site-packages/cr3_interface/cr3_controller_node.py to cr3_controller_node.cpython-312.pyc
[4.972s] running install_data
[4.972s] creating /home/andrewlh/VSCode/ros2_ws/install/cr3_interface/share/ament_index
[4.974s] creating /home/andrewlh/VSCode/ros2_ws/install/cr3_interface/share/ament_index/resource_index
[4.974s] creating /home/andrewlh/VSCode/ros2_ws/install/cr3_interface/share/ament_index/resource_index/packages
[4.974s] copying resource/cr3_interface -> /home/andrewlh/VSCode/ros2_ws/install/cr3_interface/share/ament_index/resource_index/packages
[4.979s] copying package.xml -> /home/andrewlh/VSCode/ros2_ws/install/cr3_interface/share/cr3_interface
[4.979s] running install_egg_info
[5.053s] Copying ../../build/cr3_interface/cr3_interface.egg-info to /home/andrewlh/VSCode/ros2_ws/install/cr3_interface/lib/python3.12/site-packages/cr3_interface-0.1.0-py3.12.egg-info
[5.055s] running install_scripts
[5.423s] Installing cr3_controller_node script to /home/andrewlh/VSCode/ros2_ws/install/cr3_interface/lib/cr3_interface
[5.424s] Installing hand_controller_node script to /home/andrewlh/VSCode/ros2_ws/install/cr3_interface/lib/cr3_interface
[5.424s] Installing joint_state_publisher_node script to /home/andrewlh/VSCode/ros2_ws/install/cr3_interface/lib/cr3_interface
[5.425s] Installing tf_broadcaster_node script to /home/andrewlh/VSCode/ros2_ws/install/cr3_interface/lib/cr3_interface
[5.425s] writing list of installed files to '/home/andrewlh/VSCode/ros2_ws/build/cr3_interface/install.log'
[5.497s] Invoked command in '/home/andrewlh/VSCode/ros2_ws/src/cr3_interface' returned '0': CONDA_PROMPT_MODIFIER=(base) DEBUGINFOD_URLS=https://debuginfod.ubuntu.com PYTHONPATH=/home/andrewlh/VSCode/ros2_ws/build/cr3_interface/prefix_override:/usr/lib/python3/dist-packages/colcon_core/task/python/colcon_distutils_commands:/home/andrewlh/VSCode/ros2_ws/install/cr3_interface/lib/python3.12/site-packages:${PYTHONPATH} /usr/bin/python3 -W ignore:setup.py install is deprecated -W ignore:easy_install command is deprecated setup.py egg_info --egg-base ../../build/cr3_interface build --build-base /home/andrewlh/VSCode/ros2_ws/build/cr3_interface/build install --record /home/andrewlh/VSCode/ros2_ws/build/cr3_interface/install.log --single-version-externally-managed install_data
