[5.260s] Invoking command in '/home/andrewlh/VSCode/ros2_ws/build/perception': CONDA_PROMPT_MODIFIER=(base) DEBUGINFOD_URLS=https://debuginfod.ubuntu.com PYTHONPATH=/home/andrewlh/VSCode/ros2_ws/build/perception/prefix_override:/usr/lib/python3/dist-packages/colcon_core/task/python/colcon_distutils_commands:/home/andrewlh/VSCode/ros2_ws/install/perception/lib/python3.12/site-packages:${PYTHONPATH} /usr/bin/python3 -W ignore:setup.py install is deprecated -W ignore:easy_install command is deprecated setup.py develop --editable --build-directory /home/andrewlh/VSCode/ros2_ws/build/perception/build --no-deps symlink_data
[6.863s] running develop
[7.959s] running egg_info
[8.120s] writing perception.egg-info/PKG-INFO
[8.125s] writing dependency_links to perception.egg-info/dependency_links.txt
[8.141s] writing entry points to perception.egg-info/entry_points.txt
[8.141s] writing requirements to perception.egg-info/requires.txt
[8.142s] writing top-level names to perception.egg-info/top_level.txt
[8.329s] reading manifest file 'perception.egg-info/SOURCES.txt'
[8.329s] writing manifest file 'perception.egg-info/SOURCES.txt'
[8.393s] running build_ext
[8.394s] Creating /home/andrewlh/VSCode/ros2_ws/install/perception/lib/python3.12/site-packages/perception.egg-link (link to .)
[8.396s] Installing body_pose_node script to /home/andrewlh/VSCode/ros2_ws/install/perception/bin
[8.396s] Installing coordinate_transform_node script to /home/andrewlh/VSCode/ros2_ws/install/perception/bin
[8.399s] Installing hand_pose_node script to /home/andrewlh/VSCode/ros2_ws/install/perception/bin
[8.399s] Installing pose_filter_node script to /home/andrewlh/VSCode/ros2_ws/install/perception/bin
[8.399s] 
[8.400s] Installed /home/andrewlh/VSCode/ros2_ws/build/perception
[8.402s] running symlink_data
[8.536s] Invoked command in '/home/andrewlh/VSCode/ros2_ws/build/perception' returned '0': CONDA_PROMPT_MODIFIER=(base) DEBUGINFOD_URLS=https://debuginfod.ubuntu.com PYTHONPATH=/home/andrewlh/VSCode/ros2_ws/build/perception/prefix_override:/usr/lib/python3/dist-packages/colcon_core/task/python/colcon_distutils_commands:/home/andrewlh/VSCode/ros2_ws/install/perception/lib/python3.12/site-packages:${PYTHONPATH} /usr/bin/python3 -W ignore:setup.py install is deprecated -W ignore:easy_install command is deprecated setup.py develop --editable --build-directory /home/andrewlh/VSCode/ros2_ws/build/perception/build --no-deps symlink_data
