[1.111s] Invoking command in '/home/andrewlh/VSCode/ros2_ws/src/servo_control': CONDA_PROMPT_MODIFIER=(base) DEBUGINFOD_URLS=https://debuginfod.ubuntu.com PYTHONPATH=/home/andrewlh/VSCode/ros2_ws/build/servo_control/prefix_override:/usr/lib/python3/dist-packages/colcon_core/task/python/colcon_distutils_commands:/home/andrewlh/VSCode/ros2_ws/install/servo_control/lib/python3.12/site-packages:${PYTHONPATH} /usr/bin/python3 -W ignore:setup.py install is deprecated -W ignore:easy_install command is deprecated setup.py egg_info --egg-base ../../build/servo_control build --build-base /home/andrewlh/VSCode/ros2_ws/build/servo_control/build install --record /home/andrewlh/VSCode/ros2_ws/build/servo_control/install.log --single-version-externally-managed install_data
[1.429s] running egg_info
[1.457s] writing ../../build/servo_control/servo_control.egg-info/PKG-INFO
[1.458s] writing dependency_links to ../../build/servo_control/servo_control.egg-info/dependency_links.txt
[1.466s] writing entry points to ../../build/servo_control/servo_control.egg-info/entry_points.txt
[1.467s] writing requirements to ../../build/servo_control/servo_control.egg-info/requires.txt
[1.468s] writing top-level names to ../../build/servo_control/servo_control.egg-info/top_level.txt
[1.512s] reading manifest file '../../build/servo_control/servo_control.egg-info/SOURCES.txt'
[1.513s] writing manifest file '../../build/servo_control/servo_control.egg-info/SOURCES.txt'
[1.513s] running build
[1.514s] running build_py
[1.514s] creating /home/andrewlh/VSCode/ros2_ws/build/servo_control/build
[1.515s] creating /home/andrewlh/VSCode/ros2_ws/build/servo_control/build/lib
[1.516s] creating /home/andrewlh/VSCode/ros2_ws/build/servo_control/build/lib/servo_control
[1.516s] copying servo_control/__init__.py -> /home/andrewlh/VSCode/ros2_ws/build/servo_control/build/lib/servo_control
[1.516s] copying servo_control/manual_servo_control_node.py -> /home/andrewlh/VSCode/ros2_ws/build/servo_control/build/lib/servo_control
[1.517s] copying servo_control/direct_servo_tester.py -> /home/andrewlh/VSCode/ros2_ws/build/servo_control/build/lib/servo_control
[1.517s] copying servo_control/direct_servo_tester_node.py -> /home/andrewlh/VSCode/ros2_ws/build/servo_control/build/lib/servo_control
[1.517s] copying servo_control/servo_interface_node.py -> /home/andrewlh/VSCode/ros2_ws/build/servo_control/build/lib/servo_control
[1.518s] running install
[1.524s] running install_lib
[1.544s] creating /home/andrewlh/VSCode/ros2_ws/install/servo_control/lib/python3.12/site-packages/servo_control
[1.545s] copying /home/andrewlh/VSCode/ros2_ws/build/servo_control/build/lib/servo_control/__init__.py -> /home/andrewlh/VSCode/ros2_ws/install/servo_control/lib/python3.12/site-packages/servo_control
[1.545s] copying /home/andrewlh/VSCode/ros2_ws/build/servo_control/build/lib/servo_control/manual_servo_control_node.py -> /home/andrewlh/VSCode/ros2_ws/install/servo_control/lib/python3.12/site-packages/servo_control
[1.545s] copying /home/andrewlh/VSCode/ros2_ws/build/servo_control/build/lib/servo_control/direct_servo_tester.py -> /home/andrewlh/VSCode/ros2_ws/install/servo_control/lib/python3.12/site-packages/servo_control
[1.545s] copying /home/andrewlh/VSCode/ros2_ws/build/servo_control/build/lib/servo_control/direct_servo_tester_node.py -> /home/andrewlh/VSCode/ros2_ws/install/servo_control/lib/python3.12/site-packages/servo_control
[1.546s] copying /home/andrewlh/VSCode/ros2_ws/build/servo_control/build/lib/servo_control/servo_interface_node.py -> /home/andrewlh/VSCode/ros2_ws/install/servo_control/lib/python3.12/site-packages/servo_control
[1.546s] byte-compiling /home/andrewlh/VSCode/ros2_ws/install/servo_control/lib/python3.12/site-packages/servo_control/__init__.py to __init__.cpython-312.pyc
[1.547s] byte-compiling /home/andrewlh/VSCode/ros2_ws/install/servo_control/lib/python3.12/site-packages/servo_control/manual_servo_control_node.py to manual_servo_control_node.cpython-312.pyc
[1.550s] byte-compiling /home/andrewlh/VSCode/ros2_ws/install/servo_control/lib/python3.12/site-packages/servo_control/direct_servo_tester.py to direct_servo_tester.cpython-312.pyc
[1.552s] byte-compiling /home/andrewlh/VSCode/ros2_ws/install/servo_control/lib/python3.12/site-packages/servo_control/direct_servo_tester_node.py to direct_servo_tester_node.cpython-312.pyc
[1.556s] byte-compiling /home/andrewlh/VSCode/ros2_ws/install/servo_control/lib/python3.12/site-packages/servo_control/servo_interface_node.py to servo_interface_node.cpython-312.pyc
[1.558s] running install_data
[1.558s] copying resource/servo_control -> /home/andrewlh/VSCode/ros2_ws/install/servo_control/share/ament_index/resource_index/packages
[1.558s] copying package.xml -> /home/andrewlh/VSCode/ros2_ws/install/servo_control/share/servo_control
[1.558s] running install_egg_info
[1.582s] Copying ../../build/servo_control/servo_control.egg-info to /home/andrewlh/VSCode/ros2_ws/install/servo_control/lib/python3.12/site-packages/servo_control-0.0.0-py3.12.egg-info
[1.582s] running install_scripts
[1.739s] Installing direct_servo_tester_node script to /home/andrewlh/VSCode/ros2_ws/install/servo_control/lib/ui
[1.740s] Installing finger_servo_controller_node script to /home/andrewlh/VSCode/ros2_ws/install/servo_control/lib/ui
[1.740s] Installing manual_servo_control_node script to /home/andrewlh/VSCode/ros2_ws/install/servo_control/lib/ui
[1.741s] Installing servo_interface_node script to /home/andrewlh/VSCode/ros2_ws/install/servo_control/lib/ui
[1.741s] writing list of installed files to '/home/andrewlh/VSCode/ros2_ws/build/servo_control/install.log'
[1.780s] Invoked command in '/home/andrewlh/VSCode/ros2_ws/src/servo_control' returned '0': CONDA_PROMPT_MODIFIER=(base) DEBUGINFOD_URLS=https://debuginfod.ubuntu.com PYTHONPATH=/home/andrewlh/VSCode/ros2_ws/build/servo_control/prefix_override:/usr/lib/python3/dist-packages/colcon_core/task/python/colcon_distutils_commands:/home/andrewlh/VSCode/ros2_ws/install/servo_control/lib/python3.12/site-packages:${PYTHONPATH} /usr/bin/python3 -W ignore:setup.py install is deprecated -W ignore:easy_install command is deprecated setup.py egg_info --egg-base ../../build/servo_control build --build-base /home/andrewlh/VSCode/ros2_ws/build/servo_control/build install --record /home/andrewlh/VSCode/ros2_ws/build/servo_control/install.log --single-version-externally-managed install_data
