[3.915s] Invoking command in '/home/andrewlh/VSCode/ros2_ws/src/control': CONDA_PROMPT_MODIFIER=(base) DEBUGINFOD_URLS=https://debuginfod.ubuntu.com PYTHONPATH=/home/andrewlh/VSCode/ros2_ws/build/control/prefix_override:/usr/lib/python3/dist-packages/colcon_core/task/python/colcon_distutils_commands:/home/andrewlh/VSCode/ros2_ws/install/control/lib/python3.12/site-packages:${PYTHONPATH} /usr/bin/python3 -W ignore:setup.py install is deprecated -W ignore:easy_install command is deprecated setup.py egg_info --egg-base ../../build/control build --build-base /home/andrewlh/VSCode/ros2_ws/build/control/build install --record /home/andrewlh/VSCode/ros2_ws/build/control/install.log --single-version-externally-managed install_data
[4.628s] running egg_info
[4.675s] writing ../../build/control/control.egg-info/PKG-INFO
[4.676s] writing dependency_links to ../../build/control/control.egg-info/dependency_links.txt
[4.676s] writing entry points to ../../build/control/control.egg-info/entry_points.txt
[4.676s] writing requirements to ../../build/control/control.egg-info/requires.txt
[4.677s] writing top-level names to ../../build/control/control.egg-info/top_level.txt
[4.795s] reading manifest file '../../build/control/control.egg-info/SOURCES.txt'
[4.800s] writing manifest file '../../build/control/control.egg-info/SOURCES.txt'
[4.800s] running build
[4.801s] running build_py
[4.801s] copying control/pose_to_command_node.py -> /home/andrewlh/VSCode/ros2_ws/build/control/build/lib/control
[4.801s] running install
[4.814s] running install_lib
[4.866s] copying /home/andrewlh/VSCode/ros2_ws/build/control/build/lib/control/pose_to_command_node.py -> /home/andrewlh/VSCode/ros2_ws/install/control/lib/python3.12/site-packages/control
[4.869s] byte-compiling /home/andrewlh/VSCode/ros2_ws/install/control/lib/python3.12/site-packages/control/pose_to_command_node.py to pose_to_command_node.cpython-312.pyc
[4.869s] running install_data
[4.870s] running install_egg_info
[4.924s] removing '/home/andrewlh/VSCode/ros2_ws/install/control/lib/python3.12/site-packages/control-0.1.0-py3.12.egg-info' (and everything under it)
[4.924s] Copying ../../build/control/control.egg-info to /home/andrewlh/VSCode/ros2_ws/install/control/lib/python3.12/site-packages/control-0.1.0-py3.12.egg-info
[4.927s] running install_scripts
[5.368s] Installing motion_planner_node script to /home/andrewlh/VSCode/ros2_ws/install/control/lib/control
[5.369s] Installing pose_to_command_node script to /home/andrewlh/VSCode/ros2_ws/install/control/lib/control
[5.373s] Installing teleop_node script to /home/andrewlh/VSCode/ros2_ws/install/control/lib/control
[5.375s] Installing trajectory_executor_node script to /home/andrewlh/VSCode/ros2_ws/install/control/lib/control
[5.375s] writing list of installed files to '/home/andrewlh/VSCode/ros2_ws/build/control/install.log'
[5.506s] Invoked command in '/home/andrewlh/VSCode/ros2_ws/src/control' returned '0': CONDA_PROMPT_MODIFIER=(base) DEBUGINFOD_URLS=https://debuginfod.ubuntu.com PYTHONPATH=/home/andrewlh/VSCode/ros2_ws/build/control/prefix_override:/usr/lib/python3/dist-packages/colcon_core/task/python/colcon_distutils_commands:/home/andrewlh/VSCode/ros2_ws/install/control/lib/python3.12/site-packages:${PYTHONPATH} /usr/bin/python3 -W ignore:setup.py install is deprecated -W ignore:easy_install command is deprecated setup.py egg_info --egg-base ../../build/control build --build-base /home/andrewlh/VSCode/ros2_ws/build/control/build install --record /home/andrewlh/VSCode/ros2_ws/build/control/install.log --single-version-externally-managed install_data
