[6.376s] Invoking command in '/home/andrewlh/VSCode/ros2_ws/build/diagnostics': CONDA_PROMPT_MODIFIER=(base) DEBUGINFOD_URLS=https://debuginfod.ubuntu.com PYTHONPATH=/home/andrewlh/VSCode/ros2_ws/build/diagnostics/prefix_override:/usr/lib/python3/dist-packages/colcon_core/task/python/colcon_distutils_commands:/home/andrewlh/VSCode/ros2_ws/install/diagnostics/lib/python3.12/site-packages:${PYTHONPATH} /usr/bin/python3 -W ignore:setup.py install is deprecated -W ignore:easy_install command is deprecated setup.py develop --editable --build-directory /home/andrewlh/VSCode/ros2_ws/build/diagnostics/build --no-deps symlink_data
[7.501s] running develop
[8.160s] /usr/lib/python3/dist-packages/setuptools/command/easy_install.py:363: UserWarning: Unbuilt egg for perception [unknown version] (/home/andrewlh/VSCode/ros2_ws/build/perception)
[8.162s]   self.local_index = Environment(self.shadow_path + sys.path)
[8.650s] running egg_info
[8.754s] writing diagnostics.egg-info/PKG-INFO
[8.754s] writing dependency_links to diagnostics.egg-info/dependency_links.txt
[8.755s] writing entry points to diagnostics.egg-info/entry_points.txt
[8.755s] writing requirements to diagnostics.egg-info/requires.txt
[8.800s] writing top-level names to diagnostics.egg-info/top_level.txt
[8.923s] reading manifest file 'diagnostics.egg-info/SOURCES.txt'
[8.925s] writing manifest file 'diagnostics.egg-info/SOURCES.txt'
[8.993s] running build_ext
[8.993s] Creating /home/andrewlh/VSCode/ros2_ws/install/diagnostics/lib/python3.12/site-packages/diagnostics.egg-link (link to .)
[8.994s] Installing emergency_stop_node script to /home/andrewlh/VSCode/ros2_ws/install/diagnostics/bin
[8.995s] Installing error_handler_node script to /home/andrewlh/VSCode/ros2_ws/install/diagnostics/bin
[8.995s] Installing health_monitor_node script to /home/andrewlh/VSCode/ros2_ws/install/diagnostics/bin
[8.995s] Installing logger_node script to /home/andrewlh/VSCode/ros2_ws/install/diagnostics/bin
[8.996s] Installing network_monitor_node script to /home/andrewlh/VSCode/ros2_ws/install/diagnostics/bin
[8.996s] Installing resource_monitor_node script to /home/andrewlh/VSCode/ros2_ws/install/diagnostics/bin
[8.996s] Installing system_metrics_node script to /home/andrewlh/VSCode/ros2_ws/install/diagnostics/bin
[8.997s] Installing watchdog_node script to /home/andrewlh/VSCode/ros2_ws/install/diagnostics/bin
[9.001s] 
[9.001s] Installed /home/andrewlh/VSCode/ros2_ws/build/diagnostics
[9.002s] running symlink_data
[9.080s] Invoked command in '/home/andrewlh/VSCode/ros2_ws/build/diagnostics' returned '0': CONDA_PROMPT_MODIFIER=(base) DEBUGINFOD_URLS=https://debuginfod.ubuntu.com PYTHONPATH=/home/andrewlh/VSCode/ros2_ws/build/diagnostics/prefix_override:/usr/lib/python3/dist-packages/colcon_core/task/python/colcon_distutils_commands:/home/andrewlh/VSCode/ros2_ws/install/diagnostics/lib/python3.12/site-packages:${PYTHONPATH} /usr/bin/python3 -W ignore:setup.py install is deprecated -W ignore:easy_install command is deprecated setup.py develop --editable --build-directory /home/andrewlh/VSCode/ros2_ws/build/diagnostics/build --no-deps symlink_data
