[5.030s] Invoking command in '/home/andrewlh/VSCode/ros2_ws/build/cr3_interface': CONDA_PROMPT_MODIFIER=(base) DEBUGINFOD_URLS=https://debuginfod.ubuntu.com PYTHONPATH=/home/andrewlh/VSCode/ros2_ws/build/cr3_interface/prefix_override:/usr/lib/python3/dist-packages/colcon_core/task/python/colcon_distutils_commands:/home/andrewlh/VSCode/ros2_ws/install/cr3_interface/lib/python3.12/site-packages:${PYTHONPATH} /usr/bin/python3 -W ignore:setup.py install is deprecated -W ignore:easy_install command is deprecated setup.py develop --editable --build-directory /home/andrewlh/VSCode/ros2_ws/build/cr3_interface/build --no-deps symlink_data
[6.137s] running develop
[6.778s] running egg_info
[6.854s] writing cr3_interface.egg-info/PKG-INFO
[6.855s] writing dependency_links to cr3_interface.egg-info/dependency_links.txt
[6.855s] writing entry points to cr3_interface.egg-info/entry_points.txt
[6.858s] writing requirements to cr3_interface.egg-info/requires.txt
[6.858s] writing top-level names to cr3_interface.egg-info/top_level.txt
[7.003s] reading manifest file 'cr3_interface.egg-info/SOURCES.txt'
[7.004s] writing manifest file 'cr3_interface.egg-info/SOURCES.txt'
[7.068s] running build_ext
[7.068s] Creating /home/andrewlh/VSCode/ros2_ws/install/cr3_interface/lib/python3.12/site-packages/cr3-interface.egg-link (link to .)
[7.074s] Installing cr3_controller_node script to /home/andrewlh/VSCode/ros2_ws/install/cr3_interface/bin
[7.075s] Installing hand_controller_node script to /home/andrewlh/VSCode/ros2_ws/install/cr3_interface/bin
[7.075s] Installing joint_state_publisher_node script to /home/andrewlh/VSCode/ros2_ws/install/cr3_interface/bin
[7.075s] Installing tf_broadcaster_node script to /home/andrewlh/VSCode/ros2_ws/install/cr3_interface/bin
[7.075s] 
[7.075s] Installed /home/andrewlh/VSCode/ros2_ws/build/cr3_interface
[7.075s] running symlink_data
[7.184s] Invoked command in '/home/andrewlh/VSCode/ros2_ws/build/cr3_interface' returned '0': CONDA_PROMPT_MODIFIER=(base) DEBUGINFOD_URLS=https://debuginfod.ubuntu.com PYTHONPATH=/home/andrewlh/VSCode/ros2_ws/build/cr3_interface/prefix_override:/usr/lib/python3/dist-packages/colcon_core/task/python/colcon_distutils_commands:/home/andrewlh/VSCode/ros2_ws/install/cr3_interface/lib/python3.12/site-packages:${PYTHONPATH} /usr/bin/python3 -W ignore:setup.py install is deprecated -W ignore:easy_install command is deprecated setup.py develop --editable --build-directory /home/andrewlh/VSCode/ros2_ws/build/cr3_interface/build --no-deps symlink_data
