[3.964s] Invoking command in '/home/andrewlh/VSCode/ros2_ws/src/control': CONDA_PROMPT_MODIFIER=(base) DEBUGINFOD_URLS=https://debuginfod.ubuntu.com PYTHONPATH=/home/andrewlh/VSCode/ros2_ws/build/control/prefix_override:/usr/lib/python3/dist-packages/colcon_core/task/python/colcon_distutils_commands:/home/andrewlh/VSCode/ros2_ws/install/control/lib/python3.12/site-packages:${PYTHONPATH} /usr/bin/python3 -W ignore:setup.py install is deprecated -W ignore:easy_install command is deprecated setup.py egg_info --egg-base ../../build/control build --build-base /home/andrewlh/VSCode/ros2_ws/build/control/build install --record /home/andrewlh/VSCode/ros2_ws/build/control/install.log --single-version-externally-managed install_data
[4.620s] running egg_info
[4.690s] writing ../../build/control/control.egg-info/PKG-INFO
[4.691s] writing dependency_links to ../../build/control/control.egg-info/dependency_links.txt
[4.691s] writing entry points to ../../build/control/control.egg-info/entry_points.txt
[4.691s] writing requirements to ../../build/control/control.egg-info/requires.txt
[4.692s] writing top-level names to ../../build/control/control.egg-info/top_level.txt
[4.811s] reading manifest file '../../build/control/control.egg-info/SOURCES.txt'
[4.813s] writing manifest file '../../build/control/control.egg-info/SOURCES.txt'
[4.814s] running build
[4.814s] running build_py
[4.815s] running install
[4.834s] running install_lib
[4.899s] running install_data
[4.899s] running install_egg_info
[4.952s] removing '/home/andrewlh/VSCode/ros2_ws/install/control/lib/python3.12/site-packages/control-0.1.0-py3.12.egg-info' (and everything under it)
[4.953s] Copying ../../build/control/control.egg-info to /home/andrewlh/VSCode/ros2_ws/install/control/lib/python3.12/site-packages/control-0.1.0-py3.12.egg-info
[4.959s] running install_scripts
[5.305s] Installing motion_planner_node script to /home/andrewlh/VSCode/ros2_ws/install/control/lib/control
[5.307s] Installing pose_to_command_node script to /home/andrewlh/VSCode/ros2_ws/install/control/lib/control
[5.308s] Installing teleop_node script to /home/andrewlh/VSCode/ros2_ws/install/control/lib/control
[5.308s] Installing trajectory_executor_node script to /home/andrewlh/VSCode/ros2_ws/install/control/lib/control
[5.308s] writing list of installed files to '/home/andrewlh/VSCode/ros2_ws/build/control/install.log'
[5.443s] Invoked command in '/home/andrewlh/VSCode/ros2_ws/src/control' returned '0': CONDA_PROMPT_MODIFIER=(base) DEBUGINFOD_URLS=https://debuginfod.ubuntu.com PYTHONPATH=/home/andrewlh/VSCode/ros2_ws/build/control/prefix_override:/usr/lib/python3/dist-packages/colcon_core/task/python/colcon_distutils_commands:/home/andrewlh/VSCode/ros2_ws/install/control/lib/python3.12/site-packages:${PYTHONPATH} /usr/bin/python3 -W ignore:setup.py install is deprecated -W ignore:easy_install command is deprecated setup.py egg_info --egg-base ../../build/control build --build-base /home/andrewlh/VSCode/ros2_ws/build/control/build install --record /home/andrewlh/VSCode/ros2_ws/build/control/install.log --single-version-externally-managed install_data
