running egg_info
creating ../../build/camera_interface/camera_interface.egg-info
writing ../../build/camera_interface/camera_interface.egg-info/PKG-INFO
writing dependency_links to ../../build/camera_interface/camera_interface.egg-info/dependency_links.txt
writing entry points to ../../build/camera_interface/camera_interface.egg-info/entry_points.txt
writing requirements to ../../build/camera_interface/camera_interface.egg-info/requires.txt
writing top-level names to ../../build/camera_interface/camera_interface.egg-info/top_level.txt
writing manifest file '../../build/camera_interface/camera_interface.egg-info/SOURCES.txt'
reading manifest file '../../build/camera_interface/camera_interface.egg-info/SOURCES.txt'
writing manifest file '../../build/camera_interface/camera_interface.egg-info/SOURCES.txt'
running build
running build_py
creating /home/andrewlh/VSCode/ros2_ws/build/camera_interface/build
creating /home/andrewlh/VSCode/ros2_ws/build/camera_interface/build/lib
creating /home/andrewlh/VSCode/ros2_ws/build/camera_interface/build/lib/camera_interface
copying camera_interface/__init__.py -> /home/andrewlh/VSCode/ros2_ws/build/camera_interface/build/lib/camera_interface
copying camera_interface/camera_info_node.py -> /home/andrewlh/VSCode/ros2_ws/build/camera_interface/build/lib/camera_interface
copying camera_interface/camera_node.py -> /home/andrewlh/VSCode/ros2_ws/build/camera_interface/build/lib/camera_interface
running install
running install_lib
creating /home/andrewlh/VSCode/ros2_ws/install/camera_interface/lib/python3.12/site-packages/camera_interface
copying /home/andrewlh/VSCode/ros2_ws/build/camera_interface/build/lib/camera_interface/__init__.py -> /home/andrewlh/VSCode/ros2_ws/install/camera_interface/lib/python3.12/site-packages/camera_interface
copying /home/andrewlh/VSCode/ros2_ws/build/camera_interface/build/lib/camera_interface/camera_info_node.py -> /home/andrewlh/VSCode/ros2_ws/install/camera_interface/lib/python3.12/site-packages/camera_interface
copying /home/andrewlh/VSCode/ros2_ws/build/camera_interface/build/lib/camera_interface/camera_node.py -> /home/andrewlh/VSCode/ros2_ws/install/camera_interface/lib/python3.12/site-packages/camera_interface
byte-compiling /home/andrewlh/VSCode/ros2_ws/install/camera_interface/lib/python3.12/site-packages/camera_interface/__init__.py to __init__.cpython-312.pyc
byte-compiling /home/andrewlh/VSCode/ros2_ws/install/camera_interface/lib/python3.12/site-packages/camera_interface/camera_info_node.py to camera_info_node.cpython-312.pyc
byte-compiling /home/andrewlh/VSCode/ros2_ws/install/camera_interface/lib/python3.12/site-packages/camera_interface/camera_node.py to camera_node.cpython-312.pyc
running install_data
creating /home/andrewlh/VSCode/ros2_ws/install/camera_interface/share/ament_index
creating /home/andrewlh/VSCode/ros2_ws/install/camera_interface/share/ament_index/resource_index
creating /home/andrewlh/VSCode/ros2_ws/install/camera_interface/share/ament_index/resource_index/packages
copying resource/camera_interface -> /home/andrewlh/VSCode/ros2_ws/install/camera_interface/share/ament_index/resource_index/packages
copying package.xml -> /home/andrewlh/VSCode/ros2_ws/install/camera_interface/share/camera_interface
running install_egg_info
Copying ../../build/camera_interface/camera_interface.egg-info to /home/andrewlh/VSCode/ros2_ws/install/camera_interface/lib/python3.12/site-packages/camera_interface-0.1.0-py3.12.egg-info
running install_scripts
Installing camera_info_node script to /home/andrewlh/VSCode/ros2_ws/install/camera_interface/lib/camera_interface
Installing camera_node script to /home/andrewlh/VSCode/ros2_ws/install/camera_interface/lib/camera_interface
writing list of installed files to '/home/andrewlh/VSCode/ros2_ws/build/camera_interface/install.log'
