[2.045s] Invoking command in '/home/andrewlh/VSCode/ros2_ws/src/control_system': CONDA_PROMPT_MODIFIER=(base) DEBUGINFOD_URLS=https://debuginfod.ubuntu.com PYTHONPATH=/home/andrewlh/VSCode/ros2_ws/build/control_system/prefix_override:/usr/lib/python3/dist-packages/colcon_core/task/python/colcon_distutils_commands:/home/andrewlh/VSCode/ros2_ws/install/control_system/lib/python3.12/site-packages:${PYTHONPATH} /usr/bin/python3 -W ignore:setup.py install is deprecated -W ignore:easy_install command is deprecated setup.py egg_info --egg-base ../../build/control_system build --build-base /home/andrewlh/VSCode/ros2_ws/build/control_system/build install --record /home/andrewlh/VSCode/ros2_ws/build/control_system/install.log --single-version-externally-managed install_data
[2.864s] running egg_info
[2.865s] creating ../../build/control_system/control_system.egg-info
[2.920s] writing ../../build/control_system/control_system.egg-info/PKG-INFO
[2.922s] writing dependency_links to ../../build/control_system/control_system.egg-info/dependency_links.txt
[2.922s] writing entry points to ../../build/control_system/control_system.egg-info/entry_points.txt
[2.923s] writing requirements to ../../build/control_system/control_system.egg-info/requires.txt
[2.923s] writing top-level names to ../../build/control_system/control_system.egg-info/top_level.txt
[2.928s] writing manifest file '../../build/control_system/control_system.egg-info/SOURCES.txt'
[3.052s] reading manifest file '../../build/control_system/control_system.egg-info/SOURCES.txt'
[3.054s] writing manifest file '../../build/control_system/control_system.egg-info/SOURCES.txt'
[3.055s] running build
[3.056s] running build_py
[3.056s] creating /home/andrewlh/VSCode/ros2_ws/build/control_system/build
[3.056s] creating /home/andrewlh/VSCode/ros2_ws/build/control_system/build/lib
[3.056s] creating /home/andrewlh/VSCode/ros2_ws/build/control_system/build/lib/cr3_control
[3.062s] copying cr3_control/__init__.py -> /home/andrewlh/VSCode/ros2_ws/build/control_system/build/lib/cr3_control
[3.062s] copying cr3_control/teleop_node.py -> /home/andrewlh/VSCode/ros2_ws/build/control_system/build/lib/cr3_control
[3.063s] copying cr3_control/setup.py -> /home/andrewlh/VSCode/ros2_ws/build/control_system/build/lib/cr3_control
[3.064s] copying cr3_control/pose_to_command_node.py -> /home/andrewlh/VSCode/ros2_ws/build/control_system/build/lib/cr3_control
[3.065s] copying cr3_control/motion_planner_node.py -> /home/andrewlh/VSCode/ros2_ws/build/control_system/build/lib/cr3_control
[3.065s] copying cr3_control/trajectory_executor_node.py -> /home/andrewlh/VSCode/ros2_ws/build/control_system/build/lib/cr3_control
[3.065s] creating /home/andrewlh/VSCode/ros2_ws/build/control_system/build/lib/control_system
[3.065s] copying control_system/__init__.py -> /home/andrewlh/VSCode/ros2_ws/build/control_system/build/lib/control_system
[3.065s] copying control_system/perception_control_node.py -> /home/andrewlh/VSCode/ros2_ws/build/control_system/build/lib/control_system
[3.065s] copying control_system/manual_control_node.py -> /home/andrewlh/VSCode/ros2_ws/build/control_system/build/lib/control_system
[3.065s] copying control_system/unified_control_node.py -> /home/andrewlh/VSCode/ros2_ws/build/control_system/build/lib/control_system
[3.065s] copying control_system/servo_interface_node.py -> /home/andrewlh/VSCode/ros2_ws/build/control_system/build/lib/control_system
[3.066s] copying control_system/mode_manager_node.py -> /home/andrewlh/VSCode/ros2_ws/build/control_system/build/lib/control_system
[3.066s] running install
[3.084s] running install_lib
[3.160s] creating /home/andrewlh/VSCode/ros2_ws/install/control_system/lib/python3.12/site-packages/cr3_control
[3.161s] copying /home/andrewlh/VSCode/ros2_ws/build/control_system/build/lib/cr3_control/__init__.py -> /home/andrewlh/VSCode/ros2_ws/install/control_system/lib/python3.12/site-packages/cr3_control
[3.162s] copying /home/andrewlh/VSCode/ros2_ws/build/control_system/build/lib/cr3_control/teleop_node.py -> /home/andrewlh/VSCode/ros2_ws/install/control_system/lib/python3.12/site-packages/cr3_control
[3.162s] copying /home/andrewlh/VSCode/ros2_ws/build/control_system/build/lib/cr3_control/setup.py -> /home/andrewlh/VSCode/ros2_ws/install/control_system/lib/python3.12/site-packages/cr3_control
[3.162s] copying /home/andrewlh/VSCode/ros2_ws/build/control_system/build/lib/cr3_control/pose_to_command_node.py -> /home/andrewlh/VSCode/ros2_ws/install/control_system/lib/python3.12/site-packages/cr3_control
[3.162s] copying /home/andrewlh/VSCode/ros2_ws/build/control_system/build/lib/cr3_control/motion_planner_node.py -> /home/andrewlh/VSCode/ros2_ws/install/control_system/lib/python3.12/site-packages/cr3_control
[3.162s] copying /home/andrewlh/VSCode/ros2_ws/build/control_system/build/lib/cr3_control/trajectory_executor_node.py -> /home/andrewlh/VSCode/ros2_ws/install/control_system/lib/python3.12/site-packages/cr3_control
[3.163s] creating /home/andrewlh/VSCode/ros2_ws/install/control_system/lib/python3.12/site-packages/control_system
[3.163s] copying /home/andrewlh/VSCode/ros2_ws/build/control_system/build/lib/control_system/__init__.py -> /home/andrewlh/VSCode/ros2_ws/install/control_system/lib/python3.12/site-packages/control_system
[3.163s] copying /home/andrewlh/VSCode/ros2_ws/build/control_system/build/lib/control_system/perception_control_node.py -> /home/andrewlh/VSCode/ros2_ws/install/control_system/lib/python3.12/site-packages/control_system
[3.163s] copying /home/andrewlh/VSCode/ros2_ws/build/control_system/build/lib/control_system/manual_control_node.py -> /home/andrewlh/VSCode/ros2_ws/install/control_system/lib/python3.12/site-packages/control_system
[3.163s] copying /home/andrewlh/VSCode/ros2_ws/build/control_system/build/lib/control_system/unified_control_node.py -> /home/andrewlh/VSCode/ros2_ws/install/control_system/lib/python3.12/site-packages/control_system
[3.163s] copying /home/andrewlh/VSCode/ros2_ws/build/control_system/build/lib/control_system/servo_interface_node.py -> /home/andrewlh/VSCode/ros2_ws/install/control_system/lib/python3.12/site-packages/control_system
[3.163s] copying /home/andrewlh/VSCode/ros2_ws/build/control_system/build/lib/control_system/mode_manager_node.py -> /home/andrewlh/VSCode/ros2_ws/install/control_system/lib/python3.12/site-packages/control_system
[3.163s] byte-compiling /home/andrewlh/VSCode/ros2_ws/install/control_system/lib/python3.12/site-packages/cr3_control/__init__.py to __init__.cpython-312.pyc
[3.172s] byte-compiling /home/andrewlh/VSCode/ros2_ws/install/control_system/lib/python3.12/site-packages/cr3_control/teleop_node.py to teleop_node.cpython-312.pyc
[3.173s] byte-compiling /home/andrewlh/VSCode/ros2_ws/install/control_system/lib/python3.12/site-packages/cr3_control/setup.py to setup.cpython-312.pyc
[3.173s] byte-compiling /home/andrewlh/VSCode/ros2_ws/install/control_system/lib/python3.12/site-packages/cr3_control/pose_to_command_node.py to pose_to_command_node.cpython-312.pyc
[3.173s] byte-compiling /home/andrewlh/VSCode/ros2_ws/install/control_system/lib/python3.12/site-packages/cr3_control/motion_planner_node.py to motion_planner_node.cpython-312.pyc
[3.173s] byte-compiling /home/andrewlh/VSCode/ros2_ws/install/control_system/lib/python3.12/site-packages/cr3_control/trajectory_executor_node.py to trajectory_executor_node.cpython-312.pyc
[3.173s] byte-compiling /home/andrewlh/VSCode/ros2_ws/install/control_system/lib/python3.12/site-packages/control_system/__init__.py to __init__.cpython-312.pyc
[3.176s] byte-compiling /home/andrewlh/VSCode/ros2_ws/install/control_system/lib/python3.12/site-packages/control_system/perception_control_node.py to perception_control_node.cpython-312.pyc
[3.181s] byte-compiling /home/andrewlh/VSCode/ros2_ws/install/control_system/lib/python3.12/site-packages/control_system/manual_control_node.py to manual_control_node.cpython-312.pyc
[3.186s] byte-compiling /home/andrewlh/VSCode/ros2_ws/install/control_system/lib/python3.12/site-packages/control_system/unified_control_node.py to unified_control_node.cpython-312.pyc
[3.192s] byte-compiling /home/andrewlh/VSCode/ros2_ws/install/control_system/lib/python3.12/site-packages/control_system/servo_interface_node.py to servo_interface_node.cpython-312.pyc
[3.195s] byte-compiling /home/andrewlh/VSCode/ros2_ws/install/control_system/lib/python3.12/site-packages/control_system/mode_manager_node.py to mode_manager_node.cpython-312.pyc
[3.204s] error: can't copy 'package.xml': doesn't exist or not a regular file
[3.208s] running install_data
[3.208s] creating /home/andrewlh/VSCode/ros2_ws/install/control_system/share
[3.208s] creating /home/andrewlh/VSCode/ros2_ws/install/control_system/share/ament_index
[3.209s] creating /home/andrewlh/VSCode/ros2_ws/install/control_system/share/ament_index/resource_index
[3.210s] creating /home/andrewlh/VSCode/ros2_ws/install/control_system/share/ament_index/resource_index/packages
[3.210s] copying resource/control_system -> /home/andrewlh/VSCode/ros2_ws/install/control_system/share/ament_index/resource_index/packages
[3.210s] creating /home/andrewlh/VSCode/ros2_ws/install/control_system/share/control_system
[3.297s] Invoked command in '/home/andrewlh/VSCode/ros2_ws/src/control_system' returned '1': CONDA_PROMPT_MODIFIER=(base) DEBUGINFOD_URLS=https://debuginfod.ubuntu.com PYTHONPATH=/home/andrewlh/VSCode/ros2_ws/build/control_system/prefix_override:/usr/lib/python3/dist-packages/colcon_core/task/python/colcon_distutils_commands:/home/andrewlh/VSCode/ros2_ws/install/control_system/lib/python3.12/site-packages:${PYTHONPATH} /usr/bin/python3 -W ignore:setup.py install is deprecated -W ignore:easy_install command is deprecated setup.py egg_info --egg-base ../../build/control_system build --build-base /home/andrewlh/VSCode/ros2_ws/build/control_system/build install --record /home/andrewlh/VSCode/ros2_ws/build/control_system/install.log --single-version-externally-managed install_data
