[1.920s] Invoking command in '/home/andrewlh/VSCode/ros2_ws/src/ui': CONDA_PROMPT_MODIFIER=(base) DEBUGINFOD_URLS=https://debuginfod.ubuntu.com PYTHONPATH=/home/andrewlh/VSCode/ros2_ws/build/ui/prefix_override:/usr/lib/python3/dist-packages/colcon_core/task/python/colcon_distutils_commands:/home/andrewlh/VSCode/ros2_ws/install/ui/lib/python3.12/site-packages:${PYTHONPATH} /usr/bin/python3 -W ignore:setup.py install is deprecated -W ignore:easy_install command is deprecated setup.py egg_info --egg-base ../../build/ui build --build-base /home/andrewlh/VSCode/ros2_ws/build/ui/build install --record /home/andrewlh/VSCode/ros2_ws/build/ui/install.log --single-version-externally-managed install_data
[2.384s] running egg_info
[2.384s] creating ../../build/ui/ui.egg-info
[2.415s] writing ../../build/ui/ui.egg-info/PKG-INFO
[2.418s] writing dependency_links to ../../build/ui/ui.egg-info/dependency_links.txt
[2.418s] writing entry points to ../../build/ui/ui.egg-info/entry_points.txt
[2.418s] writing requirements to ../../build/ui/ui.egg-info/requires.txt
[2.418s] writing top-level names to ../../build/ui/ui.egg-info/top_level.txt
[2.419s] writing manifest file '../../build/ui/ui.egg-info/SOURCES.txt'
[2.477s] reading manifest file '../../build/ui/ui.egg-info/SOURCES.txt'
[2.478s] writing manifest file '../../build/ui/ui.egg-info/SOURCES.txt'
[2.478s] running build
[2.479s] running build_py
[2.479s] creating /home/andrewlh/VSCode/ros2_ws/build/ui/build
[2.480s] creating /home/andrewlh/VSCode/ros2_ws/build/ui/build/lib
[2.480s] creating /home/andrewlh/VSCode/ros2_ws/build/ui/build/lib/ui
[2.481s] copying ui/__init__.py -> /home/andrewlh/VSCode/ros2_ws/build/ui/build/lib/ui
[2.482s] copying ui/mode_switcher_node.py -> /home/andrewlh/VSCode/ros2_ws/build/ui/build/lib/ui
[2.482s] copying ui/ui_visualization.py -> /home/andrewlh/VSCode/ros2_ws/build/ui/build/lib/ui
[2.482s] copying ui/ui_window_manager.py -> /home/andrewlh/VSCode/ros2_ws/build/ui/build/lib/ui
[2.484s] copying ui/ui_button_controller.py -> /home/andrewlh/VSCode/ros2_ws/build/ui/build/lib/ui
[2.484s] copying ui/ui_dashboard_node_modular.py -> /home/andrewlh/VSCode/ros2_ws/build/ui/build/lib/ui
[2.485s] running install
[2.496s] running install_lib
[2.536s] creating /home/andrewlh/VSCode/ros2_ws/install/ui/lib/python3.12/site-packages/ui
[2.537s] copying /home/andrewlh/VSCode/ros2_ws/build/ui/build/lib/ui/__init__.py -> /home/andrewlh/VSCode/ros2_ws/install/ui/lib/python3.12/site-packages/ui
[2.537s] copying /home/andrewlh/VSCode/ros2_ws/build/ui/build/lib/ui/mode_switcher_node.py -> /home/andrewlh/VSCode/ros2_ws/install/ui/lib/python3.12/site-packages/ui
[2.537s] copying /home/andrewlh/VSCode/ros2_ws/build/ui/build/lib/ui/ui_visualization.py -> /home/andrewlh/VSCode/ros2_ws/install/ui/lib/python3.12/site-packages/ui
[2.537s] copying /home/andrewlh/VSCode/ros2_ws/build/ui/build/lib/ui/ui_window_manager.py -> /home/andrewlh/VSCode/ros2_ws/install/ui/lib/python3.12/site-packages/ui
[2.538s] copying /home/andrewlh/VSCode/ros2_ws/build/ui/build/lib/ui/ui_button_controller.py -> /home/andrewlh/VSCode/ros2_ws/install/ui/lib/python3.12/site-packages/ui
[2.538s] copying /home/andrewlh/VSCode/ros2_ws/build/ui/build/lib/ui/ui_dashboard_node_modular.py -> /home/andrewlh/VSCode/ros2_ws/install/ui/lib/python3.12/site-packages/ui
[2.539s] byte-compiling /home/andrewlh/VSCode/ros2_ws/install/ui/lib/python3.12/site-packages/ui/__init__.py to __init__.cpython-312.pyc
[2.543s] byte-compiling /home/andrewlh/VSCode/ros2_ws/install/ui/lib/python3.12/site-packages/ui/mode_switcher_node.py to mode_switcher_node.cpython-312.pyc
[2.545s] byte-compiling /home/andrewlh/VSCode/ros2_ws/install/ui/lib/python3.12/site-packages/ui/ui_visualization.py to ui_visualization.cpython-312.pyc
[2.548s] byte-compiling /home/andrewlh/VSCode/ros2_ws/install/ui/lib/python3.12/site-packages/ui/ui_window_manager.py to ui_window_manager.cpython-312.pyc
[2.550s] byte-compiling /home/andrewlh/VSCode/ros2_ws/install/ui/lib/python3.12/site-packages/ui/ui_button_controller.py to ui_button_controller.cpython-312.pyc
[2.554s] byte-compiling /home/andrewlh/VSCode/ros2_ws/install/ui/lib/python3.12/site-packages/ui/ui_dashboard_node_modular.py to ui_dashboard_node_modular.cpython-312.pyc
[2.555s] running install_data
[2.555s] creating /home/andrewlh/VSCode/ros2_ws/install/ui/share/ament_index
[2.556s] creating /home/andrewlh/VSCode/ros2_ws/install/ui/share/ament_index/resource_index
[2.566s] creating /home/andrewlh/VSCode/ros2_ws/install/ui/share/ament_index/resource_index/packages
[2.567s] copying resource/ui -> /home/andrewlh/VSCode/ros2_ws/install/ui/share/ament_index/resource_index/packages
[2.567s] copying package.xml -> /home/andrewlh/VSCode/ros2_ws/install/ui/share/ui
[2.567s] running install_egg_info
[2.619s] Copying ../../build/ui/ui.egg-info to /home/andrewlh/VSCode/ros2_ws/install/ui/lib/python3.12/site-packages/ui-0.1.0-py3.12.egg-info
[2.624s] running install_scripts
[2.930s] Installing mode_switcher_node script to /home/andrewlh/VSCode/ros2_ws/install/ui/lib/ui
[2.931s] Installing ui_dashboard_node script to /home/andrewlh/VSCode/ros2_ws/install/ui/lib/ui
[2.932s] writing list of installed files to '/home/andrewlh/VSCode/ros2_ws/build/ui/install.log'
[2.981s] Invoked command in '/home/andrewlh/VSCode/ros2_ws/src/ui' returned '0': CONDA_PROMPT_MODIFIER=(base) DEBUGINFOD_URLS=https://debuginfod.ubuntu.com PYTHONPATH=/home/andrewlh/VSCode/ros2_ws/build/ui/prefix_override:/usr/lib/python3/dist-packages/colcon_core/task/python/colcon_distutils_commands:/home/andrewlh/VSCode/ros2_ws/install/ui/lib/python3.12/site-packages:${PYTHONPATH} /usr/bin/python3 -W ignore:setup.py install is deprecated -W ignore:easy_install command is deprecated setup.py egg_info --egg-base ../../build/ui build --build-base /home/andrewlh/VSCode/ros2_ws/build/ui/build install --record /home/andrewlh/VSCode/ros2_ws/build/ui/install.log --single-version-externally-managed install_data
