[5.160s] Invoking command in '/home/andrewlh/VSCode/ros2_ws/build/ui': CONDA_PROMPT_MODIFIER=(base) DEBUGINFOD_URLS=https://debuginfod.ubuntu.com PYTHONPATH=/home/andrewlh/VSCode/ros2_ws/build/ui/prefix_override:/usr/lib/python3/dist-packages/colcon_core/task/python/colcon_distutils_commands:/home/andrewlh/VSCode/ros2_ws/install/ui/lib/python3.12/site-packages:${PYTHONPATH} /usr/bin/python3 -W ignore:setup.py install is deprecated -W ignore:easy_install command is deprecated setup.py develop --editable --build-directory /home/andrewlh/VSCode/ros2_ws/build/ui/build --no-deps symlink_data
[7.012s] running develop
[7.974s] running egg_info
[8.049s] writing ui.egg-info/PKG-INFO
[8.050s] writing dependency_links to ui.egg-info/dependency_links.txt
[8.055s] writing entry points to ui.egg-info/entry_points.txt
[8.055s] writing requirements to ui.egg-info/requires.txt
[8.061s] writing top-level names to ui.egg-info/top_level.txt
[8.199s] reading manifest file 'ui.egg-info/SOURCES.txt'
[8.199s] writing manifest file 'ui.egg-info/SOURCES.txt'
[8.276s] running build_ext
[8.290s] Creating /home/andrewlh/VSCode/ros2_ws/install/ui/lib/python3.12/site-packages/ui.egg-link (link to .)
[8.291s] Installing mode_switcher_node script to /home/andrewlh/VSCode/ros2_ws/install/ui/bin
[8.291s] Installing ui_dashboard_node script to /home/andrewlh/VSCode/ros2_ws/install/ui/bin
[8.291s] 
[8.291s] Installed /home/andrewlh/VSCode/ros2_ws/build/ui
[8.292s] running symlink_data
[8.292s] creating /home/andrewlh/VSCode/ros2_ws/install/ui/share/ament_index
[8.292s] creating /home/andrewlh/VSCode/ros2_ws/install/ui/share/ament_index/resource_index
[8.292s] creating /home/andrewlh/VSCode/ros2_ws/install/ui/share/ament_index/resource_index/packages
[8.292s] symbolically linking /home/andrewlh/VSCode/ros2_ws/build/ui/resource/ui -> /home/andrewlh/VSCode/ros2_ws/install/ui/share/ament_index/resource_index/packages
[8.293s] symbolically linking /home/andrewlh/VSCode/ros2_ws/build/ui/package.xml -> /home/andrewlh/VSCode/ros2_ws/install/ui/share/ui
[8.537s] Invoked command in '/home/andrewlh/VSCode/ros2_ws/build/ui' returned '0': CONDA_PROMPT_MODIFIER=(base) DEBUGINFOD_URLS=https://debuginfod.ubuntu.com PYTHONPATH=/home/andrewlh/VSCode/ros2_ws/build/ui/prefix_override:/usr/lib/python3/dist-packages/colcon_core/task/python/colcon_distutils_commands:/home/andrewlh/VSCode/ros2_ws/install/ui/lib/python3.12/site-packages:${PYTHONPATH} /usr/bin/python3 -W ignore:setup.py install is deprecated -W ignore:easy_install command is deprecated setup.py develop --editable --build-directory /home/andrewlh/VSCode/ros2_ws/build/ui/build --no-deps symlink_data
