running develop
running egg_info
creating sim_interface.egg-info
writing sim_interface.egg-info/PKG-INFO
writing dependency_links to sim_interface.egg-info/dependency_links.txt
writing entry points to sim_interface.egg-info/entry_points.txt
writing requirements to sim_interface.egg-info/requires.txt
writing top-level names to sim_interface.egg-info/top_level.txt
writing manifest file 'sim_interface.egg-info/SOURCES.txt'
reading manifest file 'sim_interface.egg-info/SOURCES.txt'
writing manifest file 'sim_interface.egg-info/SOURCES.txt'
running build_ext
Creating /home/andrewlh/VSCode/ros2_ws/install/sim_interface/lib/python3.12/site-packages/sim-interface.egg-link (link to .)
Installing sim_world_interface_node script to /home/andrewlh/VSCode/ros2_ws/install/sim_interface/bin
Installing simulator_node script to /home/andrewlh/VSCode/ros2_ws/install/sim_interface/bin

Installed /home/andrewlh/VSCode/ros2_ws/build/sim_interface
running symlink_data
creating /home/andrewlh/VSCode/ros2_ws/install/sim_interface/share/ament_index
creating /home/andrewlh/VSCode/ros2_ws/install/sim_interface/share/ament_index/resource_index
creating /home/andrewlh/VSCode/ros2_ws/install/sim_interface/share/ament_index/resource_index/packages
symbolically linking /home/andrewlh/VSCode/ros2_ws/build/sim_interface/resource/sim_interface -> /home/andrewlh/VSCode/ros2_ws/install/sim_interface/share/ament_index/resource_index/packages
symbolically linking /home/andrewlh/VSCode/ros2_ws/build/sim_interface/package.xml -> /home/andrewlh/VSCode/ros2_ws/install/sim_interface/share/sim_interface
