[5.726s] Invoking command in '/home/andrewlh/VSCode/ros2_ws/build/sim_interface': CONDA_PROMPT_MODIFIER=(base) DEBUGINFOD_URLS=https://debuginfod.ubuntu.com PYTHONPATH=/home/andrewlh/VSCode/ros2_ws/build/sim_interface/prefix_override:/usr/lib/python3/dist-packages/colcon_core/task/python/colcon_distutils_commands:/home/andrewlh/VSCode/ros2_ws/install/sim_interface/lib/python3.12/site-packages:${PYTHONPATH} /usr/bin/python3 -W ignore:setup.py install is deprecated -W ignore:easy_install command is deprecated setup.py develop --editable --build-directory /home/andrewlh/VSCode/ros2_ws/build/sim_interface/build --no-deps symlink_data
[7.175s] running develop
[7.784s] running egg_info
[7.787s] creating sim_interface.egg-info
[7.844s] writing sim_interface.egg-info/PKG-INFO
[7.850s] writing dependency_links to sim_interface.egg-info/dependency_links.txt
[7.853s] writing entry points to sim_interface.egg-info/entry_points.txt
[7.855s] writing requirements to sim_interface.egg-info/requires.txt
[7.855s] writing top-level names to sim_interface.egg-info/top_level.txt
[7.856s] writing manifest file 'sim_interface.egg-info/SOURCES.txt'
[7.993s] reading manifest file 'sim_interface.egg-info/SOURCES.txt'
[7.998s] writing manifest file 'sim_interface.egg-info/SOURCES.txt'
[8.075s] running build_ext
[8.076s] Creating /home/andrewlh/VSCode/ros2_ws/install/sim_interface/lib/python3.12/site-packages/sim-interface.egg-link (link to .)
[8.076s] Installing sim_world_interface_node script to /home/andrewlh/VSCode/ros2_ws/install/sim_interface/bin
[8.082s] Installing simulator_node script to /home/andrewlh/VSCode/ros2_ws/install/sim_interface/bin
[8.087s] 
[8.088s] Installed /home/andrewlh/VSCode/ros2_ws/build/sim_interface
[8.088s] running symlink_data
[8.088s] creating /home/andrewlh/VSCode/ros2_ws/install/sim_interface/share/ament_index
[8.089s] creating /home/andrewlh/VSCode/ros2_ws/install/sim_interface/share/ament_index/resource_index
[8.097s] creating /home/andrewlh/VSCode/ros2_ws/install/sim_interface/share/ament_index/resource_index/packages
[8.097s] symbolically linking /home/andrewlh/VSCode/ros2_ws/build/sim_interface/resource/sim_interface -> /home/andrewlh/VSCode/ros2_ws/install/sim_interface/share/ament_index/resource_index/packages
[8.098s] symbolically linking /home/andrewlh/VSCode/ros2_ws/build/sim_interface/package.xml -> /home/andrewlh/VSCode/ros2_ws/install/sim_interface/share/sim_interface
[8.234s] Invoked command in '/home/andrewlh/VSCode/ros2_ws/build/sim_interface' returned '0': CONDA_PROMPT_MODIFIER=(base) DEBUGINFOD_URLS=https://debuginfod.ubuntu.com PYTHONPATH=/home/andrewlh/VSCode/ros2_ws/build/sim_interface/prefix_override:/usr/lib/python3/dist-packages/colcon_core/task/python/colcon_distutils_commands:/home/andrewlh/VSCode/ros2_ws/install/sim_interface/lib/python3.12/site-packages:${PYTHONPATH} /usr/bin/python3 -W ignore:setup.py install is deprecated -W ignore:easy_install command is deprecated setup.py develop --editable --build-directory /home/andrewlh/VSCode/ros2_ws/build/sim_interface/build --no-deps symlink_data
