[5.544s] Invoking command in '/home/andrewlh/VSCode/ros2_ws/src/sim_interface': CONDA_PROMPT_MODIFIER=(base) DEBUGINFOD_URLS=https://debuginfod.ubuntu.com PYTHONPATH=/home/andrewlh/VSCode/ros2_ws/build/sim_interface/prefix_override:/usr/lib/python3/dist-packages/colcon_core/task/python/colcon_distutils_commands:/home/andrewlh/VSCode/ros2_ws/install/sim_interface/lib/python3.12/site-packages:${PYTHONPATH} /usr/bin/python3 -W ignore:setup.py install is deprecated -W ignore:easy_install command is deprecated setup.py egg_info --egg-base ../../build/sim_interface build --build-base /home/andrewlh/VSCode/ros2_ws/build/sim_interface/build install --record /home/andrewlh/VSCode/ros2_ws/build/sim_interface/install.log --single-version-externally-managed install_data
[7.290s] running egg_info
[7.290s] creating ../../build/sim_interface/sim_interface.egg-info
[7.291s] writing ../../build/sim_interface/sim_interface.egg-info/PKG-INFO
[7.291s] writing dependency_links to ../../build/sim_interface/sim_interface.egg-info/dependency_links.txt
[7.291s] writing entry points to ../../build/sim_interface/sim_interface.egg-info/entry_points.txt
[7.291s] writing requirements to ../../build/sim_interface/sim_interface.egg-info/requires.txt
[7.291s] writing top-level names to ../../build/sim_interface/sim_interface.egg-info/top_level.txt
[7.291s] writing manifest file '../../build/sim_interface/sim_interface.egg-info/SOURCES.txt'
[7.292s] reading manifest file '../../build/sim_interface/sim_interface.egg-info/SOURCES.txt'
[7.292s] writing manifest file '../../build/sim_interface/sim_interface.egg-info/SOURCES.txt'
[7.292s] running build
[7.292s] running build_py
[7.292s] creating /home/andrewlh/VSCode/ros2_ws/build/sim_interface/build
[7.292s] creating /home/andrewlh/VSCode/ros2_ws/build/sim_interface/build/lib
[7.292s] creating /home/andrewlh/VSCode/ros2_ws/build/sim_interface/build/lib/sim_interface
[7.292s] copying sim_interface/__init__.py -> /home/andrewlh/VSCode/ros2_ws/build/sim_interface/build/lib/sim_interface
[7.293s] copying sim_interface/sim_world_interface_node.py -> /home/andrewlh/VSCode/ros2_ws/build/sim_interface/build/lib/sim_interface
[7.293s] copying sim_interface/simulator_node.py -> /home/andrewlh/VSCode/ros2_ws/build/sim_interface/build/lib/sim_interface
[7.304s] running install
[7.305s] running install_lib
[7.305s] creating /home/andrewlh/VSCode/ros2_ws/install/sim_interface/lib/python3.12/site-packages/sim_interface
[7.305s] copying /home/andrewlh/VSCode/ros2_ws/build/sim_interface/build/lib/sim_interface/__init__.py -> /home/andrewlh/VSCode/ros2_ws/install/sim_interface/lib/python3.12/site-packages/sim_interface
[7.305s] copying /home/andrewlh/VSCode/ros2_ws/build/sim_interface/build/lib/sim_interface/sim_world_interface_node.py -> /home/andrewlh/VSCode/ros2_ws/install/sim_interface/lib/python3.12/site-packages/sim_interface
[7.305s] copying /home/andrewlh/VSCode/ros2_ws/build/sim_interface/build/lib/sim_interface/simulator_node.py -> /home/andrewlh/VSCode/ros2_ws/install/sim_interface/lib/python3.12/site-packages/sim_interface
[7.305s] byte-compiling /home/andrewlh/VSCode/ros2_ws/install/sim_interface/lib/python3.12/site-packages/sim_interface/__init__.py to __init__.cpython-312.pyc
[7.306s] byte-compiling /home/andrewlh/VSCode/ros2_ws/install/sim_interface/lib/python3.12/site-packages/sim_interface/sim_world_interface_node.py to sim_world_interface_node.cpython-312.pyc
[7.306s] byte-compiling /home/andrewlh/VSCode/ros2_ws/install/sim_interface/lib/python3.12/site-packages/sim_interface/simulator_node.py to simulator_node.cpython-312.pyc
[7.308s] running install_data
[7.308s] creating /home/andrewlh/VSCode/ros2_ws/install/sim_interface/share/ament_index
[7.309s] creating /home/andrewlh/VSCode/ros2_ws/install/sim_interface/share/ament_index/resource_index
[7.309s] creating /home/andrewlh/VSCode/ros2_ws/install/sim_interface/share/ament_index/resource_index/packages
[7.310s] copying resource/sim_interface -> /home/andrewlh/VSCode/ros2_ws/install/sim_interface/share/ament_index/resource_index/packages
[7.310s] copying package.xml -> /home/andrewlh/VSCode/ros2_ws/install/sim_interface/share/sim_interface
[7.310s] running install_egg_info
[7.310s] Copying ../../build/sim_interface/sim_interface.egg-info to /home/andrewlh/VSCode/ros2_ws/install/sim_interface/lib/python3.12/site-packages/sim_interface-0.1.0-py3.12.egg-info
[7.310s] running install_scripts
[7.660s] Installing sim_world_interface_node script to /home/andrewlh/VSCode/ros2_ws/install/sim_interface/lib/sim_interface
[7.663s] Installing simulator_node script to /home/andrewlh/VSCode/ros2_ws/install/sim_interface/lib/sim_interface
[7.663s] writing list of installed files to '/home/andrewlh/VSCode/ros2_ws/build/sim_interface/install.log'
[8.060s] Invoked command in '/home/andrewlh/VSCode/ros2_ws/src/sim_interface' returned '0': CONDA_PROMPT_MODIFIER=(base) DEBUGINFOD_URLS=https://debuginfod.ubuntu.com PYTHONPATH=/home/andrewlh/VSCode/ros2_ws/build/sim_interface/prefix_override:/usr/lib/python3/dist-packages/colcon_core/task/python/colcon_distutils_commands:/home/andrewlh/VSCode/ros2_ws/install/sim_interface/lib/python3.12/site-packages:${PYTHONPATH} /usr/bin/python3 -W ignore:setup.py install is deprecated -W ignore:easy_install command is deprecated setup.py egg_info --egg-base ../../build/sim_interface build --build-base /home/andrewlh/VSCode/ros2_ws/build/sim_interface/build install --record /home/andrewlh/VSCode/ros2_ws/build/sim_interface/install.log --single-version-externally-managed install_data
