[4.766s] Invoking command in '/home/andrewlh/VSCode/ros2_ws/src/cr3_interface': CONDA_PROMPT_MODIFIER=(base) DEBUGINFOD_URLS=https://debuginfod.ubuntu.com PYTHONPATH=/home/andrewlh/VSCode/ros2_ws/build/cr3_interface/prefix_override:/usr/lib/python3/dist-packages/colcon_core/task/python/colcon_distutils_commands:/home/andrewlh/VSCode/ros2_ws/install/cr3_interface/lib/python3.12/site-packages:${PYTHONPATH} /usr/bin/python3 -W ignore:setup.py install is deprecated -W ignore:easy_install command is deprecated setup.py egg_info --egg-base ../../build/cr3_interface build --build-base /home/andrewlh/VSCode/ros2_ws/build/cr3_interface/build install --record /home/andrewlh/VSCode/ros2_ws/build/cr3_interface/install.log --single-version-externally-managed install_data
[5.528s] running egg_info
[5.579s] writing ../../build/cr3_interface/cr3_interface.egg-info/PKG-INFO
[5.585s] writing dependency_links to ../../build/cr3_interface/cr3_interface.egg-info/dependency_links.txt
[5.585s] writing entry points to ../../build/cr3_interface/cr3_interface.egg-info/entry_points.txt
[5.585s] writing requirements to ../../build/cr3_interface/cr3_interface.egg-info/requires.txt
[5.585s] writing top-level names to ../../build/cr3_interface/cr3_interface.egg-info/top_level.txt
[5.696s] reading manifest file '../../build/cr3_interface/cr3_interface.egg-info/SOURCES.txt'
[5.699s] writing manifest file '../../build/cr3_interface/cr3_interface.egg-info/SOURCES.txt'
[5.700s] running build
[5.700s] running build_py
[5.703s] running install
[5.723s] running install_lib
[5.774s] running install_data
[5.775s] running install_egg_info
[5.838s] removing '/home/andrewlh/VSCode/ros2_ws/install/cr3_interface/lib/python3.12/site-packages/cr3_interface-0.1.0-py3.12.egg-info' (and everything under it)
[5.843s] Copying ../../build/cr3_interface/cr3_interface.egg-info to /home/andrewlh/VSCode/ros2_ws/install/cr3_interface/lib/python3.12/site-packages/cr3_interface-0.1.0-py3.12.egg-info
[5.845s] running install_scripts
[6.259s] Installing cr3_controller_node script to /home/andrewlh/VSCode/ros2_ws/install/cr3_interface/lib/cr3_interface
[6.260s] Installing hand_controller_node script to /home/andrewlh/VSCode/ros2_ws/install/cr3_interface/lib/cr3_interface
[6.260s] Installing joint_state_publisher_node script to /home/andrewlh/VSCode/ros2_ws/install/cr3_interface/lib/cr3_interface
[6.260s] Installing tf_broadcaster_node script to /home/andrewlh/VSCode/ros2_ws/install/cr3_interface/lib/cr3_interface
[6.260s] writing list of installed files to '/home/andrewlh/VSCode/ros2_ws/build/cr3_interface/install.log'
[6.348s] Invoked command in '/home/andrewlh/VSCode/ros2_ws/src/cr3_interface' returned '0': CONDA_PROMPT_MODIFIER=(base) DEBUGINFOD_URLS=https://debuginfod.ubuntu.com PYTHONPATH=/home/andrewlh/VSCode/ros2_ws/build/cr3_interface/prefix_override:/usr/lib/python3/dist-packages/colcon_core/task/python/colcon_distutils_commands:/home/andrewlh/VSCode/ros2_ws/install/cr3_interface/lib/python3.12/site-packages:${PYTHONPATH} /usr/bin/python3 -W ignore:setup.py install is deprecated -W ignore:easy_install command is deprecated setup.py egg_info --egg-base ../../build/cr3_interface build --build-base /home/andrewlh/VSCode/ros2_ws/build/cr3_interface/build install --record /home/andrewlh/VSCode/ros2_ws/build/cr3_interface/install.log --single-version-externally-managed install_data
