[3.829s] Invoking command in '/home/andrewlh/VSCode/ros2_ws/src/sim_interface': CONDA_PROMPT_MODIFIER=(base) DEBUGINFOD_URLS=https://debuginfod.ubuntu.com PYTHONPATH=/home/andrewlh/VSCode/ros2_ws/build/sim_interface/prefix_override:/usr/lib/python3/dist-packages/colcon_core/task/python/colcon_distutils_commands:/home/andrewlh/VSCode/ros2_ws/install/sim_interface/lib/python3.12/site-packages:${PYTHONPATH} /usr/bin/python3 -W ignore:setup.py install is deprecated -W ignore:easy_install command is deprecated setup.py egg_info --egg-base ../../build/sim_interface build --build-base /home/andrewlh/VSCode/ros2_ws/build/sim_interface/build install --record /home/andrewlh/VSCode/ros2_ws/build/sim_interface/install.log --single-version-externally-managed install_data
[5.143s] running egg_info
[5.144s] writing ../../build/sim_interface/sim_interface.egg-info/PKG-INFO
[5.144s] writing dependency_links to ../../build/sim_interface/sim_interface.egg-info/dependency_links.txt
[5.144s] writing entry points to ../../build/sim_interface/sim_interface.egg-info/entry_points.txt
[5.144s] writing requirements to ../../build/sim_interface/sim_interface.egg-info/requires.txt
[5.144s] writing top-level names to ../../build/sim_interface/sim_interface.egg-info/top_level.txt
[5.144s] reading manifest file '../../build/sim_interface/sim_interface.egg-info/SOURCES.txt'
[5.145s] writing manifest file '../../build/sim_interface/sim_interface.egg-info/SOURCES.txt'
[5.145s] running build
[5.145s] running build_py
[5.145s] running install
[5.145s] running install_lib
[5.145s] running install_data
[5.145s] running install_egg_info
[5.145s] removing '/home/andrewlh/VSCode/ros2_ws/install/sim_interface/lib/python3.12/site-packages/sim_interface-0.1.0-py3.12.egg-info' (and everything under it)
[5.146s] Copying ../../build/sim_interface/sim_interface.egg-info to /home/andrewlh/VSCode/ros2_ws/install/sim_interface/lib/python3.12/site-packages/sim_interface-0.1.0-py3.12.egg-info
[5.146s] running install_scripts
[5.274s] Installing sim_world_interface_node script to /home/andrewlh/VSCode/ros2_ws/install/sim_interface/lib/sim_interface
[5.275s] Installing simulator_node script to /home/andrewlh/VSCode/ros2_ws/install/sim_interface/lib/sim_interface
[5.276s] writing list of installed files to '/home/andrewlh/VSCode/ros2_ws/build/sim_interface/install.log'
[5.350s] Invoked command in '/home/andrewlh/VSCode/ros2_ws/src/sim_interface' returned '0': CONDA_PROMPT_MODIFIER=(base) DEBUGINFOD_URLS=https://debuginfod.ubuntu.com PYTHONPATH=/home/andrewlh/VSCode/ros2_ws/build/sim_interface/prefix_override:/usr/lib/python3/dist-packages/colcon_core/task/python/colcon_distutils_commands:/home/andrewlh/VSCode/ros2_ws/install/sim_interface/lib/python3.12/site-packages:${PYTHONPATH} /usr/bin/python3 -W ignore:setup.py install is deprecated -W ignore:easy_install command is deprecated setup.py egg_info --egg-base ../../build/sim_interface build --build-base /home/andrewlh/VSCode/ros2_ws/build/sim_interface/build install --record /home/andrewlh/VSCode/ros2_ws/build/sim_interface/install.log --single-version-externally-managed install_data
