[4.800s] Invoking command in '/home/andrewlh/VSCode/ros2_ws/src/servo_control': CONDA_PROMPT_MODIFIER=(base) DEBUGINFOD_URLS=https://debuginfod.ubuntu.com PYTHONPATH=/home/andrewlh/VSCode/ros2_ws/build/servo_control/prefix_override:/usr/lib/python3/dist-packages/colcon_core/task/python/colcon_distutils_commands:/home/andrewlh/VSCode/ros2_ws/install/servo_control/lib/python3.12/site-packages:${PYTHONPATH} /usr/bin/python3 -W ignore:setup.py install is deprecated -W ignore:easy_install command is deprecated setup.py egg_info --egg-base ../../build/servo_control build --build-base /home/andrewlh/VSCode/ros2_ws/build/servo_control/build install --record /home/andrewlh/VSCode/ros2_ws/build/servo_control/install.log --single-version-externally-managed install_data
[5.529s] running egg_info
[5.532s] creating ../../build/servo_control/servo_control.egg-info
[5.599s] writing ../../build/servo_control/servo_control.egg-info/PKG-INFO
[5.600s] writing dependency_links to ../../build/servo_control/servo_control.egg-info/dependency_links.txt
[5.600s] writing entry points to ../../build/servo_control/servo_control.egg-info/entry_points.txt
[5.600s] writing requirements to ../../build/servo_control/servo_control.egg-info/requires.txt
[5.600s] writing top-level names to ../../build/servo_control/servo_control.egg-info/top_level.txt
[5.600s] writing manifest file '../../build/servo_control/servo_control.egg-info/SOURCES.txt'
[5.706s] reading manifest file '../../build/servo_control/servo_control.egg-info/SOURCES.txt'
[5.708s] writing manifest file '../../build/servo_control/servo_control.egg-info/SOURCES.txt'
[5.708s] running build
[5.708s] running build_py
[5.709s] creating /home/andrewlh/VSCode/ros2_ws/build/servo_control/build
[5.709s] creating /home/andrewlh/VSCode/ros2_ws/build/servo_control/build/lib
[5.710s] creating /home/andrewlh/VSCode/ros2_ws/build/servo_control/build/lib/servo_control
[5.710s] copying servo_control/__init__.py -> /home/andrewlh/VSCode/ros2_ws/build/servo_control/build/lib/servo_control
[5.710s] copying servo_control/manual_servo_control_node.py -> /home/andrewlh/VSCode/ros2_ws/build/servo_control/build/lib/servo_control
[5.712s] copying servo_control/direct_servo_tester.py -> /home/andrewlh/VSCode/ros2_ws/build/servo_control/build/lib/servo_control
[5.712s] copying servo_control/direct_servo_tester_node.py -> /home/andrewlh/VSCode/ros2_ws/build/servo_control/build/lib/servo_control
[5.713s] copying servo_control/servo_interface_node.py -> /home/andrewlh/VSCode/ros2_ws/build/servo_control/build/lib/servo_control
[5.714s] running install
[5.732s] running install_lib
[5.822s] creating /home/andrewlh/VSCode/ros2_ws/install/servo_control/lib/python3.12/site-packages/servo_control
[5.822s] copying /home/andrewlh/VSCode/ros2_ws/build/servo_control/build/lib/servo_control/__init__.py -> /home/andrewlh/VSCode/ros2_ws/install/servo_control/lib/python3.12/site-packages/servo_control
[5.836s] copying /home/andrewlh/VSCode/ros2_ws/build/servo_control/build/lib/servo_control/manual_servo_control_node.py -> /home/andrewlh/VSCode/ros2_ws/install/servo_control/lib/python3.12/site-packages/servo_control
[5.837s] copying /home/andrewlh/VSCode/ros2_ws/build/servo_control/build/lib/servo_control/direct_servo_tester.py -> /home/andrewlh/VSCode/ros2_ws/install/servo_control/lib/python3.12/site-packages/servo_control
[5.837s] copying /home/andrewlh/VSCode/ros2_ws/build/servo_control/build/lib/servo_control/direct_servo_tester_node.py -> /home/andrewlh/VSCode/ros2_ws/install/servo_control/lib/python3.12/site-packages/servo_control
[5.837s] copying /home/andrewlh/VSCode/ros2_ws/build/servo_control/build/lib/servo_control/servo_interface_node.py -> /home/andrewlh/VSCode/ros2_ws/install/servo_control/lib/python3.12/site-packages/servo_control
[5.837s] byte-compiling /home/andrewlh/VSCode/ros2_ws/install/servo_control/lib/python3.12/site-packages/servo_control/__init__.py to __init__.cpython-312.pyc
[5.837s] byte-compiling /home/andrewlh/VSCode/ros2_ws/install/servo_control/lib/python3.12/site-packages/servo_control/manual_servo_control_node.py to manual_servo_control_node.cpython-312.pyc
[5.841s] byte-compiling /home/andrewlh/VSCode/ros2_ws/install/servo_control/lib/python3.12/site-packages/servo_control/direct_servo_tester.py to direct_servo_tester.cpython-312.pyc
[5.843s] byte-compiling /home/andrewlh/VSCode/ros2_ws/install/servo_control/lib/python3.12/site-packages/servo_control/direct_servo_tester_node.py to direct_servo_tester_node.cpython-312.pyc
[5.847s] byte-compiling /home/andrewlh/VSCode/ros2_ws/install/servo_control/lib/python3.12/site-packages/servo_control/servo_interface_node.py to servo_interface_node.cpython-312.pyc
[5.849s] running install_data
[5.850s] creating /home/andrewlh/VSCode/ros2_ws/install/servo_control/share/ament_index
[5.860s] creating /home/andrewlh/VSCode/ros2_ws/install/servo_control/share/ament_index/resource_index
[5.865s] creating /home/andrewlh/VSCode/ros2_ws/install/servo_control/share/ament_index/resource_index/packages
[5.865s] copying resource/servo_control -> /home/andrewlh/VSCode/ros2_ws/install/servo_control/share/ament_index/resource_index/packages
[5.867s] copying package.xml -> /home/andrewlh/VSCode/ros2_ws/install/servo_control/share/servo_control
[5.867s] running install_egg_info
[5.935s] Copying ../../build/servo_control/servo_control.egg-info to /home/andrewlh/VSCode/ros2_ws/install/servo_control/lib/python3.12/site-packages/servo_control-0.0.0-py3.12.egg-info
[5.937s] running install_scripts
[6.328s] Installing direct_servo_tester_node script to /home/andrewlh/VSCode/ros2_ws/install/servo_control/lib/servo_control
[6.328s] Installing finger_servo_controller_node script to /home/andrewlh/VSCode/ros2_ws/install/servo_control/lib/servo_control
[6.328s] Installing manual_servo_control_node script to /home/andrewlh/VSCode/ros2_ws/install/servo_control/lib/servo_control
[6.328s] Installing servo_interface_node script to /home/andrewlh/VSCode/ros2_ws/install/servo_control/lib/servo_control
[6.328s] writing list of installed files to '/home/andrewlh/VSCode/ros2_ws/build/servo_control/install.log'
[6.417s] Invoked command in '/home/andrewlh/VSCode/ros2_ws/src/servo_control' returned '0': CONDA_PROMPT_MODIFIER=(base) DEBUGINFOD_URLS=https://debuginfod.ubuntu.com PYTHONPATH=/home/andrewlh/VSCode/ros2_ws/build/servo_control/prefix_override:/usr/lib/python3/dist-packages/colcon_core/task/python/colcon_distutils_commands:/home/andrewlh/VSCode/ros2_ws/install/servo_control/lib/python3.12/site-packages:${PYTHONPATH} /usr/bin/python3 -W ignore:setup.py install is deprecated -W ignore:easy_install command is deprecated setup.py egg_info --egg-base ../../build/servo_control build --build-base /home/andrewlh/VSCode/ros2_ws/build/servo_control/build install --record /home/andrewlh/VSCode/ros2_ws/build/servo_control/install.log --single-version-externally-managed install_data
