[4.064s] Invoking command in '/home/andrewlh/VSCode/ros2_ws/src/perception': CONDA_PROMPT_MODIFIER=(base) DEBUGINFOD_URLS=https://debuginfod.ubuntu.com PYTHONPATH=/home/andrewlh/VSCode/ros2_ws/build/perception/prefix_override:/usr/lib/python3/dist-packages/colcon_core/task/python/colcon_distutils_commands:/home/andrewlh/VSCode/ros2_ws/install/perception/lib/python3.12/site-packages:${PYTHONPATH} /usr/bin/python3 -W ignore:setup.py install is deprecated -W ignore:easy_install command is deprecated setup.py egg_info --egg-base ../../build/perception build --build-base /home/andrewlh/VSCode/ros2_ws/build/perception/build install --record /home/andrewlh/VSCode/ros2_ws/build/perception/install.log --single-version-externally-managed install_data
[5.516s] running egg_info
[5.517s] creating ../../build/perception/perception.egg-info
[5.517s] writing ../../build/perception/perception.egg-info/PKG-INFO
[5.517s] writing dependency_links to ../../build/perception/perception.egg-info/dependency_links.txt
[5.517s] writing entry points to ../../build/perception/perception.egg-info/entry_points.txt
[5.517s] writing requirements to ../../build/perception/perception.egg-info/requires.txt
[5.517s] writing top-level names to ../../build/perception/perception.egg-info/top_level.txt
[5.517s] writing manifest file '../../build/perception/perception.egg-info/SOURCES.txt'
[5.518s] reading manifest file '../../build/perception/perception.egg-info/SOURCES.txt'
[5.518s] writing manifest file '../../build/perception/perception.egg-info/SOURCES.txt'
[5.518s] running build
[5.518s] running build_py
[5.518s] creating /home/andrewlh/VSCode/ros2_ws/build/perception/build
[5.518s] creating /home/andrewlh/VSCode/ros2_ws/build/perception/build/lib
[5.518s] creating /home/andrewlh/VSCode/ros2_ws/build/perception/build/lib/perception
[5.519s] copying perception/__init__.py -> /home/andrewlh/VSCode/ros2_ws/build/perception/build/lib/perception
[5.519s] copying perception/coordinate_transform_node.py -> /home/andrewlh/VSCode/ros2_ws/build/perception/build/lib/perception
[5.519s] copying perception/pose_filter_node.py -> /home/andrewlh/VSCode/ros2_ws/build/perception/build/lib/perception
[5.519s] copying perception/hand_pose_node.py -> /home/andrewlh/VSCode/ros2_ws/build/perception/build/lib/perception
[5.519s] copying perception/body_pose_node.py -> /home/andrewlh/VSCode/ros2_ws/build/perception/build/lib/perception
[5.519s] running install
[5.519s] running install_lib
[5.519s] creating /home/andrewlh/VSCode/ros2_ws/install/perception/lib/python3.12/site-packages/perception
[5.520s] copying /home/andrewlh/VSCode/ros2_ws/build/perception/build/lib/perception/__init__.py -> /home/andrewlh/VSCode/ros2_ws/install/perception/lib/python3.12/site-packages/perception
[5.520s] copying /home/andrewlh/VSCode/ros2_ws/build/perception/build/lib/perception/coordinate_transform_node.py -> /home/andrewlh/VSCode/ros2_ws/install/perception/lib/python3.12/site-packages/perception
[5.520s] copying /home/andrewlh/VSCode/ros2_ws/build/perception/build/lib/perception/pose_filter_node.py -> /home/andrewlh/VSCode/ros2_ws/install/perception/lib/python3.12/site-packages/perception
[5.520s] copying /home/andrewlh/VSCode/ros2_ws/build/perception/build/lib/perception/hand_pose_node.py -> /home/andrewlh/VSCode/ros2_ws/install/perception/lib/python3.12/site-packages/perception
[5.520s] copying /home/andrewlh/VSCode/ros2_ws/build/perception/build/lib/perception/body_pose_node.py -> /home/andrewlh/VSCode/ros2_ws/install/perception/lib/python3.12/site-packages/perception
[5.520s] byte-compiling /home/andrewlh/VSCode/ros2_ws/install/perception/lib/python3.12/site-packages/perception/__init__.py to __init__.cpython-312.pyc
[5.520s] byte-compiling /home/andrewlh/VSCode/ros2_ws/install/perception/lib/python3.12/site-packages/perception/coordinate_transform_node.py to coordinate_transform_node.cpython-312.pyc
[5.520s] byte-compiling /home/andrewlh/VSCode/ros2_ws/install/perception/lib/python3.12/site-packages/perception/pose_filter_node.py to pose_filter_node.cpython-312.pyc
[5.521s] byte-compiling /home/andrewlh/VSCode/ros2_ws/install/perception/lib/python3.12/site-packages/perception/hand_pose_node.py to hand_pose_node.cpython-312.pyc
[5.538s] byte-compiling /home/andrewlh/VSCode/ros2_ws/install/perception/lib/python3.12/site-packages/perception/body_pose_node.py to body_pose_node.cpython-312.pyc
[5.538s] running install_data
[5.538s] creating /home/andrewlh/VSCode/ros2_ws/install/perception/share/ament_index
[5.539s] creating /home/andrewlh/VSCode/ros2_ws/install/perception/share/ament_index/resource_index
[5.539s] creating /home/andrewlh/VSCode/ros2_ws/install/perception/share/ament_index/resource_index/packages
[5.539s] copying resource/perception -> /home/andrewlh/VSCode/ros2_ws/install/perception/share/ament_index/resource_index/packages
[5.539s] copying package.xml -> /home/andrewlh/VSCode/ros2_ws/install/perception/share/perception
[5.539s] running install_egg_info
[5.539s] Copying ../../build/perception/perception.egg-info to /home/andrewlh/VSCode/ros2_ws/install/perception/lib/python3.12/site-packages/perception-0.1.0-py3.12.egg-info
[5.540s] running install_scripts
[5.759s] Installing body_pose_node script to /home/andrewlh/VSCode/ros2_ws/install/perception/lib/perception
[5.761s] Installing coordinate_transform_node script to /home/andrewlh/VSCode/ros2_ws/install/perception/lib/perception
[5.763s] Installing hand_pose_node script to /home/andrewlh/VSCode/ros2_ws/install/perception/lib/perception
[5.763s] Installing pose_filter_node script to /home/andrewlh/VSCode/ros2_ws/install/perception/lib/perception
[5.763s] writing list of installed files to '/home/andrewlh/VSCode/ros2_ws/build/perception/install.log'
[5.825s] Invoked command in '/home/andrewlh/VSCode/ros2_ws/src/perception' returned '0': CONDA_PROMPT_MODIFIER=(base) DEBUGINFOD_URLS=https://debuginfod.ubuntu.com PYTHONPATH=/home/andrewlh/VSCode/ros2_ws/build/perception/prefix_override:/usr/lib/python3/dist-packages/colcon_core/task/python/colcon_distutils_commands:/home/andrewlh/VSCode/ros2_ws/install/perception/lib/python3.12/site-packages:${PYTHONPATH} /usr/bin/python3 -W ignore:setup.py install is deprecated -W ignore:easy_install command is deprecated setup.py egg_info --egg-base ../../build/perception build --build-base /home/andrewlh/VSCode/ros2_ws/build/perception/build install --record /home/andrewlh/VSCode/ros2_ws/build/perception/install.log --single-version-externally-managed install_data
