[3.839s] Invoking command in '/home/andrewlh/VSCode/ros2_ws/src/cr3_interface': CONDA_PROMPT_MODIFIER=(base) DEBUGINFOD_URLS=https://debuginfod.ubuntu.com PYTHONPATH=/home/andrewlh/VSCode/ros2_ws/build/cr3_interface/prefix_override:/usr/lib/python3/dist-packages/colcon_core/task/python/colcon_distutils_commands:/home/andrewlh/VSCode/ros2_ws/install/cr3_interface/lib/python3.12/site-packages:${PYTHONPATH} /usr/bin/python3 -W ignore:setup.py install is deprecated -W ignore:easy_install command is deprecated setup.py egg_info --egg-base ../../build/cr3_interface build --build-base /home/andrewlh/VSCode/ros2_ws/build/cr3_interface/build install --record /home/andrewlh/VSCode/ros2_ws/build/cr3_interface/install.log --single-version-externally-managed install_data
[4.720s] running egg_info
[4.720s] creating ../../build/cr3_interface/cr3_interface.egg-info
[4.797s] writing ../../build/cr3_interface/cr3_interface.egg-info/PKG-INFO
[4.798s] writing dependency_links to ../../build/cr3_interface/cr3_interface.egg-info/dependency_links.txt
[4.838s] writing entry points to ../../build/cr3_interface/cr3_interface.egg-info/entry_points.txt
[4.838s] writing requirements to ../../build/cr3_interface/cr3_interface.egg-info/requires.txt
[4.838s] writing top-level names to ../../build/cr3_interface/cr3_interface.egg-info/top_level.txt
[4.838s] writing manifest file '../../build/cr3_interface/cr3_interface.egg-info/SOURCES.txt'
[5.027s] reading manifest file '../../build/cr3_interface/cr3_interface.egg-info/SOURCES.txt'
[5.035s] writing manifest file '../../build/cr3_interface/cr3_interface.egg-info/SOURCES.txt'
[5.035s] running build
[5.035s] running build_py
[5.035s] creating /home/andrewlh/VSCode/ros2_ws/build/cr3_interface/build
[5.036s] creating /home/andrewlh/VSCode/ros2_ws/build/cr3_interface/build/lib
[5.036s] creating /home/andrewlh/VSCode/ros2_ws/build/cr3_interface/build/lib/cr3_interface
[5.036s] copying cr3_interface/__init__.py -> /home/andrewlh/VSCode/ros2_ws/build/cr3_interface/build/lib/cr3_interface
[5.036s] copying cr3_interface/tf_broadcaster_node.py -> /home/andrewlh/VSCode/ros2_ws/build/cr3_interface/build/lib/cr3_interface
[5.038s] copying cr3_interface/ip_to_ros_bridge_node.py -> /home/andrewlh/VSCode/ros2_ws/build/cr3_interface/build/lib/cr3_interface
[5.038s] copying cr3_interface/joint_state_publisher_node.py -> /home/andrewlh/VSCode/ros2_ws/build/cr3_interface/build/lib/cr3_interface
[5.041s] copying cr3_interface/hand_controller_node.py -> /home/andrewlh/VSCode/ros2_ws/build/cr3_interface/build/lib/cr3_interface
[5.041s] copying cr3_interface/cr3_controller_node.py -> /home/andrewlh/VSCode/ros2_ws/build/cr3_interface/build/lib/cr3_interface
[5.042s] running install
[5.049s] running install_lib
[5.100s] creating /home/andrewlh/VSCode/ros2_ws/install/cr3_interface/lib/python3.12/site-packages/cr3_interface
[5.101s] copying /home/andrewlh/VSCode/ros2_ws/build/cr3_interface/build/lib/cr3_interface/__init__.py -> /home/andrewlh/VSCode/ros2_ws/install/cr3_interface/lib/python3.12/site-packages/cr3_interface
[5.103s] copying /home/andrewlh/VSCode/ros2_ws/build/cr3_interface/build/lib/cr3_interface/tf_broadcaster_node.py -> /home/andrewlh/VSCode/ros2_ws/install/cr3_interface/lib/python3.12/site-packages/cr3_interface
[5.103s] copying /home/andrewlh/VSCode/ros2_ws/build/cr3_interface/build/lib/cr3_interface/ip_to_ros_bridge_node.py -> /home/andrewlh/VSCode/ros2_ws/install/cr3_interface/lib/python3.12/site-packages/cr3_interface
[5.103s] copying /home/andrewlh/VSCode/ros2_ws/build/cr3_interface/build/lib/cr3_interface/joint_state_publisher_node.py -> /home/andrewlh/VSCode/ros2_ws/install/cr3_interface/lib/python3.12/site-packages/cr3_interface
[5.103s] copying /home/andrewlh/VSCode/ros2_ws/build/cr3_interface/build/lib/cr3_interface/hand_controller_node.py -> /home/andrewlh/VSCode/ros2_ws/install/cr3_interface/lib/python3.12/site-packages/cr3_interface
[5.104s] copying /home/andrewlh/VSCode/ros2_ws/build/cr3_interface/build/lib/cr3_interface/cr3_controller_node.py -> /home/andrewlh/VSCode/ros2_ws/install/cr3_interface/lib/python3.12/site-packages/cr3_interface
[5.104s] byte-compiling /home/andrewlh/VSCode/ros2_ws/install/cr3_interface/lib/python3.12/site-packages/cr3_interface/__init__.py to __init__.cpython-312.pyc
[5.104s] byte-compiling /home/andrewlh/VSCode/ros2_ws/install/cr3_interface/lib/python3.12/site-packages/cr3_interface/tf_broadcaster_node.py to tf_broadcaster_node.cpython-312.pyc
[5.104s] byte-compiling /home/andrewlh/VSCode/ros2_ws/install/cr3_interface/lib/python3.12/site-packages/cr3_interface/ip_to_ros_bridge_node.py to ip_to_ros_bridge_node.cpython-312.pyc
[5.111s] byte-compiling /home/andrewlh/VSCode/ros2_ws/install/cr3_interface/lib/python3.12/site-packages/cr3_interface/joint_state_publisher_node.py to joint_state_publisher_node.cpython-312.pyc
[5.111s] byte-compiling /home/andrewlh/VSCode/ros2_ws/install/cr3_interface/lib/python3.12/site-packages/cr3_interface/hand_controller_node.py to hand_controller_node.cpython-312.pyc
[5.111s] byte-compiling /home/andrewlh/VSCode/ros2_ws/install/cr3_interface/lib/python3.12/site-packages/cr3_interface/cr3_controller_node.py to cr3_controller_node.cpython-312.pyc
[5.127s] running install_data
[5.127s] creating /home/andrewlh/VSCode/ros2_ws/install/cr3_interface/share/ament_index
[5.127s] creating /home/andrewlh/VSCode/ros2_ws/install/cr3_interface/share/ament_index/resource_index
[5.127s] creating /home/andrewlh/VSCode/ros2_ws/install/cr3_interface/share/ament_index/resource_index/packages
[5.128s] copying resource/cr3_interface -> /home/andrewlh/VSCode/ros2_ws/install/cr3_interface/share/ament_index/resource_index/packages
[5.128s] copying package.xml -> /home/andrewlh/VSCode/ros2_ws/install/cr3_interface/share/cr3_interface
[5.128s] running install_egg_info
[5.185s] Copying ../../build/cr3_interface/cr3_interface.egg-info to /home/andrewlh/VSCode/ros2_ws/install/cr3_interface/lib/python3.12/site-packages/cr3_interface-0.1.0-py3.12.egg-info
[5.191s] running install_scripts
[5.555s] Installing cr3_controller_node script to /home/andrewlh/VSCode/ros2_ws/install/cr3_interface/lib/cr3_interface
[5.559s] Installing hand_controller_node script to /home/andrewlh/VSCode/ros2_ws/install/cr3_interface/lib/cr3_interface
[5.560s] Installing joint_state_publisher_node script to /home/andrewlh/VSCode/ros2_ws/install/cr3_interface/lib/cr3_interface
[5.562s] Installing tf_broadcaster_node script to /home/andrewlh/VSCode/ros2_ws/install/cr3_interface/lib/cr3_interface
[5.562s] writing list of installed files to '/home/andrewlh/VSCode/ros2_ws/build/cr3_interface/install.log'
[5.644s] Invoked command in '/home/andrewlh/VSCode/ros2_ws/src/cr3_interface' returned '0': CONDA_PROMPT_MODIFIER=(base) DEBUGINFOD_URLS=https://debuginfod.ubuntu.com PYTHONPATH=/home/andrewlh/VSCode/ros2_ws/build/cr3_interface/prefix_override:/usr/lib/python3/dist-packages/colcon_core/task/python/colcon_distutils_commands:/home/andrewlh/VSCode/ros2_ws/install/cr3_interface/lib/python3.12/site-packages:${PYTHONPATH} /usr/bin/python3 -W ignore:setup.py install is deprecated -W ignore:easy_install command is deprecated setup.py egg_info --egg-base ../../build/cr3_interface build --build-base /home/andrewlh/VSCode/ros2_ws/build/cr3_interface/build install --record /home/andrewlh/VSCode/ros2_ws/build/cr3_interface/install.log --single-version-externally-managed install_data
