running develop
Removing /home/andrewlh/VSCode/ros2_ws/install/ui/lib/python3.12/site-packages/ui.egg-link (link to .)
running egg_info
writing ../../build/ui/ui.egg-info/PKG-INFO
writing dependency_links to ../../build/ui/ui.egg-info/dependency_links.txt
writing entry points to ../../build/ui/ui.egg-info/entry_points.txt
writing requirements to ../../build/ui/ui.egg-info/requires.txt
writing top-level names to ../../build/ui/ui.egg-info/top_level.txt
reading manifest file '../../build/ui/ui.egg-info/SOURCES.txt'
writing manifest file '../../build/ui/ui.egg-info/SOURCES.txt'
running build
running build_py
creating /home/andrewlh/VSCode/ros2_ws/build/ui/build
creating /home/andrewlh/VSCode/ros2_ws/build/ui/build/lib
creating /home/andrewlh/VSCode/ros2_ws/build/ui/build/lib/ui
copying ui/__init__.py -> /home/andrewlh/VSCode/ros2_ws/build/ui/build/lib/ui
copying ui/mode_switcher_node.py -> /home/andrewlh/VSCode/ros2_ws/build/ui/build/lib/ui
copying ui/gazebo_visualizer.launch.py -> /home/andrewlh/VSCode/ros2_ws/build/ui/build/lib/ui
copying ui/ui_dashboard_node.py -> /home/andrewlh/VSCode/ros2_ws/build/ui/build/lib/ui
running install
running install_lib
creating /home/andrewlh/VSCode/ros2_ws/install/ui/lib/python3.12/site-packages/ui
copying /home/andrewlh/VSCode/ros2_ws/build/ui/build/lib/ui/__init__.py -> /home/andrewlh/VSCode/ros2_ws/install/ui/lib/python3.12/site-packages/ui
copying /home/andrewlh/VSCode/ros2_ws/build/ui/build/lib/ui/mode_switcher_node.py -> /home/andrewlh/VSCode/ros2_ws/install/ui/lib/python3.12/site-packages/ui
copying /home/andrewlh/VSCode/ros2_ws/build/ui/build/lib/ui/gazebo_visualizer.launch.py -> /home/andrewlh/VSCode/ros2_ws/install/ui/lib/python3.12/site-packages/ui
copying /home/andrewlh/VSCode/ros2_ws/build/ui/build/lib/ui/ui_dashboard_node.py -> /home/andrewlh/VSCode/ros2_ws/install/ui/lib/python3.12/site-packages/ui
byte-compiling /home/andrewlh/VSCode/ros2_ws/install/ui/lib/python3.12/site-packages/ui/__init__.py to __init__.cpython-312.pyc
byte-compiling /home/andrewlh/VSCode/ros2_ws/install/ui/lib/python3.12/site-packages/ui/mode_switcher_node.py to mode_switcher_node.cpython-312.pyc
byte-compiling /home/andrewlh/VSCode/ros2_ws/install/ui/lib/python3.12/site-packages/ui/gazebo_visualizer.launch.py to gazebo_visualizer.launch.cpython-312.pyc
byte-compiling /home/andrewlh/VSCode/ros2_ws/install/ui/lib/python3.12/site-packages/ui/ui_dashboard_node.py to ui_dashboard_node.cpython-312.pyc
running install_data
copying resource/ui -> /home/andrewlh/VSCode/ros2_ws/install/ui/share/ament_index/resource_index/packages
copying package.xml -> /home/andrewlh/VSCode/ros2_ws/install/ui/share/ui
running install_egg_info
Copying ../../build/ui/ui.egg-info to /home/andrewlh/VSCode/ros2_ws/install/ui/lib/python3.12/site-packages/ui-0.1.0-py3.12.egg-info
running install_scripts
Installing mode_switcher_node script to /home/andrewlh/VSCode/ros2_ws/install/ui/bin
Installing ui_dashboard_node script to /home/andrewlh/VSCode/ros2_ws/install/ui/bin
writing list of installed files to '/home/andrewlh/VSCode/ros2_ws/build/ui/install.log'
