[4.167s] Invoking command in '/home/andrewlh/VSCode/ros2_ws/build/ui': CONDA_PROMPT_MODIFIER=(base) DEBUGINFOD_URLS=https://debuginfod.ubuntu.com PYTHONPATH=/home/andrewlh/VSCode/ros2_ws/build/ui/prefix_override:/usr/lib/python3/dist-packages/colcon_core/task/python/colcon_distutils_commands:/home/andrewlh/VSCode/ros2_ws/install/ui/lib/python3.12/site-packages:${PYTHONPATH} /usr/bin/python3 -W ignore:setup.py install is deprecated -W ignore:easy_install command is deprecated setup.py develop --uninstall --editable --build-directory /home/andrewlh/VSCode/ros2_ws/build/ui/build
[4.936s] running develop
[5.709s] Removing /home/andrewlh/VSCode/ros2_ws/install/ui/lib/python3.12/site-packages/ui.egg-link (link to .)
[5.844s] Invoked command in '/home/andrewlh/VSCode/ros2_ws/build/ui' returned '0': CONDA_PROMPT_MODIFIER=(base) DEBUGINFOD_URLS=https://debuginfod.ubuntu.com PYTHONPATH=/home/andrewlh/VSCode/ros2_ws/build/ui/prefix_override:/usr/lib/python3/dist-packages/colcon_core/task/python/colcon_distutils_commands:/home/andrewlh/VSCode/ros2_ws/install/ui/lib/python3.12/site-packages:${PYTHONPATH} /usr/bin/python3 -W ignore:setup.py install is deprecated -W ignore:easy_install command is deprecated setup.py develop --uninstall --editable --build-directory /home/andrewlh/VSCode/ros2_ws/build/ui/build
[5.844s] Invoking command in '/home/andrewlh/VSCode/ros2_ws/src/ui': CONDA_PROMPT_MODIFIER=(base) DEBUGINFOD_URLS=https://debuginfod.ubuntu.com PYTHONPATH=/home/andrewlh/VSCode/ros2_ws/build/ui/prefix_override:/usr/lib/python3/dist-packages/colcon_core/task/python/colcon_distutils_commands:/home/andrewlh/VSCode/ros2_ws/install/ui/lib/python3.12/site-packages:${PYTHONPATH} /usr/bin/python3 -W ignore:setup.py install is deprecated -W ignore:easy_install command is deprecated setup.py egg_info --egg-base ../../build/ui build --build-base /home/andrewlh/VSCode/ros2_ws/build/ui/build install --record /home/andrewlh/VSCode/ros2_ws/build/ui/install.log --single-version-externally-managed install_data --force
[6.501s] running egg_info
[6.560s] writing ../../build/ui/ui.egg-info/PKG-INFO
[6.560s] writing dependency_links to ../../build/ui/ui.egg-info/dependency_links.txt
[6.561s] writing entry points to ../../build/ui/ui.egg-info/entry_points.txt
[6.561s] writing requirements to ../../build/ui/ui.egg-info/requires.txt
[6.561s] writing top-level names to ../../build/ui/ui.egg-info/top_level.txt
[6.689s] reading manifest file '../../build/ui/ui.egg-info/SOURCES.txt'
[6.695s] writing manifest file '../../build/ui/ui.egg-info/SOURCES.txt'
[6.696s] running build
[6.696s] running build_py
[6.696s] creating /home/andrewlh/VSCode/ros2_ws/build/ui/build
[6.696s] creating /home/andrewlh/VSCode/ros2_ws/build/ui/build/lib
[6.696s] creating /home/andrewlh/VSCode/ros2_ws/build/ui/build/lib/ui
[6.698s] copying ui/__init__.py -> /home/andrewlh/VSCode/ros2_ws/build/ui/build/lib/ui
[6.698s] copying ui/mode_switcher_node.py -> /home/andrewlh/VSCode/ros2_ws/build/ui/build/lib/ui
[6.700s] copying ui/gazebo_visualizer.launch.py -> /home/andrewlh/VSCode/ros2_ws/build/ui/build/lib/ui
[6.707s] copying ui/ui_dashboard_node.py -> /home/andrewlh/VSCode/ros2_ws/build/ui/build/lib/ui
[6.708s] running install
[6.727s] running install_lib
[6.792s] creating /home/andrewlh/VSCode/ros2_ws/install/ui/lib/python3.12/site-packages/ui
[6.792s] copying /home/andrewlh/VSCode/ros2_ws/build/ui/build/lib/ui/__init__.py -> /home/andrewlh/VSCode/ros2_ws/install/ui/lib/python3.12/site-packages/ui
[6.792s] copying /home/andrewlh/VSCode/ros2_ws/build/ui/build/lib/ui/mode_switcher_node.py -> /home/andrewlh/VSCode/ros2_ws/install/ui/lib/python3.12/site-packages/ui
[6.793s] copying /home/andrewlh/VSCode/ros2_ws/build/ui/build/lib/ui/gazebo_visualizer.launch.py -> /home/andrewlh/VSCode/ros2_ws/install/ui/lib/python3.12/site-packages/ui
[6.793s] copying /home/andrewlh/VSCode/ros2_ws/build/ui/build/lib/ui/ui_dashboard_node.py -> /home/andrewlh/VSCode/ros2_ws/install/ui/lib/python3.12/site-packages/ui
[6.793s] byte-compiling /home/andrewlh/VSCode/ros2_ws/install/ui/lib/python3.12/site-packages/ui/__init__.py to __init__.cpython-312.pyc
[6.794s] byte-compiling /home/andrewlh/VSCode/ros2_ws/install/ui/lib/python3.12/site-packages/ui/mode_switcher_node.py to mode_switcher_node.cpython-312.pyc
[6.794s] byte-compiling /home/andrewlh/VSCode/ros2_ws/install/ui/lib/python3.12/site-packages/ui/gazebo_visualizer.launch.py to gazebo_visualizer.launch.cpython-312.pyc
[6.797s] byte-compiling /home/andrewlh/VSCode/ros2_ws/install/ui/lib/python3.12/site-packages/ui/ui_dashboard_node.py to ui_dashboard_node.cpython-312.pyc
[6.805s] running install_data
[6.806s] copying resource/ui -> /home/andrewlh/VSCode/ros2_ws/install/ui/share/ament_index/resource_index/packages
[6.810s] copying package.xml -> /home/andrewlh/VSCode/ros2_ws/install/ui/share/ui
[6.810s] running install_egg_info
[6.897s] Copying ../../build/ui/ui.egg-info to /home/andrewlh/VSCode/ros2_ws/install/ui/lib/python3.12/site-packages/ui-0.1.0-py3.12.egg-info
[6.909s] running install_scripts
[7.829s] Installing mode_switcher_node script to /home/andrewlh/VSCode/ros2_ws/install/ui/bin
[7.835s] Installing ui_dashboard_node script to /home/andrewlh/VSCode/ros2_ws/install/ui/bin
[7.844s] writing list of installed files to '/home/andrewlh/VSCode/ros2_ws/build/ui/install.log'
[7.970s] Invoked command in '/home/andrewlh/VSCode/ros2_ws/src/ui' returned '0': CONDA_PROMPT_MODIFIER=(base) DEBUGINFOD_URLS=https://debuginfod.ubuntu.com PYTHONPATH=/home/andrewlh/VSCode/ros2_ws/build/ui/prefix_override:/usr/lib/python3/dist-packages/colcon_core/task/python/colcon_distutils_commands:/home/andrewlh/VSCode/ros2_ws/install/ui/lib/python3.12/site-packages:${PYTHONPATH} /usr/bin/python3 -W ignore:setup.py install is deprecated -W ignore:easy_install command is deprecated setup.py egg_info --egg-base ../../build/ui build --build-base /home/andrewlh/VSCode/ros2_ws/build/ui/build install --record /home/andrewlh/VSCode/ros2_ws/build/ui/install.log --single-version-externally-managed install_data --force
