[5.717s] Invoking command in '/home/andrewlh/VSCode/ros2_ws/build/diagnostics': CONDA_PROMPT_MODIFIER=(base) DEBUGINFOD_URLS=https://debuginfod.ubuntu.com PYTHONPATH=/home/andrewlh/VSCode/ros2_ws/build/diagnostics/prefix_override:/usr/lib/python3/dist-packages/colcon_core/task/python/colcon_distutils_commands:/home/andrewlh/VSCode/ros2_ws/install/diagnostics/lib/python3.12/site-packages:${PYTHONPATH} /usr/bin/python3 -W ignore:setup.py install is deprecated -W ignore:easy_install command is deprecated setup.py develop --editable --build-directory /home/andrewlh/VSCode/ros2_ws/build/diagnostics/build --no-deps symlink_data
[7.443s] running develop
[8.056s] running egg_info
[8.056s] creating diagnostics.egg-info
[8.108s] writing diagnostics.egg-info/PKG-INFO
[8.108s] writing dependency_links to diagnostics.egg-info/dependency_links.txt
[8.109s] writing entry points to diagnostics.egg-info/entry_points.txt
[8.109s] writing requirements to diagnostics.egg-info/requires.txt
[8.109s] writing top-level names to diagnostics.egg-info/top_level.txt
[8.114s] writing manifest file 'diagnostics.egg-info/SOURCES.txt'
[8.234s] reading manifest file 'diagnostics.egg-info/SOURCES.txt'
[8.235s] writing manifest file 'diagnostics.egg-info/SOURCES.txt'
[8.300s] running build_ext
[8.300s] Creating /home/andrewlh/VSCode/ros2_ws/install/diagnostics/lib/python3.12/site-packages/diagnostics.egg-link (link to .)
[8.300s] Installing emergency_stop_node script to /home/andrewlh/VSCode/ros2_ws/install/diagnostics/bin
[8.301s] Installing error_handler_node script to /home/andrewlh/VSCode/ros2_ws/install/diagnostics/bin
[8.301s] Installing health_monitor_node script to /home/andrewlh/VSCode/ros2_ws/install/diagnostics/bin
[8.301s] Installing logger_node script to /home/andrewlh/VSCode/ros2_ws/install/diagnostics/bin
[8.301s] Installing network_monitor_node script to /home/andrewlh/VSCode/ros2_ws/install/diagnostics/bin
[8.301s] Installing resource_monitor_node script to /home/andrewlh/VSCode/ros2_ws/install/diagnostics/bin
[8.301s] Installing system_metrics_node script to /home/andrewlh/VSCode/ros2_ws/install/diagnostics/bin
[8.302s] Installing watchdog_node script to /home/andrewlh/VSCode/ros2_ws/install/diagnostics/bin
[8.302s] 
[8.302s] Installed /home/andrewlh/VSCode/ros2_ws/build/diagnostics
[8.302s] running symlink_data
[8.302s] creating /home/andrewlh/VSCode/ros2_ws/install/diagnostics/share/ament_index
[8.303s] creating /home/andrewlh/VSCode/ros2_ws/install/diagnostics/share/ament_index/resource_index
[8.303s] creating /home/andrewlh/VSCode/ros2_ws/install/diagnostics/share/ament_index/resource_index/packages
[8.303s] symbolically linking /home/andrewlh/VSCode/ros2_ws/build/diagnostics/resource/diagnostics -> /home/andrewlh/VSCode/ros2_ws/install/diagnostics/share/ament_index/resource_index/packages
[8.303s] symbolically linking /home/andrewlh/VSCode/ros2_ws/build/diagnostics/package.xml -> /home/andrewlh/VSCode/ros2_ws/install/diagnostics/share/diagnostics
[8.525s] Invoked command in '/home/andrewlh/VSCode/ros2_ws/build/diagnostics' returned '0': CONDA_PROMPT_MODIFIER=(base) DEBUGINFOD_URLS=https://debuginfod.ubuntu.com PYTHONPATH=/home/andrewlh/VSCode/ros2_ws/build/diagnostics/prefix_override:/usr/lib/python3/dist-packages/colcon_core/task/python/colcon_distutils_commands:/home/andrewlh/VSCode/ros2_ws/install/diagnostics/lib/python3.12/site-packages:${PYTHONPATH} /usr/bin/python3 -W ignore:setup.py install is deprecated -W ignore:easy_install command is deprecated setup.py develop --editable --build-directory /home/andrewlh/VSCode/ros2_ws/build/diagnostics/build --no-deps symlink_data
