[3.822s] Invoking command in '/home/andrewlh/VSCode/ros2_ws/src/camera_interface': CONDA_PROMPT_MODIFIER=(base) DEBUGINFOD_URLS=https://debuginfod.ubuntu.com PYTHONPATH=/home/andrewlh/VSCode/ros2_ws/build/camera_interface/prefix_override:/usr/lib/python3/dist-packages/colcon_core/task/python/colcon_distutils_commands:/home/andrewlh/VSCode/ros2_ws/install/camera_interface/lib/python3.12/site-packages:${PYTHONPATH} /usr/bin/python3 -W ignore:setup.py install is deprecated -W ignore:easy_install command is deprecated setup.py egg_info --egg-base ../../build/camera_interface build --build-base /home/andrewlh/VSCode/ros2_ws/build/camera_interface/build install --record /home/andrewlh/VSCode/ros2_ws/build/camera_interface/install.log --single-version-externally-managed install_data
[4.676s] running egg_info
[4.681s] creating ../../build/camera_interface/camera_interface.egg-info
[4.742s] writing ../../build/camera_interface/camera_interface.egg-info/PKG-INFO
[4.743s] writing dependency_links to ../../build/camera_interface/camera_interface.egg-info/dependency_links.txt
[4.743s] writing entry points to ../../build/camera_interface/camera_interface.egg-info/entry_points.txt
[4.749s] writing requirements to ../../build/camera_interface/camera_interface.egg-info/requires.txt
[4.749s] writing top-level names to ../../build/camera_interface/camera_interface.egg-info/top_level.txt
[4.750s] writing manifest file '../../build/camera_interface/camera_interface.egg-info/SOURCES.txt'
[4.888s] reading manifest file '../../build/camera_interface/camera_interface.egg-info/SOURCES.txt'
[4.895s] writing manifest file '../../build/camera_interface/camera_interface.egg-info/SOURCES.txt'
[4.895s] running build
[4.895s] running build_py
[4.896s] creating /home/andrewlh/VSCode/ros2_ws/build/camera_interface/build
[4.896s] creating /home/andrewlh/VSCode/ros2_ws/build/camera_interface/build/lib
[4.904s] creating /home/andrewlh/VSCode/ros2_ws/build/camera_interface/build/lib/camera_interface
[4.905s] copying camera_interface/__init__.py -> /home/andrewlh/VSCode/ros2_ws/build/camera_interface/build/lib/camera_interface
[4.905s] copying camera_interface/camera_info_node.py -> /home/andrewlh/VSCode/ros2_ws/build/camera_interface/build/lib/camera_interface
[4.905s] copying camera_interface/camera_node.py -> /home/andrewlh/VSCode/ros2_ws/build/camera_interface/build/lib/camera_interface
[4.907s] running install
[4.932s] running install_lib
[5.006s] creating /home/andrewlh/VSCode/ros2_ws/install/camera_interface/lib/python3.12/site-packages/camera_interface
[5.010s] copying /home/andrewlh/VSCode/ros2_ws/build/camera_interface/build/lib/camera_interface/__init__.py -> /home/andrewlh/VSCode/ros2_ws/install/camera_interface/lib/python3.12/site-packages/camera_interface
[5.018s] copying /home/andrewlh/VSCode/ros2_ws/build/camera_interface/build/lib/camera_interface/camera_info_node.py -> /home/andrewlh/VSCode/ros2_ws/install/camera_interface/lib/python3.12/site-packages/camera_interface
[5.018s] copying /home/andrewlh/VSCode/ros2_ws/build/camera_interface/build/lib/camera_interface/camera_node.py -> /home/andrewlh/VSCode/ros2_ws/install/camera_interface/lib/python3.12/site-packages/camera_interface
[5.019s] byte-compiling /home/andrewlh/VSCode/ros2_ws/install/camera_interface/lib/python3.12/site-packages/camera_interface/__init__.py to __init__.cpython-312.pyc
[5.019s] byte-compiling /home/andrewlh/VSCode/ros2_ws/install/camera_interface/lib/python3.12/site-packages/camera_interface/camera_info_node.py to camera_info_node.cpython-312.pyc
[5.034s] byte-compiling /home/andrewlh/VSCode/ros2_ws/install/camera_interface/lib/python3.12/site-packages/camera_interface/camera_node.py to camera_node.cpython-312.pyc
[5.042s] running install_data
[5.042s] creating /home/andrewlh/VSCode/ros2_ws/install/camera_interface/share/ament_index
[5.048s] creating /home/andrewlh/VSCode/ros2_ws/install/camera_interface/share/ament_index/resource_index
[5.050s] creating /home/andrewlh/VSCode/ros2_ws/install/camera_interface/share/ament_index/resource_index/packages
[5.057s] copying resource/camera_interface -> /home/andrewlh/VSCode/ros2_ws/install/camera_interface/share/ament_index/resource_index/packages
[5.063s] copying package.xml -> /home/andrewlh/VSCode/ros2_ws/install/camera_interface/share/camera_interface
[5.064s] running install_egg_info
[5.102s] Copying ../../build/camera_interface/camera_interface.egg-info to /home/andrewlh/VSCode/ros2_ws/install/camera_interface/lib/python3.12/site-packages/camera_interface-0.1.0-py3.12.egg-info
[5.103s] running install_scripts
[5.462s] Installing camera_info_node script to /home/andrewlh/VSCode/ros2_ws/install/camera_interface/lib/camera_interface
[5.465s] Installing camera_node script to /home/andrewlh/VSCode/ros2_ws/install/camera_interface/lib/camera_interface
[5.469s] writing list of installed files to '/home/andrewlh/VSCode/ros2_ws/build/camera_interface/install.log'
[5.551s] Invoked command in '/home/andrewlh/VSCode/ros2_ws/src/camera_interface' returned '0': CONDA_PROMPT_MODIFIER=(base) DEBUGINFOD_URLS=https://debuginfod.ubuntu.com PYTHONPATH=/home/andrewlh/VSCode/ros2_ws/build/camera_interface/prefix_override:/usr/lib/python3/dist-packages/colcon_core/task/python/colcon_distutils_commands:/home/andrewlh/VSCode/ros2_ws/install/camera_interface/lib/python3.12/site-packages:${PYTHONPATH} /usr/bin/python3 -W ignore:setup.py install is deprecated -W ignore:easy_install command is deprecated setup.py egg_info --egg-base ../../build/camera_interface build --build-base /home/andrewlh/VSCode/ros2_ws/build/camera_interface/build install --record /home/andrewlh/VSCode/ros2_ws/build/camera_interface/install.log --single-version-externally-managed install_data
