/home/andrewlh/VSCode/ros2_ws/install/diagnostics/lib/python3.12/site-packages/diagnostics/__init__.py
/home/andrewlh/VSCode/ros2_ws/install/diagnostics/lib/python3.12/site-packages/diagnostics/resource_monitor_node.py
/home/andrewlh/VSCode/ros2_ws/install/diagnostics/lib/python3.12/site-packages/diagnostics/health_monitor_node.py
/home/andrewlh/VSCode/ros2_ws/install/diagnostics/lib/python3.12/site-packages/diagnostics/watchdog_node.py
/home/andrewlh/VSCode/ros2_ws/install/diagnostics/lib/python3.12/site-packages/diagnostics/network_monitor_node.py
/home/andrewlh/VSCode/ros2_ws/install/diagnostics/lib/python3.12/site-packages/diagnostics/system_metrics_node.py
/home/andrewlh/VSCode/ros2_ws/install/diagnostics/lib/python3.12/site-packages/diagnostics/error_handler_node.py
/home/andrewlh/VSCode/ros2_ws/install/diagnostics/lib/python3.12/site-packages/diagnostics/logger_node.py
/home/andrewlh/VSCode/ros2_ws/install/diagnostics/lib/python3.12/site-packages/diagnostics/emergency_stop_node.py
/home/andrewlh/VSCode/ros2_ws/install/diagnostics/lib/python3.12/site-packages/diagnostics/__pycache__/__init__.cpython-312.pyc
/home/andrewlh/VSCode/ros2_ws/install/diagnostics/lib/python3.12/site-packages/diagnostics/__pycache__/resource_monitor_node.cpython-312.pyc
/home/andrewlh/VSCode/ros2_ws/install/diagnostics/lib/python3.12/site-packages/diagnostics/__pycache__/health_monitor_node.cpython-312.pyc
/home/andrewlh/VSCode/ros2_ws/install/diagnostics/lib/python3.12/site-packages/diagnostics/__pycache__/watchdog_node.cpython-312.pyc
/home/andrewlh/VSCode/ros2_ws/install/diagnostics/lib/python3.12/site-packages/diagnostics/__pycache__/network_monitor_node.cpython-312.pyc
/home/andrewlh/VSCode/ros2_ws/install/diagnostics/lib/python3.12/site-packages/diagnostics/__pycache__/system_metrics_node.cpython-312.pyc
/home/andrewlh/VSCode/ros2_ws/install/diagnostics/lib/python3.12/site-packages/diagnostics/__pycache__/error_handler_node.cpython-312.pyc
/home/andrewlh/VSCode/ros2_ws/install/diagnostics/lib/python3.12/site-packages/diagnostics/__pycache__/logger_node.cpython-312.pyc
/home/andrewlh/VSCode/ros2_ws/install/diagnostics/lib/python3.12/site-packages/diagnostics/__pycache__/emergency_stop_node.cpython-312.pyc
/home/andrewlh/VSCode/ros2_ws/install/diagnostics/share/ament_index/resource_index/packages/diagnostics
/home/andrewlh/VSCode/ros2_ws/install/diagnostics/share/diagnostics/package.xml
/home/andrewlh/VSCode/ros2_ws/install/diagnostics/lib/python3.12/site-packages/diagnostics-0.1.0-py3.12.egg-info/entry_points.txt
/home/andrewlh/VSCode/ros2_ws/install/diagnostics/lib/python3.12/site-packages/diagnostics-0.1.0-py3.12.egg-info/PKG-INFO
/home/andrewlh/VSCode/ros2_ws/install/diagnostics/lib/python3.12/site-packages/diagnostics-0.1.0-py3.12.egg-info/zip-safe
/home/andrewlh/VSCode/ros2_ws/install/diagnostics/lib/python3.12/site-packages/diagnostics-0.1.0-py3.12.egg-info/top_level.txt
/home/andrewlh/VSCode/ros2_ws/install/diagnostics/lib/python3.12/site-packages/diagnostics-0.1.0-py3.12.egg-info/SOURCES.txt
/home/andrewlh/VSCode/ros2_ws/install/diagnostics/lib/python3.12/site-packages/diagnostics-0.1.0-py3.12.egg-info/dependency_links.txt
/home/andrewlh/VSCode/ros2_ws/install/diagnostics/lib/python3.12/site-packages/diagnostics-0.1.0-py3.12.egg-info/requires.txt
/home/andrewlh/VSCode/ros2_ws/install/diagnostics/lib/diagnostics/emergency_stop_node
/home/andrewlh/VSCode/ros2_ws/install/diagnostics/lib/diagnostics/error_handler_node
/home/andrewlh/VSCode/ros2_ws/install/diagnostics/lib/diagnostics/health_monitor_node
/home/andrewlh/VSCode/ros2_ws/install/diagnostics/lib/diagnostics/logger_node
/home/andrewlh/VSCode/ros2_ws/install/diagnostics/lib/diagnostics/network_monitor_node
/home/andrewlh/VSCode/ros2_ws/install/diagnostics/lib/diagnostics/resource_monitor_node
/home/andrewlh/VSCode/ros2_ws/install/diagnostics/lib/diagnostics/system_metrics_node
/home/andrewlh/VSCode/ros2_ws/install/diagnostics/lib/diagnostics/watchdog_node
