[1.860s] Invoking command in '/home/andrewlh/VSCode/ros2_ws/src/control_system': CONDA_PROMPT_MODIFIER=(base) DEBUGINFOD_URLS=https://debuginfod.ubuntu.com PYTHONPATH=/home/andrewlh/VSCode/ros2_ws/build/control_system/prefix_override:/usr/lib/python3/dist-packages/colcon_core/task/python/colcon_distutils_commands:/home/andrewlh/VSCode/ros2_ws/install/control_system/lib/python3.12/site-packages:${PYTHONPATH} /usr/bin/python3 -W ignore:setup.py install is deprecated -W ignore:easy_install command is deprecated setup.py egg_info --egg-base ../../build/control_system build --build-base /home/andrewlh/VSCode/ros2_ws/build/control_system/build install --record /home/andrewlh/VSCode/ros2_ws/build/control_system/install.log --single-version-externally-managed install_data
[2.600s] running egg_info
[2.648s] writing ../../build/control_system/control_system.egg-info/PKG-INFO
[2.650s] writing dependency_links to ../../build/control_system/control_system.egg-info/dependency_links.txt
[2.651s] writing entry points to ../../build/control_system/control_system.egg-info/entry_points.txt
[2.652s] writing requirements to ../../build/control_system/control_system.egg-info/requires.txt
[2.653s] writing top-level names to ../../build/control_system/control_system.egg-info/top_level.txt
[2.759s] reading manifest file '../../build/control_system/control_system.egg-info/SOURCES.txt'
[2.761s] writing manifest file '../../build/control_system/control_system.egg-info/SOURCES.txt'
[2.762s] running build
[2.762s] running build_py
[2.764s] running install
[2.780s] running install_lib
[2.834s] running install_data
[2.835s] running install_egg_info
[2.896s] removing '/home/andrewlh/VSCode/ros2_ws/install/control_system/lib/python3.12/site-packages/control_system-0.0.1-py3.12.egg-info' (and everything under it)
[2.900s] Copying ../../build/control_system/control_system.egg-info to /home/andrewlh/VSCode/ros2_ws/install/control_system/lib/python3.12/site-packages/control_system-0.0.1-py3.12.egg-info
[2.902s] running install_scripts
[3.239s] Installing manual_control_node script to /home/andrewlh/VSCode/ros2_ws/install/control_system/lib/control_system
[3.241s] Installing mode_manager_node script to /home/andrewlh/VSCode/ros2_ws/install/control_system/lib/control_system
[3.242s] Installing perception_control_node script to /home/andrewlh/VSCode/ros2_ws/install/control_system/lib/control_system
[3.242s] Installing servo_interface_lifecycle_node script to /home/andrewlh/VSCode/ros2_ws/install/control_system/lib/control_system
[3.244s] Installing servo_interface_node script to /home/andrewlh/VSCode/ros2_ws/install/control_system/lib/control_system
[3.244s] Installing unified_control_node script to /home/andrewlh/VSCode/ros2_ws/install/control_system/lib/control_system
[3.245s] writing list of installed files to '/home/andrewlh/VSCode/ros2_ws/build/control_system/install.log'
[3.340s] Invoked command in '/home/andrewlh/VSCode/ros2_ws/src/control_system' returned '0': CONDA_PROMPT_MODIFIER=(base) DEBUGINFOD_URLS=https://debuginfod.ubuntu.com PYTHONPATH=/home/andrewlh/VSCode/ros2_ws/build/control_system/prefix_override:/usr/lib/python3/dist-packages/colcon_core/task/python/colcon_distutils_commands:/home/andrewlh/VSCode/ros2_ws/install/control_system/lib/python3.12/site-packages:${PYTHONPATH} /usr/bin/python3 -W ignore:setup.py install is deprecated -W ignore:easy_install command is deprecated setup.py egg_info --egg-base ../../build/control_system build --build-base /home/andrewlh/VSCode/ros2_ws/build/control_system/build install --record /home/andrewlh/VSCode/ros2_ws/build/control_system/install.log --single-version-externally-managed install_data
