[4.167s] Invoking command in '/home/andrewlh/VSCode/ros2_ws/build/perception': CONDA_PROMPT_MODIFIER=(base) DEBUGINFOD_URLS=https://debuginfod.ubuntu.com PYTHONPATH=/home/andrewlh/VSCode/ros2_ws/build/perception/prefix_override:/usr/lib/python3/dist-packages/colcon_core/task/python/colcon_distutils_commands:/home/andrewlh/VSCode/ros2_ws/install/perception/lib/python3.12/site-packages:${PYTHONPATH} /usr/bin/python3 -W ignore:setup.py install is deprecated -W ignore:easy_install command is deprecated setup.py develop --uninstall --editable --build-directory /home/andrewlh/VSCode/ros2_ws/build/perception/build
[4.971s] running develop
[5.668s] Removing /home/andrewlh/VSCode/ros2_ws/install/perception/lib/python3.12/site-packages/perception.egg-link (link to .)
[5.780s] Invoked command in '/home/andrewlh/VSCode/ros2_ws/build/perception' returned '0': CONDA_PROMPT_MODIFIER=(base) DEBUGINFOD_URLS=https://debuginfod.ubuntu.com PYTHONPATH=/home/andrewlh/VSCode/ros2_ws/build/perception/prefix_override:/usr/lib/python3/dist-packages/colcon_core/task/python/colcon_distutils_commands:/home/andrewlh/VSCode/ros2_ws/install/perception/lib/python3.12/site-packages:${PYTHONPATH} /usr/bin/python3 -W ignore:setup.py install is deprecated -W ignore:easy_install command is deprecated setup.py develop --uninstall --editable --build-directory /home/andrewlh/VSCode/ros2_ws/build/perception/build
[5.781s] Invoking command in '/home/andrewlh/VSCode/ros2_ws/src/perception': CONDA_PROMPT_MODIFIER=(base) DEBUGINFOD_URLS=https://debuginfod.ubuntu.com PYTHONPATH=/home/andrewlh/VSCode/ros2_ws/build/perception/prefix_override:/usr/lib/python3/dist-packages/colcon_core/task/python/colcon_distutils_commands:/home/andrewlh/VSCode/ros2_ws/install/perception/lib/python3.12/site-packages:${PYTHONPATH} /usr/bin/python3 -W ignore:setup.py install is deprecated -W ignore:easy_install command is deprecated setup.py egg_info --egg-base ../../build/perception build --build-base /home/andrewlh/VSCode/ros2_ws/build/perception/build install --record /home/andrewlh/VSCode/ros2_ws/build/perception/install.log --single-version-externally-managed install_data --force
[6.620s] running egg_info
[6.722s] writing ../../build/perception/perception.egg-info/PKG-INFO
[6.724s] writing dependency_links to ../../build/perception/perception.egg-info/dependency_links.txt
[6.724s] writing entry points to ../../build/perception/perception.egg-info/entry_points.txt
[6.724s] writing requirements to ../../build/perception/perception.egg-info/requires.txt
[6.727s] writing top-level names to ../../build/perception/perception.egg-info/top_level.txt
[6.883s] reading manifest file '../../build/perception/perception.egg-info/SOURCES.txt'
[6.886s] writing manifest file '../../build/perception/perception.egg-info/SOURCES.txt'
[6.887s] running build
[6.888s] running build_py
[6.888s] creating /home/andrewlh/VSCode/ros2_ws/build/perception/build
[6.892s] creating /home/andrewlh/VSCode/ros2_ws/build/perception/build/lib
[6.892s] creating /home/andrewlh/VSCode/ros2_ws/build/perception/build/lib/perception
[6.892s] copying perception/__init__.py -> /home/andrewlh/VSCode/ros2_ws/build/perception/build/lib/perception
[6.892s] copying perception/coordinate_transform_node.py -> /home/andrewlh/VSCode/ros2_ws/build/perception/build/lib/perception
[6.892s] copying perception/pose_filter_node.py -> /home/andrewlh/VSCode/ros2_ws/build/perception/build/lib/perception
[6.892s] copying perception/hand_pose_node.py -> /home/andrewlh/VSCode/ros2_ws/build/perception/build/lib/perception
[6.893s] copying perception/body_pose_node.py -> /home/andrewlh/VSCode/ros2_ws/build/perception/build/lib/perception
[6.893s] running install
[6.922s] running install_lib
[6.980s] creating /home/andrewlh/VSCode/ros2_ws/install/perception/lib/python3.12/site-packages/perception
[6.996s] copying /home/andrewlh/VSCode/ros2_ws/build/perception/build/lib/perception/__init__.py -> /home/andrewlh/VSCode/ros2_ws/install/perception/lib/python3.12/site-packages/perception
[6.996s] copying /home/andrewlh/VSCode/ros2_ws/build/perception/build/lib/perception/coordinate_transform_node.py -> /home/andrewlh/VSCode/ros2_ws/install/perception/lib/python3.12/site-packages/perception
[6.997s] copying /home/andrewlh/VSCode/ros2_ws/build/perception/build/lib/perception/pose_filter_node.py -> /home/andrewlh/VSCode/ros2_ws/install/perception/lib/python3.12/site-packages/perception
[6.997s] copying /home/andrewlh/VSCode/ros2_ws/build/perception/build/lib/perception/hand_pose_node.py -> /home/andrewlh/VSCode/ros2_ws/install/perception/lib/python3.12/site-packages/perception
[6.997s] copying /home/andrewlh/VSCode/ros2_ws/build/perception/build/lib/perception/body_pose_node.py -> /home/andrewlh/VSCode/ros2_ws/install/perception/lib/python3.12/site-packages/perception
[7.012s] byte-compiling /home/andrewlh/VSCode/ros2_ws/install/perception/lib/python3.12/site-packages/perception/__init__.py to __init__.cpython-312.pyc
[7.029s] byte-compiling /home/andrewlh/VSCode/ros2_ws/install/perception/lib/python3.12/site-packages/perception/coordinate_transform_node.py to coordinate_transform_node.cpython-312.pyc
[7.031s] byte-compiling /home/andrewlh/VSCode/ros2_ws/install/perception/lib/python3.12/site-packages/perception/pose_filter_node.py to pose_filter_node.cpython-312.pyc
[7.031s] byte-compiling /home/andrewlh/VSCode/ros2_ws/install/perception/lib/python3.12/site-packages/perception/hand_pose_node.py to hand_pose_node.cpython-312.pyc
[7.042s] byte-compiling /home/andrewlh/VSCode/ros2_ws/install/perception/lib/python3.12/site-packages/perception/body_pose_node.py to body_pose_node.cpython-312.pyc
[7.045s] running install_data
[7.045s] copying resource/perception -> /home/andrewlh/VSCode/ros2_ws/install/perception/share/ament_index/resource_index/packages
[7.045s] copying package.xml -> /home/andrewlh/VSCode/ros2_ws/install/perception/share/perception
[7.045s] running install_egg_info
[7.192s] Copying ../../build/perception/perception.egg-info to /home/andrewlh/VSCode/ros2_ws/install/perception/lib/python3.12/site-packages/perception-0.1.0-py3.12.egg-info
[7.195s] running install_scripts
[7.847s] Installing body_pose_node script to /home/andrewlh/VSCode/ros2_ws/install/perception/bin
[7.855s] Installing coordinate_transform_node script to /home/andrewlh/VSCode/ros2_ws/install/perception/bin
[7.856s] Installing hand_pose_node script to /home/andrewlh/VSCode/ros2_ws/install/perception/bin
[7.856s] Installing pose_filter_node script to /home/andrewlh/VSCode/ros2_ws/install/perception/bin
[7.856s] writing list of installed files to '/home/andrewlh/VSCode/ros2_ws/build/perception/install.log'
[8.059s] Invoked command in '/home/andrewlh/VSCode/ros2_ws/src/perception' returned '0': CONDA_PROMPT_MODIFIER=(base) DEBUGINFOD_URLS=https://debuginfod.ubuntu.com PYTHONPATH=/home/andrewlh/VSCode/ros2_ws/build/perception/prefix_override:/usr/lib/python3/dist-packages/colcon_core/task/python/colcon_distutils_commands:/home/andrewlh/VSCode/ros2_ws/install/perception/lib/python3.12/site-packages:${PYTHONPATH} /usr/bin/python3 -W ignore:setup.py install is deprecated -W ignore:easy_install command is deprecated setup.py egg_info --egg-base ../../build/perception build --build-base /home/andrewlh/VSCode/ros2_ws/build/perception/build install --record /home/andrewlh/VSCode/ros2_ws/build/perception/install.log --single-version-externally-managed install_data --force
