[4.599s] Invoking command in '/home/andrewlh/VSCode/ros2_ws/build/camera_interface': CONDA_PROMPT_MODIFIER=(base) DEBUGINFOD_URLS=https://debuginfod.ubuntu.com PYTHONPATH=/home/andrewlh/VSCode/ros2_ws/build/camera_interface/prefix_override:/usr/lib/python3/dist-packages/colcon_core/task/python/colcon_distutils_commands:/home/andrewlh/VSCode/ros2_ws/install/camera_interface/lib/python3.12/site-packages:${PYTHONPATH} /usr/bin/python3 -W ignore:setup.py install is deprecated -W ignore:easy_install command is deprecated setup.py develop --uninstall --editable --build-directory /home/andrewlh/VSCode/ros2_ws/build/camera_interface/build
[5.540s] running develop
[6.158s] Removing /home/andrewlh/VSCode/ros2_ws/install/camera_interface/lib/python3.12/site-packages/camera-interface.egg-link (link to .)
[6.261s] Invoked command in '/home/andrewlh/VSCode/ros2_ws/build/camera_interface' returned '0': CONDA_PROMPT_MODIFIER=(base) DEBUGINFOD_URLS=https://debuginfod.ubuntu.com PYTHONPATH=/home/andrewlh/VSCode/ros2_ws/build/camera_interface/prefix_override:/usr/lib/python3/dist-packages/colcon_core/task/python/colcon_distutils_commands:/home/andrewlh/VSCode/ros2_ws/install/camera_interface/lib/python3.12/site-packages:${PYTHONPATH} /usr/bin/python3 -W ignore:setup.py install is deprecated -W ignore:easy_install command is deprecated setup.py develop --uninstall --editable --build-directory /home/andrewlh/VSCode/ros2_ws/build/camera_interface/build
[6.262s] Invoking command in '/home/andrewlh/VSCode/ros2_ws/src/camera_interface': CONDA_PROMPT_MODIFIER=(base) DEBUGINFOD_URLS=https://debuginfod.ubuntu.com PYTHONPATH=/home/andrewlh/VSCode/ros2_ws/build/camera_interface/prefix_override:/usr/lib/python3/dist-packages/colcon_core/task/python/colcon_distutils_commands:/home/andrewlh/VSCode/ros2_ws/install/camera_interface/lib/python3.12/site-packages:${PYTHONPATH} /usr/bin/python3 -W ignore:setup.py install is deprecated -W ignore:easy_install command is deprecated setup.py egg_info --egg-base ../../build/camera_interface build --build-base /home/andrewlh/VSCode/ros2_ws/build/camera_interface/build install --record /home/andrewlh/VSCode/ros2_ws/build/camera_interface/install.log --single-version-externally-managed install_data --force
[7.081s] running egg_info
[7.137s] writing ../../build/camera_interface/camera_interface.egg-info/PKG-INFO
[7.139s] writing dependency_links to ../../build/camera_interface/camera_interface.egg-info/dependency_links.txt
[7.141s] writing entry points to ../../build/camera_interface/camera_interface.egg-info/entry_points.txt
[7.143s] writing requirements to ../../build/camera_interface/camera_interface.egg-info/requires.txt
[7.145s] writing top-level names to ../../build/camera_interface/camera_interface.egg-info/top_level.txt
[7.260s] reading manifest file '../../build/camera_interface/camera_interface.egg-info/SOURCES.txt'
[7.273s] writing manifest file '../../build/camera_interface/camera_interface.egg-info/SOURCES.txt'
[7.274s] running build
[7.274s] running build_py
[7.276s] creating /home/andrewlh/VSCode/ros2_ws/build/camera_interface/build
[7.276s] creating /home/andrewlh/VSCode/ros2_ws/build/camera_interface/build/lib
[7.276s] creating /home/andrewlh/VSCode/ros2_ws/build/camera_interface/build/lib/camera_interface
[7.288s] copying camera_interface/__init__.py -> /home/andrewlh/VSCode/ros2_ws/build/camera_interface/build/lib/camera_interface
[7.288s] copying camera_interface/camera_info_node.py -> /home/andrewlh/VSCode/ros2_ws/build/camera_interface/build/lib/camera_interface
[7.288s] copying camera_interface/camera_node.py -> /home/andrewlh/VSCode/ros2_ws/build/camera_interface/build/lib/camera_interface
[7.290s] running install
[7.346s] running install_lib
[7.543s] creating /home/andrewlh/VSCode/ros2_ws/install/camera_interface/lib/python3.12/site-packages/camera_interface
[7.543s] copying /home/andrewlh/VSCode/ros2_ws/build/camera_interface/build/lib/camera_interface/__init__.py -> /home/andrewlh/VSCode/ros2_ws/install/camera_interface/lib/python3.12/site-packages/camera_interface
[7.543s] copying /home/andrewlh/VSCode/ros2_ws/build/camera_interface/build/lib/camera_interface/camera_info_node.py -> /home/andrewlh/VSCode/ros2_ws/install/camera_interface/lib/python3.12/site-packages/camera_interface
[7.544s] copying /home/andrewlh/VSCode/ros2_ws/build/camera_interface/build/lib/camera_interface/camera_node.py -> /home/andrewlh/VSCode/ros2_ws/install/camera_interface/lib/python3.12/site-packages/camera_interface
[7.544s] byte-compiling /home/andrewlh/VSCode/ros2_ws/install/camera_interface/lib/python3.12/site-packages/camera_interface/__init__.py to __init__.cpython-312.pyc
[7.544s] byte-compiling /home/andrewlh/VSCode/ros2_ws/install/camera_interface/lib/python3.12/site-packages/camera_interface/camera_info_node.py to camera_info_node.cpython-312.pyc
[7.544s] byte-compiling /home/andrewlh/VSCode/ros2_ws/install/camera_interface/lib/python3.12/site-packages/camera_interface/camera_node.py to camera_node.cpython-312.pyc
[7.550s] running install_data
[7.557s] copying resource/camera_interface -> /home/andrewlh/VSCode/ros2_ws/install/camera_interface/share/ament_index/resource_index/packages
[7.557s] copying package.xml -> /home/andrewlh/VSCode/ros2_ws/install/camera_interface/share/camera_interface
[7.558s] running install_egg_info
[7.617s] Copying ../../build/camera_interface/camera_interface.egg-info to /home/andrewlh/VSCode/ros2_ws/install/camera_interface/lib/python3.12/site-packages/camera_interface-0.1.0-py3.12.egg-info
[7.640s] running install_scripts
[8.177s] Installing camera_info_node script to /home/andrewlh/VSCode/ros2_ws/install/camera_interface/bin
[8.177s] Installing camera_node script to /home/andrewlh/VSCode/ros2_ws/install/camera_interface/bin
[8.178s] writing list of installed files to '/home/andrewlh/VSCode/ros2_ws/build/camera_interface/install.log'
[8.278s] Invoked command in '/home/andrewlh/VSCode/ros2_ws/src/camera_interface' returned '0': CONDA_PROMPT_MODIFIER=(base) DEBUGINFOD_URLS=https://debuginfod.ubuntu.com PYTHONPATH=/home/andrewlh/VSCode/ros2_ws/build/camera_interface/prefix_override:/usr/lib/python3/dist-packages/colcon_core/task/python/colcon_distutils_commands:/home/andrewlh/VSCode/ros2_ws/install/camera_interface/lib/python3.12/site-packages:${PYTHONPATH} /usr/bin/python3 -W ignore:setup.py install is deprecated -W ignore:easy_install command is deprecated setup.py egg_info --egg-base ../../build/camera_interface build --build-base /home/andrewlh/VSCode/ros2_ws/build/camera_interface/build install --record /home/andrewlh/VSCode/ros2_ws/build/camera_interface/install.log --single-version-externally-managed install_data --force
