[5.565s] Invoking command in '/home/andrewlh/VSCode/ros2_ws/src/cr3_interface': CONDA_PROMPT_MODIFIER=(base) DEBUGINFOD_URLS=https://debuginfod.ubuntu.com PYTHONPATH=/home/andrewlh/VSCode/ros2_ws/build/cr3_interface/prefix_override:/usr/lib/python3/dist-packages/colcon_core/task/python/colcon_distutils_commands:/home/andrewlh/VSCode/ros2_ws/install/cr3_interface/lib/python3.12/site-packages:${PYTHONPATH} /usr/bin/python3 -W ignore:setup.py install is deprecated -W ignore:easy_install command is deprecated setup.py egg_info --egg-base ../../build/cr3_interface build --build-base /home/andrewlh/VSCode/ros2_ws/build/cr3_interface/build install --record /home/andrewlh/VSCode/ros2_ws/build/cr3_interface/install.log --single-version-externally-managed install_data
[6.592s] running egg_info
[6.675s] writing ../../build/cr3_interface/cr3_interface.egg-info/PKG-INFO
[6.676s] writing dependency_links to ../../build/cr3_interface/cr3_interface.egg-info/dependency_links.txt
[6.691s] writing entry points to ../../build/cr3_interface/cr3_interface.egg-info/entry_points.txt
[6.692s] writing requirements to ../../build/cr3_interface/cr3_interface.egg-info/requires.txt
[6.692s] writing top-level names to ../../build/cr3_interface/cr3_interface.egg-info/top_level.txt
[6.821s] reading manifest file '../../build/cr3_interface/cr3_interface.egg-info/SOURCES.txt'
[6.824s] writing manifest file '../../build/cr3_interface/cr3_interface.egg-info/SOURCES.txt'
[6.828s] running build
[6.829s] running build_py
[6.829s] running install
[6.849s] running install_lib
[6.938s] running install_data
[6.938s] running install_egg_info
[7.018s] removing '/home/andrewlh/VSCode/ros2_ws/install/cr3_interface/lib/python3.12/site-packages/cr3_interface-0.1.0-py3.12.egg-info' (and everything under it)
[7.019s] Copying ../../build/cr3_interface/cr3_interface.egg-info to /home/andrewlh/VSCode/ros2_ws/install/cr3_interface/lib/python3.12/site-packages/cr3_interface-0.1.0-py3.12.egg-info
[7.026s] running install_scripts
[7.414s] Installing cr3_controller_node script to /home/andrewlh/VSCode/ros2_ws/install/cr3_interface/lib/cr3_interface
[7.414s] Installing hand_controller_node script to /home/andrewlh/VSCode/ros2_ws/install/cr3_interface/lib/cr3_interface
[7.414s] Installing joint_state_publisher_node script to /home/andrewlh/VSCode/ros2_ws/install/cr3_interface/lib/cr3_interface
[7.415s] Installing tf_broadcaster_node script to /home/andrewlh/VSCode/ros2_ws/install/cr3_interface/lib/cr3_interface
[7.415s] writing list of installed files to '/home/andrewlh/VSCode/ros2_ws/build/cr3_interface/install.log'
[7.510s] Invoked command in '/home/andrewlh/VSCode/ros2_ws/src/cr3_interface' returned '0': CONDA_PROMPT_MODIFIER=(base) DEBUGINFOD_URLS=https://debuginfod.ubuntu.com PYTHONPATH=/home/andrewlh/VSCode/ros2_ws/build/cr3_interface/prefix_override:/usr/lib/python3/dist-packages/colcon_core/task/python/colcon_distutils_commands:/home/andrewlh/VSCode/ros2_ws/install/cr3_interface/lib/python3.12/site-packages:${PYTHONPATH} /usr/bin/python3 -W ignore:setup.py install is deprecated -W ignore:easy_install command is deprecated setup.py egg_info --egg-base ../../build/cr3_interface build --build-base /home/andrewlh/VSCode/ros2_ws/build/cr3_interface/build install --record /home/andrewlh/VSCode/ros2_ws/build/cr3_interface/install.log --single-version-externally-managed install_data
