[4.208s] Invoking command in '/home/andrewlh/VSCode/ros2_ws/src/control': CONDA_PROMPT_MODIFIER=(base) DEBUGINFOD_URLS=https://debuginfod.ubuntu.com PYTHONPATH=/home/andrewlh/VSCode/ros2_ws/build/control/prefix_override:/usr/lib/python3/dist-packages/colcon_core/task/python/colcon_distutils_commands:/home/andrewlh/VSCode/ros2_ws/install/control/lib/python3.12/site-packages:${PYTHONPATH} /usr/bin/python3 -W ignore:setup.py install is deprecated -W ignore:easy_install command is deprecated setup.py egg_info --egg-base ../../build/control build --build-base /home/andrewlh/VSCode/ros2_ws/build/control/build install --record /home/andrewlh/VSCode/ros2_ws/build/control/install.log --single-version-externally-managed install_data
[5.230s] running egg_info
[5.283s] writing ../../build/control/control.egg-info/PKG-INFO
[5.283s] writing dependency_links to ../../build/control/control.egg-info/dependency_links.txt
[5.283s] writing entry points to ../../build/control/control.egg-info/entry_points.txt
[5.284s] writing requirements to ../../build/control/control.egg-info/requires.txt
[5.284s] writing top-level names to ../../build/control/control.egg-info/top_level.txt
[5.411s] reading manifest file '../../build/control/control.egg-info/SOURCES.txt'
[5.411s] writing manifest file '../../build/control/control.egg-info/SOURCES.txt'
[5.411s] running build
[5.411s] running build_py
[5.412s] running install
[5.430s] running install_lib
[5.507s] running install_data
[5.507s] running install_egg_info
[5.627s] removing '/home/andrewlh/VSCode/ros2_ws/install/control/lib/python3.12/site-packages/control-0.1.0-py3.12.egg-info' (and everything under it)
[5.627s] Copying ../../build/control/control.egg-info to /home/andrewlh/VSCode/ros2_ws/install/control/lib/python3.12/site-packages/control-0.1.0-py3.12.egg-info
[5.628s] running install_scripts
[6.138s] Installing motion_planner_node script to /home/andrewlh/VSCode/ros2_ws/install/control/lib/control
[6.138s] Installing pose_to_command_node script to /home/andrewlh/VSCode/ros2_ws/install/control/lib/control
[6.140s] Installing teleop_node script to /home/andrewlh/VSCode/ros2_ws/install/control/lib/control
[6.140s] Installing trajectory_executor_node script to /home/andrewlh/VSCode/ros2_ws/install/control/lib/control
[6.140s] writing list of installed files to '/home/andrewlh/VSCode/ros2_ws/build/control/install.log'
[6.467s] Invoked command in '/home/andrewlh/VSCode/ros2_ws/src/control' returned '0': CONDA_PROMPT_MODIFIER=(base) DEBUGINFOD_URLS=https://debuginfod.ubuntu.com PYTHONPATH=/home/andrewlh/VSCode/ros2_ws/build/control/prefix_override:/usr/lib/python3/dist-packages/colcon_core/task/python/colcon_distutils_commands:/home/andrewlh/VSCode/ros2_ws/install/control/lib/python3.12/site-packages:${PYTHONPATH} /usr/bin/python3 -W ignore:setup.py install is deprecated -W ignore:easy_install command is deprecated setup.py egg_info --egg-base ../../build/control build --build-base /home/andrewlh/VSCode/ros2_ws/build/control/build install --record /home/andrewlh/VSCode/ros2_ws/build/control/install.log --single-version-externally-managed install_data
