[4.908s] Invoking command in '/home/andrewlh/VSCode/ros2_ws/build/cr3_interface': CONDA_PROMPT_MODIFIER=(base) DEBUGINFOD_URLS=https://debuginfod.ubuntu.com PYTHONPATH=/home/andrewlh/VSCode/ros2_ws/build/cr3_interface/prefix_override:/usr/lib/python3/dist-packages/colcon_core/task/python/colcon_distutils_commands:/home/andrewlh/VSCode/ros2_ws/install/cr3_interface/lib/python3.12/site-packages:${PYTHONPATH} /usr/bin/python3 -W ignore:setup.py install is deprecated -W ignore:easy_install command is deprecated setup.py develop --editable --build-directory /home/andrewlh/VSCode/ros2_ws/build/cr3_interface/build --no-deps symlink_data --force
[6.017s] running develop
[6.887s] running egg_info
[6.938s] writing cr3_interface.egg-info/PKG-INFO
[6.940s] writing dependency_links to cr3_interface.egg-info/dependency_links.txt
[6.941s] writing entry points to cr3_interface.egg-info/entry_points.txt
[6.942s] writing requirements to cr3_interface.egg-info/requires.txt
[6.942s] writing top-level names to cr3_interface.egg-info/top_level.txt
[7.087s] reading manifest file 'cr3_interface.egg-info/SOURCES.txt'
[7.097s] writing manifest file 'cr3_interface.egg-info/SOURCES.txt'
[7.214s] running build_ext
[7.215s] Creating /home/andrewlh/VSCode/ros2_ws/install/cr3_interface/lib/python3.12/site-packages/cr3-interface.egg-link (link to .)
[7.225s] Installing cr3_controller_node script to /home/andrewlh/VSCode/ros2_ws/install/cr3_interface/bin
[7.225s] Installing hand_controller_node script to /home/andrewlh/VSCode/ros2_ws/install/cr3_interface/bin
[7.225s] Installing joint_state_publisher_node script to /home/andrewlh/VSCode/ros2_ws/install/cr3_interface/bin
[7.228s] Installing tf_broadcaster_node script to /home/andrewlh/VSCode/ros2_ws/install/cr3_interface/bin
[7.228s] 
[7.228s] Installed /home/andrewlh/VSCode/ros2_ws/build/cr3_interface
[7.229s] running symlink_data
[7.229s] symbolically linking /home/andrewlh/VSCode/ros2_ws/build/cr3_interface/resource/cr3_interface -> /home/andrewlh/VSCode/ros2_ws/install/cr3_interface/share/ament_index/resource_index/packages
[7.231s] symbolically linking /home/andrewlh/VSCode/ros2_ws/build/cr3_interface/package.xml -> /home/andrewlh/VSCode/ros2_ws/install/cr3_interface/share/cr3_interface
[7.369s] Invoked command in '/home/andrewlh/VSCode/ros2_ws/build/cr3_interface' returned '0': CONDA_PROMPT_MODIFIER=(base) DEBUGINFOD_URLS=https://debuginfod.ubuntu.com PYTHONPATH=/home/andrewlh/VSCode/ros2_ws/build/cr3_interface/prefix_override:/usr/lib/python3/dist-packages/colcon_core/task/python/colcon_distutils_commands:/home/andrewlh/VSCode/ros2_ws/install/cr3_interface/lib/python3.12/site-packages:${PYTHONPATH} /usr/bin/python3 -W ignore:setup.py install is deprecated -W ignore:easy_install command is deprecated setup.py develop --editable --build-directory /home/andrewlh/VSCode/ros2_ws/build/cr3_interface/build --no-deps symlink_data --force
