[2.666s] Invoking command in '/home/andrewlh/VSCode/ros2_ws/src/ui': CONDA_PROMPT_MODIFIER=(base) DEBUGINFOD_URLS=https://debuginfod.ubuntu.com PYTHONPATH=/home/andrewlh/VSCode/ros2_ws/build/ui/prefix_override:/usr/lib/python3/dist-packages/colcon_core/task/python/colcon_distutils_commands:/home/andrewlh/VSCode/ros2_ws/install/ui/lib/python3.12/site-packages:${PYTHONPATH} /usr/bin/python3 -W ignore:setup.py install is deprecated -W ignore:easy_install command is deprecated setup.py egg_info --egg-base ../../build/ui build --build-base /home/andrewlh/VSCode/ros2_ws/build/ui/build install --record /home/andrewlh/VSCode/ros2_ws/build/ui/install.log --single-version-externally-managed install_data
[3.142s] running egg_info
[3.143s] creating ../../build/ui/ui.egg-info
[3.197s] writing ../../build/ui/ui.egg-info/PKG-INFO
[3.199s] writing dependency_links to ../../build/ui/ui.egg-info/dependency_links.txt
[3.199s] writing entry points to ../../build/ui/ui.egg-info/entry_points.txt
[3.200s] writing requirements to ../../build/ui/ui.egg-info/requires.txt
[3.200s] writing top-level names to ../../build/ui/ui.egg-info/top_level.txt
[3.200s] writing manifest file '../../build/ui/ui.egg-info/SOURCES.txt'
[3.305s] reading manifest file '../../build/ui/ui.egg-info/SOURCES.txt'
[3.306s] writing manifest file '../../build/ui/ui.egg-info/SOURCES.txt'
[3.307s] running build
[3.308s] running build_py
[3.308s] creating /home/andrewlh/VSCode/ros2_ws/build/ui/build
[3.308s] creating /home/andrewlh/VSCode/ros2_ws/build/ui/build/lib
[3.309s] creating /home/andrewlh/VSCode/ros2_ws/build/ui/build/lib/ui
[3.309s] copying ui/__init__.py -> /home/andrewlh/VSCode/ros2_ws/build/ui/build/lib/ui
[3.310s] copying ui/mode_switcher_node.py -> /home/andrewlh/VSCode/ros2_ws/build/ui/build/lib/ui
[3.310s] copying ui/ui_visualization.py -> /home/andrewlh/VSCode/ros2_ws/build/ui/build/lib/ui
[3.312s] copying ui/ui_window_manager.py -> /home/andrewlh/VSCode/ros2_ws/build/ui/build/lib/ui
[3.312s] copying ui/ui_button_controller.py -> /home/andrewlh/VSCode/ros2_ws/build/ui/build/lib/ui
[3.319s] copying ui/ui_dashboard_node_modular.py -> /home/andrewlh/VSCode/ros2_ws/build/ui/build/lib/ui
[3.319s] running install
[3.332s] running install_lib
[3.373s] creating /home/andrewlh/VSCode/ros2_ws/install/ui/lib/python3.12/site-packages/ui
[3.374s] copying /home/andrewlh/VSCode/ros2_ws/build/ui/build/lib/ui/__init__.py -> /home/andrewlh/VSCode/ros2_ws/install/ui/lib/python3.12/site-packages/ui
[3.374s] copying /home/andrewlh/VSCode/ros2_ws/build/ui/build/lib/ui/mode_switcher_node.py -> /home/andrewlh/VSCode/ros2_ws/install/ui/lib/python3.12/site-packages/ui
[3.374s] copying /home/andrewlh/VSCode/ros2_ws/build/ui/build/lib/ui/ui_visualization.py -> /home/andrewlh/VSCode/ros2_ws/install/ui/lib/python3.12/site-packages/ui
[3.374s] copying /home/andrewlh/VSCode/ros2_ws/build/ui/build/lib/ui/ui_window_manager.py -> /home/andrewlh/VSCode/ros2_ws/install/ui/lib/python3.12/site-packages/ui
[3.375s] copying /home/andrewlh/VSCode/ros2_ws/build/ui/build/lib/ui/ui_button_controller.py -> /home/andrewlh/VSCode/ros2_ws/install/ui/lib/python3.12/site-packages/ui
[3.375s] copying /home/andrewlh/VSCode/ros2_ws/build/ui/build/lib/ui/ui_dashboard_node_modular.py -> /home/andrewlh/VSCode/ros2_ws/install/ui/lib/python3.12/site-packages/ui
[3.380s] byte-compiling /home/andrewlh/VSCode/ros2_ws/install/ui/lib/python3.12/site-packages/ui/__init__.py to __init__.cpython-312.pyc
[3.380s] byte-compiling /home/andrewlh/VSCode/ros2_ws/install/ui/lib/python3.12/site-packages/ui/mode_switcher_node.py to mode_switcher_node.cpython-312.pyc
[3.382s] byte-compiling /home/andrewlh/VSCode/ros2_ws/install/ui/lib/python3.12/site-packages/ui/ui_visualization.py to ui_visualization.cpython-312.pyc
[3.391s] byte-compiling /home/andrewlh/VSCode/ros2_ws/install/ui/lib/python3.12/site-packages/ui/ui_window_manager.py to ui_window_manager.cpython-312.pyc
[3.395s] byte-compiling /home/andrewlh/VSCode/ros2_ws/install/ui/lib/python3.12/site-packages/ui/ui_button_controller.py to ui_button_controller.cpython-312.pyc
[3.401s] byte-compiling /home/andrewlh/VSCode/ros2_ws/install/ui/lib/python3.12/site-packages/ui/ui_dashboard_node_modular.py to ui_dashboard_node_modular.cpython-312.pyc
[3.404s] running install_data
[3.404s] creating /home/andrewlh/VSCode/ros2_ws/install/ui/share/ament_index
[3.404s] creating /home/andrewlh/VSCode/ros2_ws/install/ui/share/ament_index/resource_index
[3.405s] creating /home/andrewlh/VSCode/ros2_ws/install/ui/share/ament_index/resource_index/packages
[3.405s] copying resource/ui -> /home/andrewlh/VSCode/ros2_ws/install/ui/share/ament_index/resource_index/packages
[3.408s] copying package.xml -> /home/andrewlh/VSCode/ros2_ws/install/ui/share/ui
[3.408s] running install_egg_info
[3.454s] Copying ../../build/ui/ui.egg-info to /home/andrewlh/VSCode/ros2_ws/install/ui/lib/python3.12/site-packages/ui-0.1.0-py3.12.egg-info
[3.458s] running install_scripts
[3.727s] Installing mode_switcher_node script to /home/andrewlh/VSCode/ros2_ws/install/ui/lib/ui
[3.729s] Installing ui_dashboard_node script to /home/andrewlh/VSCode/ros2_ws/install/ui/lib/ui
[3.729s] writing list of installed files to '/home/andrewlh/VSCode/ros2_ws/build/ui/install.log'
[3.778s] Invoked command in '/home/andrewlh/VSCode/ros2_ws/src/ui' returned '0': CONDA_PROMPT_MODIFIER=(base) DEBUGINFOD_URLS=https://debuginfod.ubuntu.com PYTHONPATH=/home/andrewlh/VSCode/ros2_ws/build/ui/prefix_override:/usr/lib/python3/dist-packages/colcon_core/task/python/colcon_distutils_commands:/home/andrewlh/VSCode/ros2_ws/install/ui/lib/python3.12/site-packages:${PYTHONPATH} /usr/bin/python3 -W ignore:setup.py install is deprecated -W ignore:easy_install command is deprecated setup.py egg_info --egg-base ../../build/ui build --build-base /home/andrewlh/VSCode/ros2_ws/build/ui/build install --record /home/andrewlh/VSCode/ros2_ws/build/ui/install.log --single-version-externally-managed install_data
