running egg_info
creating ../../build/control_system/control_system.egg-info
writing ../../build/control_system/control_system.egg-info/PKG-INFO
writing dependency_links to ../../build/control_system/control_system.egg-info/dependency_links.txt
writing entry points to ../../build/control_system/control_system.egg-info/entry_points.txt
writing requirements to ../../build/control_system/control_system.egg-info/requires.txt
writing top-level names to ../../build/control_system/control_system.egg-info/top_level.txt
writing manifest file '../../build/control_system/control_system.egg-info/SOURCES.txt'
reading manifest file '../../build/control_system/control_system.egg-info/SOURCES.txt'
writing manifest file '../../build/control_system/control_system.egg-info/SOURCES.txt'
running build
running build_py
creating /home/andrewlh/VSCode/ros2_ws/build/control_system/build
creating /home/andrewlh/VSCode/ros2_ws/build/control_system/build/lib
creating /home/andrewlh/VSCode/ros2_ws/build/control_system/build/lib/control_system
copying control_system/__init__.py -> /home/andrewlh/VSCode/ros2_ws/build/control_system/build/lib/control_system
copying control_system/perception_control_node.py -> /home/andrewlh/VSCode/ros2_ws/build/control_system/build/lib/control_system
copying control_system/manual_control_node.py -> /home/andrewlh/VSCode/ros2_ws/build/control_system/build/lib/control_system
copying control_system/unified_control_node.py -> /home/andrewlh/VSCode/ros2_ws/build/control_system/build/lib/control_system
copying control_system/servo_interface_node.py -> /home/andrewlh/VSCode/ros2_ws/build/control_system/build/lib/control_system
copying control_system/mode_manager_node.py -> /home/andrewlh/VSCode/ros2_ws/build/control_system/build/lib/control_system
running install
running install_lib
creating /home/andrewlh/VSCode/ros2_ws/install/control_system/lib/python3.12/site-packages/control_system
copying /home/andrewlh/VSCode/ros2_ws/build/control_system/build/lib/control_system/__init__.py -> /home/andrewlh/VSCode/ros2_ws/install/control_system/lib/python3.12/site-packages/control_system
copying /home/andrewlh/VSCode/ros2_ws/build/control_system/build/lib/control_system/perception_control_node.py -> /home/andrewlh/VSCode/ros2_ws/install/control_system/lib/python3.12/site-packages/control_system
copying /home/andrewlh/VSCode/ros2_ws/build/control_system/build/lib/control_system/manual_control_node.py -> /home/andrewlh/VSCode/ros2_ws/install/control_system/lib/python3.12/site-packages/control_system
copying /home/andrewlh/VSCode/ros2_ws/build/control_system/build/lib/control_system/unified_control_node.py -> /home/andrewlh/VSCode/ros2_ws/install/control_system/lib/python3.12/site-packages/control_system
copying /home/andrewlh/VSCode/ros2_ws/build/control_system/build/lib/control_system/servo_interface_node.py -> /home/andrewlh/VSCode/ros2_ws/install/control_system/lib/python3.12/site-packages/control_system
copying /home/andrewlh/VSCode/ros2_ws/build/control_system/build/lib/control_system/mode_manager_node.py -> /home/andrewlh/VSCode/ros2_ws/install/control_system/lib/python3.12/site-packages/control_system
byte-compiling /home/andrewlh/VSCode/ros2_ws/install/control_system/lib/python3.12/site-packages/control_system/__init__.py to __init__.cpython-312.pyc
byte-compiling /home/andrewlh/VSCode/ros2_ws/install/control_system/lib/python3.12/site-packages/control_system/perception_control_node.py to perception_control_node.cpython-312.pyc
byte-compiling /home/andrewlh/VSCode/ros2_ws/install/control_system/lib/python3.12/site-packages/control_system/manual_control_node.py to manual_control_node.cpython-312.pyc
byte-compiling /home/andrewlh/VSCode/ros2_ws/install/control_system/lib/python3.12/site-packages/control_system/unified_control_node.py to unified_control_node.cpython-312.pyc
byte-compiling /home/andrewlh/VSCode/ros2_ws/install/control_system/lib/python3.12/site-packages/control_system/servo_interface_node.py to servo_interface_node.cpython-312.pyc
byte-compiling /home/andrewlh/VSCode/ros2_ws/install/control_system/lib/python3.12/site-packages/control_system/mode_manager_node.py to mode_manager_node.cpython-312.pyc
running install_data
creating /home/andrewlh/VSCode/ros2_ws/install/control_system/share/ament_index
creating /home/andrewlh/VSCode/ros2_ws/install/control_system/share/ament_index/resource_index
creating /home/andrewlh/VSCode/ros2_ws/install/control_system/share/ament_index/resource_index/packages
copying resource/control_system -> /home/andrewlh/VSCode/ros2_ws/install/control_system/share/ament_index/resource_index/packages
copying package.xml -> /home/andrewlh/VSCode/ros2_ws/install/control_system/share/control_system
running install_egg_info
Copying ../../build/control_system/control_system.egg-info to /home/andrewlh/VSCode/ros2_ws/install/control_system/lib/python3.12/site-packages/control_system-0.0.1-py3.12.egg-info
running install_scripts
Installing manual_control_node script to /home/andrewlh/VSCode/ros2_ws/install/control_system/bin
Installing mode_manager_node script to /home/andrewlh/VSCode/ros2_ws/install/control_system/bin
Installing perception_control_node script to /home/andrewlh/VSCode/ros2_ws/install/control_system/bin
Installing servo_interface_node script to /home/andrewlh/VSCode/ros2_ws/install/control_system/bin
Installing unified_control_node script to /home/andrewlh/VSCode/ros2_ws/install/control_system/bin
writing list of installed files to '/home/andrewlh/VSCode/ros2_ws/build/control_system/install.log'
