[0.975s] Invoking command in '/home/andrewlh/VSCode/ros2_ws/src/control_system': CONDA_PROMPT_MODIFIER=(base) DEBUGINFOD_URLS=https://debuginfod.ubuntu.com PYTHONPATH=/home/andrewlh/VSCode/ros2_ws/build/control_system/prefix_override:/usr/lib/python3/dist-packages/colcon_core/task/python/colcon_distutils_commands:/home/andrewlh/VSCode/ros2_ws/install/control_system/lib/python3.12/site-packages:${PYTHONPATH} /usr/bin/python3 -W ignore:setup.py install is deprecated -W ignore:easy_install command is deprecated setup.py egg_info --egg-base ../../build/control_system build --build-base /home/andrewlh/VSCode/ros2_ws/build/control_system/build install --record /home/andrewlh/VSCode/ros2_ws/build/control_system/install.log --single-version-externally-managed install_data
[1.239s] running egg_info
[1.240s] creating ../../build/control_system/control_system.egg-info
[1.263s] writing ../../build/control_system/control_system.egg-info/PKG-INFO
[1.263s] writing dependency_links to ../../build/control_system/control_system.egg-info/dependency_links.txt
[1.263s] writing entry points to ../../build/control_system/control_system.egg-info/entry_points.txt
[1.264s] writing requirements to ../../build/control_system/control_system.egg-info/requires.txt
[1.264s] writing top-level names to ../../build/control_system/control_system.egg-info/top_level.txt
[1.264s] writing manifest file '../../build/control_system/control_system.egg-info/SOURCES.txt'
[1.303s] reading manifest file '../../build/control_system/control_system.egg-info/SOURCES.txt'
[1.303s] writing manifest file '../../build/control_system/control_system.egg-info/SOURCES.txt'
[1.303s] running build
[1.303s] running build_py
[1.303s] creating /home/andrewlh/VSCode/ros2_ws/build/control_system/build
[1.304s] creating /home/andrewlh/VSCode/ros2_ws/build/control_system/build/lib
[1.305s] creating /home/andrewlh/VSCode/ros2_ws/build/control_system/build/lib/control_system
[1.305s] copying control_system/__init__.py -> /home/andrewlh/VSCode/ros2_ws/build/control_system/build/lib/control_system
[1.305s] copying control_system/perception_control_node.py -> /home/andrewlh/VSCode/ros2_ws/build/control_system/build/lib/control_system
[1.305s] copying control_system/manual_control_node.py -> /home/andrewlh/VSCode/ros2_ws/build/control_system/build/lib/control_system
[1.306s] copying control_system/unified_control_node.py -> /home/andrewlh/VSCode/ros2_ws/build/control_system/build/lib/control_system
[1.306s] copying control_system/servo_interface_node.py -> /home/andrewlh/VSCode/ros2_ws/build/control_system/build/lib/control_system
[1.306s] copying control_system/mode_manager_node.py -> /home/andrewlh/VSCode/ros2_ws/build/control_system/build/lib/control_system
[1.307s] running install
[1.313s] running install_lib
[1.332s] creating /home/andrewlh/VSCode/ros2_ws/install/control_system/lib/python3.12/site-packages/control_system
[1.332s] copying /home/andrewlh/VSCode/ros2_ws/build/control_system/build/lib/control_system/__init__.py -> /home/andrewlh/VSCode/ros2_ws/install/control_system/lib/python3.12/site-packages/control_system
[1.333s] copying /home/andrewlh/VSCode/ros2_ws/build/control_system/build/lib/control_system/perception_control_node.py -> /home/andrewlh/VSCode/ros2_ws/install/control_system/lib/python3.12/site-packages/control_system
[1.333s] copying /home/andrewlh/VSCode/ros2_ws/build/control_system/build/lib/control_system/manual_control_node.py -> /home/andrewlh/VSCode/ros2_ws/install/control_system/lib/python3.12/site-packages/control_system
[1.333s] copying /home/andrewlh/VSCode/ros2_ws/build/control_system/build/lib/control_system/unified_control_node.py -> /home/andrewlh/VSCode/ros2_ws/install/control_system/lib/python3.12/site-packages/control_system
[1.333s] copying /home/andrewlh/VSCode/ros2_ws/build/control_system/build/lib/control_system/servo_interface_node.py -> /home/andrewlh/VSCode/ros2_ws/install/control_system/lib/python3.12/site-packages/control_system
[1.333s] copying /home/andrewlh/VSCode/ros2_ws/build/control_system/build/lib/control_system/mode_manager_node.py -> /home/andrewlh/VSCode/ros2_ws/install/control_system/lib/python3.12/site-packages/control_system
[1.334s] byte-compiling /home/andrewlh/VSCode/ros2_ws/install/control_system/lib/python3.12/site-packages/control_system/__init__.py to __init__.cpython-312.pyc
[1.335s] byte-compiling /home/andrewlh/VSCode/ros2_ws/install/control_system/lib/python3.12/site-packages/control_system/perception_control_node.py to perception_control_node.cpython-312.pyc
[1.337s] byte-compiling /home/andrewlh/VSCode/ros2_ws/install/control_system/lib/python3.12/site-packages/control_system/manual_control_node.py to manual_control_node.cpython-312.pyc
[1.338s] byte-compiling /home/andrewlh/VSCode/ros2_ws/install/control_system/lib/python3.12/site-packages/control_system/unified_control_node.py to unified_control_node.cpython-312.pyc
[1.339s] byte-compiling /home/andrewlh/VSCode/ros2_ws/install/control_system/lib/python3.12/site-packages/control_system/servo_interface_node.py to servo_interface_node.cpython-312.pyc
[1.341s] byte-compiling /home/andrewlh/VSCode/ros2_ws/install/control_system/lib/python3.12/site-packages/control_system/mode_manager_node.py to mode_manager_node.cpython-312.pyc
[1.343s] running install_data
[1.343s] creating /home/andrewlh/VSCode/ros2_ws/install/control_system/share/ament_index
[1.343s] creating /home/andrewlh/VSCode/ros2_ws/install/control_system/share/ament_index/resource_index
[1.344s] creating /home/andrewlh/VSCode/ros2_ws/install/control_system/share/ament_index/resource_index/packages
[1.344s] copying resource/control_system -> /home/andrewlh/VSCode/ros2_ws/install/control_system/share/ament_index/resource_index/packages
[1.345s] copying package.xml -> /home/andrewlh/VSCode/ros2_ws/install/control_system/share/control_system
[1.345s] running install_egg_info
[1.365s] Copying ../../build/control_system/control_system.egg-info to /home/andrewlh/VSCode/ros2_ws/install/control_system/lib/python3.12/site-packages/control_system-0.0.1-py3.12.egg-info
[1.368s] running install_scripts
[1.665s] Installing manual_control_node script to /home/andrewlh/VSCode/ros2_ws/install/control_system/bin
[1.678s] Installing mode_manager_node script to /home/andrewlh/VSCode/ros2_ws/install/control_system/bin
[1.678s] Installing perception_control_node script to /home/andrewlh/VSCode/ros2_ws/install/control_system/bin
[1.678s] Installing servo_interface_node script to /home/andrewlh/VSCode/ros2_ws/install/control_system/bin
[1.681s] Installing unified_control_node script to /home/andrewlh/VSCode/ros2_ws/install/control_system/bin
[1.682s] writing list of installed files to '/home/andrewlh/VSCode/ros2_ws/build/control_system/install.log'
[1.724s] Invoked command in '/home/andrewlh/VSCode/ros2_ws/src/control_system' returned '0': CONDA_PROMPT_MODIFIER=(base) DEBUGINFOD_URLS=https://debuginfod.ubuntu.com PYTHONPATH=/home/andrewlh/VSCode/ros2_ws/build/control_system/prefix_override:/usr/lib/python3/dist-packages/colcon_core/task/python/colcon_distutils_commands:/home/andrewlh/VSCode/ros2_ws/install/control_system/lib/python3.12/site-packages:${PYTHONPATH} /usr/bin/python3 -W ignore:setup.py install is deprecated -W ignore:easy_install command is deprecated setup.py egg_info --egg-base ../../build/control_system build --build-base /home/andrewlh/VSCode/ros2_ws/build/control_system/build install --record /home/andrewlh/VSCode/ros2_ws/build/control_system/install.log --single-version-externally-managed install_data
