[4.892s] Invoking command in '/home/andrewlh/VSCode/ros2_ws/src/perception': CONDA_PROMPT_MODIFIER=(base) DEBUGINFOD_URLS=https://debuginfod.ubuntu.com PYTHONPATH=/home/andrewlh/VSCode/ros2_ws/build/perception/prefix_override:/usr/lib/python3/dist-packages/colcon_core/task/python/colcon_distutils_commands:/home/andrewlh/VSCode/ros2_ws/install/perception/lib/python3.12/site-packages:${PYTHONPATH} /usr/bin/python3 -W ignore:setup.py install is deprecated -W ignore:easy_install command is deprecated setup.py egg_info --egg-base ../../build/perception build --build-base /home/andrewlh/VSCode/ros2_ws/build/perception/build install --record /home/andrewlh/VSCode/ros2_ws/build/perception/install.log --single-version-externally-managed install_data
[6.236s] running egg_info
[6.284s] writing ../../build/perception/perception.egg-info/PKG-INFO
[6.285s] writing dependency_links to ../../build/perception/perception.egg-info/dependency_links.txt
[6.293s] writing entry points to ../../build/perception/perception.egg-info/entry_points.txt
[6.294s] writing requirements to ../../build/perception/perception.egg-info/requires.txt
[6.306s] writing top-level names to ../../build/perception/perception.egg-info/top_level.txt
[6.389s] reading manifest file '../../build/perception/perception.egg-info/SOURCES.txt'
[6.393s] writing manifest file '../../build/perception/perception.egg-info/SOURCES.txt'
[6.393s] running build
[6.393s] running build_py
[6.394s] running install
[6.408s] running install_lib
[6.461s] running install_data
[6.461s] running install_egg_info
[6.505s] removing '/home/andrewlh/VSCode/ros2_ws/install/perception/lib/python3.12/site-packages/perception-0.1.0-py3.12.egg-info' (and everything under it)
[6.506s] Copying ../../build/perception/perception.egg-info to /home/andrewlh/VSCode/ros2_ws/install/perception/lib/python3.12/site-packages/perception-0.1.0-py3.12.egg-info
[6.508s] running install_scripts
[6.751s] Installing body_pose_node script to /home/andrewlh/VSCode/ros2_ws/install/perception/bin
[6.752s] Installing coordinate_transform_node script to /home/andrewlh/VSCode/ros2_ws/install/perception/bin
[6.753s] Installing hand_pose_node script to /home/andrewlh/VSCode/ros2_ws/install/perception/bin
[6.753s] Installing pose_filter_node script to /home/andrewlh/VSCode/ros2_ws/install/perception/bin
[6.754s] writing list of installed files to '/home/andrewlh/VSCode/ros2_ws/build/perception/install.log'
[6.807s] Invoked command in '/home/andrewlh/VSCode/ros2_ws/src/perception' returned '0': CONDA_PROMPT_MODIFIER=(base) DEBUGINFOD_URLS=https://debuginfod.ubuntu.com PYTHONPATH=/home/andrewlh/VSCode/ros2_ws/build/perception/prefix_override:/usr/lib/python3/dist-packages/colcon_core/task/python/colcon_distutils_commands:/home/andrewlh/VSCode/ros2_ws/install/perception/lib/python3.12/site-packages:${PYTHONPATH} /usr/bin/python3 -W ignore:setup.py install is deprecated -W ignore:easy_install command is deprecated setup.py egg_info --egg-base ../../build/perception build --build-base /home/andrewlh/VSCode/ros2_ws/build/perception/build install --record /home/andrewlh/VSCode/ros2_ws/build/perception/install.log --single-version-externally-managed install_data
