[2.589s] Invoking command in '/home/andrewlh/VSCode/ros2_ws/src/control_system': CONDA_PROMPT_MODIFIER=(base) DEBUGINFOD_URLS=https://debuginfod.ubuntu.com PYTHONPATH=/home/andrewlh/VSCode/ros2_ws/build/control_system/prefix_override:/usr/lib/python3/dist-packages/colcon_core/task/python/colcon_distutils_commands:/home/andrewlh/VSCode/ros2_ws/install/control_system/lib/python3.12/site-packages:${PYTHONPATH} /usr/bin/python3 -W ignore:setup.py install is deprecated -W ignore:easy_install command is deprecated setup.py egg_info --egg-base ../../build/control_system build --build-base /home/andrewlh/VSCode/ros2_ws/build/control_system/build install --record /home/andrewlh/VSCode/ros2_ws/build/control_system/install.log --single-version-externally-managed install_data
[3.546s] running egg_info
[3.672s] writing ../../build/control_system/control_system.egg-info/PKG-INFO
[3.672s] writing dependency_links to ../../build/control_system/control_system.egg-info/dependency_links.txt
[3.673s] writing entry points to ../../build/control_system/control_system.egg-info/entry_points.txt
[3.673s] writing requirements to ../../build/control_system/control_system.egg-info/requires.txt
[3.673s] writing top-level names to ../../build/control_system/control_system.egg-info/top_level.txt
[3.878s] reading manifest file '../../build/control_system/control_system.egg-info/SOURCES.txt'
[3.878s] writing manifest file '../../build/control_system/control_system.egg-info/SOURCES.txt'
[3.878s] running build
[3.878s] running build_py
[3.878s] running install
[3.927s] running install_lib
[4.071s] running install_data
[4.072s] running install_egg_info
[4.213s] removing '/home/andrewlh/VSCode/ros2_ws/install/control_system/lib/python3.12/site-packages/control_system-0.0.1-py3.12.egg-info' (and everything under it)
[4.232s] Copying ../../build/control_system/control_system.egg-info to /home/andrewlh/VSCode/ros2_ws/install/control_system/lib/python3.12/site-packages/control_system-0.0.1-py3.12.egg-info
[4.233s] running install_scripts
[5.072s] Installing manual_control_node script to /home/andrewlh/VSCode/ros2_ws/install/control_system/lib/cr3_interface
[5.075s] Installing mode_manager_node script to /home/andrewlh/VSCode/ros2_ws/install/control_system/lib/cr3_interface
[5.075s] Installing perception_control_node script to /home/andrewlh/VSCode/ros2_ws/install/control_system/lib/cr3_interface
[5.076s] Installing servo_interface_node script to /home/andrewlh/VSCode/ros2_ws/install/control_system/lib/cr3_interface
[5.076s] Installing unified_control_node script to /home/andrewlh/VSCode/ros2_ws/install/control_system/lib/cr3_interface
[5.077s] writing list of installed files to '/home/andrewlh/VSCode/ros2_ws/build/control_system/install.log'
[5.368s] Invoked command in '/home/andrewlh/VSCode/ros2_ws/src/control_system' returned '0': CONDA_PROMPT_MODIFIER=(base) DEBUGINFOD_URLS=https://debuginfod.ubuntu.com PYTHONPATH=/home/andrewlh/VSCode/ros2_ws/build/control_system/prefix_override:/usr/lib/python3/dist-packages/colcon_core/task/python/colcon_distutils_commands:/home/andrewlh/VSCode/ros2_ws/install/control_system/lib/python3.12/site-packages:${PYTHONPATH} /usr/bin/python3 -W ignore:setup.py install is deprecated -W ignore:easy_install command is deprecated setup.py egg_info --egg-base ../../build/control_system build --build-base /home/andrewlh/VSCode/ros2_ws/build/control_system/build install --record /home/andrewlh/VSCode/ros2_ws/build/control_system/install.log --single-version-externally-managed install_data
