[4.773s] Invoking command in '/home/andrewlh/VSCode/ros2_ws/src/cr3_interface': CONDA_PROMPT_MODIFIER=(base) DEBUGINFOD_URLS=https://debuginfod.ubuntu.com PYTHONPATH=/home/andrewlh/VSCode/ros2_ws/build/cr3_interface/prefix_override:/usr/lib/python3/dist-packages/colcon_core/task/python/colcon_distutils_commands:/home/andrewlh/VSCode/ros2_ws/install/cr3_interface/lib/python3.12/site-packages:${PYTHONPATH} /usr/bin/python3 -W ignore:setup.py install is deprecated -W ignore:easy_install command is deprecated setup.py egg_info --egg-base ../../build/cr3_interface build --build-base /home/andrewlh/VSCode/ros2_ws/build/cr3_interface/build install --record /home/andrewlh/VSCode/ros2_ws/build/cr3_interface/install.log --single-version-externally-managed install_data
[6.064s] running egg_info
[6.064s] creating ../../build/cr3_interface/cr3_interface.egg-info
[6.143s] writing ../../build/cr3_interface/cr3_interface.egg-info/PKG-INFO
[6.144s] writing dependency_links to ../../build/cr3_interface/cr3_interface.egg-info/dependency_links.txt
[6.145s] writing entry points to ../../build/cr3_interface/cr3_interface.egg-info/entry_points.txt
[6.153s] writing requirements to ../../build/cr3_interface/cr3_interface.egg-info/requires.txt
[6.153s] writing top-level names to ../../build/cr3_interface/cr3_interface.egg-info/top_level.txt
[6.153s] writing manifest file '../../build/cr3_interface/cr3_interface.egg-info/SOURCES.txt'
[6.276s] reading manifest file '../../build/cr3_interface/cr3_interface.egg-info/SOURCES.txt'
[6.297s] writing manifest file '../../build/cr3_interface/cr3_interface.egg-info/SOURCES.txt'
[6.297s] running build
[6.298s] running build_py
[6.298s] creating /home/andrewlh/VSCode/ros2_ws/build/cr3_interface/build
[6.298s] creating /home/andrewlh/VSCode/ros2_ws/build/cr3_interface/build/lib
[6.299s] creating /home/andrewlh/VSCode/ros2_ws/build/cr3_interface/build/lib/cr3_interface
[6.300s] copying cr3_interface/__init__.py -> /home/andrewlh/VSCode/ros2_ws/build/cr3_interface/build/lib/cr3_interface
[6.301s] copying cr3_interface/tf_broadcaster_node.py -> /home/andrewlh/VSCode/ros2_ws/build/cr3_interface/build/lib/cr3_interface
[6.301s] copying cr3_interface/ip_to_ros_bridge_node.py -> /home/andrewlh/VSCode/ros2_ws/build/cr3_interface/build/lib/cr3_interface
[6.301s] copying cr3_interface/joint_state_publisher_node.py -> /home/andrewlh/VSCode/ros2_ws/build/cr3_interface/build/lib/cr3_interface
[6.302s] copying cr3_interface/hand_controller_node.py -> /home/andrewlh/VSCode/ros2_ws/build/cr3_interface/build/lib/cr3_interface
[6.302s] copying cr3_interface/cr3_controller_node.py -> /home/andrewlh/VSCode/ros2_ws/build/cr3_interface/build/lib/cr3_interface
[6.303s] running install
[6.351s] running install_lib
[6.498s] creating /home/andrewlh/VSCode/ros2_ws/install/cr3_interface/lib/python3.12/site-packages/cr3_interface
[6.499s] copying /home/andrewlh/VSCode/ros2_ws/build/cr3_interface/build/lib/cr3_interface/__init__.py -> /home/andrewlh/VSCode/ros2_ws/install/cr3_interface/lib/python3.12/site-packages/cr3_interface
[6.499s] copying /home/andrewlh/VSCode/ros2_ws/build/cr3_interface/build/lib/cr3_interface/tf_broadcaster_node.py -> /home/andrewlh/VSCode/ros2_ws/install/cr3_interface/lib/python3.12/site-packages/cr3_interface
[6.512s] copying /home/andrewlh/VSCode/ros2_ws/build/cr3_interface/build/lib/cr3_interface/ip_to_ros_bridge_node.py -> /home/andrewlh/VSCode/ros2_ws/install/cr3_interface/lib/python3.12/site-packages/cr3_interface
[6.513s] copying /home/andrewlh/VSCode/ros2_ws/build/cr3_interface/build/lib/cr3_interface/joint_state_publisher_node.py -> /home/andrewlh/VSCode/ros2_ws/install/cr3_interface/lib/python3.12/site-packages/cr3_interface
[6.513s] copying /home/andrewlh/VSCode/ros2_ws/build/cr3_interface/build/lib/cr3_interface/hand_controller_node.py -> /home/andrewlh/VSCode/ros2_ws/install/cr3_interface/lib/python3.12/site-packages/cr3_interface
[6.513s] copying /home/andrewlh/VSCode/ros2_ws/build/cr3_interface/build/lib/cr3_interface/cr3_controller_node.py -> /home/andrewlh/VSCode/ros2_ws/install/cr3_interface/lib/python3.12/site-packages/cr3_interface
[6.513s] byte-compiling /home/andrewlh/VSCode/ros2_ws/install/cr3_interface/lib/python3.12/site-packages/cr3_interface/__init__.py to __init__.cpython-312.pyc
[6.530s] byte-compiling /home/andrewlh/VSCode/ros2_ws/install/cr3_interface/lib/python3.12/site-packages/cr3_interface/tf_broadcaster_node.py to tf_broadcaster_node.cpython-312.pyc
[6.530s] byte-compiling /home/andrewlh/VSCode/ros2_ws/install/cr3_interface/lib/python3.12/site-packages/cr3_interface/ip_to_ros_bridge_node.py to ip_to_ros_bridge_node.cpython-312.pyc
[6.531s] byte-compiling /home/andrewlh/VSCode/ros2_ws/install/cr3_interface/lib/python3.12/site-packages/cr3_interface/joint_state_publisher_node.py to joint_state_publisher_node.cpython-312.pyc
[6.531s] byte-compiling /home/andrewlh/VSCode/ros2_ws/install/cr3_interface/lib/python3.12/site-packages/cr3_interface/hand_controller_node.py to hand_controller_node.cpython-312.pyc
[6.531s] byte-compiling /home/andrewlh/VSCode/ros2_ws/install/cr3_interface/lib/python3.12/site-packages/cr3_interface/cr3_controller_node.py to cr3_controller_node.cpython-312.pyc
[6.564s] running install_data
[6.564s] creating /home/andrewlh/VSCode/ros2_ws/install/cr3_interface/share/ament_index
[6.564s] creating /home/andrewlh/VSCode/ros2_ws/install/cr3_interface/share/ament_index/resource_index
[6.564s] creating /home/andrewlh/VSCode/ros2_ws/install/cr3_interface/share/ament_index/resource_index/packages
[6.573s] copying resource/cr3_interface -> /home/andrewlh/VSCode/ros2_ws/install/cr3_interface/share/ament_index/resource_index/packages
[6.574s] copying package.xml -> /home/andrewlh/VSCode/ros2_ws/install/cr3_interface/share/cr3_interface
[6.574s] running install_egg_info
[6.652s] Copying ../../build/cr3_interface/cr3_interface.egg-info to /home/andrewlh/VSCode/ros2_ws/install/cr3_interface/lib/python3.12/site-packages/cr3_interface-0.1.0-py3.12.egg-info
[6.655s] running install_scripts
[7.120s] Installing cr3_controller_node script to /home/andrewlh/VSCode/ros2_ws/install/cr3_interface/lib/cr3_interface
[7.121s] Installing hand_controller_node script to /home/andrewlh/VSCode/ros2_ws/install/cr3_interface/lib/cr3_interface
[7.123s] Installing joint_state_publisher_node script to /home/andrewlh/VSCode/ros2_ws/install/cr3_interface/lib/cr3_interface
[7.123s] Installing tf_broadcaster_node script to /home/andrewlh/VSCode/ros2_ws/install/cr3_interface/lib/cr3_interface
[7.124s] writing list of installed files to '/home/andrewlh/VSCode/ros2_ws/build/cr3_interface/install.log'
[7.224s] Invoked command in '/home/andrewlh/VSCode/ros2_ws/src/cr3_interface' returned '0': CONDA_PROMPT_MODIFIER=(base) DEBUGINFOD_URLS=https://debuginfod.ubuntu.com PYTHONPATH=/home/andrewlh/VSCode/ros2_ws/build/cr3_interface/prefix_override:/usr/lib/python3/dist-packages/colcon_core/task/python/colcon_distutils_commands:/home/andrewlh/VSCode/ros2_ws/install/cr3_interface/lib/python3.12/site-packages:${PYTHONPATH} /usr/bin/python3 -W ignore:setup.py install is deprecated -W ignore:easy_install command is deprecated setup.py egg_info --egg-base ../../build/cr3_interface build --build-base /home/andrewlh/VSCode/ros2_ws/build/cr3_interface/build install --record /home/andrewlh/VSCode/ros2_ws/build/cr3_interface/install.log --single-version-externally-managed install_data
