[3.214s] Invoking command in '/home/andrewlh/VSCode/ros2_ws/src/sim_interface': CONDA_PROMPT_MODIFIER=(base) DEBUGINFOD_URLS=https://debuginfod.ubuntu.com PYTHONPATH=/home/andrewlh/VSCode/ros2_ws/build/sim_interface/prefix_override:/usr/lib/python3/dist-packages/colcon_core/task/python/colcon_distutils_commands:/home/andrewlh/VSCode/ros2_ws/install/sim_interface/lib/python3.12/site-packages:${PYTHONPATH} /usr/bin/python3 -W ignore:setup.py install is deprecated -W ignore:easy_install command is deprecated setup.py egg_info --egg-base ../../build/sim_interface build --build-base /home/andrewlh/VSCode/ros2_ws/build/sim_interface/build install --record /home/andrewlh/VSCode/ros2_ws/build/sim_interface/install.log --single-version-externally-managed install_data
[3.809s] running egg_info
[3.847s] writing ../../build/sim_interface/sim_interface.egg-info/PKG-INFO
[3.848s] writing dependency_links to ../../build/sim_interface/sim_interface.egg-info/dependency_links.txt
[3.848s] writing entry points to ../../build/sim_interface/sim_interface.egg-info/entry_points.txt
[3.854s] writing requirements to ../../build/sim_interface/sim_interface.egg-info/requires.txt
[3.854s] writing top-level names to ../../build/sim_interface/sim_interface.egg-info/top_level.txt
[3.936s] reading manifest file '../../build/sim_interface/sim_interface.egg-info/SOURCES.txt'
[3.939s] writing manifest file '../../build/sim_interface/sim_interface.egg-info/SOURCES.txt'
[3.940s] running build
[3.940s] running build_py
[3.945s] running install
[3.952s] running install_lib
[3.997s] running install_data
[3.997s] running install_egg_info
[4.072s] removing '/home/andrewlh/VSCode/ros2_ws/install/sim_interface/lib/python3.12/site-packages/sim_interface-0.1.0-py3.12.egg-info' (and everything under it)
[4.073s] Copying ../../build/sim_interface/sim_interface.egg-info to /home/andrewlh/VSCode/ros2_ws/install/sim_interface/lib/python3.12/site-packages/sim_interface-0.1.0-py3.12.egg-info
[4.073s] running install_scripts
[4.616s] Installing sim_world_interface_node script to /home/andrewlh/VSCode/ros2_ws/install/sim_interface/lib/sim_interface
[4.623s] Installing simulator_node script to /home/andrewlh/VSCode/ros2_ws/install/sim_interface/lib/sim_interface
[4.623s] writing list of installed files to '/home/andrewlh/VSCode/ros2_ws/build/sim_interface/install.log'
[4.722s] Invoked command in '/home/andrewlh/VSCode/ros2_ws/src/sim_interface' returned '0': CONDA_PROMPT_MODIFIER=(base) DEBUGINFOD_URLS=https://debuginfod.ubuntu.com PYTHONPATH=/home/andrewlh/VSCode/ros2_ws/build/sim_interface/prefix_override:/usr/lib/python3/dist-packages/colcon_core/task/python/colcon_distutils_commands:/home/andrewlh/VSCode/ros2_ws/install/sim_interface/lib/python3.12/site-packages:${PYTHONPATH} /usr/bin/python3 -W ignore:setup.py install is deprecated -W ignore:easy_install command is deprecated setup.py egg_info --egg-base ../../build/sim_interface build --build-base /home/andrewlh/VSCode/ros2_ws/build/sim_interface/build install --record /home/andrewlh/VSCode/ros2_ws/build/sim_interface/install.log --single-version-externally-managed install_data
