[5.871s] Invoking command in '/home/andrewlh/VSCode/ros2_ws/src/perception': CONDA_PROMPT_MODIFIER=(base) DEBUGINFOD_URLS=https://debuginfod.ubuntu.com PYTHONPATH=/home/andrewlh/VSCode/ros2_ws/build/perception/prefix_override:/usr/lib/python3/dist-packages/colcon_core/task/python/colcon_distutils_commands:/home/andrewlh/VSCode/ros2_ws/install/perception/lib/python3.12/site-packages:${PYTHONPATH} /usr/bin/python3 -W ignore:setup.py install is deprecated -W ignore:easy_install command is deprecated setup.py egg_info --egg-base ../../build/perception build --build-base /home/andrewlh/VSCode/ros2_ws/build/perception/build install --record /home/andrewlh/VSCode/ros2_ws/build/perception/install.log --single-version-externally-managed install_data
[7.070s] running egg_info
[7.136s] writing ../../build/perception/perception.egg-info/PKG-INFO
[7.142s] writing dependency_links to ../../build/perception/perception.egg-info/dependency_links.txt
[7.142s] writing entry points to ../../build/perception/perception.egg-info/entry_points.txt
[7.142s] writing requirements to ../../build/perception/perception.egg-info/requires.txt
[7.142s] writing top-level names to ../../build/perception/perception.egg-info/top_level.txt
[7.265s] reading manifest file '../../build/perception/perception.egg-info/SOURCES.txt'
[7.266s] writing manifest file '../../build/perception/perception.egg-info/SOURCES.txt'
[7.266s] running build
[7.266s] running build_py
[7.266s] copying perception/__init__.py -> /home/andrewlh/VSCode/ros2_ws/build/perception/build/lib/perception
[7.278s] running install
[7.312s] running install_lib
[7.367s] copying /home/andrewlh/VSCode/ros2_ws/build/perception/build/lib/perception/__init__.py -> /home/andrewlh/VSCode/ros2_ws/install/perception/lib/python3.12/site-packages/perception
[7.368s] byte-compiling /home/andrewlh/VSCode/ros2_ws/install/perception/lib/python3.12/site-packages/perception/__init__.py to __init__.cpython-312.pyc
[7.369s] running install_data
[7.369s] running install_egg_info
[7.424s] removing '/home/andrewlh/VSCode/ros2_ws/install/perception/lib/python3.12/site-packages/perception-0.1.0-py3.12.egg-info' (and everything under it)
[7.424s] Copying ../../build/perception/perception.egg-info to /home/andrewlh/VSCode/ros2_ws/install/perception/lib/python3.12/site-packages/perception-0.1.0-py3.12.egg-info
[7.427s] running install_scripts
[7.735s] Installing body_pose_node script to /home/andrewlh/VSCode/ros2_ws/install/perception/bin
[7.735s] Installing coordinate_transform_node script to /home/andrewlh/VSCode/ros2_ws/install/perception/bin
[7.737s] Installing hand_pose_node script to /home/andrewlh/VSCode/ros2_ws/install/perception/bin
[7.737s] Installing pose_filter_node script to /home/andrewlh/VSCode/ros2_ws/install/perception/bin
[7.737s] writing list of installed files to '/home/andrewlh/VSCode/ros2_ws/build/perception/install.log'
[7.789s] Invoked command in '/home/andrewlh/VSCode/ros2_ws/src/perception' returned '0': CONDA_PROMPT_MODIFIER=(base) DEBUGINFOD_URLS=https://debuginfod.ubuntu.com PYTHONPATH=/home/andrewlh/VSCode/ros2_ws/build/perception/prefix_override:/usr/lib/python3/dist-packages/colcon_core/task/python/colcon_distutils_commands:/home/andrewlh/VSCode/ros2_ws/install/perception/lib/python3.12/site-packages:${PYTHONPATH} /usr/bin/python3 -W ignore:setup.py install is deprecated -W ignore:easy_install command is deprecated setup.py egg_info --egg-base ../../build/perception build --build-base /home/andrewlh/VSCode/ros2_ws/build/perception/build install --record /home/andrewlh/VSCode/ros2_ws/build/perception/install.log --single-version-externally-managed install_data
