[7.036s] Invoking command in '/home/andrewlh/VSCode/ros2_ws/build/sim_interface': CONDA_PROMPT_MODIFIER=(base) DEBUGINFOD_URLS=https://debuginfod.ubuntu.com PYTHONPATH=/home/andrewlh/VSCode/ros2_ws/build/sim_interface/prefix_override:/usr/lib/python3/dist-packages/colcon_core/task/python/colcon_distutils_commands:/home/andrewlh/VSCode/ros2_ws/install/sim_interface/lib/python3.12/site-packages:${PYTHONPATH} /usr/bin/python3 -W ignore:setup.py install is deprecated -W ignore:easy_install command is deprecated setup.py develop --editable --build-directory /home/andrewlh/VSCode/ros2_ws/build/sim_interface/build --no-deps symlink_data
[8.007s] running develop
[8.887s] running egg_info
[8.887s] creating sim_interface.egg-info
[8.964s] writing sim_interface.egg-info/PKG-INFO
[8.965s] writing dependency_links to sim_interface.egg-info/dependency_links.txt
[8.965s] writing entry points to sim_interface.egg-info/entry_points.txt
[8.967s] writing requirements to sim_interface.egg-info/requires.txt
[8.967s] writing top-level names to sim_interface.egg-info/top_level.txt
[8.967s] writing manifest file 'sim_interface.egg-info/SOURCES.txt'
[9.150s] reading manifest file 'sim_interface.egg-info/SOURCES.txt'
[9.154s] writing manifest file 'sim_interface.egg-info/SOURCES.txt'
[9.261s] running build_ext
[9.262s] Creating /home/andrewlh/VSCode/ros2_ws/install/sim_interface/lib/python3.12/site-packages/sim-interface.egg-link (link to .)
[9.264s] Installing sim_world_interface_node script to /home/andrewlh/VSCode/ros2_ws/install/sim_interface/bin
[9.264s] Installing simulator_node script to /home/andrewlh/VSCode/ros2_ws/install/sim_interface/bin
[9.265s] 
[9.265s] Installed /home/andrewlh/VSCode/ros2_ws/build/sim_interface
[9.268s] running symlink_data
[9.268s] creating /home/andrewlh/VSCode/ros2_ws/install/sim_interface/share/ament_index
[9.268s] creating /home/andrewlh/VSCode/ros2_ws/install/sim_interface/share/ament_index/resource_index
[9.273s] creating /home/andrewlh/VSCode/ros2_ws/install/sim_interface/share/ament_index/resource_index/packages
[9.273s] symbolically linking /home/andrewlh/VSCode/ros2_ws/build/sim_interface/resource/sim_interface -> /home/andrewlh/VSCode/ros2_ws/install/sim_interface/share/ament_index/resource_index/packages
[9.274s] symbolically linking /home/andrewlh/VSCode/ros2_ws/build/sim_interface/package.xml -> /home/andrewlh/VSCode/ros2_ws/install/sim_interface/share/sim_interface
[9.714s] Invoked command in '/home/andrewlh/VSCode/ros2_ws/build/sim_interface' returned '0': CONDA_PROMPT_MODIFIER=(base) DEBUGINFOD_URLS=https://debuginfod.ubuntu.com PYTHONPATH=/home/andrewlh/VSCode/ros2_ws/build/sim_interface/prefix_override:/usr/lib/python3/dist-packages/colcon_core/task/python/colcon_distutils_commands:/home/andrewlh/VSCode/ros2_ws/install/sim_interface/lib/python3.12/site-packages:${PYTHONPATH} /usr/bin/python3 -W ignore:setup.py install is deprecated -W ignore:easy_install command is deprecated setup.py develop --editable --build-directory /home/andrewlh/VSCode/ros2_ws/build/sim_interface/build --no-deps symlink_data
