[5.446s] Invoking command in '/home/andrewlh/VSCode/ros2_ws/build/perception': CONDA_PROMPT_MODIFIER=(base) DEBUGINFOD_URLS=https://debuginfod.ubuntu.com PYTHONPATH=/home/andrewlh/VSCode/ros2_ws/build/perception/prefix_override:/usr/lib/python3/dist-packages/colcon_core/task/python/colcon_distutils_commands:/home/andrewlh/VSCode/ros2_ws/install/perception/lib/python3.12/site-packages:${PYTHONPATH} /usr/bin/python3 -W ignore:setup.py install is deprecated -W ignore:easy_install command is deprecated setup.py develop --editable --build-directory /home/andrewlh/VSCode/ros2_ws/build/perception/build --no-deps symlink_data
[7.014s] running develop
[7.982s] running egg_info
[8.065s] writing perception.egg-info/PKG-INFO
[8.066s] writing dependency_links to perception.egg-info/dependency_links.txt
[8.066s] writing entry points to perception.egg-info/entry_points.txt
[8.066s] writing requirements to perception.egg-info/requires.txt
[8.066s] writing top-level names to perception.egg-info/top_level.txt
[8.206s] reading manifest file 'perception.egg-info/SOURCES.txt'
[8.207s] writing manifest file 'perception.egg-info/SOURCES.txt'
[8.300s] running build_ext
[8.319s] Creating /home/andrewlh/VSCode/ros2_ws/install/perception/lib/python3.12/site-packages/perception.egg-link (link to .)
[8.319s] Installing body_pose_node script to /home/andrewlh/VSCode/ros2_ws/install/perception/bin
[8.319s] Installing coordinate_transform_node script to /home/andrewlh/VSCode/ros2_ws/install/perception/bin
[8.319s] Installing hand_pose_node script to /home/andrewlh/VSCode/ros2_ws/install/perception/bin
[8.319s] Installing pose_filter_node script to /home/andrewlh/VSCode/ros2_ws/install/perception/bin
[8.319s] 
[8.320s] Installed /home/andrewlh/VSCode/ros2_ws/build/perception
[8.320s] running symlink_data
[8.321s] creating /home/andrewlh/VSCode/ros2_ws/install/perception/share/ament_index
[8.321s] creating /home/andrewlh/VSCode/ros2_ws/install/perception/share/ament_index/resource_index
[8.321s] creating /home/andrewlh/VSCode/ros2_ws/install/perception/share/ament_index/resource_index/packages
[8.321s] symbolically linking /home/andrewlh/VSCode/ros2_ws/build/perception/resource/perception -> /home/andrewlh/VSCode/ros2_ws/install/perception/share/ament_index/resource_index/packages
[8.322s] symbolically linking /home/andrewlh/VSCode/ros2_ws/build/perception/package.xml -> /home/andrewlh/VSCode/ros2_ws/install/perception/share/perception
[8.531s] Invoked command in '/home/andrewlh/VSCode/ros2_ws/build/perception' returned '0': CONDA_PROMPT_MODIFIER=(base) DEBUGINFOD_URLS=https://debuginfod.ubuntu.com PYTHONPATH=/home/andrewlh/VSCode/ros2_ws/build/perception/prefix_override:/usr/lib/python3/dist-packages/colcon_core/task/python/colcon_distutils_commands:/home/andrewlh/VSCode/ros2_ws/install/perception/lib/python3.12/site-packages:${PYTHONPATH} /usr/bin/python3 -W ignore:setup.py install is deprecated -W ignore:easy_install command is deprecated setup.py develop --editable --build-directory /home/andrewlh/VSCode/ros2_ws/build/perception/build --no-deps symlink_data
