running develop
Removing /home/andrewlh/VSCode/ros2_ws/install/cr3_interface/lib/python3.12/site-packages/cr3-interface.egg-link (link to .)
running egg_info
writing ../../build/cr3_interface/cr3_interface.egg-info/PKG-INFO
writing dependency_links to ../../build/cr3_interface/cr3_interface.egg-info/dependency_links.txt
writing entry points to ../../build/cr3_interface/cr3_interface.egg-info/entry_points.txt
writing requirements to ../../build/cr3_interface/cr3_interface.egg-info/requires.txt
writing top-level names to ../../build/cr3_interface/cr3_interface.egg-info/top_level.txt
reading manifest file '../../build/cr3_interface/cr3_interface.egg-info/SOURCES.txt'
writing manifest file '../../build/cr3_interface/cr3_interface.egg-info/SOURCES.txt'
running build
running build_py
creating /home/andrewlh/VSCode/ros2_ws/build/cr3_interface/build
creating /home/andrewlh/VSCode/ros2_ws/build/cr3_interface/build/lib
creating /home/andrewlh/VSCode/ros2_ws/build/cr3_interface/build/lib/cr3_interface
copying cr3_interface/__init__.py -> /home/andrewlh/VSCode/ros2_ws/build/cr3_interface/build/lib/cr3_interface
copying cr3_interface/tf_broadcaster_node.py -> /home/andrewlh/VSCode/ros2_ws/build/cr3_interface/build/lib/cr3_interface
copying cr3_interface/ip_to_ros_bridge_node.py -> /home/andrewlh/VSCode/ros2_ws/build/cr3_interface/build/lib/cr3_interface
copying cr3_interface/joint_state_publisher_node.py -> /home/andrewlh/VSCode/ros2_ws/build/cr3_interface/build/lib/cr3_interface
copying cr3_interface/hand_controller_node.py -> /home/andrewlh/VSCode/ros2_ws/build/cr3_interface/build/lib/cr3_interface
copying cr3_interface/cr3_controller_node.py -> /home/andrewlh/VSCode/ros2_ws/build/cr3_interface/build/lib/cr3_interface
running install
running install_lib
creating /home/andrewlh/VSCode/ros2_ws/install/cr3_interface/lib/python3.12/site-packages/cr3_interface
copying /home/andrewlh/VSCode/ros2_ws/build/cr3_interface/build/lib/cr3_interface/__init__.py -> /home/andrewlh/VSCode/ros2_ws/install/cr3_interface/lib/python3.12/site-packages/cr3_interface
copying /home/andrewlh/VSCode/ros2_ws/build/cr3_interface/build/lib/cr3_interface/tf_broadcaster_node.py -> /home/andrewlh/VSCode/ros2_ws/install/cr3_interface/lib/python3.12/site-packages/cr3_interface
copying /home/andrewlh/VSCode/ros2_ws/build/cr3_interface/build/lib/cr3_interface/ip_to_ros_bridge_node.py -> /home/andrewlh/VSCode/ros2_ws/install/cr3_interface/lib/python3.12/site-packages/cr3_interface
copying /home/andrewlh/VSCode/ros2_ws/build/cr3_interface/build/lib/cr3_interface/joint_state_publisher_node.py -> /home/andrewlh/VSCode/ros2_ws/install/cr3_interface/lib/python3.12/site-packages/cr3_interface
copying /home/andrewlh/VSCode/ros2_ws/build/cr3_interface/build/lib/cr3_interface/hand_controller_node.py -> /home/andrewlh/VSCode/ros2_ws/install/cr3_interface/lib/python3.12/site-packages/cr3_interface
copying /home/andrewlh/VSCode/ros2_ws/build/cr3_interface/build/lib/cr3_interface/cr3_controller_node.py -> /home/andrewlh/VSCode/ros2_ws/install/cr3_interface/lib/python3.12/site-packages/cr3_interface
byte-compiling /home/andrewlh/VSCode/ros2_ws/install/cr3_interface/lib/python3.12/site-packages/cr3_interface/__init__.py to __init__.cpython-312.pyc
byte-compiling /home/andrewlh/VSCode/ros2_ws/install/cr3_interface/lib/python3.12/site-packages/cr3_interface/tf_broadcaster_node.py to tf_broadcaster_node.cpython-312.pyc
byte-compiling /home/andrewlh/VSCode/ros2_ws/install/cr3_interface/lib/python3.12/site-packages/cr3_interface/ip_to_ros_bridge_node.py to ip_to_ros_bridge_node.cpython-312.pyc
byte-compiling /home/andrewlh/VSCode/ros2_ws/install/cr3_interface/lib/python3.12/site-packages/cr3_interface/joint_state_publisher_node.py to joint_state_publisher_node.cpython-312.pyc
byte-compiling /home/andrewlh/VSCode/ros2_ws/install/cr3_interface/lib/python3.12/site-packages/cr3_interface/hand_controller_node.py to hand_controller_node.cpython-312.pyc
byte-compiling /home/andrewlh/VSCode/ros2_ws/install/cr3_interface/lib/python3.12/site-packages/cr3_interface/cr3_controller_node.py to cr3_controller_node.cpython-312.pyc
running install_data
copying resource/cr3_interface -> /home/andrewlh/VSCode/ros2_ws/install/cr3_interface/share/ament_index/resource_index/packages
copying package.xml -> /home/andrewlh/VSCode/ros2_ws/install/cr3_interface/share/cr3_interface
running install_egg_info
Copying ../../build/cr3_interface/cr3_interface.egg-info to /home/andrewlh/VSCode/ros2_ws/install/cr3_interface/lib/python3.12/site-packages/cr3_interface-0.1.0-py3.12.egg-info
running install_scripts
Installing cr3_controller_node script to /home/andrewlh/VSCode/ros2_ws/install/cr3_interface/bin
Installing hand_controller_node script to /home/andrewlh/VSCode/ros2_ws/install/cr3_interface/bin
Installing joint_state_publisher_node script to /home/andrewlh/VSCode/ros2_ws/install/cr3_interface/bin
Installing tf_broadcaster_node script to /home/andrewlh/VSCode/ros2_ws/install/cr3_interface/bin
writing list of installed files to '/home/andrewlh/VSCode/ros2_ws/build/cr3_interface/install.log'
