[5.228s] Invoking command in '/home/andrewlh/VSCode/ros2_ws/src/servo_control': CONDA_PROMPT_MODIFIER=(base) DEBUGINFOD_URLS=https://debuginfod.ubuntu.com PYTHONPATH=/home/andrewlh/VSCode/ros2_ws/build/servo_control/prefix_override:/usr/lib/python3/dist-packages/colcon_core/task/python/colcon_distutils_commands:/home/andrewlh/VSCode/ros2_ws/install/servo_control/lib/python3.12/site-packages:${PYTHONPATH} /usr/bin/python3 -W ignore:setup.py install is deprecated -W ignore:easy_install command is deprecated setup.py egg_info --egg-base ../../build/servo_control build --build-base /home/andrewlh/VSCode/ros2_ws/build/servo_control/build install --record /home/andrewlh/VSCode/ros2_ws/build/servo_control/install.log --single-version-externally-managed install_data
[7.170s] running egg_info
[7.170s] creating ../../build/servo_control/servo_control.egg-info
[7.171s] writing ../../build/servo_control/servo_control.egg-info/PKG-INFO
[7.171s] writing dependency_links to ../../build/servo_control/servo_control.egg-info/dependency_links.txt
[7.171s] writing entry points to ../../build/servo_control/servo_control.egg-info/entry_points.txt
[7.172s] writing requirements to ../../build/servo_control/servo_control.egg-info/requires.txt
[7.172s] writing top-level names to ../../build/servo_control/servo_control.egg-info/top_level.txt
[7.172s] writing manifest file '../../build/servo_control/servo_control.egg-info/SOURCES.txt'
[7.173s] reading manifest file '../../build/servo_control/servo_control.egg-info/SOURCES.txt'
[7.173s] writing manifest file '../../build/servo_control/servo_control.egg-info/SOURCES.txt'
[7.173s] running build
[7.173s] running build_py
[7.173s] creating /home/andrewlh/VSCode/ros2_ws/build/servo_control/build
[7.173s] creating /home/andrewlh/VSCode/ros2_ws/build/servo_control/build/lib
[7.173s] creating /home/andrewlh/VSCode/ros2_ws/build/servo_control/build/lib/servo_control
[7.174s] copying servo_control/__init__.py -> /home/andrewlh/VSCode/ros2_ws/build/servo_control/build/lib/servo_control
[7.174s] copying servo_control/finger_servo_controller_node.py -> /home/andrewlh/VSCode/ros2_ws/build/servo_control/build/lib/servo_control
[7.174s] copying servo_control/servo_interface_node.py -> /home/andrewlh/VSCode/ros2_ws/build/servo_control/build/lib/servo_control
[7.174s] running install
[7.174s] running install_lib
[7.179s] creating /home/andrewlh/VSCode/ros2_ws/install/servo_control/lib/python3.12/site-packages/servo_control
[7.179s] copying /home/andrewlh/VSCode/ros2_ws/build/servo_control/build/lib/servo_control/__init__.py -> /home/andrewlh/VSCode/ros2_ws/install/servo_control/lib/python3.12/site-packages/servo_control
[7.180s] copying /home/andrewlh/VSCode/ros2_ws/build/servo_control/build/lib/servo_control/finger_servo_controller_node.py -> /home/andrewlh/VSCode/ros2_ws/install/servo_control/lib/python3.12/site-packages/servo_control
[7.180s] copying /home/andrewlh/VSCode/ros2_ws/build/servo_control/build/lib/servo_control/servo_interface_node.py -> /home/andrewlh/VSCode/ros2_ws/install/servo_control/lib/python3.12/site-packages/servo_control
[7.180s] byte-compiling /home/andrewlh/VSCode/ros2_ws/install/servo_control/lib/python3.12/site-packages/servo_control/__init__.py to __init__.cpython-312.pyc
[7.180s] byte-compiling /home/andrewlh/VSCode/ros2_ws/install/servo_control/lib/python3.12/site-packages/servo_control/finger_servo_controller_node.py to finger_servo_controller_node.cpython-312.pyc
[7.180s] byte-compiling /home/andrewlh/VSCode/ros2_ws/install/servo_control/lib/python3.12/site-packages/servo_control/servo_interface_node.py to servo_interface_node.cpython-312.pyc
[7.180s] running install_data
[7.180s] creating /home/andrewlh/VSCode/ros2_ws/install/servo_control/share/ament_index
[7.181s] creating /home/andrewlh/VSCode/ros2_ws/install/servo_control/share/ament_index/resource_index
[7.181s] creating /home/andrewlh/VSCode/ros2_ws/install/servo_control/share/ament_index/resource_index/packages
[7.181s] copying resource/servo_control -> /home/andrewlh/VSCode/ros2_ws/install/servo_control/share/ament_index/resource_index/packages
[7.182s] copying package.xml -> /home/andrewlh/VSCode/ros2_ws/install/servo_control/share/servo_control
[7.182s] running install_egg_info
[7.182s] Copying ../../build/servo_control/servo_control.egg-info to /home/andrewlh/VSCode/ros2_ws/install/servo_control/lib/python3.12/site-packages/servo_control-0.0.0-py3.12.egg-info
[7.182s] running install_scripts
[7.228s] Installing finger_servo_controller_node script to /home/andrewlh/VSCode/ros2_ws/install/servo_control/lib/servo_control
[7.228s] Installing servo_interface_node script to /home/andrewlh/VSCode/ros2_ws/install/servo_control/lib/servo_control
[7.228s] writing list of installed files to '/home/andrewlh/VSCode/ros2_ws/build/servo_control/install.log'
[8.012s] Invoked command in '/home/andrewlh/VSCode/ros2_ws/src/servo_control' returned '0': CONDA_PROMPT_MODIFIER=(base) DEBUGINFOD_URLS=https://debuginfod.ubuntu.com PYTHONPATH=/home/andrewlh/VSCode/ros2_ws/build/servo_control/prefix_override:/usr/lib/python3/dist-packages/colcon_core/task/python/colcon_distutils_commands:/home/andrewlh/VSCode/ros2_ws/install/servo_control/lib/python3.12/site-packages:${PYTHONPATH} /usr/bin/python3 -W ignore:setup.py install is deprecated -W ignore:easy_install command is deprecated setup.py egg_info --egg-base ../../build/servo_control build --build-base /home/andrewlh/VSCode/ros2_ws/build/servo_control/build install --record /home/andrewlh/VSCode/ros2_ws/build/servo_control/install.log --single-version-externally-managed install_data
