running egg_info
writing ../../build/sim_interface/sim_interface.egg-info/PKG-INFO
writing dependency_links to ../../build/sim_interface/sim_interface.egg-info/dependency_links.txt
writing entry points to ../../build/sim_interface/sim_interface.egg-info/entry_points.txt
writing requirements to ../../build/sim_interface/sim_interface.egg-info/requires.txt
writing top-level names to ../../build/sim_interface/sim_interface.egg-info/top_level.txt
reading manifest file '../../build/sim_interface/sim_interface.egg-info/SOURCES.txt'
writing manifest file '../../build/sim_interface/sim_interface.egg-info/SOURCES.txt'
running build
running build_py
running install
running install_lib
running install_data
copying package.xml -> /home/andrewlh/VSCode/ros2_ws/install/sim_interface/share/sim_interface
running install_egg_info
removing '/home/andrewlh/VSCode/ros2_ws/install/sim_interface/lib/python3.12/site-packages/sim_interface-0.1.0-py3.12.egg-info' (and everything under it)
Copying ../../build/sim_interface/sim_interface.egg-info to /home/andrewlh/VSCode/ros2_ws/install/sim_interface/lib/python3.12/site-packages/sim_interface-0.1.0-py3.12.egg-info
running install_scripts
Installing sim_world_interface_node script to /home/andrewlh/VSCode/ros2_ws/install/sim_interface/bin
Installing simulator_node script to /home/andrewlh/VSCode/ros2_ws/install/sim_interface/bin
writing list of installed files to '/home/andrewlh/VSCode/ros2_ws/build/sim_interface/install.log'
