[5.527s] Invoking command in '/home/andrewlh/VSCode/ros2_ws/src/sim_interface': CONDA_PROMPT_MODIFIER=(base) DEBUGINFOD_URLS=https://debuginfod.ubuntu.com PYTHONPATH=/home/andrewlh/VSCode/ros2_ws/build/sim_interface/prefix_override:/usr/lib/python3/dist-packages/colcon_core/task/python/colcon_distutils_commands:/home/andrewlh/VSCode/ros2_ws/install/sim_interface/lib/python3.12/site-packages:${PYTHONPATH} /usr/bin/python3 -W ignore:setup.py install is deprecated -W ignore:easy_install command is deprecated setup.py egg_info --egg-base ../../build/sim_interface build --build-base /home/andrewlh/VSCode/ros2_ws/build/sim_interface/build install --record /home/andrewlh/VSCode/ros2_ws/build/sim_interface/install.log --single-version-externally-managed install_data
[6.627s] running egg_info
[6.748s] writing ../../build/sim_interface/sim_interface.egg-info/PKG-INFO
[6.754s] writing dependency_links to ../../build/sim_interface/sim_interface.egg-info/dependency_links.txt
[6.754s] writing entry points to ../../build/sim_interface/sim_interface.egg-info/entry_points.txt
[6.754s] writing requirements to ../../build/sim_interface/sim_interface.egg-info/requires.txt
[6.754s] writing top-level names to ../../build/sim_interface/sim_interface.egg-info/top_level.txt
[6.935s] reading manifest file '../../build/sim_interface/sim_interface.egg-info/SOURCES.txt'
[6.942s] writing manifest file '../../build/sim_interface/sim_interface.egg-info/SOURCES.txt'
[6.942s] running build
[6.942s] running build_py
[6.943s] running install
[6.982s] running install_lib
[7.043s] running install_data
[7.046s] copying package.xml -> /home/andrewlh/VSCode/ros2_ws/install/sim_interface/share/sim_interface
[7.047s] running install_egg_info
[7.118s] removing '/home/andrewlh/VSCode/ros2_ws/install/sim_interface/lib/python3.12/site-packages/sim_interface-0.1.0-py3.12.egg-info' (and everything under it)
[7.122s] Copying ../../build/sim_interface/sim_interface.egg-info to /home/andrewlh/VSCode/ros2_ws/install/sim_interface/lib/python3.12/site-packages/sim_interface-0.1.0-py3.12.egg-info
[7.128s] running install_scripts
[7.516s] Installing sim_world_interface_node script to /home/andrewlh/VSCode/ros2_ws/install/sim_interface/bin
[7.533s] Installing simulator_node script to /home/andrewlh/VSCode/ros2_ws/install/sim_interface/bin
[7.533s] writing list of installed files to '/home/andrewlh/VSCode/ros2_ws/build/sim_interface/install.log'
[7.618s] Invoked command in '/home/andrewlh/VSCode/ros2_ws/src/sim_interface' returned '0': CONDA_PROMPT_MODIFIER=(base) DEBUGINFOD_URLS=https://debuginfod.ubuntu.com PYTHONPATH=/home/andrewlh/VSCode/ros2_ws/build/sim_interface/prefix_override:/usr/lib/python3/dist-packages/colcon_core/task/python/colcon_distutils_commands:/home/andrewlh/VSCode/ros2_ws/install/sim_interface/lib/python3.12/site-packages:${PYTHONPATH} /usr/bin/python3 -W ignore:setup.py install is deprecated -W ignore:easy_install command is deprecated setup.py egg_info --egg-base ../../build/sim_interface build --build-base /home/andrewlh/VSCode/ros2_ws/build/sim_interface/build install --record /home/andrewlh/VSCode/ros2_ws/build/sim_interface/install.log --single-version-externally-managed install_data
