[3.489s] Invoking command in '/home/andrewlh/VSCode/ros2_ws/src/perception': CONDA_PROMPT_MODIFIER=(base) DEBUGINFOD_URLS=https://debuginfod.ubuntu.com PYTHONPATH=/home/andrewlh/VSCode/ros2_ws/build/perception/prefix_override:/usr/lib/python3/dist-packages/colcon_core/task/python/colcon_distutils_commands:/home/andrewlh/VSCode/ros2_ws/install/perception/lib/python3.12/site-packages:${PYTHONPATH} /usr/bin/python3 -W ignore:setup.py install is deprecated -W ignore:easy_install command is deprecated setup.py egg_info --egg-base ../../build/perception build --build-base /home/andrewlh/VSCode/ros2_ws/build/perception/build install --record /home/andrewlh/VSCode/ros2_ws/build/perception/install.log --single-version-externally-managed install_data
[4.877s] running egg_info
[4.877s] writing ../../build/perception/perception.egg-info/PKG-INFO
[4.878s] writing dependency_links to ../../build/perception/perception.egg-info/dependency_links.txt
[4.878s] writing entry points to ../../build/perception/perception.egg-info/entry_points.txt
[4.878s] writing requirements to ../../build/perception/perception.egg-info/requires.txt
[4.878s] writing top-level names to ../../build/perception/perception.egg-info/top_level.txt
[4.878s] reading manifest file '../../build/perception/perception.egg-info/SOURCES.txt'
[4.878s] writing manifest file '../../build/perception/perception.egg-info/SOURCES.txt'
[4.878s] running build
[4.879s] running build_py
[4.879s] running install
[4.879s] running install_lib
[4.879s] running install_data
[4.879s] running install_egg_info
[4.879s] removing '/home/andrewlh/VSCode/ros2_ws/install/perception/lib/python3.12/site-packages/perception-0.1.0-py3.12.egg-info' (and everything under it)
[4.880s] Copying ../../build/perception/perception.egg-info to /home/andrewlh/VSCode/ros2_ws/install/perception/lib/python3.12/site-packages/perception-0.1.0-py3.12.egg-info
[4.880s] running install_scripts
[4.890s] Installing body_pose_node script to /home/andrewlh/VSCode/ros2_ws/install/perception/lib/perception
[4.890s] Installing coordinate_transform_node script to /home/andrewlh/VSCode/ros2_ws/install/perception/lib/perception
[4.890s] Installing hand_pose_node script to /home/andrewlh/VSCode/ros2_ws/install/perception/lib/perception
[4.890s] Installing pose_filter_node script to /home/andrewlh/VSCode/ros2_ws/install/perception/lib/perception
[4.890s] writing list of installed files to '/home/andrewlh/VSCode/ros2_ws/build/perception/install.log'
[5.202s] Invoked command in '/home/andrewlh/VSCode/ros2_ws/src/perception' returned '0': CONDA_PROMPT_MODIFIER=(base) DEBUGINFOD_URLS=https://debuginfod.ubuntu.com PYTHONPATH=/home/andrewlh/VSCode/ros2_ws/build/perception/prefix_override:/usr/lib/python3/dist-packages/colcon_core/task/python/colcon_distutils_commands:/home/andrewlh/VSCode/ros2_ws/install/perception/lib/python3.12/site-packages:${PYTHONPATH} /usr/bin/python3 -W ignore:setup.py install is deprecated -W ignore:easy_install command is deprecated setup.py egg_info --egg-base ../../build/perception build --build-base /home/andrewlh/VSCode/ros2_ws/build/perception/build install --record /home/andrewlh/VSCode/ros2_ws/build/perception/install.log --single-version-externally-managed install_data
