running egg_info
writing ../../build/ui/ui.egg-info/PKG-INFO
writing dependency_links to ../../build/ui/ui.egg-info/dependency_links.txt
writing entry points to ../../build/ui/ui.egg-info/entry_points.txt
writing requirements to ../../build/ui/ui.egg-info/requires.txt
writing top-level names to ../../build/ui/ui.egg-info/top_level.txt
reading manifest file '../../build/ui/ui.egg-info/SOURCES.txt'
writing manifest file '../../build/ui/ui.egg-info/SOURCES.txt'
running build
running build_py
running install
running install_lib
running install_data
running install_egg_info
removing '/home/andrewlh/VSCode/ros2_ws/install/ui/lib/python3.12/site-packages/ui-0.1.0-py3.12.egg-info' (and everything under it)
Copying ../../build/ui/ui.egg-info to /home/andrewlh/VSCode/ros2_ws/install/ui/lib/python3.12/site-packages/ui-0.1.0-py3.12.egg-info
running install_scripts
Installing mode_switcher_node script to /home/andrewlh/VSCode/ros2_ws/install/ui/bin
Installing ui_dashboard_node script to /home/andrewlh/VSCode/ros2_ws/install/ui/bin
writing list of installed files to '/home/andrewlh/VSCode/ros2_ws/build/ui/install.log'
