[5.004s] Invoking command in '/home/andrewlh/VSCode/ros2_ws/src/ui': CONDA_PROMPT_MODIFIER=(base) DEBUGINFOD_URLS=https://debuginfod.ubuntu.com PYTHONPATH=/home/andrewlh/VSCode/ros2_ws/build/ui/prefix_override:/usr/lib/python3/dist-packages/colcon_core/task/python/colcon_distutils_commands:/home/andrewlh/VSCode/ros2_ws/install/ui/lib/python3.12/site-packages:${PYTHONPATH} /usr/bin/python3 -W ignore:setup.py install is deprecated -W ignore:easy_install command is deprecated setup.py egg_info --egg-base ../../build/ui build --build-base /home/andrewlh/VSCode/ros2_ws/build/ui/build install --record /home/andrewlh/VSCode/ros2_ws/build/ui/install.log --single-version-externally-managed install_data
[5.982s] running egg_info
[6.099s] writing ../../build/ui/ui.egg-info/PKG-INFO
[6.112s] writing dependency_links to ../../build/ui/ui.egg-info/dependency_links.txt
[6.112s] writing entry points to ../../build/ui/ui.egg-info/entry_points.txt
[6.112s] writing requirements to ../../build/ui/ui.egg-info/requires.txt
[6.112s] writing top-level names to ../../build/ui/ui.egg-info/top_level.txt
[6.252s] reading manifest file '../../build/ui/ui.egg-info/SOURCES.txt'
[6.253s] writing manifest file '../../build/ui/ui.egg-info/SOURCES.txt'
[6.253s] running build
[6.253s] running build_py
[6.253s] running install
[6.290s] running install_lib
[6.372s] running install_data
[6.373s] running install_egg_info
[6.461s] removing '/home/andrewlh/VSCode/ros2_ws/install/ui/lib/python3.12/site-packages/ui-0.1.0-py3.12.egg-info' (and everything under it)
[6.469s] Copying ../../build/ui/ui.egg-info to /home/andrewlh/VSCode/ros2_ws/install/ui/lib/python3.12/site-packages/ui-0.1.0-py3.12.egg-info
[6.472s] running install_scripts
[6.714s] Installing mode_switcher_node script to /home/andrewlh/VSCode/ros2_ws/install/ui/bin
[6.715s] Installing ui_dashboard_node script to /home/andrewlh/VSCode/ros2_ws/install/ui/bin
[6.715s] writing list of installed files to '/home/andrewlh/VSCode/ros2_ws/build/ui/install.log'
[6.767s] Invoked command in '/home/andrewlh/VSCode/ros2_ws/src/ui' returned '0': CONDA_PROMPT_MODIFIER=(base) DEBUGINFOD_URLS=https://debuginfod.ubuntu.com PYTHONPATH=/home/andrewlh/VSCode/ros2_ws/build/ui/prefix_override:/usr/lib/python3/dist-packages/colcon_core/task/python/colcon_distutils_commands:/home/andrewlh/VSCode/ros2_ws/install/ui/lib/python3.12/site-packages:${PYTHONPATH} /usr/bin/python3 -W ignore:setup.py install is deprecated -W ignore:easy_install command is deprecated setup.py egg_info --egg-base ../../build/ui build --build-base /home/andrewlh/VSCode/ros2_ws/build/ui/build install --record /home/andrewlh/VSCode/ros2_ws/build/ui/install.log --single-version-externally-managed install_data
