[2.916s] Invoking command in '/home/andrewlh/VSCode/ros2_ws/src/ui': CONDA_PROMPT_MODIFIER=(base) DEBUGINFOD_URLS=https://debuginfod.ubuntu.com PYTHONPATH=/home/andrewlh/VSCode/ros2_ws/build/ui/prefix_override:/usr/lib/python3/dist-packages/colcon_core/task/python/colcon_distutils_commands:/home/andrewlh/VSCode/ros2_ws/install/ui/lib/python3.12/site-packages:${PYTHONPATH} /usr/bin/python3 -W ignore:setup.py install is deprecated -W ignore:easy_install command is deprecated setup.py egg_info --egg-base ../../build/ui build --build-base /home/andrewlh/VSCode/ros2_ws/build/ui/build install --record /home/andrewlh/VSCode/ros2_ws/build/ui/install.log --single-version-externally-managed install_data
[3.488s] running egg_info
[3.527s] writing ../../build/ui/ui.egg-info/PKG-INFO
[3.527s] writing dependency_links to ../../build/ui/ui.egg-info/dependency_links.txt
[3.528s] writing entry points to ../../build/ui/ui.egg-info/entry_points.txt
[3.528s] writing requirements to ../../build/ui/ui.egg-info/requires.txt
[3.528s] writing top-level names to ../../build/ui/ui.egg-info/top_level.txt
[3.598s] reading manifest file '../../build/ui/ui.egg-info/SOURCES.txt'
[3.599s] writing manifest file '../../build/ui/ui.egg-info/SOURCES.txt'
[3.600s] running build
[3.600s] running build_py
[3.600s] copying ui/mode_switcher_node.py -> /home/andrewlh/VSCode/ros2_ws/build/ui/build/lib/ui
[3.601s] copying ui/ui_button_controller.py -> /home/andrewlh/VSCode/ros2_ws/build/ui/build/lib/ui
[3.601s] copying ui/ui_dashboard_node_modular.py -> /home/andrewlh/VSCode/ros2_ws/build/ui/build/lib/ui
[3.601s] running install
[3.612s] running install_lib
[3.643s] copying /home/andrewlh/VSCode/ros2_ws/build/ui/build/lib/ui/mode_switcher_node.py -> /home/andrewlh/VSCode/ros2_ws/install/ui/lib/python3.12/site-packages/ui
[3.644s] copying /home/andrewlh/VSCode/ros2_ws/build/ui/build/lib/ui/ui_button_controller.py -> /home/andrewlh/VSCode/ros2_ws/install/ui/lib/python3.12/site-packages/ui
[3.644s] copying /home/andrewlh/VSCode/ros2_ws/build/ui/build/lib/ui/ui_dashboard_node_modular.py -> /home/andrewlh/VSCode/ros2_ws/install/ui/lib/python3.12/site-packages/ui
[3.645s] byte-compiling /home/andrewlh/VSCode/ros2_ws/install/ui/lib/python3.12/site-packages/ui/mode_switcher_node.py to mode_switcher_node.cpython-312.pyc
[3.646s] byte-compiling /home/andrewlh/VSCode/ros2_ws/install/ui/lib/python3.12/site-packages/ui/ui_button_controller.py to ui_button_controller.cpython-312.pyc
[3.651s] byte-compiling /home/andrewlh/VSCode/ros2_ws/install/ui/lib/python3.12/site-packages/ui/ui_dashboard_node_modular.py to ui_dashboard_node_modular.cpython-312.pyc
[3.653s] running install_data
[3.654s] running install_egg_info
[3.691s] removing '/home/andrewlh/VSCode/ros2_ws/install/ui/lib/python3.12/site-packages/ui-0.1.0-py3.12.egg-info' (and everything under it)
[3.692s] Copying ../../build/ui/ui.egg-info to /home/andrewlh/VSCode/ros2_ws/install/ui/lib/python3.12/site-packages/ui-0.1.0-py3.12.egg-info
[3.694s] running install_scripts
[3.970s] Installing mode_switcher_node script to /home/andrewlh/VSCode/ros2_ws/install/ui/lib/ui
[3.970s] Installing ui_dashboard_node script to /home/andrewlh/VSCode/ros2_ws/install/ui/lib/ui
[3.971s] writing list of installed files to '/home/andrewlh/VSCode/ros2_ws/build/ui/install.log'
[4.008s] Invoked command in '/home/andrewlh/VSCode/ros2_ws/src/ui' returned '0': CONDA_PROMPT_MODIFIER=(base) DEBUGINFOD_URLS=https://debuginfod.ubuntu.com PYTHONPATH=/home/andrewlh/VSCode/ros2_ws/build/ui/prefix_override:/usr/lib/python3/dist-packages/colcon_core/task/python/colcon_distutils_commands:/home/andrewlh/VSCode/ros2_ws/install/ui/lib/python3.12/site-packages:${PYTHONPATH} /usr/bin/python3 -W ignore:setup.py install is deprecated -W ignore:easy_install command is deprecated setup.py egg_info --egg-base ../../build/ui build --build-base /home/andrewlh/VSCode/ros2_ws/build/ui/build install --record /home/andrewlh/VSCode/ros2_ws/build/ui/install.log --single-version-externally-managed install_data
