[4.489s] Invoking command in '/home/andrewlh/VSCode/ros2_ws/src/perception': CONDA_PROMPT_MODIFIER=(base) DEBUGINFOD_URLS=https://debuginfod.ubuntu.com PYTHONPATH=/home/andrewlh/VSCode/ros2_ws/build/perception/prefix_override:/usr/lib/python3/dist-packages/colcon_core/task/python/colcon_distutils_commands:/home/andrewlh/VSCode/ros2_ws/install/perception/lib/python3.12/site-packages:${PYTHONPATH} /usr/bin/python3 -W ignore:setup.py install is deprecated -W ignore:easy_install command is deprecated setup.py egg_info --egg-base ../../build/perception build --build-base /home/andrewlh/VSCode/ros2_ws/build/perception/build install --record /home/andrewlh/VSCode/ros2_ws/build/perception/install.log --single-version-externally-managed install_data
[5.118s] running egg_info
[5.163s] writing ../../build/perception/perception.egg-info/PKG-INFO
[5.164s] writing dependency_links to ../../build/perception/perception.egg-info/dependency_links.txt
[5.178s] writing entry points to ../../build/perception/perception.egg-info/entry_points.txt
[5.183s] writing requirements to ../../build/perception/perception.egg-info/requires.txt
[5.183s] writing top-level names to ../../build/perception/perception.egg-info/top_level.txt
[5.326s] reading manifest file '../../build/perception/perception.egg-info/SOURCES.txt'
[5.326s] writing manifest file '../../build/perception/perception.egg-info/SOURCES.txt'
[5.326s] running build
[5.326s] running build_py
[5.327s] running install
[5.346s] running install_lib
[5.413s] running install_data
[5.418s] running install_egg_info
[5.480s] removing '/home/andrewlh/VSCode/ros2_ws/install/perception/lib/python3.12/site-packages/perception-0.1.0-py3.12.egg-info' (and everything under it)
[5.491s] Copying ../../build/perception/perception.egg-info to /home/andrewlh/VSCode/ros2_ws/install/perception/lib/python3.12/site-packages/perception-0.1.0-py3.12.egg-info
[5.491s] running install_scripts
[5.875s] Installing body_pose_node script to /home/andrewlh/VSCode/ros2_ws/install/perception/lib/perception
[5.876s] Installing coordinate_transform_node script to /home/andrewlh/VSCode/ros2_ws/install/perception/lib/perception
[5.877s] Installing hand_pose_node script to /home/andrewlh/VSCode/ros2_ws/install/perception/lib/perception
[5.878s] Installing pose_filter_node script to /home/andrewlh/VSCode/ros2_ws/install/perception/lib/perception
[5.878s] writing list of installed files to '/home/andrewlh/VSCode/ros2_ws/build/perception/install.log'
[5.938s] Invoked command in '/home/andrewlh/VSCode/ros2_ws/src/perception' returned '0': CONDA_PROMPT_MODIFIER=(base) DEBUGINFOD_URLS=https://debuginfod.ubuntu.com PYTHONPATH=/home/andrewlh/VSCode/ros2_ws/build/perception/prefix_override:/usr/lib/python3/dist-packages/colcon_core/task/python/colcon_distutils_commands:/home/andrewlh/VSCode/ros2_ws/install/perception/lib/python3.12/site-packages:${PYTHONPATH} /usr/bin/python3 -W ignore:setup.py install is deprecated -W ignore:easy_install command is deprecated setup.py egg_info --egg-base ../../build/perception build --build-base /home/andrewlh/VSCode/ros2_ws/build/perception/build install --record /home/andrewlh/VSCode/ros2_ws/build/perception/install.log --single-version-externally-managed install_data
