[0.471s] DEBUG:colcon:Command line arguments: ['/usr/bin/colcon', 'build', '--packages-select', 'ui']
[0.471s] DEBUG:colcon:Parsed command line arguments: Namespace(log_base=None, log_level=None, verb_name='build', build_base='build', install_base='install', merge_install=False, symlink_install=False, test_result_base=None, continue_on_error=False, executor='parallel', parallel_workers=8, event_handlers=None, ignore_user_meta=False, metas=['./colcon.meta'], base_paths=['.'], packages_ignore=None, packages_ignore_regex=None, paths=None, packages_up_to=None, packages_up_to_regex=None, packages_above=None, packages_above_and_dependencies=None, packages_above_depth=None, packages_select_by_dep=None, packages_skip_by_dep=None, packages_skip_up_to=None, packages_select_build_failed=False, packages_skip_build_finished=False, packages_select_test_failures=False, packages_skip_test_passed=False, packages_select=['ui'], packages_skip=None, packages_select_regex=None, packages_skip_regex=None, packages_start=None, packages_end=None, allow_overriding=[], cmake_args=None, cmake_target=None, cmake_target_skip_unavailable=False, cmake_clean_cache=False, cmake_clean_first=False, cmake_force_configure=False, ament_cmake_args=None, catkin_cmake_args=None, catkin_skip_building_tests=False, mixin_files=None, mixin=None, verb_parser=<colcon_mixin.mixin.mixin_argument.MixinArgumentDecorator object at 0x700a64a7f9b0>, verb_extension=<colcon_core.verb.build.BuildVerb object at 0x700a64a7f530>, main=<bound method BuildVerb.main of <colcon_core.verb.build.BuildVerb object at 0x700a64a7f530>>, mixin_verb=('build',))
[0.544s] Level 1:colcon.colcon_core.package_discovery:discover_packages(colcon_meta) check parameters
[0.544s] Level 1:colcon.colcon_core.package_discovery:discover_packages(recursive) check parameters
[0.544s] Level 1:colcon.colcon_core.package_discovery:discover_packages(ignore) check parameters
[0.544s] Level 1:colcon.colcon_core.package_discovery:discover_packages(path) check parameters
[0.544s] Level 1:colcon.colcon_core.package_discovery:discover_packages(colcon_meta) discover
[0.544s] Level 1:colcon.colcon_core.package_discovery:discover_packages(recursive) discover
[0.544s] INFO:colcon.colcon_core.package_discovery:Crawling recursively for packages in '/home/andrewlh/VSCode/ros2_ws'
[0.544s] Level 1:colcon.colcon_core.package_identification:_identify(.) by extensions ['ignore', 'ignore_ament_install']
[0.545s] Level 1:colcon.colcon_core.package_identification:_identify(.) by extension 'ignore'
[0.545s] Level 1:colcon.colcon_core.package_identification:_identify(.) by extension 'ignore_ament_install'
[0.545s] Level 1:colcon.colcon_core.package_identification:_identify(.) by extensions ['colcon_pkg']
[0.545s] Level 1:colcon.colcon_core.package_identification:_identify(.) by extension 'colcon_pkg'
[0.545s] Level 1:colcon.colcon_core.package_identification:_identify(.) by extensions ['colcon_meta']
[0.545s] Level 1:colcon.colcon_core.package_identification:_identify(.) by extension 'colcon_meta'
[0.545s] Level 1:colcon.colcon_core.package_identification:_identify(.) by extensions ['ros']
[0.545s] Level 1:colcon.colcon_core.package_identification:_identify(.) by extension 'ros'
[0.598s] Level 1:colcon.colcon_core.package_identification:_identify(.) by extensions ['cmake', 'python']
[0.599s] Level 1:colcon.colcon_core.package_identification:_identify(.) by extension 'cmake'
[0.599s] Level 1:colcon.colcon_core.package_identification:_identify(.) by extension 'python'
[0.599s] Level 1:colcon.colcon_core.package_identification:_identify(.) by extensions ['python_setup_py']
[0.599s] Level 1:colcon.colcon_core.package_identification:_identify(.) by extension 'python_setup_py'
[0.599s] Level 1:colcon.colcon_core.package_identification:_identify(build) by extensions ['ignore', 'ignore_ament_install']
[0.599s] Level 1:colcon.colcon_core.package_identification:_identify(build) by extension 'ignore'
[0.600s] Level 1:colcon.colcon_core.package_identification:_identify(build) ignored
[0.600s] Level 1:colcon.colcon_core.package_identification:_identify(documentation) by extensions ['ignore', 'ignore_ament_install']
[0.600s] Level 1:colcon.colcon_core.package_identification:_identify(documentation) by extension 'ignore'
[0.600s] Level 1:colcon.colcon_core.package_identification:_identify(documentation) by extension 'ignore_ament_install'
[0.600s] Level 1:colcon.colcon_core.package_identification:_identify(documentation) by extensions ['colcon_pkg']
[0.600s] Level 1:colcon.colcon_core.package_identification:_identify(documentation) by extension 'colcon_pkg'
[0.601s] Level 1:colcon.colcon_core.package_identification:_identify(documentation) by extensions ['colcon_meta']
[0.601s] Level 1:colcon.colcon_core.package_identification:_identify(documentation) by extension 'colcon_meta'
[0.601s] Level 1:colcon.colcon_core.package_identification:_identify(documentation) by extensions ['ros']
[0.601s] Level 1:colcon.colcon_core.package_identification:_identify(documentation) by extension 'ros'
[0.601s] Level 1:colcon.colcon_core.package_identification:_identify(documentation) by extensions ['cmake', 'python']
[0.601s] Level 1:colcon.colcon_core.package_identification:_identify(documentation) by extension 'cmake'
[0.601s] Level 1:colcon.colcon_core.package_identification:_identify(documentation) by extension 'python'
[0.601s] Level 1:colcon.colcon_core.package_identification:_identify(documentation) by extensions ['python_setup_py']
[0.601s] Level 1:colcon.colcon_core.package_identification:_identify(documentation) by extension 'python_setup_py'
[0.601s] Level 1:colcon.colcon_core.package_identification:_identify(install) by extensions ['ignore', 'ignore_ament_install']
[0.602s] Level 1:colcon.colcon_core.package_identification:_identify(install) by extension 'ignore'
[0.602s] Level 1:colcon.colcon_core.package_identification:_identify(install) ignored
[0.602s] Level 1:colcon.colcon_core.package_identification:_identify(log) by extensions ['ignore', 'ignore_ament_install']
[0.602s] Level 1:colcon.colcon_core.package_identification:_identify(log) by extension 'ignore'
[0.602s] Level 1:colcon.colcon_core.package_identification:_identify(log) ignored
[0.602s] Level 1:colcon.colcon_core.package_identification:_identify(src) by extensions ['ignore', 'ignore_ament_install']
[0.602s] Level 1:colcon.colcon_core.package_identification:_identify(src) by extension 'ignore'
[0.603s] Level 1:colcon.colcon_core.package_identification:_identify(src) by extension 'ignore_ament_install'
[0.603s] Level 1:colcon.colcon_core.package_identification:_identify(src) by extensions ['colcon_pkg']
[0.603s] Level 1:colcon.colcon_core.package_identification:_identify(src) by extension 'colcon_pkg'
[0.603s] Level 1:colcon.colcon_core.package_identification:_identify(src) by extensions ['colcon_meta']
[0.603s] Level 1:colcon.colcon_core.package_identification:_identify(src) by extension 'colcon_meta'
[0.603s] Level 1:colcon.colcon_core.package_identification:_identify(src) by extensions ['ros']
[0.603s] Level 1:colcon.colcon_core.package_identification:_identify(src) by extension 'ros'
[0.603s] Level 1:colcon.colcon_core.package_identification:_identify(src) by extensions ['cmake', 'python']
[0.603s] Level 1:colcon.colcon_core.package_identification:_identify(src) by extension 'cmake'
[0.603s] Level 1:colcon.colcon_core.package_identification:_identify(src) by extension 'python'
[0.603s] Level 1:colcon.colcon_core.package_identification:_identify(src) by extensions ['python_setup_py']
[0.603s] Level 1:colcon.colcon_core.package_identification:_identify(src) by extension 'python_setup_py'
[0.603s] Level 1:colcon.colcon_core.package_identification:_identify(src/camera_interface) by extensions ['ignore', 'ignore_ament_install']
[0.603s] Level 1:colcon.colcon_core.package_identification:_identify(src/camera_interface) by extension 'ignore'
[0.604s] Level 1:colcon.colcon_core.package_identification:_identify(src/camera_interface) by extension 'ignore_ament_install'
[0.604s] Level 1:colcon.colcon_core.package_identification:_identify(src/camera_interface) by extensions ['colcon_pkg']
[0.604s] Level 1:colcon.colcon_core.package_identification:_identify(src/camera_interface) by extension 'colcon_pkg'
[0.604s] Level 1:colcon.colcon_core.package_identification:_identify(src/camera_interface) by extensions ['colcon_meta']
[0.604s] Level 1:colcon.colcon_core.package_identification:_identify(src/camera_interface) by extension 'colcon_meta'
[0.604s] Level 1:colcon.colcon_core.package_identification:_identify(src/camera_interface) by extensions ['ros']
[0.604s] Level 1:colcon.colcon_core.package_identification:_identify(src/camera_interface) by extension 'ros'
[0.612s] DEBUG:colcon.colcon_core.package_identification:Package 'src/camera_interface' with type 'ros.ament_python' and name 'camera_interface'
[0.612s] Level 1:colcon.colcon_core.package_identification:_identify(src/control) by extensions ['ignore', 'ignore_ament_install']
[0.612s] Level 1:colcon.colcon_core.package_identification:_identify(src/control) by extension 'ignore'
[0.613s] Level 1:colcon.colcon_core.package_identification:_identify(src/control) by extension 'ignore_ament_install'
[0.613s] Level 1:colcon.colcon_core.package_identification:_identify(src/control) by extensions ['colcon_pkg']
[0.613s] Level 1:colcon.colcon_core.package_identification:_identify(src/control) by extension 'colcon_pkg'
[0.613s] Level 1:colcon.colcon_core.package_identification:_identify(src/control) by extensions ['colcon_meta']
[0.613s] Level 1:colcon.colcon_core.package_identification:_identify(src/control) by extension 'colcon_meta'
[0.613s] Level 1:colcon.colcon_core.package_identification:_identify(src/control) by extensions ['ros']
[0.614s] Level 1:colcon.colcon_core.package_identification:_identify(src/control) by extension 'ros'
[0.615s] DEBUG:colcon.colcon_core.package_identification:Package 'src/control' with type 'ros.ament_python' and name 'control'
[0.615s] Level 1:colcon.colcon_core.package_identification:_identify(src/control_system) by extensions ['ignore', 'ignore_ament_install']
[0.615s] Level 1:colcon.colcon_core.package_identification:_identify(src/control_system) by extension 'ignore'
[0.616s] Level 1:colcon.colcon_core.package_identification:_identify(src/control_system) by extension 'ignore_ament_install'
[0.616s] Level 1:colcon.colcon_core.package_identification:_identify(src/control_system) by extensions ['colcon_pkg']
[0.616s] Level 1:colcon.colcon_core.package_identification:_identify(src/control_system) by extension 'colcon_pkg'
[0.616s] Level 1:colcon.colcon_core.package_identification:_identify(src/control_system) by extensions ['colcon_meta']
[0.616s] Level 1:colcon.colcon_core.package_identification:_identify(src/control_system) by extension 'colcon_meta'
[0.616s] Level 1:colcon.colcon_core.package_identification:_identify(src/control_system) by extensions ['ros']
[0.616s] Level 1:colcon.colcon_core.package_identification:_identify(src/control_system) by extension 'ros'
[0.617s] DEBUG:colcon.colcon_core.package_identification:Failed to parse potential ROS package manifest in'src/control_system': Error(s) in package 'src/control_system/package.xml':
The manifest contains invalid XML:
no element found: line 1, column 0
[0.617s] Level 1:colcon.colcon_core.package_identification:_identify(src/control_system) by extensions ['cmake', 'python']
[0.617s] Level 1:colcon.colcon_core.package_identification:_identify(src/control_system) by extension 'cmake'
[0.617s] Level 1:colcon.colcon_core.package_identification:_identify(src/control_system) by extension 'python'
[0.617s] DEBUG:colcon.colcon_core.package_identification:Python package in 'src/control_system' passes arguments to the setup() function which requires a different identification extension than 'python'
[0.617s] Level 1:colcon.colcon_core.package_identification:_identify(src/control_system) by extensions ['python_setup_py']
[0.617s] Level 1:colcon.colcon_core.package_identification:_identify(src/control_system) by extension 'python_setup_py'
[0.870s] DEBUG:colcon.colcon_core.package_identification:Package 'src/control_system' with type 'python' and name 'control_system'
[0.870s] Level 1:colcon.colcon_core.package_identification:_identify(src/cr3_interface) by extensions ['ignore', 'ignore_ament_install']
[0.870s] Level 1:colcon.colcon_core.package_identification:_identify(src/cr3_interface) by extension 'ignore'
[0.870s] Level 1:colcon.colcon_core.package_identification:_identify(src/cr3_interface) by extension 'ignore_ament_install'
[0.871s] Level 1:colcon.colcon_core.package_identification:_identify(src/cr3_interface) by extensions ['colcon_pkg']
[0.871s] Level 1:colcon.colcon_core.package_identification:_identify(src/cr3_interface) by extension 'colcon_pkg'
[0.871s] Level 1:colcon.colcon_core.package_identification:_identify(src/cr3_interface) by extensions ['colcon_meta']
[0.871s] Level 1:colcon.colcon_core.package_identification:_identify(src/cr3_interface) by extension 'colcon_meta'
[0.871s] Level 1:colcon.colcon_core.package_identification:_identify(src/cr3_interface) by extensions ['ros']
[0.871s] Level 1:colcon.colcon_core.package_identification:_identify(src/cr3_interface) by extension 'ros'
[0.882s] DEBUG:colcon.colcon_core.package_identification:Package 'src/cr3_interface' with type 'ros.ament_python' and name 'cr3_interface'
[0.882s] Level 1:colcon.colcon_core.package_identification:_identify(src/diagnostics) by extensions ['ignore', 'ignore_ament_install']
[0.882s] Level 1:colcon.colcon_core.package_identification:_identify(src/diagnostics) by extension 'ignore'
[0.882s] Level 1:colcon.colcon_core.package_identification:_identify(src/diagnostics) by extension 'ignore_ament_install'
[0.882s] Level 1:colcon.colcon_core.package_identification:_identify(src/diagnostics) by extensions ['colcon_pkg']
[0.882s] Level 1:colcon.colcon_core.package_identification:_identify(src/diagnostics) by extension 'colcon_pkg'
[0.882s] Level 1:colcon.colcon_core.package_identification:_identify(src/diagnostics) by extensions ['colcon_meta']
[0.882s] Level 1:colcon.colcon_core.package_identification:_identify(src/diagnostics) by extension 'colcon_meta'
[0.882s] Level 1:colcon.colcon_core.package_identification:_identify(src/diagnostics) by extensions ['ros']
[0.882s] Level 1:colcon.colcon_core.package_identification:_identify(src/diagnostics) by extension 'ros'
[0.886s] DEBUG:colcon.colcon_core.package_identification:Package 'src/diagnostics' with type 'ros.ament_python' and name 'diagnostics'
[0.886s] Level 1:colcon.colcon_core.package_identification:_identify(src/perception) by extensions ['ignore', 'ignore_ament_install']
[0.886s] Level 1:colcon.colcon_core.package_identification:_identify(src/perception) by extension 'ignore'
[0.886s] Level 1:colcon.colcon_core.package_identification:_identify(src/perception) by extension 'ignore_ament_install'
[0.886s] Level 1:colcon.colcon_core.package_identification:_identify(src/perception) by extensions ['colcon_pkg']
[0.886s] Level 1:colcon.colcon_core.package_identification:_identify(src/perception) by extension 'colcon_pkg'
[0.886s] Level 1:colcon.colcon_core.package_identification:_identify(src/perception) by extensions ['colcon_meta']
[0.886s] Level 1:colcon.colcon_core.package_identification:_identify(src/perception) by extension 'colcon_meta'
[0.886s] Level 1:colcon.colcon_core.package_identification:_identify(src/perception) by extensions ['ros']
[0.886s] Level 1:colcon.colcon_core.package_identification:_identify(src/perception) by extension 'ros'
[0.887s] DEBUG:colcon.colcon_core.package_identification:Package 'src/perception' with type 'ros.ament_python' and name 'perception'
[0.887s] Level 1:colcon.colcon_core.package_identification:_identify(src/servo_control) by extensions ['ignore', 'ignore_ament_install']
[0.887s] Level 1:colcon.colcon_core.package_identification:_identify(src/servo_control) by extension 'ignore'
[0.887s] Level 1:colcon.colcon_core.package_identification:_identify(src/servo_control) by extension 'ignore_ament_install'
[0.887s] Level 1:colcon.colcon_core.package_identification:_identify(src/servo_control) by extensions ['colcon_pkg']
[0.887s] Level 1:colcon.colcon_core.package_identification:_identify(src/servo_control) by extension 'colcon_pkg'
[0.887s] Level 1:colcon.colcon_core.package_identification:_identify(src/servo_control) by extensions ['colcon_meta']
[0.888s] Level 1:colcon.colcon_core.package_identification:_identify(src/servo_control) by extension 'colcon_meta'
[0.888s] Level 1:colcon.colcon_core.package_identification:_identify(src/servo_control) by extensions ['ros']
[0.888s] Level 1:colcon.colcon_core.package_identification:_identify(src/servo_control) by extension 'ros'
[0.888s] DEBUG:colcon.colcon_core.package_identification:Package 'src/servo_control' with type 'ros.ament_python' and name 'servo_control'
[0.888s] Level 1:colcon.colcon_core.package_identification:_identify(src/sim_interface) by extensions ['ignore', 'ignore_ament_install']
[0.888s] Level 1:colcon.colcon_core.package_identification:_identify(src/sim_interface) by extension 'ignore'
[0.888s] Level 1:colcon.colcon_core.package_identification:_identify(src/sim_interface) by extension 'ignore_ament_install'
[0.888s] Level 1:colcon.colcon_core.package_identification:_identify(src/sim_interface) by extensions ['colcon_pkg']
[0.888s] Level 1:colcon.colcon_core.package_identification:_identify(src/sim_interface) by extension 'colcon_pkg'
[0.888s] Level 1:colcon.colcon_core.package_identification:_identify(src/sim_interface) by extensions ['colcon_meta']
[0.888s] Level 1:colcon.colcon_core.package_identification:_identify(src/sim_interface) by extension 'colcon_meta'
[0.888s] Level 1:colcon.colcon_core.package_identification:_identify(src/sim_interface) by extensions ['ros']
[0.888s] Level 1:colcon.colcon_core.package_identification:_identify(src/sim_interface) by extension 'ros'
[0.889s] DEBUG:colcon.colcon_core.package_identification:Package 'src/sim_interface' with type 'ros.ament_python' and name 'sim_interface'
[0.889s] Level 1:colcon.colcon_core.package_identification:_identify(src/ui) by extensions ['ignore', 'ignore_ament_install']
[0.889s] Level 1:colcon.colcon_core.package_identification:_identify(src/ui) by extension 'ignore'
[0.889s] Level 1:colcon.colcon_core.package_identification:_identify(src/ui) by extension 'ignore_ament_install'
[0.889s] Level 1:colcon.colcon_core.package_identification:_identify(src/ui) by extensions ['colcon_pkg']
[0.889s] Level 1:colcon.colcon_core.package_identification:_identify(src/ui) by extension 'colcon_pkg'
[0.889s] Level 1:colcon.colcon_core.package_identification:_identify(src/ui) by extensions ['colcon_meta']
[0.889s] Level 1:colcon.colcon_core.package_identification:_identify(src/ui) by extension 'colcon_meta'
[0.889s] Level 1:colcon.colcon_core.package_identification:_identify(src/ui) by extensions ['ros']
[0.889s] Level 1:colcon.colcon_core.package_identification:_identify(src/ui) by extension 'ros'
[0.891s] DEBUG:colcon.colcon_core.package_identification:Package 'src/ui' with type 'ros.ament_python' and name 'ui'
[0.891s] Level 1:colcon.colcon_core.package_discovery:discover_packages(recursive) using defaults
[0.891s] Level 1:colcon.colcon_core.package_discovery:discover_packages(ignore) discover
[0.891s] Level 1:colcon.colcon_core.package_discovery:discover_packages(ignore) using defaults
[0.891s] Level 1:colcon.colcon_core.package_discovery:discover_packages(path) discover
[0.891s] Level 1:colcon.colcon_core.package_discovery:discover_packages(path) using defaults
[0.934s] INFO:colcon.colcon_core.package_selection:Skipping not selected package 'camera_interface' in 'src/camera_interface'
[0.934s] INFO:colcon.colcon_core.package_selection:Skipping not selected package 'control' in 'src/control'
[0.934s] INFO:colcon.colcon_core.package_selection:Skipping not selected package 'control_system' in 'src/control_system'
[0.934s] INFO:colcon.colcon_core.package_selection:Skipping not selected package 'cr3_interface' in 'src/cr3_interface'
[0.934s] INFO:colcon.colcon_core.package_selection:Skipping not selected package 'diagnostics' in 'src/diagnostics'
[0.934s] INFO:colcon.colcon_core.package_selection:Skipping not selected package 'perception' in 'src/perception'
[0.934s] INFO:colcon.colcon_core.package_selection:Skipping not selected package 'servo_control' in 'src/servo_control'
[0.934s] INFO:colcon.colcon_core.package_selection:Skipping not selected package 'sim_interface' in 'src/sim_interface'
[0.936s] Level 1:colcon.colcon_core.package_discovery:discover_packages(prefix_path) check parameters
[0.936s] Level 1:colcon.colcon_core.package_discovery:discover_packages(prefix_path) discover
[0.944s] DEBUG:colcon.colcon_installed_package_information.package_discovery:Found 318 installed packages in /opt/ros/jazzy
[0.945s] Level 1:colcon.colcon_core.package_discovery:discover_packages(prefix_path) using defaults
[1.057s] Level 5:colcon.colcon_core.verb:set package 'ui' build argument 'cmake_args' from command line to 'None'
[1.057s] Level 5:colcon.colcon_core.verb:set package 'ui' build argument 'cmake_target' from command line to 'None'
[1.057s] Level 5:colcon.colcon_core.verb:set package 'ui' build argument 'cmake_target_skip_unavailable' from command line to 'False'
[1.057s] Level 5:colcon.colcon_core.verb:set package 'ui' build argument 'cmake_clean_cache' from command line to 'False'
[1.057s] Level 5:colcon.colcon_core.verb:set package 'ui' build argument 'cmake_clean_first' from command line to 'False'
[1.057s] Level 5:colcon.colcon_core.verb:set package 'ui' build argument 'cmake_force_configure' from command line to 'False'
[1.057s] Level 5:colcon.colcon_core.verb:set package 'ui' build argument 'ament_cmake_args' from command line to 'None'
[1.057s] Level 5:colcon.colcon_core.verb:set package 'ui' build argument 'catkin_cmake_args' from command line to 'None'
[1.057s] Level 5:colcon.colcon_core.verb:set package 'ui' build argument 'catkin_skip_building_tests' from command line to 'False'
[1.058s] DEBUG:colcon.colcon_core.verb:Building package 'ui' with the following arguments: {'ament_cmake_args': None, 'build_base': '/home/andrewlh/VSCode/ros2_ws/build/ui', 'catkin_cmake_args': None, 'catkin_skip_building_tests': False, 'cmake_args': None, 'cmake_clean_cache': False, 'cmake_clean_first': False, 'cmake_force_configure': False, 'cmake_target': None, 'cmake_target_skip_unavailable': False, 'install_base': '/home/andrewlh/VSCode/ros2_ws/install/ui', 'merge_install': False, 'path': '/home/andrewlh/VSCode/ros2_ws/src/ui', 'symlink_install': False, 'test_result_base': None}
[1.058s] INFO:colcon.colcon_core.executor:Executing jobs using 'parallel' executor
[1.059s] DEBUG:colcon.colcon_parallel_executor.executor.parallel:run_until_complete
[1.060s] INFO:colcon.colcon_ros.task.ament_python.build:Building ROS package in '/home/andrewlh/VSCode/ros2_ws/src/ui' with build type 'ament_python'
[1.060s] Level 1:colcon.colcon_core.shell:create_environment_hook('ui', 'ament_prefix_path')
[1.070s] INFO:colcon.colcon_core.plugin_system:Skipping extension 'colcon_core.shell.bat': Not used on non-Windows systems
[1.070s] INFO:colcon.colcon_core.shell:Creating environment hook '/home/andrewlh/VSCode/ros2_ws/install/ui/share/ui/hook/ament_prefix_path.ps1'
[1.072s] INFO:colcon.colcon_core.shell:Creating environment descriptor '/home/andrewlh/VSCode/ros2_ws/install/ui/share/ui/hook/ament_prefix_path.dsv'
[1.073s] INFO:colcon.colcon_core.shell:Creating environment hook '/home/andrewlh/VSCode/ros2_ws/install/ui/share/ui/hook/ament_prefix_path.sh'
[1.073s] INFO:colcon.colcon_core.shell:Skip shell extension 'powershell' for command environment: Not usable outside of PowerShell
[1.073s] DEBUG:colcon.colcon_core.shell:Skip shell extension 'dsv' for command environment
[1.336s] INFO:colcon.colcon_core.task.python.build:Building Python package in '/home/andrewlh/VSCode/ros2_ws/src/ui'
[1.336s] INFO:colcon.colcon_core.shell:Skip shell extension 'powershell' for command environment: Not usable outside of PowerShell
[1.336s] DEBUG:colcon.colcon_core.shell:Skip shell extension 'dsv' for command environment
[2.371s] DEBUG:colcon.colcon_core.event_handler.log_command:Invoking command in '/home/andrewlh/VSCode/ros2_ws/src/ui': CONDA_PROMPT_MODIFIER=(base) DEBUGINFOD_URLS=https://debuginfod.ubuntu.com PYTHONPATH=/home/andrewlh/VSCode/ros2_ws/build/ui/prefix_override:/usr/lib/python3/dist-packages/colcon_core/task/python/colcon_distutils_commands:/home/andrewlh/VSCode/ros2_ws/install/ui/lib/python3.12/site-packages:${PYTHONPATH} /usr/bin/python3 -W ignore:setup.py install is deprecated -W ignore:easy_install command is deprecated setup.py egg_info --egg-base ../../build/ui build --build-base /home/andrewlh/VSCode/ros2_ws/build/ui/build install --record /home/andrewlh/VSCode/ros2_ws/build/ui/install.log --single-version-externally-managed install_data
[2.984s] DEBUG:colcon.colcon_core.event_handler.log_command:Invoked command in '/home/andrewlh/VSCode/ros2_ws/src/ui' returned '0': CONDA_PROMPT_MODIFIER=(base) DEBUGINFOD_URLS=https://debuginfod.ubuntu.com PYTHONPATH=/home/andrewlh/VSCode/ros2_ws/build/ui/prefix_override:/usr/lib/python3/dist-packages/colcon_core/task/python/colcon_distutils_commands:/home/andrewlh/VSCode/ros2_ws/install/ui/lib/python3.12/site-packages:${PYTHONPATH} /usr/bin/python3 -W ignore:setup.py install is deprecated -W ignore:easy_install command is deprecated setup.py egg_info --egg-base ../../build/ui build --build-base /home/andrewlh/VSCode/ros2_ws/build/ui/build install --record /home/andrewlh/VSCode/ros2_ws/build/ui/install.log --single-version-externally-managed install_data
[3.007s] Level 1:colcon.colcon_core.environment:checking '/home/andrewlh/VSCode/ros2_ws/install/ui' for CMake module files
[3.008s] Level 1:colcon.colcon_core.environment:checking '/home/andrewlh/VSCode/ros2_ws/install/ui' for CMake config files
[3.008s] Level 1:colcon.colcon_core.environment:checking '/home/andrewlh/VSCode/ros2_ws/install/ui/lib'
[3.008s] Level 1:colcon.colcon_core.environment:checking '/home/andrewlh/VSCode/ros2_ws/install/ui/bin'
[3.009s] Level 1:colcon.colcon_core.environment:checking '/home/andrewlh/VSCode/ros2_ws/install/ui/lib/pkgconfig/ui.pc'
[3.009s] Level 1:colcon.colcon_core.environment:checking '/home/andrewlh/VSCode/ros2_ws/install/ui/lib/python3.12/site-packages'
[3.009s] Level 1:colcon.colcon_core.shell:create_environment_hook('ui', 'pythonpath')
[3.010s] INFO:colcon.colcon_core.shell:Creating environment hook '/home/andrewlh/VSCode/ros2_ws/install/ui/share/ui/hook/pythonpath.ps1'
[3.010s] INFO:colcon.colcon_core.shell:Creating environment descriptor '/home/andrewlh/VSCode/ros2_ws/install/ui/share/ui/hook/pythonpath.dsv'
[3.011s] INFO:colcon.colcon_core.shell:Creating environment hook '/home/andrewlh/VSCode/ros2_ws/install/ui/share/ui/hook/pythonpath.sh'
[3.012s] Level 1:colcon.colcon_core.environment:checking '/home/andrewlh/VSCode/ros2_ws/install/ui/bin'
[3.012s] Level 1:colcon.colcon_core.environment:create_environment_scripts_only(ui)
[3.012s] INFO:colcon.colcon_core.shell:Creating package script '/home/andrewlh/VSCode/ros2_ws/install/ui/share/ui/package.ps1'
[3.014s] INFO:colcon.colcon_core.shell:Creating package descriptor '/home/andrewlh/VSCode/ros2_ws/install/ui/share/ui/package.dsv'
[3.015s] INFO:colcon.colcon_core.shell:Creating package script '/home/andrewlh/VSCode/ros2_ws/install/ui/share/ui/package.sh'
[3.016s] INFO:colcon.colcon_core.shell:Creating package script '/home/andrewlh/VSCode/ros2_ws/install/ui/share/ui/package.bash'
[3.017s] INFO:colcon.colcon_core.shell:Creating package script '/home/andrewlh/VSCode/ros2_ws/install/ui/share/ui/package.zsh'
[3.018s] Level 1:colcon.colcon_core.environment:create_file_with_runtime_dependencies(/home/andrewlh/VSCode/ros2_ws/install/ui/share/colcon-core/packages/ui)
[3.018s] DEBUG:colcon.colcon_parallel_executor.executor.parallel:closing loop
[3.019s] DEBUG:colcon.colcon_parallel_executor.executor.parallel:loop closed
[3.019s] DEBUG:colcon.colcon_parallel_executor.executor.parallel:run_until_complete finished with '0'
[3.020s] DEBUG:colcon.colcon_core.event_reactor:joining thread
[3.037s] INFO:colcon.colcon_core.plugin_system:Skipping extension 'colcon_notification.desktop_notification.terminal_notifier': Not used on non-Darwin systems
[3.037s] INFO:colcon.colcon_core.plugin_system:Skipping extension 'colcon_notification.desktop_notification.win32': Not used on non-Windows systems
[3.037s] INFO:colcon.colcon_notification.desktop_notification:Sending desktop notification using 'notify2'
[3.086s] DEBUG:colcon.colcon_core.event_reactor:joined thread
[3.087s] INFO:colcon.colcon_core.shell:Creating prefix script '/home/andrewlh/VSCode/ros2_ws/install/local_setup.ps1'
[3.088s] INFO:colcon.colcon_core.shell:Creating prefix util module '/home/andrewlh/VSCode/ros2_ws/install/_local_setup_util_ps1.py'
[3.090s] INFO:colcon.colcon_core.shell:Creating prefix chain script '/home/andrewlh/VSCode/ros2_ws/install/setup.ps1'
[3.091s] INFO:colcon.colcon_core.shell:Creating prefix script '/home/andrewlh/VSCode/ros2_ws/install/local_setup.sh'
[3.092s] INFO:colcon.colcon_core.shell:Creating prefix util module '/home/andrewlh/VSCode/ros2_ws/install/_local_setup_util_sh.py'
[3.093s] INFO:colcon.colcon_core.shell:Creating prefix chain script '/home/andrewlh/VSCode/ros2_ws/install/setup.sh'
[3.094s] INFO:colcon.colcon_core.shell:Creating prefix script '/home/andrewlh/VSCode/ros2_ws/install/local_setup.bash'
[3.094s] INFO:colcon.colcon_core.shell:Creating prefix chain script '/home/andrewlh/VSCode/ros2_ws/install/setup.bash'
[3.096s] INFO:colcon.colcon_core.shell:Creating prefix script '/home/andrewlh/VSCode/ros2_ws/install/local_setup.zsh'
[3.097s] INFO:colcon.colcon_core.shell:Creating prefix chain script '/home/andrewlh/VSCode/ros2_ws/install/setup.zsh'
