[3.384s] Invoking command in '/home/andrewlh/VSCode/ros2_ws/src/sim_interface': CONDA_PROMPT_MODIFIER=(base) DEBUGINFOD_URLS=https://debuginfod.ubuntu.com PYTHONPATH=/home/andrewlh/VSCode/ros2_ws/build/sim_interface/prefix_override:/usr/lib/python3/dist-packages/colcon_core/task/python/colcon_distutils_commands:/home/andrewlh/VSCode/ros2_ws/install/sim_interface/lib/python3.12/site-packages:${PYTHONPATH} /usr/bin/python3 -W ignore:setup.py install is deprecated -W ignore:easy_install command is deprecated setup.py egg_info --egg-base ../../build/sim_interface build --build-base /home/andrewlh/VSCode/ros2_ws/build/sim_interface/build install --record /home/andrewlh/VSCode/ros2_ws/build/sim_interface/install.log --single-version-externally-managed install_data
[4.033s] running egg_info
[4.087s] writing ../../build/sim_interface/sim_interface.egg-info/PKG-INFO
[4.088s] writing dependency_links to ../../build/sim_interface/sim_interface.egg-info/dependency_links.txt
[4.095s] writing entry points to ../../build/sim_interface/sim_interface.egg-info/entry_points.txt
[4.095s] writing requirements to ../../build/sim_interface/sim_interface.egg-info/requires.txt
[4.096s] writing top-level names to ../../build/sim_interface/sim_interface.egg-info/top_level.txt
[4.214s] reading manifest file '../../build/sim_interface/sim_interface.egg-info/SOURCES.txt'
[4.216s] writing manifest file '../../build/sim_interface/sim_interface.egg-info/SOURCES.txt'
[4.216s] running build
[4.216s] running build_py
[4.219s] running install
[4.235s] running install_lib
[4.289s] running install_data
[4.290s] running install_egg_info
[4.347s] removing '/home/andrewlh/VSCode/ros2_ws/install/sim_interface/lib/python3.12/site-packages/sim_interface-0.1.0-py3.12.egg-info' (and everything under it)
[4.348s] Copying ../../build/sim_interface/sim_interface.egg-info to /home/andrewlh/VSCode/ros2_ws/install/sim_interface/lib/python3.12/site-packages/sim_interface-0.1.0-py3.12.egg-info
[4.352s] running install_scripts
[4.759s] Installing sim_world_interface_node script to /home/andrewlh/VSCode/ros2_ws/install/sim_interface/lib/sim_interface
[4.759s] Installing simulator_node script to /home/andrewlh/VSCode/ros2_ws/install/sim_interface/lib/sim_interface
[4.761s] writing list of installed files to '/home/andrewlh/VSCode/ros2_ws/build/sim_interface/install.log'
[4.932s] Invoked command in '/home/andrewlh/VSCode/ros2_ws/src/sim_interface' returned '0': CONDA_PROMPT_MODIFIER=(base) DEBUGINFOD_URLS=https://debuginfod.ubuntu.com PYTHONPATH=/home/andrewlh/VSCode/ros2_ws/build/sim_interface/prefix_override:/usr/lib/python3/dist-packages/colcon_core/task/python/colcon_distutils_commands:/home/andrewlh/VSCode/ros2_ws/install/sim_interface/lib/python3.12/site-packages:${PYTHONPATH} /usr/bin/python3 -W ignore:setup.py install is deprecated -W ignore:easy_install command is deprecated setup.py egg_info --egg-base ../../build/sim_interface build --build-base /home/andrewlh/VSCode/ros2_ws/build/sim_interface/build install --record /home/andrewlh/VSCode/ros2_ws/build/sim_interface/install.log --single-version-externally-managed install_data
