[4.089s] Invoking command in '/home/andrewlh/VSCode/ros2_ws/src/control_system': CONDA_PROMPT_MODIFIER=(base) DEBUGINFOD_URLS=https://debuginfod.ubuntu.com PYTHONPATH=/home/andrewlh/VSCode/ros2_ws/build/control_system/prefix_override:/usr/lib/python3/dist-packages/colcon_core/task/python/colcon_distutils_commands:/home/andrewlh/VSCode/ros2_ws/install/control_system/lib/python3.12/site-packages:${PYTHONPATH} /usr/bin/python3 -W ignore:setup.py install is deprecated -W ignore:easy_install command is deprecated setup.py egg_info --egg-base ../../build/control_system build --build-base /home/andrewlh/VSCode/ros2_ws/build/control_system/build install --record /home/andrewlh/VSCode/ros2_ws/build/control_system/install.log --single-version-externally-managed install_data
[5.088s] running egg_info
[5.154s] writing ../../build/control_system/control_system.egg-info/PKG-INFO
[5.155s] writing dependency_links to ../../build/control_system/control_system.egg-info/dependency_links.txt
[5.156s] writing entry points to ../../build/control_system/control_system.egg-info/entry_points.txt
[5.156s] writing requirements to ../../build/control_system/control_system.egg-info/requires.txt
[5.157s] writing top-level names to ../../build/control_system/control_system.egg-info/top_level.txt
[5.333s] reading manifest file '../../build/control_system/control_system.egg-info/SOURCES.txt'
[5.333s] writing manifest file '../../build/control_system/control_system.egg-info/SOURCES.txt'
[5.334s] running build
[5.334s] running build_py
[5.334s] running install
[5.358s] running install_lib
[5.460s] running install_data
[5.460s] copying package.xml -> /home/andrewlh/VSCode/ros2_ws/install/control_system/share/control_system
[5.461s] running install_egg_info
[5.572s] removing '/home/andrewlh/VSCode/ros2_ws/install/control_system/lib/python3.12/site-packages/control_system-0.0.1-py3.12.egg-info' (and everything under it)
[5.573s] Copying ../../build/control_system/control_system.egg-info to /home/andrewlh/VSCode/ros2_ws/install/control_system/lib/python3.12/site-packages/control_system-0.0.1-py3.12.egg-info
[5.593s] running install_scripts
[6.608s] Installing manual_control_node script to /home/andrewlh/VSCode/ros2_ws/install/control_system/lib/control_system
[6.608s] Installing mode_manager_node script to /home/andrewlh/VSCode/ros2_ws/install/control_system/lib/control_system
[6.608s] Installing perception_control_node script to /home/andrewlh/VSCode/ros2_ws/install/control_system/lib/control_system
[6.608s] Installing servo_interface_lifecycle_node script to /home/andrewlh/VSCode/ros2_ws/install/control_system/lib/control_system
[6.608s] Installing servo_interface_node script to /home/andrewlh/VSCode/ros2_ws/install/control_system/lib/control_system
[6.609s] Installing unified_control_node script to /home/andrewlh/VSCode/ros2_ws/install/control_system/lib/control_system
[6.609s] writing list of installed files to '/home/andrewlh/VSCode/ros2_ws/build/control_system/install.log'
[6.876s] Invoked command in '/home/andrewlh/VSCode/ros2_ws/src/control_system' returned '0': CONDA_PROMPT_MODIFIER=(base) DEBUGINFOD_URLS=https://debuginfod.ubuntu.com PYTHONPATH=/home/andrewlh/VSCode/ros2_ws/build/control_system/prefix_override:/usr/lib/python3/dist-packages/colcon_core/task/python/colcon_distutils_commands:/home/andrewlh/VSCode/ros2_ws/install/control_system/lib/python3.12/site-packages:${PYTHONPATH} /usr/bin/python3 -W ignore:setup.py install is deprecated -W ignore:easy_install command is deprecated setup.py egg_info --egg-base ../../build/control_system build --build-base /home/andrewlh/VSCode/ros2_ws/build/control_system/build install --record /home/andrewlh/VSCode/ros2_ws/build/control_system/install.log --single-version-externally-managed install_data
