running develop
running egg_info
creating control.egg-info
writing control.egg-info/PKG-INFO
writing dependency_links to control.egg-info/dependency_links.txt
writing entry points to control.egg-info/entry_points.txt
writing requirements to control.egg-info/requires.txt
writing top-level names to control.egg-info/top_level.txt
writing manifest file 'control.egg-info/SOURCES.txt'
reading manifest file 'control.egg-info/SOURCES.txt'
writing manifest file 'control.egg-info/SOURCES.txt'
running build_ext
Creating /home/andrewlh/VSCode/ros2_ws/install/control/lib/python3.12/site-packages/control.egg-link (link to .)
Installing motion_planner_node script to /home/andrewlh/VSCode/ros2_ws/install/control/bin
Installing pose_to_command_node script to /home/andrewlh/VSCode/ros2_ws/install/control/bin
Installing teleop_node script to /home/andrewlh/VSCode/ros2_ws/install/control/bin
Installing trajectory_executor_node script to /home/andrewlh/VSCode/ros2_ws/install/control/bin

Installed /home/andrewlh/VSCode/ros2_ws/build/control
running symlink_data
creating /home/andrewlh/VSCode/ros2_ws/install/control/share/ament_index
creating /home/andrewlh/VSCode/ros2_ws/install/control/share/ament_index/resource_index
creating /home/andrewlh/VSCode/ros2_ws/install/control/share/ament_index/resource_index/packages
symbolically linking /home/andrewlh/VSCode/ros2_ws/build/control/resource/control -> /home/andrewlh/VSCode/ros2_ws/install/control/share/ament_index/resource_index/packages
symbolically linking /home/andrewlh/VSCode/ros2_ws/build/control/package.xml -> /home/andrewlh/VSCode/ros2_ws/install/control/share/control
