[7.122s] Invoking command in '/home/andrewlh/VSCode/ros2_ws/build/control': CONDA_PROMPT_MODIFIER=(base) DEBUGINFOD_URLS=https://debuginfod.ubuntu.com PYTHONPATH=/home/andrewlh/VSCode/ros2_ws/build/control/prefix_override:/usr/lib/python3/dist-packages/colcon_core/task/python/colcon_distutils_commands:/home/andrewlh/VSCode/ros2_ws/install/control/lib/python3.12/site-packages:${PYTHONPATH} /usr/bin/python3 -W ignore:setup.py install is deprecated -W ignore:easy_install command is deprecated setup.py develop --editable --build-directory /home/andrewlh/VSCode/ros2_ws/build/control/build --no-deps symlink_data
[8.175s] running develop
[9.070s] running egg_info
[9.070s] creating control.egg-info
[9.192s] writing control.egg-info/PKG-INFO
[9.193s] writing dependency_links to control.egg-info/dependency_links.txt
[9.194s] writing entry points to control.egg-info/entry_points.txt
[9.194s] writing requirements to control.egg-info/requires.txt
[9.194s] writing top-level names to control.egg-info/top_level.txt
[9.194s] writing manifest file 'control.egg-info/SOURCES.txt'
[9.397s] reading manifest file 'control.egg-info/SOURCES.txt'
[9.403s] writing manifest file 'control.egg-info/SOURCES.txt'
[9.463s] running build_ext
[9.463s] Creating /home/andrewlh/VSCode/ros2_ws/install/control/lib/python3.12/site-packages/control.egg-link (link to .)
[9.463s] Installing motion_planner_node script to /home/andrewlh/VSCode/ros2_ws/install/control/bin
[9.470s] Installing pose_to_command_node script to /home/andrewlh/VSCode/ros2_ws/install/control/bin
[9.470s] Installing teleop_node script to /home/andrewlh/VSCode/ros2_ws/install/control/bin
[9.470s] Installing trajectory_executor_node script to /home/andrewlh/VSCode/ros2_ws/install/control/bin
[9.471s] 
[9.471s] Installed /home/andrewlh/VSCode/ros2_ws/build/control
[9.471s] running symlink_data
[9.472s] creating /home/andrewlh/VSCode/ros2_ws/install/control/share/ament_index
[9.480s] creating /home/andrewlh/VSCode/ros2_ws/install/control/share/ament_index/resource_index
[9.480s] creating /home/andrewlh/VSCode/ros2_ws/install/control/share/ament_index/resource_index/packages
[9.480s] symbolically linking /home/andrewlh/VSCode/ros2_ws/build/control/resource/control -> /home/andrewlh/VSCode/ros2_ws/install/control/share/ament_index/resource_index/packages
[9.480s] symbolically linking /home/andrewlh/VSCode/ros2_ws/build/control/package.xml -> /home/andrewlh/VSCode/ros2_ws/install/control/share/control
[9.670s] Invoked command in '/home/andrewlh/VSCode/ros2_ws/build/control' returned '0': CONDA_PROMPT_MODIFIER=(base) DEBUGINFOD_URLS=https://debuginfod.ubuntu.com PYTHONPATH=/home/andrewlh/VSCode/ros2_ws/build/control/prefix_override:/usr/lib/python3/dist-packages/colcon_core/task/python/colcon_distutils_commands:/home/andrewlh/VSCode/ros2_ws/install/control/lib/python3.12/site-packages:${PYTHONPATH} /usr/bin/python3 -W ignore:setup.py install is deprecated -W ignore:easy_install command is deprecated setup.py develop --editable --build-directory /home/andrewlh/VSCode/ros2_ws/build/control/build --no-deps symlink_data
