/home/andrewlh/VSCode/ros2_ws/install/servo_control/lib/python3.12/site-packages/servo_control/__init__.py
/home/andrewlh/VSCode/ros2_ws/install/servo_control/lib/python3.12/site-packages/servo_control/manual_servo_control_node.py
/home/andrewlh/VSCode/ros2_ws/install/servo_control/lib/python3.12/site-packages/servo_control/direct_servo_tester.py
/home/andrewlh/VSCode/ros2_ws/install/servo_control/lib/python3.12/site-packages/servo_control/direct_servo_tester_node.py
/home/andrewlh/VSCode/ros2_ws/install/servo_control/lib/python3.12/site-packages/servo_control/finger_servo_controller_node.py
/home/andrewlh/VSCode/ros2_ws/install/servo_control/lib/python3.12/site-packages/servo_control/servo_interface_node.py
/home/andrewlh/VSCode/ros2_ws/install/servo_control/lib/python3.12/site-packages/servo_control/__pycache__/__init__.cpython-312.pyc
/home/andrewlh/VSCode/ros2_ws/install/servo_control/lib/python3.12/site-packages/servo_control/__pycache__/manual_servo_control_node.cpython-312.pyc
/home/andrewlh/VSCode/ros2_ws/install/servo_control/lib/python3.12/site-packages/servo_control/__pycache__/direct_servo_tester.cpython-312.pyc
/home/andrewlh/VSCode/ros2_ws/install/servo_control/lib/python3.12/site-packages/servo_control/__pycache__/direct_servo_tester_node.cpython-312.pyc
/home/andrewlh/VSCode/ros2_ws/install/servo_control/lib/python3.12/site-packages/servo_control/__pycache__/finger_servo_controller_node.cpython-312.pyc
/home/andrewlh/VSCode/ros2_ws/install/servo_control/lib/python3.12/site-packages/servo_control/__pycache__/servo_interface_node.cpython-312.pyc
/home/andrewlh/VSCode/ros2_ws/install/servo_control/share/ament_index/resource_index/packages/servo_control
/home/andrewlh/VSCode/ros2_ws/install/servo_control/share/servo_control/package.xml
/home/andrewlh/VSCode/ros2_ws/install/servo_control/lib/python3.12/site-packages/servo_control-0.0.0-py3.12.egg-info/entry_points.txt
/home/andrewlh/VSCode/ros2_ws/install/servo_control/lib/python3.12/site-packages/servo_control-0.0.0-py3.12.egg-info/PKG-INFO
/home/andrewlh/VSCode/ros2_ws/install/servo_control/lib/python3.12/site-packages/servo_control-0.0.0-py3.12.egg-info/zip-safe
/home/andrewlh/VSCode/ros2_ws/install/servo_control/lib/python3.12/site-packages/servo_control-0.0.0-py3.12.egg-info/top_level.txt
/home/andrewlh/VSCode/ros2_ws/install/servo_control/lib/python3.12/site-packages/servo_control-0.0.0-py3.12.egg-info/SOURCES.txt
/home/andrewlh/VSCode/ros2_ws/install/servo_control/lib/python3.12/site-packages/servo_control-0.0.0-py3.12.egg-info/dependency_links.txt
/home/andrewlh/VSCode/ros2_ws/install/servo_control/lib/python3.12/site-packages/servo_control-0.0.0-py3.12.egg-info/requires.txt
/home/andrewlh/VSCode/ros2_ws/install/servo_control/lib/servo_control/direct_servo_tester_node
/home/andrewlh/VSCode/ros2_ws/install/servo_control/lib/servo_control/finger_servo_controller_node
/home/andrewlh/VSCode/ros2_ws/install/servo_control/lib/servo_control/manual_servo_control_node
/home/andrewlh/VSCode/ros2_ws/install/servo_control/lib/servo_control/servo_interface_node
