[0.891s] Invoking command in '/home/andrewlh/VSCode/ros2_ws/src/control_system': CONDA_PROMPT_MODIFIER=(base) DEBUGINFOD_URLS=https://debuginfod.ubuntu.com PYTHONPATH=/home/andrewlh/VSCode/ros2_ws/build/control_system/prefix_override:/usr/lib/python3/dist-packages/colcon_core/task/python/colcon_distutils_commands:/home/andrewlh/VSCode/ros2_ws/install/control_system/lib/python3.12/site-packages:${PYTHONPATH} /usr/bin/python3 -W ignore:setup.py install is deprecated -W ignore:easy_install command is deprecated setup.py egg_info --egg-base ../../build/control_system build --build-base /home/andrewlh/VSCode/ros2_ws/build/control_system/build install --record /home/andrewlh/VSCode/ros2_ws/build/control_system/install.log --single-version-externally-managed install_data
[1.163s] running egg_info
[1.163s] creating ../../build/control_system/control_system.egg-info
[1.182s] writing ../../build/control_system/control_system.egg-info/PKG-INFO
[1.182s] writing dependency_links to ../../build/control_system/control_system.egg-info/dependency_links.txt
[1.182s] writing entry points to ../../build/control_system/control_system.egg-info/entry_points.txt
[1.183s] writing requirements to ../../build/control_system/control_system.egg-info/requires.txt
[1.183s] writing top-level names to ../../build/control_system/control_system.egg-info/top_level.txt
[1.183s] writing manifest file '../../build/control_system/control_system.egg-info/SOURCES.txt'
[1.224s] reading manifest file '../../build/control_system/control_system.egg-info/SOURCES.txt'
[1.224s] writing manifest file '../../build/control_system/control_system.egg-info/SOURCES.txt'
[1.225s] running build
[1.225s] running build_py
[1.225s] creating /home/andrewlh/VSCode/ros2_ws/build/control_system/build
[1.226s] creating /home/andrewlh/VSCode/ros2_ws/build/control_system/build/lib
[1.226s] creating /home/andrewlh/VSCode/ros2_ws/build/control_system/build/lib/control_system
[1.226s] copying control_system/__init__.py -> /home/andrewlh/VSCode/ros2_ws/build/control_system/build/lib/control_system
[1.236s] copying control_system/perception_control_node.py -> /home/andrewlh/VSCode/ros2_ws/build/control_system/build/lib/control_system
[1.239s] copying control_system/manual_control_node.py -> /home/andrewlh/VSCode/ros2_ws/build/control_system/build/lib/control_system
[1.240s] copying control_system/unified_control_node.py -> /home/andrewlh/VSCode/ros2_ws/build/control_system/build/lib/control_system
[1.241s] copying control_system/servo_interface_node.py -> /home/andrewlh/VSCode/ros2_ws/build/control_system/build/lib/control_system
[1.242s] copying control_system/mode_manager_node.py -> /home/andrewlh/VSCode/ros2_ws/build/control_system/build/lib/control_system
[1.243s] running install
[1.255s] running install_lib
[1.280s] creating /home/andrewlh/VSCode/ros2_ws/install/control_system/lib/python3.12/site-packages/control_system
[1.280s] copying /home/andrewlh/VSCode/ros2_ws/build/control_system/build/lib/control_system/__init__.py -> /home/andrewlh/VSCode/ros2_ws/install/control_system/lib/python3.12/site-packages/control_system
[1.280s] copying /home/andrewlh/VSCode/ros2_ws/build/control_system/build/lib/control_system/perception_control_node.py -> /home/andrewlh/VSCode/ros2_ws/install/control_system/lib/python3.12/site-packages/control_system
[1.280s] copying /home/andrewlh/VSCode/ros2_ws/build/control_system/build/lib/control_system/manual_control_node.py -> /home/andrewlh/VSCode/ros2_ws/install/control_system/lib/python3.12/site-packages/control_system
[1.281s] copying /home/andrewlh/VSCode/ros2_ws/build/control_system/build/lib/control_system/unified_control_node.py -> /home/andrewlh/VSCode/ros2_ws/install/control_system/lib/python3.12/site-packages/control_system
[1.281s] copying /home/andrewlh/VSCode/ros2_ws/build/control_system/build/lib/control_system/servo_interface_node.py -> /home/andrewlh/VSCode/ros2_ws/install/control_system/lib/python3.12/site-packages/control_system
[1.282s] copying /home/andrewlh/VSCode/ros2_ws/build/control_system/build/lib/control_system/mode_manager_node.py -> /home/andrewlh/VSCode/ros2_ws/install/control_system/lib/python3.12/site-packages/control_system
[1.284s] byte-compiling /home/andrewlh/VSCode/ros2_ws/install/control_system/lib/python3.12/site-packages/control_system/__init__.py to __init__.cpython-312.pyc
[1.284s] byte-compiling /home/andrewlh/VSCode/ros2_ws/install/control_system/lib/python3.12/site-packages/control_system/perception_control_node.py to perception_control_node.cpython-312.pyc
[1.286s] byte-compiling /home/andrewlh/VSCode/ros2_ws/install/control_system/lib/python3.12/site-packages/control_system/manual_control_node.py to manual_control_node.cpython-312.pyc
[1.288s] byte-compiling /home/andrewlh/VSCode/ros2_ws/install/control_system/lib/python3.12/site-packages/control_system/unified_control_node.py to unified_control_node.cpython-312.pyc
[1.289s] byte-compiling /home/andrewlh/VSCode/ros2_ws/install/control_system/lib/python3.12/site-packages/control_system/servo_interface_node.py to servo_interface_node.cpython-312.pyc
[1.290s] byte-compiling /home/andrewlh/VSCode/ros2_ws/install/control_system/lib/python3.12/site-packages/control_system/mode_manager_node.py to mode_manager_node.cpython-312.pyc
[1.291s] running install_data
[1.292s] creating /home/andrewlh/VSCode/ros2_ws/install/control_system/share
[1.292s] creating /home/andrewlh/VSCode/ros2_ws/install/control_system/share/ament_index
[1.292s] creating /home/andrewlh/VSCode/ros2_ws/install/control_system/share/ament_index/resource_index
[1.292s] creating /home/andrewlh/VSCode/ros2_ws/install/control_system/share/ament_index/resource_index/packages
[1.293s] copying resource/control_system -> /home/andrewlh/VSCode/ros2_ws/install/control_system/share/ament_index/resource_index/packages
[1.294s] creating /home/andrewlh/VSCode/ros2_ws/install/control_system/share/control_system
[1.294s] copying package.xml -> /home/andrewlh/VSCode/ros2_ws/install/control_system/share/control_system
[1.294s] running install_egg_info
[1.316s] Copying ../../build/control_system/control_system.egg-info to /home/andrewlh/VSCode/ros2_ws/install/control_system/lib/python3.12/site-packages/control_system-0.0.1-py3.12.egg-info
[1.317s] running install_scripts
[1.453s] Installing manual_control_node script to /home/andrewlh/VSCode/ros2_ws/install/control_system/lib/control_system
[1.453s] Installing mode_manager_node script to /home/andrewlh/VSCode/ros2_ws/install/control_system/lib/control_system
[1.454s] Installing perception_control_node script to /home/andrewlh/VSCode/ros2_ws/install/control_system/lib/control_system
[1.454s] Installing servo_interface_node script to /home/andrewlh/VSCode/ros2_ws/install/control_system/lib/control_system
[1.454s] Installing unified_control_node script to /home/andrewlh/VSCode/ros2_ws/install/control_system/lib/control_system
[1.454s] writing list of installed files to '/home/andrewlh/VSCode/ros2_ws/build/control_system/install.log'
[1.491s] Invoked command in '/home/andrewlh/VSCode/ros2_ws/src/control_system' returned '0': CONDA_PROMPT_MODIFIER=(base) DEBUGINFOD_URLS=https://debuginfod.ubuntu.com PYTHONPATH=/home/andrewlh/VSCode/ros2_ws/build/control_system/prefix_override:/usr/lib/python3/dist-packages/colcon_core/task/python/colcon_distutils_commands:/home/andrewlh/VSCode/ros2_ws/install/control_system/lib/python3.12/site-packages:${PYTHONPATH} /usr/bin/python3 -W ignore:setup.py install is deprecated -W ignore:easy_install command is deprecated setup.py egg_info --egg-base ../../build/control_system build --build-base /home/andrewlh/VSCode/ros2_ws/build/control_system/build install --record /home/andrewlh/VSCode/ros2_ws/build/control_system/install.log --single-version-externally-managed install_data
