[5.529s] Invoking command in '/home/andrewlh/VSCode/ros2_ws/build/control': CONDA_PROMPT_MODIFIER=(base) DEBUGINFOD_URLS=https://debuginfod.ubuntu.com PYTHONPATH=/home/andrewlh/VSCode/ros2_ws/build/control/prefix_override:/usr/lib/python3/dist-packages/colcon_core/task/python/colcon_distutils_commands:/home/andrewlh/VSCode/ros2_ws/install/control/lib/python3.12/site-packages:${PYTHONPATH} /usr/bin/python3 -W ignore:setup.py install is deprecated -W ignore:easy_install command is deprecated setup.py develop --editable --build-directory /home/andrewlh/VSCode/ros2_ws/build/control/build --no-deps symlink_data --force
[7.655s] running develop
[7.672s] running egg_info
[7.773s] writing control.egg-info/PKG-INFO
[7.775s] writing dependency_links to control.egg-info/dependency_links.txt
[7.775s] writing entry points to control.egg-info/entry_points.txt
[7.775s] writing requirements to control.egg-info/requires.txt
[7.782s] writing top-level names to control.egg-info/top_level.txt
[7.972s] reading manifest file 'control.egg-info/SOURCES.txt'
[7.973s] writing manifest file 'control.egg-info/SOURCES.txt'
[8.074s] running build_ext
[8.075s] Creating /home/andrewlh/VSCode/ros2_ws/install/control/lib/python3.12/site-packages/control.egg-link (link to .)
[8.081s] Installing motion_planner_node script to /home/andrewlh/VSCode/ros2_ws/install/control/bin
[8.082s] Installing pose_to_command_node script to /home/andrewlh/VSCode/ros2_ws/install/control/bin
[8.082s] Installing teleop_node script to /home/andrewlh/VSCode/ros2_ws/install/control/bin
[8.082s] Installing trajectory_executor_node script to /home/andrewlh/VSCode/ros2_ws/install/control/bin
[8.082s] 
[8.082s] Installed /home/andrewlh/VSCode/ros2_ws/build/control
[8.087s] running symlink_data
[8.087s] symbolically linking /home/andrewlh/VSCode/ros2_ws/build/control/resource/control -> /home/andrewlh/VSCode/ros2_ws/install/control/share/ament_index/resource_index/packages
[8.088s] symbolically linking /home/andrewlh/VSCode/ros2_ws/build/control/package.xml -> /home/andrewlh/VSCode/ros2_ws/install/control/share/control
[8.274s] Invoked command in '/home/andrewlh/VSCode/ros2_ws/build/control' returned '0': CONDA_PROMPT_MODIFIER=(base) DEBUGINFOD_URLS=https://debuginfod.ubuntu.com PYTHONPATH=/home/andrewlh/VSCode/ros2_ws/build/control/prefix_override:/usr/lib/python3/dist-packages/colcon_core/task/python/colcon_distutils_commands:/home/andrewlh/VSCode/ros2_ws/install/control/lib/python3.12/site-packages:${PYTHONPATH} /usr/bin/python3 -W ignore:setup.py install is deprecated -W ignore:easy_install command is deprecated setup.py develop --editable --build-directory /home/andrewlh/VSCode/ros2_ws/build/control/build --no-deps symlink_data --force
