[0.000000] (-) TimerEvent: {}
[0.000178] (camera_interface) JobQueued: {'identifier': 'camera_interface', 'dependencies': OrderedDict()}
[0.000210] (control) JobQueued: {'identifier': 'control', 'dependencies': OrderedDict()}
[0.000251] (cr3_interface) JobQueued: {'identifier': 'cr3_interface', 'dependencies': OrderedDict()}
[0.000295] (diagnostics) JobQueued: {'identifier': 'diagnostics', 'dependencies': OrderedDict()}
[0.000310] (integration_tests) JobQueued: {'identifier': 'integration_tests', 'dependencies': OrderedDict()}
[0.000349] (perception) JobQueued: {'identifier': 'perception', 'dependencies': OrderedDict()}
[0.000381] (servo_control) JobQueued: {'identifier': 'servo_control', 'dependencies': OrderedDict()}
[0.000418] (sim_interface) JobQueued: {'identifier': 'sim_interface', 'dependencies': OrderedDict()}
[0.000452] (ui) JobQueued: {'identifier': 'ui', 'dependencies': OrderedDict()}
[0.000483] (camera_interface) JobStarted: {'identifier': 'camera_interface'}
[0.010481] (control) JobStarted: {'identifier': 'control'}
[0.016257] (cr3_interface) JobStarted: {'identifier': 'cr3_interface'}
[0.024398] (diagnostics) JobStarted: {'identifier': 'diagnostics'}
[0.029888] (integration_tests) JobStarted: {'identifier': 'integration_tests'}
[0.037455] (perception) JobStarted: {'identifier': 'perception'}
[0.043750] (servo_control) JobStarted: {'identifier': 'servo_control'}
[0.048593] (sim_interface) JobStarted: {'identifier': 'sim_interface'}
[0.098741] (-) TimerEvent: {}
[0.199377] (-) TimerEvent: {}
[0.300439] (-) TimerEvent: {}
[0.401233] (-) TimerEvent: {}
[0.501742] (-) TimerEvent: {}
[0.603981] (-) TimerEvent: {}
[0.705834] (-) TimerEvent: {}
[0.807870] (-) TimerEvent: {}
[0.908998] (-) TimerEvent: {}
[1.009597] (-) TimerEvent: {}
[1.110908] (-) TimerEvent: {}
[1.211850] (-) TimerEvent: {}
[1.312687] (-) TimerEvent: {}
[1.413455] (-) TimerEvent: {}
[1.514276] (-) TimerEvent: {}
[1.614759] (-) TimerEvent: {}
[1.674111] (servo_control) JobEnded: {'identifier': 'servo_control', 'rc': 0}
[1.676134] (camera_interface) JobEnded: {'identifier': 'camera_interface', 'rc': 'SIGINT'}
[1.677492] (control) JobEnded: {'identifier': 'control', 'rc': 'SIGINT'}
[1.677968] (cr3_interface) JobEnded: {'identifier': 'cr3_interface', 'rc': 'SIGINT'}
[1.678304] (diagnostics) JobEnded: {'identifier': 'diagnostics', 'rc': 'SIGINT'}
[1.678658] (integration_tests) JobEnded: {'identifier': 'integration_tests', 'rc': 'SIGINT'}
[1.679012] (perception) JobEnded: {'identifier': 'perception', 'rc': 'SIGINT'}
[1.679393] (sim_interface) JobEnded: {'identifier': 'sim_interface', 'rc': 'SIGINT'}
[1.687846] (ui) JobSkipped: {'identifier': 'ui'}
[1.687927] (-) EventReactorShutdown: {}
