[-2.159s] DEBUG:colcon:Command line arguments: ['/usr/bin/colcon', 'build', '--packages-select', 'control_system']
[-2.159s] DEBUG:colcon:Parsed command line arguments: Namespace(log_base=None, log_level=None, verb_name='build', build_base='build', install_base='install', merge_install=False, symlink_install=False, test_result_base=None, continue_on_error=False, executor='parallel', parallel_workers=8, event_handlers=None, ignore_user_meta=False, metas=['./colcon.meta'], base_paths=['.'], packages_ignore=None, packages_ignore_regex=None, paths=None, packages_up_to=None, packages_up_to_regex=None, packages_above=None, packages_above_and_dependencies=None, packages_above_depth=None, packages_select_by_dep=None, packages_skip_by_dep=None, packages_skip_up_to=None, packages_select_build_failed=False, packages_skip_build_finished=False, packages_select_test_failures=False, packages_skip_test_passed=False, packages_select=['control_system'], packages_skip=None, packages_select_regex=None, packages_skip_regex=None, packages_start=None, packages_end=None, allow_overriding=[], cmake_args=None, cmake_target=None, cmake_target_skip_unavailable=False, cmake_clean_cache=False, cmake_clean_first=False, cmake_force_configure=False, ament_cmake_args=None, catkin_cmake_args=None, catkin_skip_building_tests=False, mixin_files=None, mixin=None, verb_parser=<colcon_mixin.mixin.mixin_argument.MixinArgumentDecorator object at 0x7bfa42591070>, verb_extension=<colcon_core.verb.build.BuildVerb object at 0x7bfa42590b90>, main=<bound method BuildVerb.main of <colcon_core.verb.build.BuildVerb object at 0x7bfa42590b90>>, mixin_verb=('build',))
[-2.100s] Level 1:colcon.colcon_core.package_discovery:discover_packages(colcon_meta) check parameters
[-2.100s] Level 1:colcon.colcon_core.package_discovery:discover_packages(recursive) check parameters
[-2.100s] Level 1:colcon.colcon_core.package_discovery:discover_packages(ignore) check parameters
[-2.099s] Level 1:colcon.colcon_core.package_discovery:discover_packages(path) check parameters
[-2.099s] Level 1:colcon.colcon_core.package_discovery:discover_packages(colcon_meta) discover
[-2.099s] Level 1:colcon.colcon_core.package_discovery:discover_packages(recursive) discover
[-2.099s] INFO:colcon.colcon_core.package_discovery:Crawling recursively for packages in '/home/andrewlh/VSCode/ros2_ws'
[-2.099s] Level 1:colcon.colcon_core.package_identification:_identify(.) by extensions ['ignore', 'ignore_ament_install']
[-2.099s] Level 1:colcon.colcon_core.package_identification:_identify(.) by extension 'ignore'
[-2.099s] Level 1:colcon.colcon_core.package_identification:_identify(.) by extension 'ignore_ament_install'
[-2.099s] Level 1:colcon.colcon_core.package_identification:_identify(.) by extensions ['colcon_pkg']
[-2.099s] Level 1:colcon.colcon_core.package_identification:_identify(.) by extension 'colcon_pkg'
[-2.099s] Level 1:colcon.colcon_core.package_identification:_identify(.) by extensions ['colcon_meta']
[-2.099s] Level 1:colcon.colcon_core.package_identification:_identify(.) by extension 'colcon_meta'
[-2.099s] Level 1:colcon.colcon_core.package_identification:_identify(.) by extensions ['ros']
[-2.099s] Level 1:colcon.colcon_core.package_identification:_identify(.) by extension 'ros'
[-2.067s] Level 1:colcon.colcon_core.package_identification:_identify(.) by extensions ['cmake', 'python']
[-2.067s] Level 1:colcon.colcon_core.package_identification:_identify(.) by extension 'cmake'
[-2.067s] Level 1:colcon.colcon_core.package_identification:_identify(.) by extension 'python'
[-2.067s] Level 1:colcon.colcon_core.package_identification:_identify(.) by extensions ['python_setup_py']
[-2.067s] Level 1:colcon.colcon_core.package_identification:_identify(.) by extension 'python_setup_py'
[-2.067s] Level 1:colcon.colcon_core.package_identification:_identify(build) by extensions ['ignore', 'ignore_ament_install']
[-2.067s] Level 1:colcon.colcon_core.package_identification:_identify(build) by extension 'ignore'
[-2.067s] Level 1:colcon.colcon_core.package_identification:_identify(build) ignored
[-2.067s] Level 1:colcon.colcon_core.package_identification:_identify(documentation) by extensions ['ignore', 'ignore_ament_install']
[-2.066s] Level 1:colcon.colcon_core.package_identification:_identify(documentation) by extension 'ignore'
[-2.066s] Level 1:colcon.colcon_core.package_identification:_identify(documentation) by extension 'ignore_ament_install'
[-2.066s] Level 1:colcon.colcon_core.package_identification:_identify(documentation) by extensions ['colcon_pkg']
[-2.066s] Level 1:colcon.colcon_core.package_identification:_identify(documentation) by extension 'colcon_pkg'
[-2.066s] Level 1:colcon.colcon_core.package_identification:_identify(documentation) by extensions ['colcon_meta']
[-2.066s] Level 1:colcon.colcon_core.package_identification:_identify(documentation) by extension 'colcon_meta'
[-2.066s] Level 1:colcon.colcon_core.package_identification:_identify(documentation) by extensions ['ros']
[-2.066s] Level 1:colcon.colcon_core.package_identification:_identify(documentation) by extension 'ros'
[-2.066s] Level 1:colcon.colcon_core.package_identification:_identify(documentation) by extensions ['cmake', 'python']
[-2.066s] Level 1:colcon.colcon_core.package_identification:_identify(documentation) by extension 'cmake'
[-2.066s] Level 1:colcon.colcon_core.package_identification:_identify(documentation) by extension 'python'
[-2.066s] Level 1:colcon.colcon_core.package_identification:_identify(documentation) by extensions ['python_setup_py']
[-2.066s] Level 1:colcon.colcon_core.package_identification:_identify(documentation) by extension 'python_setup_py'
[-2.066s] Level 1:colcon.colcon_core.package_identification:_identify(install) by extensions ['ignore', 'ignore_ament_install']
[-2.066s] Level 1:colcon.colcon_core.package_identification:_identify(install) by extension 'ignore'
[-2.066s] Level 1:colcon.colcon_core.package_identification:_identify(install) ignored
[-2.065s] Level 1:colcon.colcon_core.package_identification:_identify(log) by extensions ['ignore', 'ignore_ament_install']
[-2.065s] Level 1:colcon.colcon_core.package_identification:_identify(log) by extension 'ignore'
[-2.065s] Level 1:colcon.colcon_core.package_identification:_identify(log) ignored
[-2.065s] Level 1:colcon.colcon_core.package_identification:_identify(src) by extensions ['ignore', 'ignore_ament_install']
[-2.065s] Level 1:colcon.colcon_core.package_identification:_identify(src) by extension 'ignore'
[-2.065s] Level 1:colcon.colcon_core.package_identification:_identify(src) by extension 'ignore_ament_install'
[-2.065s] Level 1:colcon.colcon_core.package_identification:_identify(src) by extensions ['colcon_pkg']
[-2.065s] Level 1:colcon.colcon_core.package_identification:_identify(src) by extension 'colcon_pkg'
[-2.065s] Level 1:colcon.colcon_core.package_identification:_identify(src) by extensions ['colcon_meta']
[-2.065s] Level 1:colcon.colcon_core.package_identification:_identify(src) by extension 'colcon_meta'
[-2.065s] Level 1:colcon.colcon_core.package_identification:_identify(src) by extensions ['ros']
[-2.065s] Level 1:colcon.colcon_core.package_identification:_identify(src) by extension 'ros'
[-2.064s] Level 1:colcon.colcon_core.package_identification:_identify(src) by extensions ['cmake', 'python']
[-2.064s] Level 1:colcon.colcon_core.package_identification:_identify(src) by extension 'cmake'
[-2.064s] Level 1:colcon.colcon_core.package_identification:_identify(src) by extension 'python'
[-2.064s] Level 1:colcon.colcon_core.package_identification:_identify(src) by extensions ['python_setup_py']
[-2.064s] Level 1:colcon.colcon_core.package_identification:_identify(src) by extension 'python_setup_py'
[-2.064s] Level 1:colcon.colcon_core.package_identification:_identify(src/camera_interface) by extensions ['ignore', 'ignore_ament_install']
[-2.064s] Level 1:colcon.colcon_core.package_identification:_identify(src/camera_interface) by extension 'ignore'
[-2.064s] Level 1:colcon.colcon_core.package_identification:_identify(src/camera_interface) by extension 'ignore_ament_install'
[-2.064s] Level 1:colcon.colcon_core.package_identification:_identify(src/camera_interface) by extensions ['colcon_pkg']
[-2.064s] Level 1:colcon.colcon_core.package_identification:_identify(src/camera_interface) by extension 'colcon_pkg'
[-2.064s] Level 1:colcon.colcon_core.package_identification:_identify(src/camera_interface) by extensions ['colcon_meta']
[-2.064s] Level 1:colcon.colcon_core.package_identification:_identify(src/camera_interface) by extension 'colcon_meta'
[-2.064s] Level 1:colcon.colcon_core.package_identification:_identify(src/camera_interface) by extensions ['ros']
[-2.064s] Level 1:colcon.colcon_core.package_identification:_identify(src/camera_interface) by extension 'ros'
[-2.058s] DEBUG:colcon.colcon_core.package_identification:Package 'src/camera_interface' with type 'ros.ament_python' and name 'camera_interface'
[-2.058s] Level 1:colcon.colcon_core.package_identification:_identify(src/control) by extensions ['ignore', 'ignore_ament_install']
[-2.057s] Level 1:colcon.colcon_core.package_identification:_identify(src/control) by extension 'ignore'
[-2.057s] Level 1:colcon.colcon_core.package_identification:_identify(src/control) by extension 'ignore_ament_install'
[-2.057s] Level 1:colcon.colcon_core.package_identification:_identify(src/control) by extensions ['colcon_pkg']
[-2.057s] Level 1:colcon.colcon_core.package_identification:_identify(src/control) by extension 'colcon_pkg'
[-2.057s] Level 1:colcon.colcon_core.package_identification:_identify(src/control) by extensions ['colcon_meta']
[-2.057s] Level 1:colcon.colcon_core.package_identification:_identify(src/control) by extension 'colcon_meta'
[-2.057s] Level 1:colcon.colcon_core.package_identification:_identify(src/control) by extensions ['ros']
[-2.057s] Level 1:colcon.colcon_core.package_identification:_identify(src/control) by extension 'ros'
[-2.056s] DEBUG:colcon.colcon_core.package_identification:Package 'src/control' with type 'ros.ament_python' and name 'control'
[-2.056s] Level 1:colcon.colcon_core.package_identification:_identify(src/control_system) by extensions ['ignore', 'ignore_ament_install']
[-2.055s] Level 1:colcon.colcon_core.package_identification:_identify(src/control_system) by extension 'ignore'
[-2.055s] Level 1:colcon.colcon_core.package_identification:_identify(src/control_system) by extension 'ignore_ament_install'
[-2.055s] Level 1:colcon.colcon_core.package_identification:_identify(src/control_system) by extensions ['colcon_pkg']
[-2.055s] Level 1:colcon.colcon_core.package_identification:_identify(src/control_system) by extension 'colcon_pkg'
[-2.055s] Level 1:colcon.colcon_core.package_identification:_identify(src/control_system) by extensions ['colcon_meta']
[-2.055s] Level 1:colcon.colcon_core.package_identification:_identify(src/control_system) by extension 'colcon_meta'
[-2.055s] Level 1:colcon.colcon_core.package_identification:_identify(src/control_system) by extensions ['ros']
[-2.055s] Level 1:colcon.colcon_core.package_identification:_identify(src/control_system) by extension 'ros'
[-2.055s] DEBUG:colcon.colcon_core.package_identification:Failed to parse potential ROS package manifest in'src/control_system': Error(s) in package 'src/control_system/package.xml':
The manifest contains invalid XML:
no element found: line 1, column 0
[-2.055s] Level 1:colcon.colcon_core.package_identification:_identify(src/control_system) by extensions ['cmake', 'python']
[-2.054s] Level 1:colcon.colcon_core.package_identification:_identify(src/control_system) by extension 'cmake'
[-2.054s] Level 1:colcon.colcon_core.package_identification:_identify(src/control_system) by extension 'python'
[-2.054s] DEBUG:colcon.colcon_core.package_identification:Python package in 'src/control_system' passes arguments to the setup() function which requires a different identification extension than 'python'
[-2.054s] Level 1:colcon.colcon_core.package_identification:_identify(src/control_system) by extensions ['python_setup_py']
[-2.054s] Level 1:colcon.colcon_core.package_identification:_identify(src/control_system) by extension 'python_setup_py'
[-1.786s] DEBUG:colcon.colcon_core.package_identification:Package 'src/control_system' with type 'python' and name 'control_system'
[-1.786s] Level 1:colcon.colcon_core.package_identification:_identify(src/cr3_interface) by extensions ['ignore', 'ignore_ament_install']
[-1.786s] Level 1:colcon.colcon_core.package_identification:_identify(src/cr3_interface) by extension 'ignore'
[-1.786s] Level 1:colcon.colcon_core.package_identification:_identify(src/cr3_interface) by extension 'ignore_ament_install'
[-1.786s] Level 1:colcon.colcon_core.package_identification:_identify(src/cr3_interface) by extensions ['colcon_pkg']
[-1.786s] Level 1:colcon.colcon_core.package_identification:_identify(src/cr3_interface) by extension 'colcon_pkg'
[-1.786s] Level 1:colcon.colcon_core.package_identification:_identify(src/cr3_interface) by extensions ['colcon_meta']
[-1.785s] Level 1:colcon.colcon_core.package_identification:_identify(src/cr3_interface) by extension 'colcon_meta'
[-1.785s] Level 1:colcon.colcon_core.package_identification:_identify(src/cr3_interface) by extensions ['ros']
[-1.785s] Level 1:colcon.colcon_core.package_identification:_identify(src/cr3_interface) by extension 'ros'
[-1.784s] DEBUG:colcon.colcon_core.package_identification:Package 'src/cr3_interface' with type 'ros.ament_python' and name 'cr3_interface'
[-1.784s] Level 1:colcon.colcon_core.package_identification:_identify(src/diagnostics) by extensions ['ignore', 'ignore_ament_install']
[-1.784s] Level 1:colcon.colcon_core.package_identification:_identify(src/diagnostics) by extension 'ignore'
[-1.784s] Level 1:colcon.colcon_core.package_identification:_identify(src/diagnostics) by extension 'ignore_ament_install'
[-1.784s] Level 1:colcon.colcon_core.package_identification:_identify(src/diagnostics) by extensions ['colcon_pkg']
[-1.784s] Level 1:colcon.colcon_core.package_identification:_identify(src/diagnostics) by extension 'colcon_pkg'
[-1.784s] Level 1:colcon.colcon_core.package_identification:_identify(src/diagnostics) by extensions ['colcon_meta']
[-1.784s] Level 1:colcon.colcon_core.package_identification:_identify(src/diagnostics) by extension 'colcon_meta'
[-1.784s] Level 1:colcon.colcon_core.package_identification:_identify(src/diagnostics) by extensions ['ros']
[-1.784s] Level 1:colcon.colcon_core.package_identification:_identify(src/diagnostics) by extension 'ros'
[-1.783s] DEBUG:colcon.colcon_core.package_identification:Package 'src/diagnostics' with type 'ros.ament_python' and name 'diagnostics'
[-1.783s] Level 1:colcon.colcon_core.package_identification:_identify(src/perception) by extensions ['ignore', 'ignore_ament_install']
[-1.783s] Level 1:colcon.colcon_core.package_identification:_identify(src/perception) by extension 'ignore'
[-1.783s] Level 1:colcon.colcon_core.package_identification:_identify(src/perception) by extension 'ignore_ament_install'
[-1.783s] Level 1:colcon.colcon_core.package_identification:_identify(src/perception) by extensions ['colcon_pkg']
[-1.783s] Level 1:colcon.colcon_core.package_identification:_identify(src/perception) by extension 'colcon_pkg'
[-1.782s] Level 1:colcon.colcon_core.package_identification:_identify(src/perception) by extensions ['colcon_meta']
[-1.782s] Level 1:colcon.colcon_core.package_identification:_identify(src/perception) by extension 'colcon_meta'
[-1.782s] Level 1:colcon.colcon_core.package_identification:_identify(src/perception) by extensions ['ros']
[-1.782s] Level 1:colcon.colcon_core.package_identification:_identify(src/perception) by extension 'ros'
[-1.782s] DEBUG:colcon.colcon_core.package_identification:Package 'src/perception' with type 'ros.ament_python' and name 'perception'
[-1.781s] Level 1:colcon.colcon_core.package_identification:_identify(src/servo_control) by extensions ['ignore', 'ignore_ament_install']
[-1.781s] Level 1:colcon.colcon_core.package_identification:_identify(src/servo_control) by extension 'ignore'
[-1.781s] Level 1:colcon.colcon_core.package_identification:_identify(src/servo_control) by extension 'ignore_ament_install'
[-1.781s] Level 1:colcon.colcon_core.package_identification:_identify(src/servo_control) by extensions ['colcon_pkg']
[-1.781s] Level 1:colcon.colcon_core.package_identification:_identify(src/servo_control) by extension 'colcon_pkg'
[-1.781s] Level 1:colcon.colcon_core.package_identification:_identify(src/servo_control) by extensions ['colcon_meta']
[-1.781s] Level 1:colcon.colcon_core.package_identification:_identify(src/servo_control) by extension 'colcon_meta'
[-1.781s] Level 1:colcon.colcon_core.package_identification:_identify(src/servo_control) by extensions ['ros']
[-1.781s] Level 1:colcon.colcon_core.package_identification:_identify(src/servo_control) by extension 'ros'
[-1.780s] DEBUG:colcon.colcon_core.package_identification:Package 'src/servo_control' with type 'ros.ament_python' and name 'servo_control'
[-1.780s] Level 1:colcon.colcon_core.package_identification:_identify(src/sim_interface) by extensions ['ignore', 'ignore_ament_install']
[-1.780s] Level 1:colcon.colcon_core.package_identification:_identify(src/sim_interface) by extension 'ignore'
[-1.780s] Level 1:colcon.colcon_core.package_identification:_identify(src/sim_interface) by extension 'ignore_ament_install'
[-1.780s] Level 1:colcon.colcon_core.package_identification:_identify(src/sim_interface) by extensions ['colcon_pkg']
[-1.780s] Level 1:colcon.colcon_core.package_identification:_identify(src/sim_interface) by extension 'colcon_pkg'
[-1.780s] Level 1:colcon.colcon_core.package_identification:_identify(src/sim_interface) by extensions ['colcon_meta']
[-1.780s] Level 1:colcon.colcon_core.package_identification:_identify(src/sim_interface) by extension 'colcon_meta'
[-1.780s] Level 1:colcon.colcon_core.package_identification:_identify(src/sim_interface) by extensions ['ros']
[-1.780s] Level 1:colcon.colcon_core.package_identification:_identify(src/sim_interface) by extension 'ros'
[-1.779s] DEBUG:colcon.colcon_core.package_identification:Package 'src/sim_interface' with type 'ros.ament_python' and name 'sim_interface'
[-1.779s] Level 1:colcon.colcon_core.package_identification:_identify(src/ui) by extensions ['ignore', 'ignore_ament_install']
[-1.779s] Level 1:colcon.colcon_core.package_identification:_identify(src/ui) by extension 'ignore'
[-1.779s] Level 1:colcon.colcon_core.package_identification:_identify(src/ui) by extension 'ignore_ament_install'
[-1.779s] Level 1:colcon.colcon_core.package_identification:_identify(src/ui) by extensions ['colcon_pkg']
[-1.779s] Level 1:colcon.colcon_core.package_identification:_identify(src/ui) by extension 'colcon_pkg'
[-1.779s] Level 1:colcon.colcon_core.package_identification:_identify(src/ui) by extensions ['colcon_meta']
[-1.779s] Level 1:colcon.colcon_core.package_identification:_identify(src/ui) by extension 'colcon_meta'
[-1.779s] Level 1:colcon.colcon_core.package_identification:_identify(src/ui) by extensions ['ros']
[-1.779s] Level 1:colcon.colcon_core.package_identification:_identify(src/ui) by extension 'ros'
[-1.778s] DEBUG:colcon.colcon_core.package_identification:Package 'src/ui' with type 'ros.ament_python' and name 'ui'
[-1.778s] Level 1:colcon.colcon_core.package_discovery:discover_packages(recursive) using defaults
[-1.778s] Level 1:colcon.colcon_core.package_discovery:discover_packages(ignore) discover
[-1.778s] Level 1:colcon.colcon_core.package_discovery:discover_packages(ignore) using defaults
[-1.778s] Level 1:colcon.colcon_core.package_discovery:discover_packages(path) discover
[-1.778s] Level 1:colcon.colcon_core.package_discovery:discover_packages(path) using defaults
[-1.755s] INFO:colcon.colcon_core.package_selection:Skipping not selected package 'camera_interface' in 'src/camera_interface'
[-1.755s] INFO:colcon.colcon_core.package_selection:Skipping not selected package 'control' in 'src/control'
[-1.755s] INFO:colcon.colcon_core.package_selection:Skipping not selected package 'cr3_interface' in 'src/cr3_interface'
[-1.755s] INFO:colcon.colcon_core.package_selection:Skipping not selected package 'diagnostics' in 'src/diagnostics'
[-1.755s] INFO:colcon.colcon_core.package_selection:Skipping not selected package 'perception' in 'src/perception'
[-1.755s] INFO:colcon.colcon_core.package_selection:Skipping not selected package 'servo_control' in 'src/servo_control'
[-1.755s] INFO:colcon.colcon_core.package_selection:Skipping not selected package 'sim_interface' in 'src/sim_interface'
[-1.755s] INFO:colcon.colcon_core.package_selection:Skipping not selected package 'ui' in 'src/ui'
[-1.754s] Level 1:colcon.colcon_core.package_discovery:discover_packages(prefix_path) check parameters
[-1.754s] Level 1:colcon.colcon_core.package_discovery:discover_packages(prefix_path) discover
[-1.750s] DEBUG:colcon.colcon_installed_package_information.package_discovery:Found 9 installed packages in /home/andrewlh/VSCode/ros2_ws/install
[-1.749s] DEBUG:colcon.colcon_installed_package_information.package_discovery:Found 318 installed packages in /opt/ros/jazzy
[-1.748s] Level 1:colcon.colcon_core.package_discovery:discover_packages(prefix_path) using defaults
[-1.703s] Level 5:colcon.colcon_core.verb:set package 'control_system' build argument 'cmake_args' from command line to 'None'
[-1.702s] Level 5:colcon.colcon_core.verb:set package 'control_system' build argument 'cmake_target' from command line to 'None'
[-1.702s] Level 5:colcon.colcon_core.verb:set package 'control_system' build argument 'cmake_target_skip_unavailable' from command line to 'False'
[-1.702s] Level 5:colcon.colcon_core.verb:set package 'control_system' build argument 'cmake_clean_cache' from command line to 'False'
[-1.702s] Level 5:colcon.colcon_core.verb:set package 'control_system' build argument 'cmake_clean_first' from command line to 'False'
[-1.702s] Level 5:colcon.colcon_core.verb:set package 'control_system' build argument 'cmake_force_configure' from command line to 'False'
[-1.702s] Level 5:colcon.colcon_core.verb:set package 'control_system' build argument 'ament_cmake_args' from command line to 'None'
[-1.702s] Level 5:colcon.colcon_core.verb:set package 'control_system' build argument 'catkin_cmake_args' from command line to 'None'
[-1.702s] Level 5:colcon.colcon_core.verb:set package 'control_system' build argument 'catkin_skip_building_tests' from command line to 'False'
[-1.702s] DEBUG:colcon.colcon_core.verb:Building package 'control_system' with the following arguments: {'ament_cmake_args': None, 'build_base': '/home/andrewlh/VSCode/ros2_ws/build/control_system', 'catkin_cmake_args': None, 'catkin_skip_building_tests': False, 'cmake_args': None, 'cmake_clean_cache': False, 'cmake_clean_first': False, 'cmake_force_configure': False, 'cmake_target': None, 'cmake_target_skip_unavailable': False, 'install_base': '/home/andrewlh/VSCode/ros2_ws/install/control_system', 'merge_install': False, 'path': '/home/andrewlh/VSCode/ros2_ws/src/control_system', 'symlink_install': False, 'test_result_base': None}
[-1.702s] INFO:colcon.colcon_core.executor:Executing jobs using 'parallel' executor
[-1.700s] DEBUG:colcon.colcon_parallel_executor.executor.parallel:run_until_complete
[-1.700s] INFO:colcon.colcon_core.task.python.build:Building Python package in '/home/andrewlh/VSCode/ros2_ws/src/control_system'
[-1.692s] INFO:colcon.colcon_core.plugin_system:Skipping extension 'colcon_core.shell.bat': Not used on non-Windows systems
[-1.692s] INFO:colcon.colcon_core.shell:Skip shell extension 'powershell' for command environment: Not usable outside of PowerShell
[-1.692s] DEBUG:colcon.colcon_core.shell:Skip shell extension 'dsv' for command environment
[-0.700s] DEBUG:colcon.colcon_core.event_handler.log_command:Invoking command in '/home/andrewlh/VSCode/ros2_ws/src/control_system': CONDA_PROMPT_MODIFIER=(base) DEBUGINFOD_URLS=https://debuginfod.ubuntu.com PYTHONPATH=/home/andrewlh/VSCode/ros2_ws/build/control_system/prefix_override:/usr/lib/python3/dist-packages/colcon_core/task/python/colcon_distutils_commands:/home/andrewlh/VSCode/ros2_ws/install/control_system/lib/python3.12/site-packages:${PYTHONPATH} /usr/bin/python3 -W ignore:setup.py install is deprecated -W ignore:easy_install command is deprecated setup.py egg_info --egg-base ../../build/control_system build --build-base /home/andrewlh/VSCode/ros2_ws/build/control_system/build install --record /home/andrewlh/VSCode/ros2_ws/build/control_system/install.log --single-version-externally-managed install_data
[-0.001s] DEBUG:colcon.colcon_core.event_handler.log_command:Invoked command in '/home/andrewlh/VSCode/ros2_ws/src/control_system' returned '0': CONDA_PROMPT_MODIFIER=(base) DEBUGINFOD_URLS=https://debuginfod.ubuntu.com PYTHONPATH=/home/andrewlh/VSCode/ros2_ws/build/control_system/prefix_override:/usr/lib/python3/dist-packages/colcon_core/task/python/colcon_distutils_commands:/home/andrewlh/VSCode/ros2_ws/install/control_system/lib/python3.12/site-packages:${PYTHONPATH} /usr/bin/python3 -W ignore:setup.py install is deprecated -W ignore:easy_install command is deprecated setup.py egg_info --egg-base ../../build/control_system build --build-base /home/andrewlh/VSCode/ros2_ws/build/control_system/build install --record /home/andrewlh/VSCode/ros2_ws/build/control_system/install.log --single-version-externally-managed install_data
[0.009s] Level 1:colcon.colcon_core.environment:checking '/home/andrewlh/VSCode/ros2_ws/install/control_system' for CMake module files
[0.010s] Level 1:colcon.colcon_core.environment:checking '/home/andrewlh/VSCode/ros2_ws/install/control_system' for CMake config files
[0.011s] Level 1:colcon.colcon_core.environment:checking '/home/andrewlh/VSCode/ros2_ws/install/control_system/lib'
[0.011s] Level 1:colcon.colcon_core.environment:checking '/home/andrewlh/VSCode/ros2_ws/install/control_system/bin'
[0.011s] Level 1:colcon.colcon_core.environment:checking '/home/andrewlh/VSCode/ros2_ws/install/control_system/lib/pkgconfig/control_system.pc'
[0.012s] Level 1:colcon.colcon_core.environment:checking '/home/andrewlh/VSCode/ros2_ws/install/control_system/lib/python3.12/site-packages'
[0.012s] Level 1:colcon.colcon_core.shell:create_environment_hook('control_system', 'pythonpath')
[0.012s] INFO:colcon.colcon_core.shell:Creating environment hook '/home/andrewlh/VSCode/ros2_ws/install/control_system/share/control_system/hook/pythonpath.ps1'
[0.015s] INFO:colcon.colcon_core.shell:Creating environment descriptor '/home/andrewlh/VSCode/ros2_ws/install/control_system/share/control_system/hook/pythonpath.dsv'
[0.017s] INFO:colcon.colcon_core.shell:Creating environment hook '/home/andrewlh/VSCode/ros2_ws/install/control_system/share/control_system/hook/pythonpath.sh'
[0.019s] Level 1:colcon.colcon_core.environment:checking '/home/andrewlh/VSCode/ros2_ws/install/control_system/bin'
[0.019s] Level 1:colcon.colcon_core.environment:create_environment_scripts_only(control_system)
[0.020s] INFO:colcon.colcon_core.shell:Creating package script '/home/andrewlh/VSCode/ros2_ws/install/control_system/share/control_system/package.ps1'
[0.021s] INFO:colcon.colcon_core.shell:Creating package descriptor '/home/andrewlh/VSCode/ros2_ws/install/control_system/share/control_system/package.dsv'
[0.022s] INFO:colcon.colcon_core.shell:Creating package script '/home/andrewlh/VSCode/ros2_ws/install/control_system/share/control_system/package.sh'
[0.023s] INFO:colcon.colcon_core.shell:Creating package script '/home/andrewlh/VSCode/ros2_ws/install/control_system/share/control_system/package.bash'
[0.025s] INFO:colcon.colcon_core.shell:Creating package script '/home/andrewlh/VSCode/ros2_ws/install/control_system/share/control_system/package.zsh'
[0.026s] Level 1:colcon.colcon_core.environment:create_file_with_runtime_dependencies(/home/andrewlh/VSCode/ros2_ws/install/control_system/share/colcon-core/packages/control_system)
[0.026s] DEBUG:colcon.colcon_parallel_executor.executor.parallel:closing loop
[0.027s] DEBUG:colcon.colcon_parallel_executor.executor.parallel:loop closed
[0.028s] DEBUG:colcon.colcon_parallel_executor.executor.parallel:run_until_complete finished with '0'
[0.028s] DEBUG:colcon.colcon_core.event_reactor:joining thread
[0.042s] INFO:colcon.colcon_core.plugin_system:Skipping extension 'colcon_notification.desktop_notification.terminal_notifier': Not used on non-Darwin systems
[0.043s] INFO:colcon.colcon_core.plugin_system:Skipping extension 'colcon_notification.desktop_notification.win32': Not used on non-Windows systems
[0.043s] INFO:colcon.colcon_notification.desktop_notification:Sending desktop notification using 'notify2'
[0.053s] DEBUG:colcon.colcon_core.event_reactor:joined thread
[0.055s] INFO:colcon.colcon_core.shell:Creating prefix script '/home/andrewlh/VSCode/ros2_ws/install/local_setup.ps1'
[0.056s] INFO:colcon.colcon_core.shell:Creating prefix util module '/home/andrewlh/VSCode/ros2_ws/install/_local_setup_util_ps1.py'
[0.058s] INFO:colcon.colcon_core.shell:Creating prefix chain script '/home/andrewlh/VSCode/ros2_ws/install/setup.ps1'
[0.061s] INFO:colcon.colcon_core.shell:Creating prefix script '/home/andrewlh/VSCode/ros2_ws/install/local_setup.sh'
[0.062s] INFO:colcon.colcon_core.shell:Creating prefix util module '/home/andrewlh/VSCode/ros2_ws/install/_local_setup_util_sh.py'
[0.063s] INFO:colcon.colcon_core.shell:Creating prefix chain script '/home/andrewlh/VSCode/ros2_ws/install/setup.sh'
[0.065s] INFO:colcon.colcon_core.shell:Creating prefix script '/home/andrewlh/VSCode/ros2_ws/install/local_setup.bash'
[0.066s] INFO:colcon.colcon_core.shell:Creating prefix chain script '/home/andrewlh/VSCode/ros2_ws/install/setup.bash'
[0.070s] INFO:colcon.colcon_core.shell:Creating prefix script '/home/andrewlh/VSCode/ros2_ws/install/local_setup.zsh'
[0.074s] INFO:colcon.colcon_core.shell:Creating prefix chain script '/home/andrewlh/VSCode/ros2_ws/install/setup.zsh'
