/home/andrewlh/VSCode/ros2_ws/install/cr3_interface/lib/python3.12/site-packages/cr3_interface/__init__.py
/home/andrewlh/VSCode/ros2_ws/install/cr3_interface/lib/python3.12/site-packages/cr3_interface/tf_broadcaster_node.py
/home/andrewlh/VSCode/ros2_ws/install/cr3_interface/lib/python3.12/site-packages/cr3_interface/ip_to_ros_bridge_node.py
/home/andrewlh/VSCode/ros2_ws/install/cr3_interface/lib/python3.12/site-packages/cr3_interface/joint_state_publisher_node.py
/home/andrewlh/VSCode/ros2_ws/install/cr3_interface/lib/python3.12/site-packages/cr3_interface/hand_controller_node.py
/home/andrewlh/VSCode/ros2_ws/install/cr3_interface/lib/python3.12/site-packages/cr3_interface/cr3_controller_node.py
/home/andrewlh/VSCode/ros2_ws/install/cr3_interface/lib/python3.12/site-packages/cr3_interface/__pycache__/__init__.cpython-312.pyc
/home/andrewlh/VSCode/ros2_ws/install/cr3_interface/lib/python3.12/site-packages/cr3_interface/__pycache__/tf_broadcaster_node.cpython-312.pyc
/home/andrewlh/VSCode/ros2_ws/install/cr3_interface/lib/python3.12/site-packages/cr3_interface/__pycache__/ip_to_ros_bridge_node.cpython-312.pyc
/home/andrewlh/VSCode/ros2_ws/install/cr3_interface/lib/python3.12/site-packages/cr3_interface/__pycache__/joint_state_publisher_node.cpython-312.pyc
/home/andrewlh/VSCode/ros2_ws/install/cr3_interface/lib/python3.12/site-packages/cr3_interface/__pycache__/hand_controller_node.cpython-312.pyc
/home/andrewlh/VSCode/ros2_ws/install/cr3_interface/lib/python3.12/site-packages/cr3_interface/__pycache__/cr3_controller_node.cpython-312.pyc
/home/andrewlh/VSCode/ros2_ws/install/cr3_interface/share/ament_index/resource_index/packages/cr3_interface
/home/andrewlh/VSCode/ros2_ws/install/cr3_interface/share/cr3_interface/package.xml
/home/andrewlh/VSCode/ros2_ws/install/cr3_interface/lib/python3.12/site-packages/cr3_interface-0.1.0-py3.12.egg-info/entry_points.txt
/home/andrewlh/VSCode/ros2_ws/install/cr3_interface/lib/python3.12/site-packages/cr3_interface-0.1.0-py3.12.egg-info/PKG-INFO
/home/andrewlh/VSCode/ros2_ws/install/cr3_interface/lib/python3.12/site-packages/cr3_interface-0.1.0-py3.12.egg-info/zip-safe
/home/andrewlh/VSCode/ros2_ws/install/cr3_interface/lib/python3.12/site-packages/cr3_interface-0.1.0-py3.12.egg-info/top_level.txt
/home/andrewlh/VSCode/ros2_ws/install/cr3_interface/lib/python3.12/site-packages/cr3_interface-0.1.0-py3.12.egg-info/SOURCES.txt
/home/andrewlh/VSCode/ros2_ws/install/cr3_interface/lib/python3.12/site-packages/cr3_interface-0.1.0-py3.12.egg-info/dependency_links.txt
/home/andrewlh/VSCode/ros2_ws/install/cr3_interface/lib/python3.12/site-packages/cr3_interface-0.1.0-py3.12.egg-info/requires.txt
/home/andrewlh/VSCode/ros2_ws/install/cr3_interface/lib/cr3_interface/cr3_controller_node
/home/andrewlh/VSCode/ros2_ws/install/cr3_interface/lib/cr3_interface/hand_controller_node
/home/andrewlh/VSCode/ros2_ws/install/cr3_interface/lib/cr3_interface/joint_state_publisher_node
/home/andrewlh/VSCode/ros2_ws/install/cr3_interface/lib/cr3_interface/tf_broadcaster_node
