[3.917s] Invoking command in '/home/andrewlh/VSCode/ros2_ws/src/ui': CONDA_PROMPT_MODIFIER=(base) DEBUGINFOD_URLS=https://debuginfod.ubuntu.com PYTHONPATH=/home/andrewlh/VSCode/ros2_ws/build/ui/prefix_override:/usr/lib/python3/dist-packages/colcon_core/task/python/colcon_distutils_commands:/home/andrewlh/VSCode/ros2_ws/install/ui/lib/python3.12/site-packages:${PYTHONPATH} /usr/bin/python3 -W ignore:setup.py install is deprecated -W ignore:easy_install command is deprecated setup.py egg_info --egg-base ../../build/ui build --build-base /home/andrewlh/VSCode/ros2_ws/build/ui/build install --record /home/andrewlh/VSCode/ros2_ws/build/ui/install.log --single-version-externally-managed install_data
[4.632s] running egg_info
[4.632s] creating ../../build/ui/ui.egg-info
[4.682s] writing ../../build/ui/ui.egg-info/PKG-INFO
[4.686s] writing dependency_links to ../../build/ui/ui.egg-info/dependency_links.txt
[4.686s] writing entry points to ../../build/ui/ui.egg-info/entry_points.txt
[4.702s] writing requirements to ../../build/ui/ui.egg-info/requires.txt
[4.705s] writing top-level names to ../../build/ui/ui.egg-info/top_level.txt
[4.706s] writing manifest file '../../build/ui/ui.egg-info/SOURCES.txt'
[4.881s] reading manifest file '../../build/ui/ui.egg-info/SOURCES.txt'
[4.881s] writing manifest file '../../build/ui/ui.egg-info/SOURCES.txt'
[4.881s] running build
[4.881s] running build_py
[4.882s] creating /home/andrewlh/VSCode/ros2_ws/build/ui/build
[4.882s] creating /home/andrewlh/VSCode/ros2_ws/build/ui/build/lib
[4.882s] creating /home/andrewlh/VSCode/ros2_ws/build/ui/build/lib/ui
[4.883s] copying ui/__init__.py -> /home/andrewlh/VSCode/ros2_ws/build/ui/build/lib/ui
[4.883s] copying ui/ui_components.py -> /home/andrewlh/VSCode/ros2_ws/build/ui/build/lib/ui
[4.883s] copying ui/mode_switcher_node.py -> /home/andrewlh/VSCode/ros2_ws/build/ui/build/lib/ui
[4.883s] copying ui/mode_switcher_node_old.py -> /home/andrewlh/VSCode/ros2_ws/build/ui/build/lib/ui
[4.883s] copying ui/gazebo_visualizer.launch.py -> /home/andrewlh/VSCode/ros2_ws/build/ui/build/lib/ui
[4.884s] copying ui/ui_dashboard_node.py -> /home/andrewlh/VSCode/ros2_ws/build/ui/build/lib/ui
[4.884s] running install
[4.900s] running install_lib
[4.954s] creating /home/andrewlh/VSCode/ros2_ws/install/ui/lib/python3.12/site-packages/ui
[4.955s] copying /home/andrewlh/VSCode/ros2_ws/build/ui/build/lib/ui/__init__.py -> /home/andrewlh/VSCode/ros2_ws/install/ui/lib/python3.12/site-packages/ui
[4.955s] copying /home/andrewlh/VSCode/ros2_ws/build/ui/build/lib/ui/ui_components.py -> /home/andrewlh/VSCode/ros2_ws/install/ui/lib/python3.12/site-packages/ui
[4.958s] copying /home/andrewlh/VSCode/ros2_ws/build/ui/build/lib/ui/mode_switcher_node.py -> /home/andrewlh/VSCode/ros2_ws/install/ui/lib/python3.12/site-packages/ui
[4.958s] copying /home/andrewlh/VSCode/ros2_ws/build/ui/build/lib/ui/mode_switcher_node_old.py -> /home/andrewlh/VSCode/ros2_ws/install/ui/lib/python3.12/site-packages/ui
[4.958s] copying /home/andrewlh/VSCode/ros2_ws/build/ui/build/lib/ui/gazebo_visualizer.launch.py -> /home/andrewlh/VSCode/ros2_ws/install/ui/lib/python3.12/site-packages/ui
[4.958s] copying /home/andrewlh/VSCode/ros2_ws/build/ui/build/lib/ui/ui_dashboard_node.py -> /home/andrewlh/VSCode/ros2_ws/install/ui/lib/python3.12/site-packages/ui
[4.982s] byte-compiling /home/andrewlh/VSCode/ros2_ws/install/ui/lib/python3.12/site-packages/ui/__init__.py to __init__.cpython-312.pyc
[4.983s] byte-compiling /home/andrewlh/VSCode/ros2_ws/install/ui/lib/python3.12/site-packages/ui/ui_components.py to ui_components.cpython-312.pyc
[4.988s] byte-compiling /home/andrewlh/VSCode/ros2_ws/install/ui/lib/python3.12/site-packages/ui/mode_switcher_node.py to mode_switcher_node.cpython-312.pyc
[5.017s] byte-compiling /home/andrewlh/VSCode/ros2_ws/install/ui/lib/python3.12/site-packages/ui/mode_switcher_node_old.py to mode_switcher_node_old.cpython-312.pyc
[5.019s] byte-compiling /home/andrewlh/VSCode/ros2_ws/install/ui/lib/python3.12/site-packages/ui/gazebo_visualizer.launch.py to gazebo_visualizer.launch.cpython-312.pyc
[5.019s] byte-compiling /home/andrewlh/VSCode/ros2_ws/install/ui/lib/python3.12/site-packages/ui/ui_dashboard_node.py to ui_dashboard_node.cpython-312.pyc
[5.050s] running install_data
[5.050s] creating /home/andrewlh/VSCode/ros2_ws/install/ui/share/ament_index
[5.051s] creating /home/andrewlh/VSCode/ros2_ws/install/ui/share/ament_index/resource_index
[5.051s] creating /home/andrewlh/VSCode/ros2_ws/install/ui/share/ament_index/resource_index/packages
[5.052s] copying resource/ui -> /home/andrewlh/VSCode/ros2_ws/install/ui/share/ament_index/resource_index/packages
[5.053s] copying package.xml -> /home/andrewlh/VSCode/ros2_ws/install/ui/share/ui
[5.053s] running install_egg_info
[5.170s] Copying ../../build/ui/ui.egg-info to /home/andrewlh/VSCode/ros2_ws/install/ui/lib/python3.12/site-packages/ui-0.1.0-py3.12.egg-info
[5.180s] running install_scripts
[5.621s] Installing mode_switcher_node script to /home/andrewlh/VSCode/ros2_ws/install/ui/lib/ui
[5.623s] Installing ui_dashboard_node script to /home/andrewlh/VSCode/ros2_ws/install/ui/lib/ui
[5.623s] writing list of installed files to '/home/andrewlh/VSCode/ros2_ws/build/ui/install.log'
[5.718s] Invoked command in '/home/andrewlh/VSCode/ros2_ws/src/ui' returned '0': CONDA_PROMPT_MODIFIER=(base) DEBUGINFOD_URLS=https://debuginfod.ubuntu.com PYTHONPATH=/home/andrewlh/VSCode/ros2_ws/build/ui/prefix_override:/usr/lib/python3/dist-packages/colcon_core/task/python/colcon_distutils_commands:/home/andrewlh/VSCode/ros2_ws/install/ui/lib/python3.12/site-packages:${PYTHONPATH} /usr/bin/python3 -W ignore:setup.py install is deprecated -W ignore:easy_install command is deprecated setup.py egg_info --egg-base ../../build/ui build --build-base /home/andrewlh/VSCode/ros2_ws/build/ui/build install --record /home/andrewlh/VSCode/ros2_ws/build/ui/install.log --single-version-externally-managed install_data
