[6.916s] Invoking command in '/home/andrewlh/VSCode/ros2_ws/build/camera_interface': CONDA_PROMPT_MODIFIER=(base) DEBUGINFOD_URLS=https://debuginfod.ubuntu.com PYTHONPATH=/home/andrewlh/VSCode/ros2_ws/build/camera_interface/prefix_override:/usr/lib/python3/dist-packages/colcon_core/task/python/colcon_distutils_commands:/home/andrewlh/VSCode/ros2_ws/install/camera_interface/lib/python3.12/site-packages:${PYTHONPATH} /usr/bin/python3 -W ignore:setup.py install is deprecated -W ignore:easy_install command is deprecated setup.py develop --editable --build-directory /home/andrewlh/VSCode/ros2_ws/build/camera_interface/build --no-deps symlink_data
[8.244s] running develop
[9.109s] running egg_info
[9.109s] creating camera_interface.egg-info
[9.189s] writing camera_interface.egg-info/PKG-INFO
[9.189s] writing dependency_links to camera_interface.egg-info/dependency_links.txt
[9.189s] writing entry points to camera_interface.egg-info/entry_points.txt
[9.193s] writing requirements to camera_interface.egg-info/requires.txt
[9.193s] writing top-level names to camera_interface.egg-info/top_level.txt
[9.193s] writing manifest file 'camera_interface.egg-info/SOURCES.txt'
[9.375s] reading manifest file 'camera_interface.egg-info/SOURCES.txt'
[9.377s] writing manifest file 'camera_interface.egg-info/SOURCES.txt'
[9.506s] running build_ext
[9.506s] Creating /home/andrewlh/VSCode/ros2_ws/install/camera_interface/lib/python3.12/site-packages/camera-interface.egg-link (link to .)
[9.506s] Installing camera_info_node script to /home/andrewlh/VSCode/ros2_ws/install/camera_interface/bin
[9.506s] Installing camera_node script to /home/andrewlh/VSCode/ros2_ws/install/camera_interface/bin
[9.506s] 
[9.509s] Installed /home/andrewlh/VSCode/ros2_ws/build/camera_interface
[9.509s] running symlink_data
[9.509s] creating /home/andrewlh/VSCode/ros2_ws/install/camera_interface/share/ament_index
[9.509s] creating /home/andrewlh/VSCode/ros2_ws/install/camera_interface/share/ament_index/resource_index
[9.510s] creating /home/andrewlh/VSCode/ros2_ws/install/camera_interface/share/ament_index/resource_index/packages
[9.510s] symbolically linking /home/andrewlh/VSCode/ros2_ws/build/camera_interface/resource/camera_interface -> /home/andrewlh/VSCode/ros2_ws/install/camera_interface/share/ament_index/resource_index/packages
[9.510s] symbolically linking /home/andrewlh/VSCode/ros2_ws/build/camera_interface/package.xml -> /home/andrewlh/VSCode/ros2_ws/install/camera_interface/share/camera_interface
[9.895s] Invoked command in '/home/andrewlh/VSCode/ros2_ws/build/camera_interface' returned '0': CONDA_PROMPT_MODIFIER=(base) DEBUGINFOD_URLS=https://debuginfod.ubuntu.com PYTHONPATH=/home/andrewlh/VSCode/ros2_ws/build/camera_interface/prefix_override:/usr/lib/python3/dist-packages/colcon_core/task/python/colcon_distutils_commands:/home/andrewlh/VSCode/ros2_ws/install/camera_interface/lib/python3.12/site-packages:${PYTHONPATH} /usr/bin/python3 -W ignore:setup.py install is deprecated -W ignore:easy_install command is deprecated setup.py develop --editable --build-directory /home/andrewlh/VSCode/ros2_ws/build/camera_interface/build --no-deps symlink_data
