[0.722s] DEBUG:colcon:Command line arguments: ['/usr/bin/colcon', 'build']
[0.722s] DEBUG:colcon:Parsed command line arguments: Namespace(log_base=None, log_level=None, verb_name='build', build_base='build', install_base='install', merge_install=False, symlink_install=False, test_result_base=None, continue_on_error=False, executor='parallel', parallel_workers=8, event_handlers=None, ignore_user_meta=False, metas=['./colcon.meta'], base_paths=['.'], packages_ignore=None, packages_ignore_regex=None, paths=None, packages_up_to=None, packages_up_to_regex=None, packages_above=None, packages_above_and_dependencies=None, packages_above_depth=None, packages_select_by_dep=None, packages_skip_by_dep=None, packages_skip_up_to=None, packages_select_build_failed=False, packages_skip_build_finished=False, packages_select_test_failures=False, packages_skip_test_passed=False, packages_select=None, packages_skip=None, packages_select_regex=None, packages_skip_regex=None, packages_start=None, packages_end=None, allow_overriding=[], cmake_args=None, cmake_target=None, cmake_target_skip_unavailable=False, cmake_clean_cache=False, cmake_clean_first=False, cmake_force_configure=False, ament_cmake_args=None, catkin_cmake_args=None, catkin_skip_building_tests=False, mixin_files=None, mixin=None, verb_parser=<colcon_mixin.mixin.mixin_argument.MixinArgumentDecorator object at 0x726a1c99c860>, verb_extension=<colcon_core.verb.build.BuildVerb object at 0x726a1c99c4d0>, main=<bound method BuildVerb.main of <colcon_core.verb.build.BuildVerb object at 0x726a1c99c4d0>>, mixin_verb=('build',))
[0.820s] Level 1:colcon.colcon_core.package_discovery:discover_packages(colcon_meta) check parameters
[0.821s] Level 1:colcon.colcon_core.package_discovery:discover_packages(recursive) check parameters
[0.821s] Level 1:colcon.colcon_core.package_discovery:discover_packages(ignore) check parameters
[0.821s] Level 1:colcon.colcon_core.package_discovery:discover_packages(path) check parameters
[0.821s] Level 1:colcon.colcon_core.package_discovery:discover_packages(colcon_meta) discover
[0.821s] Level 1:colcon.colcon_core.package_discovery:discover_packages(recursive) discover
[0.821s] INFO:colcon.colcon_core.package_discovery:Crawling recursively for packages in '/home/andrewlh/VSCode/ros2_ws'
[0.821s] Level 1:colcon.colcon_core.package_identification:_identify(.) by extensions ['ignore', 'ignore_ament_install']
[0.822s] Level 1:colcon.colcon_core.package_identification:_identify(.) by extension 'ignore'
[0.822s] Level 1:colcon.colcon_core.package_identification:_identify(.) by extension 'ignore_ament_install'
[0.822s] Level 1:colcon.colcon_core.package_identification:_identify(.) by extensions ['colcon_pkg']
[0.822s] Level 1:colcon.colcon_core.package_identification:_identify(.) by extension 'colcon_pkg'
[0.822s] Level 1:colcon.colcon_core.package_identification:_identify(.) by extensions ['colcon_meta']
[0.822s] Level 1:colcon.colcon_core.package_identification:_identify(.) by extension 'colcon_meta'
[0.822s] Level 1:colcon.colcon_core.package_identification:_identify(.) by extensions ['ros']
[0.822s] Level 1:colcon.colcon_core.package_identification:_identify(.) by extension 'ros'
[0.855s] Level 1:colcon.colcon_core.package_identification:_identify(.) by extensions ['cmake', 'python']
[0.855s] Level 1:colcon.colcon_core.package_identification:_identify(.) by extension 'cmake'
[0.855s] Level 1:colcon.colcon_core.package_identification:_identify(.) by extension 'python'
[0.855s] Level 1:colcon.colcon_core.package_identification:_identify(.) by extensions ['python_setup_py']
[0.855s] Level 1:colcon.colcon_core.package_identification:_identify(.) by extension 'python_setup_py'
[0.855s] Level 1:colcon.colcon_core.package_identification:_identify(build) by extensions ['ignore', 'ignore_ament_install']
[0.855s] Level 1:colcon.colcon_core.package_identification:_identify(build) by extension 'ignore'
[0.856s] Level 1:colcon.colcon_core.package_identification:_identify(build) ignored
[0.856s] Level 1:colcon.colcon_core.package_identification:_identify(install) by extensions ['ignore', 'ignore_ament_install']
[0.856s] Level 1:colcon.colcon_core.package_identification:_identify(install) by extension 'ignore'
[0.856s] Level 1:colcon.colcon_core.package_identification:_identify(install) ignored
[0.856s] Level 1:colcon.colcon_core.package_identification:_identify(log) by extensions ['ignore', 'ignore_ament_install']
[0.856s] Level 1:colcon.colcon_core.package_identification:_identify(log) by extension 'ignore'
[0.856s] Level 1:colcon.colcon_core.package_identification:_identify(log) ignored
[0.857s] Level 1:colcon.colcon_core.package_identification:_identify(src) by extensions ['ignore', 'ignore_ament_install']
[0.857s] Level 1:colcon.colcon_core.package_identification:_identify(src) by extension 'ignore'
[0.857s] Level 1:colcon.colcon_core.package_identification:_identify(src) by extension 'ignore_ament_install'
[0.858s] Level 1:colcon.colcon_core.package_identification:_identify(src) by extensions ['colcon_pkg']
[0.858s] Level 1:colcon.colcon_core.package_identification:_identify(src) by extension 'colcon_pkg'
[0.858s] Level 1:colcon.colcon_core.package_identification:_identify(src) by extensions ['colcon_meta']
[0.858s] Level 1:colcon.colcon_core.package_identification:_identify(src) by extension 'colcon_meta'
[0.859s] Level 1:colcon.colcon_core.package_identification:_identify(src) by extensions ['ros']
[0.859s] Level 1:colcon.colcon_core.package_identification:_identify(src) by extension 'ros'
[0.859s] Level 1:colcon.colcon_core.package_identification:_identify(src) by extensions ['cmake', 'python']
[0.859s] Level 1:colcon.colcon_core.package_identification:_identify(src) by extension 'cmake'
[0.859s] Level 1:colcon.colcon_core.package_identification:_identify(src) by extension 'python'
[0.859s] Level 1:colcon.colcon_core.package_identification:_identify(src) by extensions ['python_setup_py']
[0.859s] Level 1:colcon.colcon_core.package_identification:_identify(src) by extension 'python_setup_py'
[0.859s] Level 1:colcon.colcon_core.package_identification:_identify(src/camera_interface) by extensions ['ignore', 'ignore_ament_install']
[0.860s] Level 1:colcon.colcon_core.package_identification:_identify(src/camera_interface) by extension 'ignore'
[0.860s] Level 1:colcon.colcon_core.package_identification:_identify(src/camera_interface) by extension 'ignore_ament_install'
[0.860s] Level 1:colcon.colcon_core.package_identification:_identify(src/camera_interface) by extensions ['colcon_pkg']
[0.860s] Level 1:colcon.colcon_core.package_identification:_identify(src/camera_interface) by extension 'colcon_pkg'
[0.860s] Level 1:colcon.colcon_core.package_identification:_identify(src/camera_interface) by extensions ['colcon_meta']
[0.860s] Level 1:colcon.colcon_core.package_identification:_identify(src/camera_interface) by extension 'colcon_meta'
[0.860s] Level 1:colcon.colcon_core.package_identification:_identify(src/camera_interface) by extensions ['ros']
[0.860s] Level 1:colcon.colcon_core.package_identification:_identify(src/camera_interface) by extension 'ros'
[0.864s] DEBUG:colcon.colcon_core.package_identification:Package 'src/camera_interface' with type 'ros.ament_python' and name 'camera_interface'
[0.864s] Level 1:colcon.colcon_core.package_identification:_identify(src/control) by extensions ['ignore', 'ignore_ament_install']
[0.864s] Level 1:colcon.colcon_core.package_identification:_identify(src/control) by extension 'ignore'
[0.865s] Level 1:colcon.colcon_core.package_identification:_identify(src/control) by extension 'ignore_ament_install'
[0.865s] Level 1:colcon.colcon_core.package_identification:_identify(src/control) by extensions ['colcon_pkg']
[0.865s] Level 1:colcon.colcon_core.package_identification:_identify(src/control) by extension 'colcon_pkg'
[0.865s] Level 1:colcon.colcon_core.package_identification:_identify(src/control) by extensions ['colcon_meta']
[0.865s] Level 1:colcon.colcon_core.package_identification:_identify(src/control) by extension 'colcon_meta'
[0.865s] Level 1:colcon.colcon_core.package_identification:_identify(src/control) by extensions ['ros']
[0.865s] Level 1:colcon.colcon_core.package_identification:_identify(src/control) by extension 'ros'
[0.866s] DEBUG:colcon.colcon_core.package_identification:Package 'src/control' with type 'ros.ament_python' and name 'control'
[0.866s] Level 1:colcon.colcon_core.package_identification:_identify(src/cr3_interface) by extensions ['ignore', 'ignore_ament_install']
[0.866s] Level 1:colcon.colcon_core.package_identification:_identify(src/cr3_interface) by extension 'ignore'
[0.866s] Level 1:colcon.colcon_core.package_identification:_identify(src/cr3_interface) by extension 'ignore_ament_install'
[0.866s] Level 1:colcon.colcon_core.package_identification:_identify(src/cr3_interface) by extensions ['colcon_pkg']
[0.866s] Level 1:colcon.colcon_core.package_identification:_identify(src/cr3_interface) by extension 'colcon_pkg'
[0.866s] Level 1:colcon.colcon_core.package_identification:_identify(src/cr3_interface) by extensions ['colcon_meta']
[0.866s] Level 1:colcon.colcon_core.package_identification:_identify(src/cr3_interface) by extension 'colcon_meta'
[0.866s] Level 1:colcon.colcon_core.package_identification:_identify(src/cr3_interface) by extensions ['ros']
[0.866s] Level 1:colcon.colcon_core.package_identification:_identify(src/cr3_interface) by extension 'ros'
[0.867s] DEBUG:colcon.colcon_core.package_identification:Package 'src/cr3_interface' with type 'ros.ament_python' and name 'cr3_interface'
[0.867s] Level 1:colcon.colcon_core.package_identification:_identify(src/diagnostics) by extensions ['ignore', 'ignore_ament_install']
[0.867s] Level 1:colcon.colcon_core.package_identification:_identify(src/diagnostics) by extension 'ignore'
[0.867s] Level 1:colcon.colcon_core.package_identification:_identify(src/diagnostics) by extension 'ignore_ament_install'
[0.867s] Level 1:colcon.colcon_core.package_identification:_identify(src/diagnostics) by extensions ['colcon_pkg']
[0.867s] Level 1:colcon.colcon_core.package_identification:_identify(src/diagnostics) by extension 'colcon_pkg'
[0.867s] Level 1:colcon.colcon_core.package_identification:_identify(src/diagnostics) by extensions ['colcon_meta']
[0.867s] Level 1:colcon.colcon_core.package_identification:_identify(src/diagnostics) by extension 'colcon_meta'
[0.867s] Level 1:colcon.colcon_core.package_identification:_identify(src/diagnostics) by extensions ['ros']
[0.867s] Level 1:colcon.colcon_core.package_identification:_identify(src/diagnostics) by extension 'ros'
[0.869s] DEBUG:colcon.colcon_core.package_identification:Package 'src/diagnostics' with type 'ros.ament_python' and name 'diagnostics'
[0.869s] Level 1:colcon.colcon_core.package_identification:_identify(src/integration_tests) by extensions ['ignore', 'ignore_ament_install']
[0.870s] Level 1:colcon.colcon_core.package_identification:_identify(src/integration_tests) by extension 'ignore'
[0.870s] Level 1:colcon.colcon_core.package_identification:_identify(src/integration_tests) by extension 'ignore_ament_install'
[0.870s] Level 1:colcon.colcon_core.package_identification:_identify(src/integration_tests) by extensions ['colcon_pkg']
[0.870s] Level 1:colcon.colcon_core.package_identification:_identify(src/integration_tests) by extension 'colcon_pkg'
[0.870s] Level 1:colcon.colcon_core.package_identification:_identify(src/integration_tests) by extensions ['colcon_meta']
[0.870s] Level 1:colcon.colcon_core.package_identification:_identify(src/integration_tests) by extension 'colcon_meta'
[0.870s] Level 1:colcon.colcon_core.package_identification:_identify(src/integration_tests) by extensions ['ros']
[0.870s] Level 1:colcon.colcon_core.package_identification:_identify(src/integration_tests) by extension 'ros'
[0.871s] DEBUG:colcon.colcon_core.package_identification:Package 'src/integration_tests' with type 'ros.ament_python' and name 'integration_tests'
[0.871s] Level 1:colcon.colcon_core.package_identification:_identify(src/launch) by extensions ['ignore', 'ignore_ament_install']
[0.871s] Level 1:colcon.colcon_core.package_identification:_identify(src/launch) by extension 'ignore'
[0.871s] Level 1:colcon.colcon_core.package_identification:_identify(src/launch) by extension 'ignore_ament_install'
[0.871s] Level 1:colcon.colcon_core.package_identification:_identify(src/launch) by extensions ['colcon_pkg']
[0.871s] Level 1:colcon.colcon_core.package_identification:_identify(src/launch) by extension 'colcon_pkg'
[0.872s] Level 1:colcon.colcon_core.package_identification:_identify(src/launch) by extensions ['colcon_meta']
[0.872s] Level 1:colcon.colcon_core.package_identification:_identify(src/launch) by extension 'colcon_meta'
[0.872s] Level 1:colcon.colcon_core.package_identification:_identify(src/launch) by extensions ['ros']
[0.872s] Level 1:colcon.colcon_core.package_identification:_identify(src/launch) by extension 'ros'
[0.872s] Level 1:colcon.colcon_core.package_identification:_identify(src/launch) by extensions ['cmake', 'python']
[0.872s] Level 1:colcon.colcon_core.package_identification:_identify(src/launch) by extension 'cmake'
[0.872s] Level 1:colcon.colcon_core.package_identification:_identify(src/launch) by extension 'python'
[0.872s] Level 1:colcon.colcon_core.package_identification:_identify(src/launch) by extensions ['python_setup_py']
[0.872s] Level 1:colcon.colcon_core.package_identification:_identify(src/launch) by extension 'python_setup_py'
[0.872s] Level 1:colcon.colcon_core.package_identification:_identify(src/launch/params) by extensions ['ignore', 'ignore_ament_install']
[0.872s] Level 1:colcon.colcon_core.package_identification:_identify(src/launch/params) by extension 'ignore'
[0.872s] Level 1:colcon.colcon_core.package_identification:_identify(src/launch/params) by extension 'ignore_ament_install'
[0.873s] Level 1:colcon.colcon_core.package_identification:_identify(src/launch/params) by extensions ['colcon_pkg']
[0.873s] Level 1:colcon.colcon_core.package_identification:_identify(src/launch/params) by extension 'colcon_pkg'
[0.873s] Level 1:colcon.colcon_core.package_identification:_identify(src/launch/params) by extensions ['colcon_meta']
[0.873s] Level 1:colcon.colcon_core.package_identification:_identify(src/launch/params) by extension 'colcon_meta'
[0.873s] Level 1:colcon.colcon_core.package_identification:_identify(src/launch/params) by extensions ['ros']
[0.873s] Level 1:colcon.colcon_core.package_identification:_identify(src/launch/params) by extension 'ros'
[0.874s] Level 1:colcon.colcon_core.package_identification:_identify(src/launch/params) by extensions ['cmake', 'python']
[0.874s] Level 1:colcon.colcon_core.package_identification:_identify(src/launch/params) by extension 'cmake'
[0.874s] Level 1:colcon.colcon_core.package_identification:_identify(src/launch/params) by extension 'python'
[0.874s] Level 1:colcon.colcon_core.package_identification:_identify(src/launch/params) by extensions ['python_setup_py']
[0.875s] Level 1:colcon.colcon_core.package_identification:_identify(src/launch/params) by extension 'python_setup_py'
[0.875s] Level 1:colcon.colcon_core.package_identification:_identify(src/perception) by extensions ['ignore', 'ignore_ament_install']
[0.875s] Level 1:colcon.colcon_core.package_identification:_identify(src/perception) by extension 'ignore'
[0.875s] Level 1:colcon.colcon_core.package_identification:_identify(src/perception) by extension 'ignore_ament_install'
[0.876s] Level 1:colcon.colcon_core.package_identification:_identify(src/perception) by extensions ['colcon_pkg']
[0.876s] Level 1:colcon.colcon_core.package_identification:_identify(src/perception) by extension 'colcon_pkg'
[0.876s] Level 1:colcon.colcon_core.package_identification:_identify(src/perception) by extensions ['colcon_meta']
[0.876s] Level 1:colcon.colcon_core.package_identification:_identify(src/perception) by extension 'colcon_meta'
[0.876s] Level 1:colcon.colcon_core.package_identification:_identify(src/perception) by extensions ['ros']
[0.876s] Level 1:colcon.colcon_core.package_identification:_identify(src/perception) by extension 'ros'
[0.877s] DEBUG:colcon.colcon_core.package_identification:Package 'src/perception' with type 'ros.ament_python' and name 'perception'
[0.877s] Level 1:colcon.colcon_core.package_identification:_identify(src/sim_interface) by extensions ['ignore', 'ignore_ament_install']
[0.877s] Level 1:colcon.colcon_core.package_identification:_identify(src/sim_interface) by extension 'ignore'
[0.877s] Level 1:colcon.colcon_core.package_identification:_identify(src/sim_interface) by extension 'ignore_ament_install'
[0.877s] Level 1:colcon.colcon_core.package_identification:_identify(src/sim_interface) by extensions ['colcon_pkg']
[0.877s] Level 1:colcon.colcon_core.package_identification:_identify(src/sim_interface) by extension 'colcon_pkg'
[0.878s] Level 1:colcon.colcon_core.package_identification:_identify(src/sim_interface) by extensions ['colcon_meta']
[0.878s] Level 1:colcon.colcon_core.package_identification:_identify(src/sim_interface) by extension 'colcon_meta'
[0.878s] Level 1:colcon.colcon_core.package_identification:_identify(src/sim_interface) by extensions ['ros']
[0.878s] Level 1:colcon.colcon_core.package_identification:_identify(src/sim_interface) by extension 'ros'
[0.878s] DEBUG:colcon.colcon_core.package_identification:Package 'src/sim_interface' with type 'ros.ament_python' and name 'sim_interface'
[0.878s] Level 1:colcon.colcon_core.package_identification:_identify(src/ui) by extensions ['ignore', 'ignore_ament_install']
[0.879s] Level 1:colcon.colcon_core.package_identification:_identify(src/ui) by extension 'ignore'
[0.879s] Level 1:colcon.colcon_core.package_identification:_identify(src/ui) by extension 'ignore_ament_install'
[0.879s] Level 1:colcon.colcon_core.package_identification:_identify(src/ui) by extensions ['colcon_pkg']
[0.879s] Level 1:colcon.colcon_core.package_identification:_identify(src/ui) by extension 'colcon_pkg'
[0.879s] Level 1:colcon.colcon_core.package_identification:_identify(src/ui) by extensions ['colcon_meta']
[0.879s] Level 1:colcon.colcon_core.package_identification:_identify(src/ui) by extension 'colcon_meta'
[0.879s] Level 1:colcon.colcon_core.package_identification:_identify(src/ui) by extensions ['ros']
[0.879s] Level 1:colcon.colcon_core.package_identification:_identify(src/ui) by extension 'ros'
[0.879s] DEBUG:colcon.colcon_core.package_identification:Package 'src/ui' with type 'ros.ament_python' and name 'ui'
[0.880s] Level 1:colcon.colcon_core.package_discovery:discover_packages(recursive) using defaults
[0.880s] Level 1:colcon.colcon_core.package_discovery:discover_packages(ignore) discover
[0.880s] Level 1:colcon.colcon_core.package_discovery:discover_packages(ignore) using defaults
[0.880s] Level 1:colcon.colcon_core.package_discovery:discover_packages(path) discover
[0.880s] Level 1:colcon.colcon_core.package_discovery:discover_packages(path) using defaults
[0.920s] Level 1:colcon.colcon_core.package_discovery:discover_packages(prefix_path) check parameters
[0.920s] Level 1:colcon.colcon_core.package_discovery:discover_packages(prefix_path) discover
[0.925s] DEBUG:colcon.colcon_installed_package_information.package_discovery:Found 8 installed packages in /home/andrewlh/VSCode/ros2_ws/install
[0.927s] DEBUG:colcon.colcon_installed_package_information.package_discovery:Found 318 installed packages in /opt/ros/jazzy
[0.928s] Level 1:colcon.colcon_core.package_discovery:discover_packages(prefix_path) using defaults
[1.001s] Level 5:colcon.colcon_core.verb:set package 'camera_interface' build argument 'cmake_args' from command line to 'None'
[1.001s] Level 5:colcon.colcon_core.verb:set package 'camera_interface' build argument 'cmake_target' from command line to 'None'
[1.001s] Level 5:colcon.colcon_core.verb:set package 'camera_interface' build argument 'cmake_target_skip_unavailable' from command line to 'False'
[1.001s] Level 5:colcon.colcon_core.verb:set package 'camera_interface' build argument 'cmake_clean_cache' from command line to 'False'
[1.001s] Level 5:colcon.colcon_core.verb:set package 'camera_interface' build argument 'cmake_clean_first' from command line to 'False'
[1.001s] Level 5:colcon.colcon_core.verb:set package 'camera_interface' build argument 'cmake_force_configure' from command line to 'False'
[1.001s] Level 5:colcon.colcon_core.verb:set package 'camera_interface' build argument 'ament_cmake_args' from command line to 'None'
[1.001s] Level 5:colcon.colcon_core.verb:set package 'camera_interface' build argument 'catkin_cmake_args' from command line to 'None'
[1.001s] Level 5:colcon.colcon_core.verb:set package 'camera_interface' build argument 'catkin_skip_building_tests' from command line to 'False'
[1.001s] DEBUG:colcon.colcon_core.verb:Building package 'camera_interface' with the following arguments: {'ament_cmake_args': None, 'build_base': '/home/andrewlh/VSCode/ros2_ws/build/camera_interface', 'catkin_cmake_args': None, 'catkin_skip_building_tests': False, 'cmake_args': None, 'cmake_clean_cache': False, 'cmake_clean_first': False, 'cmake_force_configure': False, 'cmake_target': None, 'cmake_target_skip_unavailable': False, 'install_base': '/home/andrewlh/VSCode/ros2_ws/install/camera_interface', 'merge_install': False, 'path': '/home/andrewlh/VSCode/ros2_ws/src/camera_interface', 'symlink_install': False, 'test_result_base': None}
[1.001s] Level 5:colcon.colcon_core.verb:set package 'control' build argument 'cmake_args' from command line to 'None'
[1.001s] Level 5:colcon.colcon_core.verb:set package 'control' build argument 'cmake_target' from command line to 'None'
[1.002s] Level 5:colcon.colcon_core.verb:set package 'control' build argument 'cmake_target_skip_unavailable' from command line to 'False'
[1.002s] Level 5:colcon.colcon_core.verb:set package 'control' build argument 'cmake_clean_cache' from command line to 'False'
[1.002s] Level 5:colcon.colcon_core.verb:set package 'control' build argument 'cmake_clean_first' from command line to 'False'
[1.002s] Level 5:colcon.colcon_core.verb:set package 'control' build argument 'cmake_force_configure' from command line to 'False'
[1.002s] Level 5:colcon.colcon_core.verb:set package 'control' build argument 'ament_cmake_args' from command line to 'None'
[1.002s] Level 5:colcon.colcon_core.verb:set package 'control' build argument 'catkin_cmake_args' from command line to 'None'
[1.002s] Level 5:colcon.colcon_core.verb:set package 'control' build argument 'catkin_skip_building_tests' from command line to 'False'
[1.002s] DEBUG:colcon.colcon_core.verb:Building package 'control' with the following arguments: {'ament_cmake_args': None, 'build_base': '/home/andrewlh/VSCode/ros2_ws/build/control', 'catkin_cmake_args': None, 'catkin_skip_building_tests': False, 'cmake_args': None, 'cmake_clean_cache': False, 'cmake_clean_first': False, 'cmake_force_configure': False, 'cmake_target': None, 'cmake_target_skip_unavailable': False, 'install_base': '/home/andrewlh/VSCode/ros2_ws/install/control', 'merge_install': False, 'path': '/home/andrewlh/VSCode/ros2_ws/src/control', 'symlink_install': False, 'test_result_base': None}
[1.002s] Level 5:colcon.colcon_core.verb:set package 'cr3_interface' build argument 'cmake_args' from command line to 'None'
[1.002s] Level 5:colcon.colcon_core.verb:set package 'cr3_interface' build argument 'cmake_target' from command line to 'None'
[1.002s] Level 5:colcon.colcon_core.verb:set package 'cr3_interface' build argument 'cmake_target_skip_unavailable' from command line to 'False'
[1.002s] Level 5:colcon.colcon_core.verb:set package 'cr3_interface' build argument 'cmake_clean_cache' from command line to 'False'
[1.002s] Level 5:colcon.colcon_core.verb:set package 'cr3_interface' build argument 'cmake_clean_first' from command line to 'False'
[1.002s] Level 5:colcon.colcon_core.verb:set package 'cr3_interface' build argument 'cmake_force_configure' from command line to 'False'
[1.002s] Level 5:colcon.colcon_core.verb:set package 'cr3_interface' build argument 'ament_cmake_args' from command line to 'None'
[1.002s] Level 5:colcon.colcon_core.verb:set package 'cr3_interface' build argument 'catkin_cmake_args' from command line to 'None'
[1.002s] Level 5:colcon.colcon_core.verb:set package 'cr3_interface' build argument 'catkin_skip_building_tests' from command line to 'False'
[1.002s] DEBUG:colcon.colcon_core.verb:Building package 'cr3_interface' with the following arguments: {'ament_cmake_args': None, 'build_base': '/home/andrewlh/VSCode/ros2_ws/build/cr3_interface', 'catkin_cmake_args': None, 'catkin_skip_building_tests': False, 'cmake_args': None, 'cmake_clean_cache': False, 'cmake_clean_first': False, 'cmake_force_configure': False, 'cmake_target': None, 'cmake_target_skip_unavailable': False, 'install_base': '/home/andrewlh/VSCode/ros2_ws/install/cr3_interface', 'merge_install': False, 'path': '/home/andrewlh/VSCode/ros2_ws/src/cr3_interface', 'symlink_install': False, 'test_result_base': None}
[1.002s] Level 5:colcon.colcon_core.verb:set package 'diagnostics' build argument 'cmake_args' from command line to 'None'
[1.003s] Level 5:colcon.colcon_core.verb:set package 'diagnostics' build argument 'cmake_target' from command line to 'None'
[1.003s] Level 5:colcon.colcon_core.verb:set package 'diagnostics' build argument 'cmake_target_skip_unavailable' from command line to 'False'
[1.003s] Level 5:colcon.colcon_core.verb:set package 'diagnostics' build argument 'cmake_clean_cache' from command line to 'False'
[1.003s] Level 5:colcon.colcon_core.verb:set package 'diagnostics' build argument 'cmake_clean_first' from command line to 'False'
[1.003s] Level 5:colcon.colcon_core.verb:set package 'diagnostics' build argument 'cmake_force_configure' from command line to 'False'
[1.003s] Level 5:colcon.colcon_core.verb:set package 'diagnostics' build argument 'ament_cmake_args' from command line to 'None'
[1.003s] Level 5:colcon.colcon_core.verb:set package 'diagnostics' build argument 'catkin_cmake_args' from command line to 'None'
[1.003s] Level 5:colcon.colcon_core.verb:set package 'diagnostics' build argument 'catkin_skip_building_tests' from command line to 'False'
[1.003s] DEBUG:colcon.colcon_core.verb:Building package 'diagnostics' with the following arguments: {'ament_cmake_args': None, 'build_base': '/home/andrewlh/VSCode/ros2_ws/build/diagnostics', 'catkin_cmake_args': None, 'catkin_skip_building_tests': False, 'cmake_args': None, 'cmake_clean_cache': False, 'cmake_clean_first': False, 'cmake_force_configure': False, 'cmake_target': None, 'cmake_target_skip_unavailable': False, 'install_base': '/home/andrewlh/VSCode/ros2_ws/install/diagnostics', 'merge_install': False, 'path': '/home/andrewlh/VSCode/ros2_ws/src/diagnostics', 'symlink_install': False, 'test_result_base': None}
[1.003s] Level 5:colcon.colcon_core.verb:set package 'integration_tests' build argument 'cmake_args' from command line to 'None'
[1.003s] Level 5:colcon.colcon_core.verb:set package 'integration_tests' build argument 'cmake_target' from command line to 'None'
[1.003s] Level 5:colcon.colcon_core.verb:set package 'integration_tests' build argument 'cmake_target_skip_unavailable' from command line to 'False'
[1.003s] Level 5:colcon.colcon_core.verb:set package 'integration_tests' build argument 'cmake_clean_cache' from command line to 'False'
[1.003s] Level 5:colcon.colcon_core.verb:set package 'integration_tests' build argument 'cmake_clean_first' from command line to 'False'
[1.003s] Level 5:colcon.colcon_core.verb:set package 'integration_tests' build argument 'cmake_force_configure' from command line to 'False'
[1.003s] Level 5:colcon.colcon_core.verb:set package 'integration_tests' build argument 'ament_cmake_args' from command line to 'None'
[1.003s] Level 5:colcon.colcon_core.verb:set package 'integration_tests' build argument 'catkin_cmake_args' from command line to 'None'
[1.003s] Level 5:colcon.colcon_core.verb:set package 'integration_tests' build argument 'catkin_skip_building_tests' from command line to 'False'
[1.003s] DEBUG:colcon.colcon_core.verb:Building package 'integration_tests' with the following arguments: {'ament_cmake_args': None, 'build_base': '/home/andrewlh/VSCode/ros2_ws/build/integration_tests', 'catkin_cmake_args': None, 'catkin_skip_building_tests': False, 'cmake_args': None, 'cmake_clean_cache': False, 'cmake_clean_first': False, 'cmake_force_configure': False, 'cmake_target': None, 'cmake_target_skip_unavailable': False, 'install_base': '/home/andrewlh/VSCode/ros2_ws/install/integration_tests', 'merge_install': False, 'path': '/home/andrewlh/VSCode/ros2_ws/src/integration_tests', 'symlink_install': False, 'test_result_base': None}
[1.003s] Level 5:colcon.colcon_core.verb:set package 'perception' build argument 'cmake_args' from command line to 'None'
[1.003s] Level 5:colcon.colcon_core.verb:set package 'perception' build argument 'cmake_target' from command line to 'None'
[1.003s] Level 5:colcon.colcon_core.verb:set package 'perception' build argument 'cmake_target_skip_unavailable' from command line to 'False'
[1.003s] Level 5:colcon.colcon_core.verb:set package 'perception' build argument 'cmake_clean_cache' from command line to 'False'
[1.003s] Level 5:colcon.colcon_core.verb:set package 'perception' build argument 'cmake_clean_first' from command line to 'False'
[1.003s] Level 5:colcon.colcon_core.verb:set package 'perception' build argument 'cmake_force_configure' from command line to 'False'
[1.004s] Level 5:colcon.colcon_core.verb:set package 'perception' build argument 'ament_cmake_args' from command line to 'None'
[1.004s] Level 5:colcon.colcon_core.verb:set package 'perception' build argument 'catkin_cmake_args' from command line to 'None'
[1.004s] Level 5:colcon.colcon_core.verb:set package 'perception' build argument 'catkin_skip_building_tests' from command line to 'False'
[1.004s] DEBUG:colcon.colcon_core.verb:Building package 'perception' with the following arguments: {'ament_cmake_args': None, 'build_base': '/home/andrewlh/VSCode/ros2_ws/build/perception', 'catkin_cmake_args': None, 'catkin_skip_building_tests': False, 'cmake_args': None, 'cmake_clean_cache': False, 'cmake_clean_first': False, 'cmake_force_configure': False, 'cmake_target': None, 'cmake_target_skip_unavailable': False, 'install_base': '/home/andrewlh/VSCode/ros2_ws/install/perception', 'merge_install': False, 'path': '/home/andrewlh/VSCode/ros2_ws/src/perception', 'symlink_install': False, 'test_result_base': None}
[1.004s] Level 5:colcon.colcon_core.verb:set package 'sim_interface' build argument 'cmake_args' from command line to 'None'
[1.004s] Level 5:colcon.colcon_core.verb:set package 'sim_interface' build argument 'cmake_target' from command line to 'None'
[1.004s] Level 5:colcon.colcon_core.verb:set package 'sim_interface' build argument 'cmake_target_skip_unavailable' from command line to 'False'
[1.004s] Level 5:colcon.colcon_core.verb:set package 'sim_interface' build argument 'cmake_clean_cache' from command line to 'False'
[1.004s] Level 5:colcon.colcon_core.verb:set package 'sim_interface' build argument 'cmake_clean_first' from command line to 'False'
[1.004s] Level 5:colcon.colcon_core.verb:set package 'sim_interface' build argument 'cmake_force_configure' from command line to 'False'
[1.004s] Level 5:colcon.colcon_core.verb:set package 'sim_interface' build argument 'ament_cmake_args' from command line to 'None'
[1.004s] Level 5:colcon.colcon_core.verb:set package 'sim_interface' build argument 'catkin_cmake_args' from command line to 'None'
[1.004s] Level 5:colcon.colcon_core.verb:set package 'sim_interface' build argument 'catkin_skip_building_tests' from command line to 'False'
[1.004s] DEBUG:colcon.colcon_core.verb:Building package 'sim_interface' with the following arguments: {'ament_cmake_args': None, 'build_base': '/home/andrewlh/VSCode/ros2_ws/build/sim_interface', 'catkin_cmake_args': None, 'catkin_skip_building_tests': False, 'cmake_args': None, 'cmake_clean_cache': False, 'cmake_clean_first': False, 'cmake_force_configure': False, 'cmake_target': None, 'cmake_target_skip_unavailable': False, 'install_base': '/home/andrewlh/VSCode/ros2_ws/install/sim_interface', 'merge_install': False, 'path': '/home/andrewlh/VSCode/ros2_ws/src/sim_interface', 'symlink_install': False, 'test_result_base': None}
[1.004s] Level 5:colcon.colcon_core.verb:set package 'ui' build argument 'cmake_args' from command line to 'None'
[1.004s] Level 5:colcon.colcon_core.verb:set package 'ui' build argument 'cmake_target' from command line to 'None'
[1.004s] Level 5:colcon.colcon_core.verb:set package 'ui' build argument 'cmake_target_skip_unavailable' from command line to 'False'
[1.004s] Level 5:colcon.colcon_core.verb:set package 'ui' build argument 'cmake_clean_cache' from command line to 'False'
[1.004s] Level 5:colcon.colcon_core.verb:set package 'ui' build argument 'cmake_clean_first' from command line to 'False'
[1.004s] Level 5:colcon.colcon_core.verb:set package 'ui' build argument 'cmake_force_configure' from command line to 'False'
[1.004s] Level 5:colcon.colcon_core.verb:set package 'ui' build argument 'ament_cmake_args' from command line to 'None'
[1.005s] Level 5:colcon.colcon_core.verb:set package 'ui' build argument 'catkin_cmake_args' from command line to 'None'
[1.005s] Level 5:colcon.colcon_core.verb:set package 'ui' build argument 'catkin_skip_building_tests' from command line to 'False'
[1.005s] DEBUG:colcon.colcon_core.verb:Building package 'ui' with the following arguments: {'ament_cmake_args': None, 'build_base': '/home/andrewlh/VSCode/ros2_ws/build/ui', 'catkin_cmake_args': None, 'catkin_skip_building_tests': False, 'cmake_args': None, 'cmake_clean_cache': False, 'cmake_clean_first': False, 'cmake_force_configure': False, 'cmake_target': None, 'cmake_target_skip_unavailable': False, 'install_base': '/home/andrewlh/VSCode/ros2_ws/install/ui', 'merge_install': False, 'path': '/home/andrewlh/VSCode/ros2_ws/src/ui', 'symlink_install': False, 'test_result_base': None}
[1.005s] INFO:colcon.colcon_core.executor:Executing jobs using 'parallel' executor
[1.006s] DEBUG:colcon.colcon_parallel_executor.executor.parallel:run_until_complete
[1.006s] INFO:colcon.colcon_ros.task.ament_python.build:Building ROS package in '/home/andrewlh/VSCode/ros2_ws/src/camera_interface' with build type 'ament_python'
[1.007s] Level 1:colcon.colcon_core.shell:create_environment_hook('camera_interface', 'ament_prefix_path')
[1.018s] INFO:colcon.colcon_core.plugin_system:Skipping extension 'colcon_core.shell.bat': Not used on non-Windows systems
[1.018s] INFO:colcon.colcon_core.shell:Creating environment hook '/home/andrewlh/VSCode/ros2_ws/install/camera_interface/share/camera_interface/hook/ament_prefix_path.ps1'
[1.020s] INFO:colcon.colcon_core.shell:Creating environment descriptor '/home/andrewlh/VSCode/ros2_ws/install/camera_interface/share/camera_interface/hook/ament_prefix_path.dsv'
[1.021s] INFO:colcon.colcon_core.shell:Creating environment hook '/home/andrewlh/VSCode/ros2_ws/install/camera_interface/share/camera_interface/hook/ament_prefix_path.sh'
[1.022s] INFO:colcon.colcon_core.shell:Skip shell extension 'powershell' for command environment: Not usable outside of PowerShell
[1.022s] DEBUG:colcon.colcon_core.shell:Skip shell extension 'dsv' for command environment
[1.029s] INFO:colcon.colcon_ros.task.ament_python.build:Building ROS package in '/home/andrewlh/VSCode/ros2_ws/src/control' with build type 'ament_python'
[1.030s] Level 1:colcon.colcon_core.shell:create_environment_hook('control', 'ament_prefix_path')
[1.030s] INFO:colcon.colcon_core.shell:Creating environment hook '/home/andrewlh/VSCode/ros2_ws/install/control/share/control/hook/ament_prefix_path.ps1'
[1.032s] INFO:colcon.colcon_core.shell:Creating environment descriptor '/home/andrewlh/VSCode/ros2_ws/install/control/share/control/hook/ament_prefix_path.dsv'
[1.033s] INFO:colcon.colcon_core.shell:Creating environment hook '/home/andrewlh/VSCode/ros2_ws/install/control/share/control/hook/ament_prefix_path.sh'
[1.034s] INFO:colcon.colcon_core.shell:Skip shell extension 'powershell' for command environment: Not usable outside of PowerShell
[1.034s] DEBUG:colcon.colcon_core.shell:Skip shell extension 'dsv' for command environment
[1.039s] INFO:colcon.colcon_ros.task.ament_python.build:Building ROS package in '/home/andrewlh/VSCode/ros2_ws/src/cr3_interface' with build type 'ament_python'
[1.040s] Level 1:colcon.colcon_core.shell:create_environment_hook('cr3_interface', 'ament_prefix_path')
[1.050s] INFO:colcon.colcon_core.shell:Creating environment hook '/home/andrewlh/VSCode/ros2_ws/install/cr3_interface/share/cr3_interface/hook/ament_prefix_path.ps1'
[1.051s] INFO:colcon.colcon_core.shell:Creating environment descriptor '/home/andrewlh/VSCode/ros2_ws/install/cr3_interface/share/cr3_interface/hook/ament_prefix_path.dsv'
[1.052s] INFO:colcon.colcon_core.shell:Creating environment hook '/home/andrewlh/VSCode/ros2_ws/install/cr3_interface/share/cr3_interface/hook/ament_prefix_path.sh'
[1.053s] INFO:colcon.colcon_core.shell:Skip shell extension 'powershell' for command environment: Not usable outside of PowerShell
[1.053s] DEBUG:colcon.colcon_core.shell:Skip shell extension 'dsv' for command environment
[1.063s] INFO:colcon.colcon_ros.task.ament_python.build:Building ROS package in '/home/andrewlh/VSCode/ros2_ws/src/diagnostics' with build type 'ament_python'
[1.065s] Level 1:colcon.colcon_core.shell:create_environment_hook('diagnostics', 'ament_prefix_path')
[1.067s] INFO:colcon.colcon_core.shell:Creating environment hook '/home/andrewlh/VSCode/ros2_ws/install/diagnostics/share/diagnostics/hook/ament_prefix_path.ps1'
[1.068s] INFO:colcon.colcon_core.shell:Creating environment descriptor '/home/andrewlh/VSCode/ros2_ws/install/diagnostics/share/diagnostics/hook/ament_prefix_path.dsv'
[1.069s] INFO:colcon.colcon_core.shell:Creating environment hook '/home/andrewlh/VSCode/ros2_ws/install/diagnostics/share/diagnostics/hook/ament_prefix_path.sh'
[1.070s] INFO:colcon.colcon_core.shell:Skip shell extension 'powershell' for command environment: Not usable outside of PowerShell
[1.070s] DEBUG:colcon.colcon_core.shell:Skip shell extension 'dsv' for command environment
[1.084s] INFO:colcon.colcon_ros.task.ament_python.build:Building ROS package in '/home/andrewlh/VSCode/ros2_ws/src/integration_tests' with build type 'ament_python'
[1.084s] Level 1:colcon.colcon_core.shell:create_environment_hook('integration_tests', 'ament_prefix_path')
[1.085s] INFO:colcon.colcon_core.shell:Creating environment hook '/home/andrewlh/VSCode/ros2_ws/install/integration_tests/share/integration_tests/hook/ament_prefix_path.ps1'
[1.086s] INFO:colcon.colcon_core.shell:Creating environment descriptor '/home/andrewlh/VSCode/ros2_ws/install/integration_tests/share/integration_tests/hook/ament_prefix_path.dsv'
[1.087s] INFO:colcon.colcon_core.shell:Creating environment hook '/home/andrewlh/VSCode/ros2_ws/install/integration_tests/share/integration_tests/hook/ament_prefix_path.sh'
[1.088s] INFO:colcon.colcon_core.shell:Skip shell extension 'powershell' for command environment: Not usable outside of PowerShell
[1.088s] DEBUG:colcon.colcon_core.shell:Skip shell extension 'dsv' for command environment
[1.095s] INFO:colcon.colcon_ros.task.ament_python.build:Building ROS package in '/home/andrewlh/VSCode/ros2_ws/src/perception' with build type 'ament_python'
[1.102s] Level 1:colcon.colcon_core.shell:create_environment_hook('perception', 'ament_prefix_path')
[1.103s] INFO:colcon.colcon_core.shell:Creating environment hook '/home/andrewlh/VSCode/ros2_ws/install/perception/share/perception/hook/ament_prefix_path.ps1'
[1.104s] INFO:colcon.colcon_core.shell:Creating environment descriptor '/home/andrewlh/VSCode/ros2_ws/install/perception/share/perception/hook/ament_prefix_path.dsv'
[1.105s] INFO:colcon.colcon_core.shell:Creating environment hook '/home/andrewlh/VSCode/ros2_ws/install/perception/share/perception/hook/ament_prefix_path.sh'
[1.106s] INFO:colcon.colcon_core.shell:Skip shell extension 'powershell' for command environment: Not usable outside of PowerShell
[1.106s] DEBUG:colcon.colcon_core.shell:Skip shell extension 'dsv' for command environment
[1.118s] INFO:colcon.colcon_ros.task.ament_python.build:Building ROS package in '/home/andrewlh/VSCode/ros2_ws/src/sim_interface' with build type 'ament_python'
[1.119s] Level 1:colcon.colcon_core.shell:create_environment_hook('sim_interface', 'ament_prefix_path')
[1.120s] INFO:colcon.colcon_core.shell:Creating environment hook '/home/andrewlh/VSCode/ros2_ws/install/sim_interface/share/sim_interface/hook/ament_prefix_path.ps1'
[1.121s] INFO:colcon.colcon_core.shell:Creating environment descriptor '/home/andrewlh/VSCode/ros2_ws/install/sim_interface/share/sim_interface/hook/ament_prefix_path.dsv'
[1.121s] INFO:colcon.colcon_core.shell:Creating environment hook '/home/andrewlh/VSCode/ros2_ws/install/sim_interface/share/sim_interface/hook/ament_prefix_path.sh'
[1.122s] INFO:colcon.colcon_core.shell:Skip shell extension 'powershell' for command environment: Not usable outside of PowerShell
[1.122s] DEBUG:colcon.colcon_core.shell:Skip shell extension 'dsv' for command environment
[1.132s] INFO:colcon.colcon_ros.task.ament_python.build:Building ROS package in '/home/andrewlh/VSCode/ros2_ws/src/ui' with build type 'ament_python'
[1.132s] Level 1:colcon.colcon_core.shell:create_environment_hook('ui', 'ament_prefix_path')
[1.133s] INFO:colcon.colcon_core.shell:Creating environment hook '/home/andrewlh/VSCode/ros2_ws/install/ui/share/ui/hook/ament_prefix_path.ps1'
[1.135s] INFO:colcon.colcon_core.shell:Creating environment descriptor '/home/andrewlh/VSCode/ros2_ws/install/ui/share/ui/hook/ament_prefix_path.dsv'
[1.135s] INFO:colcon.colcon_core.shell:Creating environment hook '/home/andrewlh/VSCode/ros2_ws/install/ui/share/ui/hook/ament_prefix_path.sh'
[1.136s] INFO:colcon.colcon_core.shell:Skip shell extension 'powershell' for command environment: Not usable outside of PowerShell
[1.136s] DEBUG:colcon.colcon_core.shell:Skip shell extension 'dsv' for command environment
[1.555s] INFO:colcon.colcon_core.task.python.build:Building Python package in '/home/andrewlh/VSCode/ros2_ws/src/camera_interface'
[1.555s] INFO:colcon.colcon_core.shell:Skip shell extension 'powershell' for command environment: Not usable outside of PowerShell
[1.556s] DEBUG:colcon.colcon_core.shell:Skip shell extension 'dsv' for command environment
[1.953s] INFO:colcon.colcon_core.task.python.build:Building Python package in '/home/andrewlh/VSCode/ros2_ws/src/control'
[1.954s] INFO:colcon.colcon_core.shell:Skip shell extension 'powershell' for command environment: Not usable outside of PowerShell
[1.954s] DEBUG:colcon.colcon_core.shell:Skip shell extension 'dsv' for command environment
[2.296s] INFO:colcon.colcon_core.task.python.build:Building Python package in '/home/andrewlh/VSCode/ros2_ws/src/cr3_interface'
[2.297s] INFO:colcon.colcon_core.shell:Skip shell extension 'powershell' for command environment: Not usable outside of PowerShell
[2.297s] DEBUG:colcon.colcon_core.shell:Skip shell extension 'dsv' for command environment
[2.610s] INFO:colcon.colcon_core.task.python.build:Building Python package in '/home/andrewlh/VSCode/ros2_ws/src/diagnostics'
[2.610s] INFO:colcon.colcon_core.shell:Skip shell extension 'powershell' for command environment: Not usable outside of PowerShell
[2.611s] DEBUG:colcon.colcon_core.shell:Skip shell extension 'dsv' for command environment
[3.102s] INFO:colcon.colcon_core.task.python.build:Building Python package in '/home/andrewlh/VSCode/ros2_ws/src/integration_tests'
[3.103s] INFO:colcon.colcon_core.shell:Skip shell extension 'powershell' for command environment: Not usable outside of PowerShell
[3.103s] DEBUG:colcon.colcon_core.shell:Skip shell extension 'dsv' for command environment
[3.623s] INFO:colcon.colcon_core.task.python.build:Building Python package in '/home/andrewlh/VSCode/ros2_ws/src/perception'
[3.624s] INFO:colcon.colcon_core.shell:Skip shell extension 'powershell' for command environment: Not usable outside of PowerShell
[3.624s] DEBUG:colcon.colcon_core.shell:Skip shell extension 'dsv' for command environment
[4.055s] INFO:colcon.colcon_core.task.python.build:Building Python package in '/home/andrewlh/VSCode/ros2_ws/src/sim_interface'
[4.055s] INFO:colcon.colcon_core.shell:Skip shell extension 'powershell' for command environment: Not usable outside of PowerShell
[4.055s] DEBUG:colcon.colcon_core.shell:Skip shell extension 'dsv' for command environment
[4.481s] INFO:colcon.colcon_core.task.python.build:Building Python package in '/home/andrewlh/VSCode/ros2_ws/src/ui'
[4.482s] INFO:colcon.colcon_core.shell:Skip shell extension 'powershell' for command environment: Not usable outside of PowerShell
[4.482s] DEBUG:colcon.colcon_core.shell:Skip shell extension 'dsv' for command environment
[6.209s] DEBUG:colcon.colcon_core.event_handler.log_command:Invoking command in '/home/andrewlh/VSCode/ros2_ws/src/integration_tests': CONDA_PROMPT_MODIFIER=(base) DEBUGINFOD_URLS=https://debuginfod.ubuntu.com PYTHONPATH=/home/andrewlh/VSCode/ros2_ws/build/integration_tests/prefix_override:/usr/lib/python3/dist-packages/colcon_core/task/python/colcon_distutils_commands:/home/andrewlh/VSCode/ros2_ws/install/integration_tests/lib/python3.12/site-packages:${PYTHONPATH} /usr/bin/python3 -W ignore:setup.py install is deprecated -W ignore:easy_install command is deprecated setup.py egg_info --egg-base ../../build/integration_tests build --build-base /home/andrewlh/VSCode/ros2_ws/build/integration_tests/build install --record /home/andrewlh/VSCode/ros2_ws/build/integration_tests/install.log --single-version-externally-managed install_data
[6.234s] DEBUG:colcon.colcon_core.event_handler.log_command:Invoking command in '/home/andrewlh/VSCode/ros2_ws/src/diagnostics': CONDA_PROMPT_MODIFIER=(base) DEBUGINFOD_URLS=https://debuginfod.ubuntu.com PYTHONPATH=/home/andrewlh/VSCode/ros2_ws/build/diagnostics/prefix_override:/usr/lib/python3/dist-packages/colcon_core/task/python/colcon_distutils_commands:/home/andrewlh/VSCode/ros2_ws/install/diagnostics/lib/python3.12/site-packages:${PYTHONPATH} /usr/bin/python3 -W ignore:setup.py install is deprecated -W ignore:easy_install command is deprecated setup.py egg_info --egg-base ../../build/diagnostics build --build-base /home/andrewlh/VSCode/ros2_ws/build/diagnostics/build install --record /home/andrewlh/VSCode/ros2_ws/build/diagnostics/install.log --single-version-externally-managed install_data
[6.518s] DEBUG:colcon.colcon_core.event_handler.log_command:Invoking command in '/home/andrewlh/VSCode/ros2_ws/src/camera_interface': CONDA_PROMPT_MODIFIER=(base) DEBUGINFOD_URLS=https://debuginfod.ubuntu.com PYTHONPATH=/home/andrewlh/VSCode/ros2_ws/build/camera_interface/prefix_override:/usr/lib/python3/dist-packages/colcon_core/task/python/colcon_distutils_commands:/home/andrewlh/VSCode/ros2_ws/install/camera_interface/lib/python3.12/site-packages:${PYTHONPATH} /usr/bin/python3 -W ignore:setup.py install is deprecated -W ignore:easy_install command is deprecated setup.py egg_info --egg-base ../../build/camera_interface build --build-base /home/andrewlh/VSCode/ros2_ws/build/camera_interface/build install --record /home/andrewlh/VSCode/ros2_ws/build/camera_interface/install.log --single-version-externally-managed install_data
[6.605s] DEBUG:colcon.colcon_core.event_handler.log_command:Invoking command in '/home/andrewlh/VSCode/ros2_ws/src/control': CONDA_PROMPT_MODIFIER=(base) DEBUGINFOD_URLS=https://debuginfod.ubuntu.com PYTHONPATH=/home/andrewlh/VSCode/ros2_ws/build/control/prefix_override:/usr/lib/python3/dist-packages/colcon_core/task/python/colcon_distutils_commands:/home/andrewlh/VSCode/ros2_ws/install/control/lib/python3.12/site-packages:${PYTHONPATH} /usr/bin/python3 -W ignore:setup.py install is deprecated -W ignore:easy_install command is deprecated setup.py egg_info --egg-base ../../build/control build --build-base /home/andrewlh/VSCode/ros2_ws/build/control/build install --record /home/andrewlh/VSCode/ros2_ws/build/control/install.log --single-version-externally-managed install_data
[6.646s] DEBUG:colcon.colcon_core.event_handler.log_command:Invoking command in '/home/andrewlh/VSCode/ros2_ws/src/sim_interface': CONDA_PROMPT_MODIFIER=(base) DEBUGINFOD_URLS=https://debuginfod.ubuntu.com PYTHONPATH=/home/andrewlh/VSCode/ros2_ws/build/sim_interface/prefix_override:/usr/lib/python3/dist-packages/colcon_core/task/python/colcon_distutils_commands:/home/andrewlh/VSCode/ros2_ws/install/sim_interface/lib/python3.12/site-packages:${PYTHONPATH} /usr/bin/python3 -W ignore:setup.py install is deprecated -W ignore:easy_install command is deprecated setup.py egg_info --egg-base ../../build/sim_interface build --build-base /home/andrewlh/VSCode/ros2_ws/build/sim_interface/build install --record /home/andrewlh/VSCode/ros2_ws/build/sim_interface/install.log --single-version-externally-managed install_data
[6.710s] DEBUG:colcon.colcon_core.event_handler.log_command:Invoking command in '/home/andrewlh/VSCode/ros2_ws/src/cr3_interface': CONDA_PROMPT_MODIFIER=(base) DEBUGINFOD_URLS=https://debuginfod.ubuntu.com PYTHONPATH=/home/andrewlh/VSCode/ros2_ws/build/cr3_interface/prefix_override:/usr/lib/python3/dist-packages/colcon_core/task/python/colcon_distutils_commands:/home/andrewlh/VSCode/ros2_ws/install/cr3_interface/lib/python3.12/site-packages:${PYTHONPATH} /usr/bin/python3 -W ignore:setup.py install is deprecated -W ignore:easy_install command is deprecated setup.py egg_info --egg-base ../../build/cr3_interface build --build-base /home/andrewlh/VSCode/ros2_ws/build/cr3_interface/build install --record /home/andrewlh/VSCode/ros2_ws/build/cr3_interface/install.log --single-version-externally-managed install_data
[6.974s] DEBUG:colcon.colcon_core.event_handler.log_command:Invoking command in '/home/andrewlh/VSCode/ros2_ws/src/perception': CONDA_PROMPT_MODIFIER=(base) DEBUGINFOD_URLS=https://debuginfod.ubuntu.com PYTHONPATH=/home/andrewlh/VSCode/ros2_ws/build/perception/prefix_override:/usr/lib/python3/dist-packages/colcon_core/task/python/colcon_distutils_commands:/home/andrewlh/VSCode/ros2_ws/install/perception/lib/python3.12/site-packages:${PYTHONPATH} /usr/bin/python3 -W ignore:setup.py install is deprecated -W ignore:easy_install command is deprecated setup.py egg_info --egg-base ../../build/perception build --build-base /home/andrewlh/VSCode/ros2_ws/build/perception/build install --record /home/andrewlh/VSCode/ros2_ws/build/perception/install.log --single-version-externally-managed install_data
[6.989s] DEBUG:colcon.colcon_core.event_handler.log_command:Invoking command in '/home/andrewlh/VSCode/ros2_ws/src/ui': CONDA_PROMPT_MODIFIER=(base) DEBUGINFOD_URLS=https://debuginfod.ubuntu.com PYTHONPATH=/home/andrewlh/VSCode/ros2_ws/build/ui/prefix_override:/usr/lib/python3/dist-packages/colcon_core/task/python/colcon_distutils_commands:/home/andrewlh/VSCode/ros2_ws/install/ui/lib/python3.12/site-packages:${PYTHONPATH} /usr/bin/python3 -W ignore:setup.py install is deprecated -W ignore:easy_install command is deprecated setup.py egg_info --egg-base ../../build/ui build --build-base /home/andrewlh/VSCode/ros2_ws/build/ui/build install --record /home/andrewlh/VSCode/ros2_ws/build/ui/install.log --single-version-externally-managed install_data
[7.701s] DEBUG:colcon.colcon_core.event_handler.log_command:Invoked command in '/home/andrewlh/VSCode/ros2_ws/src/integration_tests' returned '0': CONDA_PROMPT_MODIFIER=(base) DEBUGINFOD_URLS=https://debuginfod.ubuntu.com PYTHONPATH=/home/andrewlh/VSCode/ros2_ws/build/integration_tests/prefix_override:/usr/lib/python3/dist-packages/colcon_core/task/python/colcon_distutils_commands:/home/andrewlh/VSCode/ros2_ws/install/integration_tests/lib/python3.12/site-packages:${PYTHONPATH} /usr/bin/python3 -W ignore:setup.py install is deprecated -W ignore:easy_install command is deprecated setup.py egg_info --egg-base ../../build/integration_tests build --build-base /home/andrewlh/VSCode/ros2_ws/build/integration_tests/build install --record /home/andrewlh/VSCode/ros2_ws/build/integration_tests/install.log --single-version-externally-managed install_data
[7.731s] Level 1:colcon.colcon_core.environment:checking '/home/andrewlh/VSCode/ros2_ws/install/integration_tests' for CMake module files
[7.742s] Level 1:colcon.colcon_core.environment:checking '/home/andrewlh/VSCode/ros2_ws/install/integration_tests' for CMake config files
[7.743s] Level 1:colcon.colcon_core.environment:checking '/home/andrewlh/VSCode/ros2_ws/install/integration_tests/lib'
[7.743s] Level 1:colcon.colcon_core.environment:checking '/home/andrewlh/VSCode/ros2_ws/install/integration_tests/bin'
[7.743s] Level 1:colcon.colcon_core.shell:create_environment_hook('integration_tests', 'path')
[7.744s] INFO:colcon.colcon_core.shell:Creating environment hook '/home/andrewlh/VSCode/ros2_ws/install/integration_tests/share/integration_tests/hook/path.ps1'
[7.756s] INFO:colcon.colcon_core.shell:Creating environment descriptor '/home/andrewlh/VSCode/ros2_ws/install/integration_tests/share/integration_tests/hook/path.dsv'
[7.777s] INFO:colcon.colcon_core.shell:Creating environment hook '/home/andrewlh/VSCode/ros2_ws/install/integration_tests/share/integration_tests/hook/path.sh'
[7.778s] Level 1:colcon.colcon_core.environment:checking '/home/andrewlh/VSCode/ros2_ws/install/integration_tests/lib/pkgconfig/integration_tests.pc'
[7.778s] Level 1:colcon.colcon_core.environment:checking '/home/andrewlh/VSCode/ros2_ws/install/integration_tests/lib/python3.12/site-packages'
[7.779s] Level 1:colcon.colcon_core.shell:create_environment_hook('integration_tests', 'pythonpath')
[7.779s] INFO:colcon.colcon_core.shell:Creating environment hook '/home/andrewlh/VSCode/ros2_ws/install/integration_tests/share/integration_tests/hook/pythonpath.ps1'
[7.788s] INFO:colcon.colcon_core.shell:Creating environment descriptor '/home/andrewlh/VSCode/ros2_ws/install/integration_tests/share/integration_tests/hook/pythonpath.dsv'
[7.789s] INFO:colcon.colcon_core.shell:Creating environment hook '/home/andrewlh/VSCode/ros2_ws/install/integration_tests/share/integration_tests/hook/pythonpath.sh'
[7.791s] Level 1:colcon.colcon_core.environment:checking '/home/andrewlh/VSCode/ros2_ws/install/integration_tests/bin'
[7.791s] Level 1:colcon.colcon_core.shell:create_environment_hook('integration_tests', 'pythonscriptspath')
[7.791s] INFO:colcon.colcon_core.shell:Creating environment hook '/home/andrewlh/VSCode/ros2_ws/install/integration_tests/share/integration_tests/hook/pythonscriptspath.ps1'
[7.793s] INFO:colcon.colcon_core.shell:Creating environment descriptor '/home/andrewlh/VSCode/ros2_ws/install/integration_tests/share/integration_tests/hook/pythonscriptspath.dsv'
[7.798s] INFO:colcon.colcon_core.shell:Creating environment hook '/home/andrewlh/VSCode/ros2_ws/install/integration_tests/share/integration_tests/hook/pythonscriptspath.sh'
[7.803s] Level 1:colcon.colcon_core.environment:create_environment_scripts_only(integration_tests)
[7.805s] INFO:colcon.colcon_core.shell:Creating package script '/home/andrewlh/VSCode/ros2_ws/install/integration_tests/share/integration_tests/package.ps1'
[7.825s] INFO:colcon.colcon_core.shell:Creating package descriptor '/home/andrewlh/VSCode/ros2_ws/install/integration_tests/share/integration_tests/package.dsv'
[7.827s] INFO:colcon.colcon_core.shell:Creating package script '/home/andrewlh/VSCode/ros2_ws/install/integration_tests/share/integration_tests/package.sh'
[7.828s] INFO:colcon.colcon_core.shell:Creating package script '/home/andrewlh/VSCode/ros2_ws/install/integration_tests/share/integration_tests/package.bash'
[7.868s] INFO:colcon.colcon_core.shell:Creating package script '/home/andrewlh/VSCode/ros2_ws/install/integration_tests/share/integration_tests/package.zsh'
[7.877s] Level 1:colcon.colcon_core.environment:create_file_with_runtime_dependencies(/home/andrewlh/VSCode/ros2_ws/install/integration_tests/share/colcon-core/packages/integration_tests)
[7.889s] Level 1:colcon.colcon_core.environment:checking '/home/andrewlh/VSCode/ros2_ws/install/diagnostics' for CMake module files
[7.891s] Level 1:colcon.colcon_core.environment:checking '/home/andrewlh/VSCode/ros2_ws/install/diagnostics' for CMake config files
[7.892s] DEBUG:colcon.colcon_core.event_handler.log_command:Invoked command in '/home/andrewlh/VSCode/ros2_ws/src/diagnostics' returned '0': CONDA_PROMPT_MODIFIER=(base) DEBUGINFOD_URLS=https://debuginfod.ubuntu.com PYTHONPATH=/home/andrewlh/VSCode/ros2_ws/build/diagnostics/prefix_override:/usr/lib/python3/dist-packages/colcon_core/task/python/colcon_distutils_commands:/home/andrewlh/VSCode/ros2_ws/install/diagnostics/lib/python3.12/site-packages:${PYTHONPATH} /usr/bin/python3 -W ignore:setup.py install is deprecated -W ignore:easy_install command is deprecated setup.py egg_info --egg-base ../../build/diagnostics build --build-base /home/andrewlh/VSCode/ros2_ws/build/diagnostics/build install --record /home/andrewlh/VSCode/ros2_ws/build/diagnostics/install.log --single-version-externally-managed install_data
[7.897s] Level 1:colcon.colcon_core.environment:checking '/home/andrewlh/VSCode/ros2_ws/install/diagnostics/lib'
[7.898s] Level 1:colcon.colcon_core.environment:checking '/home/andrewlh/VSCode/ros2_ws/install/diagnostics/bin'
[7.898s] Level 1:colcon.colcon_core.shell:create_environment_hook('diagnostics', 'path')
[7.901s] INFO:colcon.colcon_core.shell:Creating environment hook '/home/andrewlh/VSCode/ros2_ws/install/diagnostics/share/diagnostics/hook/path.ps1'
[7.904s] INFO:colcon.colcon_core.shell:Creating environment descriptor '/home/andrewlh/VSCode/ros2_ws/install/diagnostics/share/diagnostics/hook/path.dsv'
[7.906s] INFO:colcon.colcon_core.shell:Creating environment hook '/home/andrewlh/VSCode/ros2_ws/install/diagnostics/share/diagnostics/hook/path.sh'
[7.908s] Level 1:colcon.colcon_core.environment:checking '/home/andrewlh/VSCode/ros2_ws/install/diagnostics/lib/pkgconfig/diagnostics.pc'
[7.908s] Level 1:colcon.colcon_core.environment:checking '/home/andrewlh/VSCode/ros2_ws/install/diagnostics/lib/python3.12/site-packages'
[7.909s] Level 1:colcon.colcon_core.shell:create_environment_hook('diagnostics', 'pythonpath')
[7.924s] INFO:colcon.colcon_core.shell:Creating environment hook '/home/andrewlh/VSCode/ros2_ws/install/diagnostics/share/diagnostics/hook/pythonpath.ps1'
[7.925s] INFO:colcon.colcon_core.shell:Creating environment descriptor '/home/andrewlh/VSCode/ros2_ws/install/diagnostics/share/diagnostics/hook/pythonpath.dsv'
[7.925s] INFO:colcon.colcon_core.shell:Creating environment hook '/home/andrewlh/VSCode/ros2_ws/install/diagnostics/share/diagnostics/hook/pythonpath.sh'
[7.926s] Level 1:colcon.colcon_core.environment:checking '/home/andrewlh/VSCode/ros2_ws/install/diagnostics/bin'
[7.927s] Level 1:colcon.colcon_core.shell:create_environment_hook('diagnostics', 'pythonscriptspath')
[7.927s] INFO:colcon.colcon_core.shell:Creating environment hook '/home/andrewlh/VSCode/ros2_ws/install/diagnostics/share/diagnostics/hook/pythonscriptspath.ps1'
[7.928s] INFO:colcon.colcon_core.shell:Creating environment descriptor '/home/andrewlh/VSCode/ros2_ws/install/diagnostics/share/diagnostics/hook/pythonscriptspath.dsv'
[7.943s] INFO:colcon.colcon_core.shell:Creating environment hook '/home/andrewlh/VSCode/ros2_ws/install/diagnostics/share/diagnostics/hook/pythonscriptspath.sh'
[7.944s] Level 1:colcon.colcon_core.environment:create_environment_scripts_only(diagnostics)
[7.945s] INFO:colcon.colcon_core.shell:Creating package script '/home/andrewlh/VSCode/ros2_ws/install/diagnostics/share/diagnostics/package.ps1'
[7.946s] INFO:colcon.colcon_core.shell:Creating package descriptor '/home/andrewlh/VSCode/ros2_ws/install/diagnostics/share/diagnostics/package.dsv'
[7.948s] INFO:colcon.colcon_core.shell:Creating package script '/home/andrewlh/VSCode/ros2_ws/install/diagnostics/share/diagnostics/package.sh'
[7.957s] INFO:colcon.colcon_core.shell:Creating package script '/home/andrewlh/VSCode/ros2_ws/install/diagnostics/share/diagnostics/package.bash'
[7.960s] INFO:colcon.colcon_core.shell:Creating package script '/home/andrewlh/VSCode/ros2_ws/install/diagnostics/share/diagnostics/package.zsh'
[7.962s] Level 1:colcon.colcon_core.environment:create_file_with_runtime_dependencies(/home/andrewlh/VSCode/ros2_ws/install/diagnostics/share/colcon-core/packages/diagnostics)
[8.620s] Level 1:colcon.colcon_core.environment:checking '/home/andrewlh/VSCode/ros2_ws/install/cr3_interface' for CMake module files
[8.623s] Level 1:colcon.colcon_core.environment:checking '/home/andrewlh/VSCode/ros2_ws/install/cr3_interface' for CMake config files
[8.624s] Level 1:colcon.colcon_core.environment:checking '/home/andrewlh/VSCode/ros2_ws/install/cr3_interface/lib'
[8.624s] Level 1:colcon.colcon_core.environment:checking '/home/andrewlh/VSCode/ros2_ws/install/cr3_interface/bin'
[8.622s] DEBUG:colcon.colcon_core.event_handler.log_command:Invoked command in '/home/andrewlh/VSCode/ros2_ws/src/cr3_interface' returned '0': CONDA_PROMPT_MODIFIER=(base) DEBUGINFOD_URLS=https://debuginfod.ubuntu.com PYTHONPATH=/home/andrewlh/VSCode/ros2_ws/build/cr3_interface/prefix_override:/usr/lib/python3/dist-packages/colcon_core/task/python/colcon_distutils_commands:/home/andrewlh/VSCode/ros2_ws/install/cr3_interface/lib/python3.12/site-packages:${PYTHONPATH} /usr/bin/python3 -W ignore:setup.py install is deprecated -W ignore:easy_install command is deprecated setup.py egg_info --egg-base ../../build/cr3_interface build --build-base /home/andrewlh/VSCode/ros2_ws/build/cr3_interface/build install --record /home/andrewlh/VSCode/ros2_ws/build/cr3_interface/install.log --single-version-externally-managed install_data
[8.637s] Level 1:colcon.colcon_core.shell:create_environment_hook('cr3_interface', 'path')
[8.638s] INFO:colcon.colcon_core.shell:Creating environment hook '/home/andrewlh/VSCode/ros2_ws/install/cr3_interface/share/cr3_interface/hook/path.ps1'
[8.639s] INFO:colcon.colcon_core.shell:Creating environment descriptor '/home/andrewlh/VSCode/ros2_ws/install/cr3_interface/share/cr3_interface/hook/path.dsv'
[8.639s] INFO:colcon.colcon_core.shell:Creating environment hook '/home/andrewlh/VSCode/ros2_ws/install/cr3_interface/share/cr3_interface/hook/path.sh'
[8.640s] Level 1:colcon.colcon_core.environment:checking '/home/andrewlh/VSCode/ros2_ws/install/cr3_interface/lib/pkgconfig/cr3_interface.pc'
[8.641s] Level 1:colcon.colcon_core.environment:checking '/home/andrewlh/VSCode/ros2_ws/install/cr3_interface/lib/python3.12/site-packages'
[8.641s] Level 1:colcon.colcon_core.shell:create_environment_hook('cr3_interface', 'pythonpath')
[8.643s] INFO:colcon.colcon_core.shell:Creating environment hook '/home/andrewlh/VSCode/ros2_ws/install/cr3_interface/share/cr3_interface/hook/pythonpath.ps1'
[8.646s] INFO:colcon.colcon_core.shell:Creating environment descriptor '/home/andrewlh/VSCode/ros2_ws/install/cr3_interface/share/cr3_interface/hook/pythonpath.dsv'
[8.652s] INFO:colcon.colcon_core.shell:Creating environment hook '/home/andrewlh/VSCode/ros2_ws/install/cr3_interface/share/cr3_interface/hook/pythonpath.sh'
[8.653s] Level 1:colcon.colcon_core.environment:checking '/home/andrewlh/VSCode/ros2_ws/install/cr3_interface/bin'
[8.654s] Level 1:colcon.colcon_core.shell:create_environment_hook('cr3_interface', 'pythonscriptspath')
[8.654s] INFO:colcon.colcon_core.shell:Creating environment hook '/home/andrewlh/VSCode/ros2_ws/install/cr3_interface/share/cr3_interface/hook/pythonscriptspath.ps1'
[8.655s] INFO:colcon.colcon_core.shell:Creating environment descriptor '/home/andrewlh/VSCode/ros2_ws/install/cr3_interface/share/cr3_interface/hook/pythonscriptspath.dsv'
[8.656s] INFO:colcon.colcon_core.shell:Creating environment hook '/home/andrewlh/VSCode/ros2_ws/install/cr3_interface/share/cr3_interface/hook/pythonscriptspath.sh'
[8.658s] Level 1:colcon.colcon_core.environment:create_environment_scripts_only(cr3_interface)
[8.658s] INFO:colcon.colcon_core.shell:Creating package script '/home/andrewlh/VSCode/ros2_ws/install/cr3_interface/share/cr3_interface/package.ps1'
[8.660s] INFO:colcon.colcon_core.shell:Creating package descriptor '/home/andrewlh/VSCode/ros2_ws/install/cr3_interface/share/cr3_interface/package.dsv'
[8.662s] INFO:colcon.colcon_core.shell:Creating package script '/home/andrewlh/VSCode/ros2_ws/install/cr3_interface/share/cr3_interface/package.sh'
[8.664s] INFO:colcon.colcon_core.shell:Creating package script '/home/andrewlh/VSCode/ros2_ws/install/cr3_interface/share/cr3_interface/package.bash'
[8.665s] INFO:colcon.colcon_core.shell:Creating package script '/home/andrewlh/VSCode/ros2_ws/install/cr3_interface/share/cr3_interface/package.zsh'
[8.666s] Level 1:colcon.colcon_core.environment:create_file_with_runtime_dependencies(/home/andrewlh/VSCode/ros2_ws/install/cr3_interface/share/colcon-core/packages/cr3_interface)
[8.668s] Level 1:colcon.colcon_core.environment:checking '/home/andrewlh/VSCode/ros2_ws/install/camera_interface' for CMake module files
[8.669s] DEBUG:colcon.colcon_core.event_handler.log_command:Invoked command in '/home/andrewlh/VSCode/ros2_ws/src/camera_interface' returned '0': CONDA_PROMPT_MODIFIER=(base) DEBUGINFOD_URLS=https://debuginfod.ubuntu.com PYTHONPATH=/home/andrewlh/VSCode/ros2_ws/build/camera_interface/prefix_override:/usr/lib/python3/dist-packages/colcon_core/task/python/colcon_distutils_commands:/home/andrewlh/VSCode/ros2_ws/install/camera_interface/lib/python3.12/site-packages:${PYTHONPATH} /usr/bin/python3 -W ignore:setup.py install is deprecated -W ignore:easy_install command is deprecated setup.py egg_info --egg-base ../../build/camera_interface build --build-base /home/andrewlh/VSCode/ros2_ws/build/camera_interface/build install --record /home/andrewlh/VSCode/ros2_ws/build/camera_interface/install.log --single-version-externally-managed install_data
[8.670s] Level 1:colcon.colcon_core.environment:checking '/home/andrewlh/VSCode/ros2_ws/install/camera_interface' for CMake config files
[8.671s] Level 1:colcon.colcon_core.environment:checking '/home/andrewlh/VSCode/ros2_ws/install/camera_interface/lib'
[8.671s] Level 1:colcon.colcon_core.environment:checking '/home/andrewlh/VSCode/ros2_ws/install/camera_interface/bin'
[8.671s] Level 1:colcon.colcon_core.shell:create_environment_hook('camera_interface', 'path')
[8.671s] INFO:colcon.colcon_core.shell:Creating environment hook '/home/andrewlh/VSCode/ros2_ws/install/camera_interface/share/camera_interface/hook/path.ps1'
[8.673s] INFO:colcon.colcon_core.shell:Creating environment descriptor '/home/andrewlh/VSCode/ros2_ws/install/camera_interface/share/camera_interface/hook/path.dsv'
[8.673s] INFO:colcon.colcon_core.shell:Creating environment hook '/home/andrewlh/VSCode/ros2_ws/install/camera_interface/share/camera_interface/hook/path.sh'
[8.674s] Level 1:colcon.colcon_core.environment:checking '/home/andrewlh/VSCode/ros2_ws/install/camera_interface/lib/pkgconfig/camera_interface.pc'
[8.675s] Level 1:colcon.colcon_core.environment:checking '/home/andrewlh/VSCode/ros2_ws/install/camera_interface/lib/python3.12/site-packages'
[8.675s] Level 1:colcon.colcon_core.shell:create_environment_hook('camera_interface', 'pythonpath')
[8.675s] INFO:colcon.colcon_core.shell:Creating environment hook '/home/andrewlh/VSCode/ros2_ws/install/camera_interface/share/camera_interface/hook/pythonpath.ps1'
[8.676s] INFO:colcon.colcon_core.shell:Creating environment descriptor '/home/andrewlh/VSCode/ros2_ws/install/camera_interface/share/camera_interface/hook/pythonpath.dsv'
[8.677s] INFO:colcon.colcon_core.shell:Creating environment hook '/home/andrewlh/VSCode/ros2_ws/install/camera_interface/share/camera_interface/hook/pythonpath.sh'
[8.679s] Level 1:colcon.colcon_core.environment:checking '/home/andrewlh/VSCode/ros2_ws/install/camera_interface/bin'
[8.680s] Level 1:colcon.colcon_core.shell:create_environment_hook('camera_interface', 'pythonscriptspath')
[8.680s] INFO:colcon.colcon_core.shell:Creating environment hook '/home/andrewlh/VSCode/ros2_ws/install/camera_interface/share/camera_interface/hook/pythonscriptspath.ps1'
[8.681s] INFO:colcon.colcon_core.shell:Creating environment descriptor '/home/andrewlh/VSCode/ros2_ws/install/camera_interface/share/camera_interface/hook/pythonscriptspath.dsv'
[8.686s] INFO:colcon.colcon_core.shell:Creating environment hook '/home/andrewlh/VSCode/ros2_ws/install/camera_interface/share/camera_interface/hook/pythonscriptspath.sh'
[8.687s] Level 1:colcon.colcon_core.environment:create_environment_scripts_only(camera_interface)
[8.687s] INFO:colcon.colcon_core.shell:Creating package script '/home/andrewlh/VSCode/ros2_ws/install/camera_interface/share/camera_interface/package.ps1'
[8.689s] INFO:colcon.colcon_core.shell:Creating package descriptor '/home/andrewlh/VSCode/ros2_ws/install/camera_interface/share/camera_interface/package.dsv'
[8.690s] INFO:colcon.colcon_core.shell:Creating package script '/home/andrewlh/VSCode/ros2_ws/install/camera_interface/share/camera_interface/package.sh'
[8.691s] INFO:colcon.colcon_core.shell:Creating package script '/home/andrewlh/VSCode/ros2_ws/install/camera_interface/share/camera_interface/package.bash'
[8.691s] INFO:colcon.colcon_core.shell:Creating package script '/home/andrewlh/VSCode/ros2_ws/install/camera_interface/share/camera_interface/package.zsh'
[8.692s] Level 1:colcon.colcon_core.environment:create_file_with_runtime_dependencies(/home/andrewlh/VSCode/ros2_ws/install/camera_interface/share/colcon-core/packages/camera_interface)
[8.736s] Level 1:colcon.colcon_core.environment:checking '/home/andrewlh/VSCode/ros2_ws/install/sim_interface' for CMake module files
[8.737s] DEBUG:colcon.colcon_core.event_handler.log_command:Invoked command in '/home/andrewlh/VSCode/ros2_ws/src/sim_interface' returned '0': CONDA_PROMPT_MODIFIER=(base) DEBUGINFOD_URLS=https://debuginfod.ubuntu.com PYTHONPATH=/home/andrewlh/VSCode/ros2_ws/build/sim_interface/prefix_override:/usr/lib/python3/dist-packages/colcon_core/task/python/colcon_distutils_commands:/home/andrewlh/VSCode/ros2_ws/install/sim_interface/lib/python3.12/site-packages:${PYTHONPATH} /usr/bin/python3 -W ignore:setup.py install is deprecated -W ignore:easy_install command is deprecated setup.py egg_info --egg-base ../../build/sim_interface build --build-base /home/andrewlh/VSCode/ros2_ws/build/sim_interface/build install --record /home/andrewlh/VSCode/ros2_ws/build/sim_interface/install.log --single-version-externally-managed install_data
[8.738s] Level 1:colcon.colcon_core.environment:checking '/home/andrewlh/VSCode/ros2_ws/install/sim_interface' for CMake config files
[8.739s] Level 1:colcon.colcon_core.environment:checking '/home/andrewlh/VSCode/ros2_ws/install/sim_interface/lib'
[8.740s] Level 1:colcon.colcon_core.environment:checking '/home/andrewlh/VSCode/ros2_ws/install/sim_interface/bin'
[8.740s] Level 1:colcon.colcon_core.shell:create_environment_hook('sim_interface', 'path')
[8.740s] INFO:colcon.colcon_core.shell:Creating environment hook '/home/andrewlh/VSCode/ros2_ws/install/sim_interface/share/sim_interface/hook/path.ps1'
[8.741s] INFO:colcon.colcon_core.shell:Creating environment descriptor '/home/andrewlh/VSCode/ros2_ws/install/sim_interface/share/sim_interface/hook/path.dsv'
[8.741s] INFO:colcon.colcon_core.shell:Creating environment hook '/home/andrewlh/VSCode/ros2_ws/install/sim_interface/share/sim_interface/hook/path.sh'
[8.742s] Level 1:colcon.colcon_core.environment:checking '/home/andrewlh/VSCode/ros2_ws/install/sim_interface/lib/pkgconfig/sim_interface.pc'
[8.743s] Level 1:colcon.colcon_core.environment:checking '/home/andrewlh/VSCode/ros2_ws/install/sim_interface/lib/python3.12/site-packages'
[8.743s] Level 1:colcon.colcon_core.shell:create_environment_hook('sim_interface', 'pythonpath')
[8.743s] INFO:colcon.colcon_core.shell:Creating environment hook '/home/andrewlh/VSCode/ros2_ws/install/sim_interface/share/sim_interface/hook/pythonpath.ps1'
[8.744s] INFO:colcon.colcon_core.shell:Creating environment descriptor '/home/andrewlh/VSCode/ros2_ws/install/sim_interface/share/sim_interface/hook/pythonpath.dsv'
[8.745s] INFO:colcon.colcon_core.shell:Creating environment hook '/home/andrewlh/VSCode/ros2_ws/install/sim_interface/share/sim_interface/hook/pythonpath.sh'
[8.746s] Level 1:colcon.colcon_core.environment:checking '/home/andrewlh/VSCode/ros2_ws/install/sim_interface/bin'
[8.746s] Level 1:colcon.colcon_core.shell:create_environment_hook('sim_interface', 'pythonscriptspath')
[8.746s] INFO:colcon.colcon_core.shell:Creating environment hook '/home/andrewlh/VSCode/ros2_ws/install/sim_interface/share/sim_interface/hook/pythonscriptspath.ps1'
[8.747s] INFO:colcon.colcon_core.shell:Creating environment descriptor '/home/andrewlh/VSCode/ros2_ws/install/sim_interface/share/sim_interface/hook/pythonscriptspath.dsv'
[8.747s] INFO:colcon.colcon_core.shell:Creating environment hook '/home/andrewlh/VSCode/ros2_ws/install/sim_interface/share/sim_interface/hook/pythonscriptspath.sh'
[8.748s] Level 1:colcon.colcon_core.environment:create_environment_scripts_only(sim_interface)
[8.749s] INFO:colcon.colcon_core.shell:Creating package script '/home/andrewlh/VSCode/ros2_ws/install/sim_interface/share/sim_interface/package.ps1'
[8.750s] INFO:colcon.colcon_core.shell:Creating package descriptor '/home/andrewlh/VSCode/ros2_ws/install/sim_interface/share/sim_interface/package.dsv'
[8.750s] INFO:colcon.colcon_core.shell:Creating package script '/home/andrewlh/VSCode/ros2_ws/install/sim_interface/share/sim_interface/package.sh'
[8.751s] INFO:colcon.colcon_core.shell:Creating package script '/home/andrewlh/VSCode/ros2_ws/install/sim_interface/share/sim_interface/package.bash'
[8.751s] INFO:colcon.colcon_core.shell:Creating package script '/home/andrewlh/VSCode/ros2_ws/install/sim_interface/share/sim_interface/package.zsh'
[8.752s] Level 1:colcon.colcon_core.environment:create_file_with_runtime_dependencies(/home/andrewlh/VSCode/ros2_ws/install/sim_interface/share/colcon-core/packages/sim_interface)
[8.754s] Level 1:colcon.colcon_core.environment:checking '/home/andrewlh/VSCode/ros2_ws/install/control' for CMake module files
[8.756s] Level 1:colcon.colcon_core.environment:checking '/home/andrewlh/VSCode/ros2_ws/install/control' for CMake config files
[8.757s] DEBUG:colcon.colcon_core.event_handler.log_command:Invoked command in '/home/andrewlh/VSCode/ros2_ws/src/control' returned '0': CONDA_PROMPT_MODIFIER=(base) DEBUGINFOD_URLS=https://debuginfod.ubuntu.com PYTHONPATH=/home/andrewlh/VSCode/ros2_ws/build/control/prefix_override:/usr/lib/python3/dist-packages/colcon_core/task/python/colcon_distutils_commands:/home/andrewlh/VSCode/ros2_ws/install/control/lib/python3.12/site-packages:${PYTHONPATH} /usr/bin/python3 -W ignore:setup.py install is deprecated -W ignore:easy_install command is deprecated setup.py egg_info --egg-base ../../build/control build --build-base /home/andrewlh/VSCode/ros2_ws/build/control/build install --record /home/andrewlh/VSCode/ros2_ws/build/control/install.log --single-version-externally-managed install_data
[8.758s] Level 1:colcon.colcon_core.environment:checking '/home/andrewlh/VSCode/ros2_ws/install/control/lib'
[8.758s] Level 1:colcon.colcon_core.environment:checking '/home/andrewlh/VSCode/ros2_ws/install/control/bin'
[8.758s] Level 1:colcon.colcon_core.shell:create_environment_hook('control', 'path')
[8.759s] INFO:colcon.colcon_core.shell:Creating environment hook '/home/andrewlh/VSCode/ros2_ws/install/control/share/control/hook/path.ps1'
[8.760s] INFO:colcon.colcon_core.shell:Creating environment descriptor '/home/andrewlh/VSCode/ros2_ws/install/control/share/control/hook/path.dsv'
[8.761s] INFO:colcon.colcon_core.shell:Creating environment hook '/home/andrewlh/VSCode/ros2_ws/install/control/share/control/hook/path.sh'
[8.761s] Level 1:colcon.colcon_core.environment:checking '/home/andrewlh/VSCode/ros2_ws/install/control/lib/pkgconfig/control.pc'
[8.762s] Level 1:colcon.colcon_core.environment:checking '/home/andrewlh/VSCode/ros2_ws/install/control/lib/python3.12/site-packages'
[8.762s] Level 1:colcon.colcon_core.shell:create_environment_hook('control', 'pythonpath')
[8.762s] INFO:colcon.colcon_core.shell:Creating environment hook '/home/andrewlh/VSCode/ros2_ws/install/control/share/control/hook/pythonpath.ps1'
[8.763s] INFO:colcon.colcon_core.shell:Creating environment descriptor '/home/andrewlh/VSCode/ros2_ws/install/control/share/control/hook/pythonpath.dsv'
[8.764s] INFO:colcon.colcon_core.shell:Creating environment hook '/home/andrewlh/VSCode/ros2_ws/install/control/share/control/hook/pythonpath.sh'
[8.765s] Level 1:colcon.colcon_core.environment:checking '/home/andrewlh/VSCode/ros2_ws/install/control/bin'
[8.765s] Level 1:colcon.colcon_core.shell:create_environment_hook('control', 'pythonscriptspath')
[8.765s] INFO:colcon.colcon_core.shell:Creating environment hook '/home/andrewlh/VSCode/ros2_ws/install/control/share/control/hook/pythonscriptspath.ps1'
[8.766s] INFO:colcon.colcon_core.shell:Creating environment descriptor '/home/andrewlh/VSCode/ros2_ws/install/control/share/control/hook/pythonscriptspath.dsv'
[8.766s] INFO:colcon.colcon_core.shell:Creating environment hook '/home/andrewlh/VSCode/ros2_ws/install/control/share/control/hook/pythonscriptspath.sh'
[8.767s] Level 1:colcon.colcon_core.environment:create_environment_scripts_only(control)
[8.767s] INFO:colcon.colcon_core.shell:Creating package script '/home/andrewlh/VSCode/ros2_ws/install/control/share/control/package.ps1'
[8.768s] INFO:colcon.colcon_core.shell:Creating package descriptor '/home/andrewlh/VSCode/ros2_ws/install/control/share/control/package.dsv'
[8.769s] INFO:colcon.colcon_core.shell:Creating package script '/home/andrewlh/VSCode/ros2_ws/install/control/share/control/package.sh'
[8.770s] INFO:colcon.colcon_core.shell:Creating package script '/home/andrewlh/VSCode/ros2_ws/install/control/share/control/package.bash'
[8.770s] INFO:colcon.colcon_core.shell:Creating package script '/home/andrewlh/VSCode/ros2_ws/install/control/share/control/package.zsh'
[8.771s] Level 1:colcon.colcon_core.environment:create_file_with_runtime_dependencies(/home/andrewlh/VSCode/ros2_ws/install/control/share/colcon-core/packages/control)
[8.890s] Level 1:colcon.colcon_core.environment:checking '/home/andrewlh/VSCode/ros2_ws/install/perception' for CMake module files
[8.892s] DEBUG:colcon.colcon_core.event_handler.log_command:Invoked command in '/home/andrewlh/VSCode/ros2_ws/src/perception' returned '0': CONDA_PROMPT_MODIFIER=(base) DEBUGINFOD_URLS=https://debuginfod.ubuntu.com PYTHONPATH=/home/andrewlh/VSCode/ros2_ws/build/perception/prefix_override:/usr/lib/python3/dist-packages/colcon_core/task/python/colcon_distutils_commands:/home/andrewlh/VSCode/ros2_ws/install/perception/lib/python3.12/site-packages:${PYTHONPATH} /usr/bin/python3 -W ignore:setup.py install is deprecated -W ignore:easy_install command is deprecated setup.py egg_info --egg-base ../../build/perception build --build-base /home/andrewlh/VSCode/ros2_ws/build/perception/build install --record /home/andrewlh/VSCode/ros2_ws/build/perception/install.log --single-version-externally-managed install_data
[8.892s] Level 1:colcon.colcon_core.environment:checking '/home/andrewlh/VSCode/ros2_ws/install/perception' for CMake config files
[8.893s] Level 1:colcon.colcon_core.environment:checking '/home/andrewlh/VSCode/ros2_ws/install/perception/lib'
[8.894s] Level 1:colcon.colcon_core.environment:checking '/home/andrewlh/VSCode/ros2_ws/install/perception/bin'
[8.894s] Level 1:colcon.colcon_core.shell:create_environment_hook('perception', 'path')
[8.894s] INFO:colcon.colcon_core.shell:Creating environment hook '/home/andrewlh/VSCode/ros2_ws/install/perception/share/perception/hook/path.ps1'
[8.897s] INFO:colcon.colcon_core.shell:Creating environment descriptor '/home/andrewlh/VSCode/ros2_ws/install/perception/share/perception/hook/path.dsv'
[8.898s] INFO:colcon.colcon_core.shell:Creating environment hook '/home/andrewlh/VSCode/ros2_ws/install/perception/share/perception/hook/path.sh'
[8.898s] Level 1:colcon.colcon_core.environment:checking '/home/andrewlh/VSCode/ros2_ws/install/perception/lib/pkgconfig/perception.pc'
[8.899s] Level 1:colcon.colcon_core.environment:checking '/home/andrewlh/VSCode/ros2_ws/install/perception/lib/python3.12/site-packages'
[8.899s] Level 1:colcon.colcon_core.shell:create_environment_hook('perception', 'pythonpath')
[8.899s] INFO:colcon.colcon_core.shell:Creating environment hook '/home/andrewlh/VSCode/ros2_ws/install/perception/share/perception/hook/pythonpath.ps1'
[8.900s] INFO:colcon.colcon_core.shell:Creating environment descriptor '/home/andrewlh/VSCode/ros2_ws/install/perception/share/perception/hook/pythonpath.dsv'
[8.901s] INFO:colcon.colcon_core.shell:Creating environment hook '/home/andrewlh/VSCode/ros2_ws/install/perception/share/perception/hook/pythonpath.sh'
[8.901s] Level 1:colcon.colcon_core.environment:checking '/home/andrewlh/VSCode/ros2_ws/install/perception/bin'
[8.902s] Level 1:colcon.colcon_core.shell:create_environment_hook('perception', 'pythonscriptspath')
[8.902s] INFO:colcon.colcon_core.shell:Creating environment hook '/home/andrewlh/VSCode/ros2_ws/install/perception/share/perception/hook/pythonscriptspath.ps1'
[8.903s] INFO:colcon.colcon_core.shell:Creating environment descriptor '/home/andrewlh/VSCode/ros2_ws/install/perception/share/perception/hook/pythonscriptspath.dsv'
[8.904s] INFO:colcon.colcon_core.shell:Creating environment hook '/home/andrewlh/VSCode/ros2_ws/install/perception/share/perception/hook/pythonscriptspath.sh'
[8.905s] Level 1:colcon.colcon_core.environment:create_environment_scripts_only(perception)
[8.905s] INFO:colcon.colcon_core.shell:Creating package script '/home/andrewlh/VSCode/ros2_ws/install/perception/share/perception/package.ps1'
[8.906s] INFO:colcon.colcon_core.shell:Creating package descriptor '/home/andrewlh/VSCode/ros2_ws/install/perception/share/perception/package.dsv'
[8.907s] INFO:colcon.colcon_core.shell:Creating package script '/home/andrewlh/VSCode/ros2_ws/install/perception/share/perception/package.sh'
[8.909s] INFO:colcon.colcon_core.shell:Creating package script '/home/andrewlh/VSCode/ros2_ws/install/perception/share/perception/package.bash'
[8.910s] INFO:colcon.colcon_core.shell:Creating package script '/home/andrewlh/VSCode/ros2_ws/install/perception/share/perception/package.zsh'
[8.911s] Level 1:colcon.colcon_core.environment:create_file_with_runtime_dependencies(/home/andrewlh/VSCode/ros2_ws/install/perception/share/colcon-core/packages/perception)
[9.204s] Level 1:colcon.colcon_core.environment:checking '/home/andrewlh/VSCode/ros2_ws/install/ui' for CMake module files
[9.206s] DEBUG:colcon.colcon_core.event_handler.log_command:Invoked command in '/home/andrewlh/VSCode/ros2_ws/src/ui' returned '0': CONDA_PROMPT_MODIFIER=(base) DEBUGINFOD_URLS=https://debuginfod.ubuntu.com PYTHONPATH=/home/andrewlh/VSCode/ros2_ws/build/ui/prefix_override:/usr/lib/python3/dist-packages/colcon_core/task/python/colcon_distutils_commands:/home/andrewlh/VSCode/ros2_ws/install/ui/lib/python3.12/site-packages:${PYTHONPATH} /usr/bin/python3 -W ignore:setup.py install is deprecated -W ignore:easy_install command is deprecated setup.py egg_info --egg-base ../../build/ui build --build-base /home/andrewlh/VSCode/ros2_ws/build/ui/build install --record /home/andrewlh/VSCode/ros2_ws/build/ui/install.log --single-version-externally-managed install_data
[9.206s] Level 1:colcon.colcon_core.environment:checking '/home/andrewlh/VSCode/ros2_ws/install/ui' for CMake config files
[9.207s] Level 1:colcon.colcon_core.environment:checking '/home/andrewlh/VSCode/ros2_ws/install/ui/lib'
[9.207s] Level 1:colcon.colcon_core.environment:checking '/home/andrewlh/VSCode/ros2_ws/install/ui/bin'
[9.207s] Level 1:colcon.colcon_core.shell:create_environment_hook('ui', 'path')
[9.207s] INFO:colcon.colcon_core.shell:Creating environment hook '/home/andrewlh/VSCode/ros2_ws/install/ui/share/ui/hook/path.ps1'
[9.208s] INFO:colcon.colcon_core.shell:Creating environment descriptor '/home/andrewlh/VSCode/ros2_ws/install/ui/share/ui/hook/path.dsv'
[9.209s] INFO:colcon.colcon_core.shell:Creating environment hook '/home/andrewlh/VSCode/ros2_ws/install/ui/share/ui/hook/path.sh'
[9.209s] Level 1:colcon.colcon_core.environment:checking '/home/andrewlh/VSCode/ros2_ws/install/ui/lib/pkgconfig/ui.pc'
[9.209s] Level 1:colcon.colcon_core.environment:checking '/home/andrewlh/VSCode/ros2_ws/install/ui/lib/python3.12/site-packages'
[9.210s] Level 1:colcon.colcon_core.shell:create_environment_hook('ui', 'pythonpath')
[9.210s] INFO:colcon.colcon_core.shell:Creating environment hook '/home/andrewlh/VSCode/ros2_ws/install/ui/share/ui/hook/pythonpath.ps1'
[9.210s] INFO:colcon.colcon_core.shell:Creating environment descriptor '/home/andrewlh/VSCode/ros2_ws/install/ui/share/ui/hook/pythonpath.dsv'
[9.211s] INFO:colcon.colcon_core.shell:Creating environment hook '/home/andrewlh/VSCode/ros2_ws/install/ui/share/ui/hook/pythonpath.sh'
[9.211s] Level 1:colcon.colcon_core.environment:checking '/home/andrewlh/VSCode/ros2_ws/install/ui/bin'
[9.212s] Level 1:colcon.colcon_core.shell:create_environment_hook('ui', 'pythonscriptspath')
[9.212s] INFO:colcon.colcon_core.shell:Creating environment hook '/home/andrewlh/VSCode/ros2_ws/install/ui/share/ui/hook/pythonscriptspath.ps1'
[9.212s] INFO:colcon.colcon_core.shell:Creating environment descriptor '/home/andrewlh/VSCode/ros2_ws/install/ui/share/ui/hook/pythonscriptspath.dsv'
[9.213s] INFO:colcon.colcon_core.shell:Creating environment hook '/home/andrewlh/VSCode/ros2_ws/install/ui/share/ui/hook/pythonscriptspath.sh'
[9.214s] Level 1:colcon.colcon_core.environment:create_environment_scripts_only(ui)
[9.214s] INFO:colcon.colcon_core.shell:Creating package script '/home/andrewlh/VSCode/ros2_ws/install/ui/share/ui/package.ps1'
[9.215s] INFO:colcon.colcon_core.shell:Creating package descriptor '/home/andrewlh/VSCode/ros2_ws/install/ui/share/ui/package.dsv'
[9.217s] INFO:colcon.colcon_core.shell:Creating package script '/home/andrewlh/VSCode/ros2_ws/install/ui/share/ui/package.sh'
[9.218s] INFO:colcon.colcon_core.shell:Creating package script '/home/andrewlh/VSCode/ros2_ws/install/ui/share/ui/package.bash'
[9.218s] INFO:colcon.colcon_core.shell:Creating package script '/home/andrewlh/VSCode/ros2_ws/install/ui/share/ui/package.zsh'
[9.219s] Level 1:colcon.colcon_core.environment:create_file_with_runtime_dependencies(/home/andrewlh/VSCode/ros2_ws/install/ui/share/colcon-core/packages/ui)
[9.219s] DEBUG:colcon.colcon_parallel_executor.executor.parallel:closing loop
[9.220s] DEBUG:colcon.colcon_parallel_executor.executor.parallel:loop closed
[9.221s] DEBUG:colcon.colcon_parallel_executor.executor.parallel:run_until_complete finished with '0'
[9.221s] DEBUG:colcon.colcon_core.event_reactor:joining thread
[9.235s] INFO:colcon.colcon_core.plugin_system:Skipping extension 'colcon_notification.desktop_notification.terminal_notifier': Not used on non-Darwin systems
[9.235s] INFO:colcon.colcon_core.plugin_system:Skipping extension 'colcon_notification.desktop_notification.win32': Not used on non-Windows systems
[9.235s] INFO:colcon.colcon_notification.desktop_notification:Sending desktop notification using 'notify2'
[9.253s] DEBUG:colcon.colcon_core.event_reactor:joined thread
[9.253s] INFO:colcon.colcon_core.shell:Creating prefix script '/home/andrewlh/VSCode/ros2_ws/install/local_setup.ps1'
[9.256s] INFO:colcon.colcon_core.shell:Creating prefix util module '/home/andrewlh/VSCode/ros2_ws/install/_local_setup_util_ps1.py'
[9.259s] INFO:colcon.colcon_core.shell:Creating prefix chain script '/home/andrewlh/VSCode/ros2_ws/install/setup.ps1'
[9.261s] INFO:colcon.colcon_core.shell:Creating prefix script '/home/andrewlh/VSCode/ros2_ws/install/local_setup.sh'
[9.262s] INFO:colcon.colcon_core.shell:Creating prefix util module '/home/andrewlh/VSCode/ros2_ws/install/_local_setup_util_sh.py'
[9.263s] INFO:colcon.colcon_core.shell:Creating prefix chain script '/home/andrewlh/VSCode/ros2_ws/install/setup.sh'
[9.265s] INFO:colcon.colcon_core.shell:Creating prefix script '/home/andrewlh/VSCode/ros2_ws/install/local_setup.bash'
[9.268s] INFO:colcon.colcon_core.shell:Creating prefix chain script '/home/andrewlh/VSCode/ros2_ws/install/setup.bash'
[9.270s] INFO:colcon.colcon_core.shell:Creating prefix script '/home/andrewlh/VSCode/ros2_ws/install/local_setup.zsh'
[9.271s] INFO:colcon.colcon_core.shell:Creating prefix chain script '/home/andrewlh/VSCode/ros2_ws/install/setup.zsh'
