[4.984s] Invoking command in '/home/andrewlh/VSCode/ros2_ws/src/ui': CONDA_PROMPT_MODIFIER=(base) DEBUGINFOD_URLS=https://debuginfod.ubuntu.com PYTHONPATH=/home/andrewlh/VSCode/ros2_ws/build/ui/prefix_override:/usr/lib/python3/dist-packages/colcon_core/task/python/colcon_distutils_commands:/home/andrewlh/VSCode/ros2_ws/install/ui/lib/python3.12/site-packages:${PYTHONPATH} /usr/bin/python3 -W ignore:setup.py install is deprecated -W ignore:easy_install command is deprecated setup.py egg_info --egg-base ../../build/ui build --build-base /home/andrewlh/VSCode/ros2_ws/build/ui/build install --record /home/andrewlh/VSCode/ros2_ws/build/ui/install.log --single-version-externally-managed install_data
[5.775s] running egg_info
[5.833s] writing ../../build/ui/ui.egg-info/PKG-INFO
[5.840s] writing dependency_links to ../../build/ui/ui.egg-info/dependency_links.txt
[5.841s] writing entry points to ../../build/ui/ui.egg-info/entry_points.txt
[5.841s] writing requirements to ../../build/ui/ui.egg-info/requires.txt
[5.841s] writing top-level names to ../../build/ui/ui.egg-info/top_level.txt
[5.991s] reading manifest file '../../build/ui/ui.egg-info/SOURCES.txt'
[5.992s] writing manifest file '../../build/ui/ui.egg-info/SOURCES.txt'
[5.993s] running build
[5.994s] running build_py
[5.994s] copying ui/mode_switcher_node.py -> /home/andrewlh/VSCode/ros2_ws/build/ui/build/lib/ui
[5.995s] copying ui/ui_button_controller.py -> /home/andrewlh/VSCode/ros2_ws/build/ui/build/lib/ui
[5.996s] running install
[6.012s] running install_lib
[6.086s] copying /home/andrewlh/VSCode/ros2_ws/build/ui/build/lib/ui/mode_switcher_node.py -> /home/andrewlh/VSCode/ros2_ws/install/ui/lib/python3.12/site-packages/ui
[6.088s] copying /home/andrewlh/VSCode/ros2_ws/build/ui/build/lib/ui/ui_button_controller.py -> /home/andrewlh/VSCode/ros2_ws/install/ui/lib/python3.12/site-packages/ui
[6.090s] byte-compiling /home/andrewlh/VSCode/ros2_ws/install/ui/lib/python3.12/site-packages/ui/mode_switcher_node.py to mode_switcher_node.cpython-312.pyc
[6.094s] byte-compiling /home/andrewlh/VSCode/ros2_ws/install/ui/lib/python3.12/site-packages/ui/ui_button_controller.py to ui_button_controller.cpython-312.pyc
[6.104s] running install_data
[6.105s] running install_egg_info
[6.172s] removing '/home/andrewlh/VSCode/ros2_ws/install/ui/lib/python3.12/site-packages/ui-0.1.0-py3.12.egg-info' (and everything under it)
[6.173s] Copying ../../build/ui/ui.egg-info to /home/andrewlh/VSCode/ros2_ws/install/ui/lib/python3.12/site-packages/ui-0.1.0-py3.12.egg-info
[6.181s] running install_scripts
[6.571s] Installing mode_switcher_node script to /home/andrewlh/VSCode/ros2_ws/install/ui/lib/ui
[6.572s] Installing ui_dashboard_node script to /home/andrewlh/VSCode/ros2_ws/install/ui/lib/ui
[6.572s] writing list of installed files to '/home/andrewlh/VSCode/ros2_ws/build/ui/install.log'
[6.656s] Invoked command in '/home/andrewlh/VSCode/ros2_ws/src/ui' returned '0': CONDA_PROMPT_MODIFIER=(base) DEBUGINFOD_URLS=https://debuginfod.ubuntu.com PYTHONPATH=/home/andrewlh/VSCode/ros2_ws/build/ui/prefix_override:/usr/lib/python3/dist-packages/colcon_core/task/python/colcon_distutils_commands:/home/andrewlh/VSCode/ros2_ws/install/ui/lib/python3.12/site-packages:${PYTHONPATH} /usr/bin/python3 -W ignore:setup.py install is deprecated -W ignore:easy_install command is deprecated setup.py egg_info --egg-base ../../build/ui build --build-base /home/andrewlh/VSCode/ros2_ws/build/ui/build install --record /home/andrewlh/VSCode/ros2_ws/build/ui/install.log --single-version-externally-managed install_data
