[5.486s] Invoking command in '/home/andrewlh/VSCode/ros2_ws/build/diagnostics': CONDA_PROMPT_MODIFIER=(base) DEBUGINFOD_URLS=https://debuginfod.ubuntu.com PYTHONPATH=/home/andrewlh/VSCode/ros2_ws/build/diagnostics/prefix_override:/usr/lib/python3/dist-packages/colcon_core/task/python/colcon_distutils_commands:/home/andrewlh/VSCode/ros2_ws/install/diagnostics/lib/python3.12/site-packages:${PYTHONPATH} /usr/bin/python3 -W ignore:setup.py install is deprecated -W ignore:easy_install command is deprecated setup.py develop --editable --build-directory /home/andrewlh/VSCode/ros2_ws/build/diagnostics/build --no-deps symlink_data --force
[7.359s] running develop
[7.539s] running egg_info
[7.653s] writing diagnostics.egg-info/PKG-INFO
[7.654s] writing dependency_links to diagnostics.egg-info/dependency_links.txt
[7.654s] writing entry points to diagnostics.egg-info/entry_points.txt
[7.656s] writing requirements to diagnostics.egg-info/requires.txt
[7.656s] writing top-level names to diagnostics.egg-info/top_level.txt
[7.822s] reading manifest file 'diagnostics.egg-info/SOURCES.txt'
[7.827s] writing manifest file 'diagnostics.egg-info/SOURCES.txt'
[7.942s] running build_ext
[7.943s] Creating /home/andrewlh/VSCode/ros2_ws/install/diagnostics/lib/python3.12/site-packages/diagnostics.egg-link (link to .)
[7.943s] Installing emergency_stop_node script to /home/andrewlh/VSCode/ros2_ws/install/diagnostics/bin
[7.943s] Installing error_handler_node script to /home/andrewlh/VSCode/ros2_ws/install/diagnostics/bin
[7.943s] Installing health_monitor_node script to /home/andrewlh/VSCode/ros2_ws/install/diagnostics/bin
[7.943s] Installing logger_node script to /home/andrewlh/VSCode/ros2_ws/install/diagnostics/bin
[7.943s] Installing network_monitor_node script to /home/andrewlh/VSCode/ros2_ws/install/diagnostics/bin
[7.951s] Installing resource_monitor_node script to /home/andrewlh/VSCode/ros2_ws/install/diagnostics/bin
[7.951s] Installing system_metrics_node script to /home/andrewlh/VSCode/ros2_ws/install/diagnostics/bin
[7.952s] Installing watchdog_node script to /home/andrewlh/VSCode/ros2_ws/install/diagnostics/bin
[7.952s] 
[7.952s] Installed /home/andrewlh/VSCode/ros2_ws/build/diagnostics
[7.952s] running symlink_data
[7.952s] symbolically linking /home/andrewlh/VSCode/ros2_ws/build/diagnostics/resource/diagnostics -> /home/andrewlh/VSCode/ros2_ws/install/diagnostics/share/ament_index/resource_index/packages
[7.952s] symbolically linking /home/andrewlh/VSCode/ros2_ws/build/diagnostics/package.xml -> /home/andrewlh/VSCode/ros2_ws/install/diagnostics/share/diagnostics
[8.099s] Invoked command in '/home/andrewlh/VSCode/ros2_ws/build/diagnostics' returned '0': CONDA_PROMPT_MODIFIER=(base) DEBUGINFOD_URLS=https://debuginfod.ubuntu.com PYTHONPATH=/home/andrewlh/VSCode/ros2_ws/build/diagnostics/prefix_override:/usr/lib/python3/dist-packages/colcon_core/task/python/colcon_distutils_commands:/home/andrewlh/VSCode/ros2_ws/install/diagnostics/lib/python3.12/site-packages:${PYTHONPATH} /usr/bin/python3 -W ignore:setup.py install is deprecated -W ignore:easy_install command is deprecated setup.py develop --editable --build-directory /home/andrewlh/VSCode/ros2_ws/build/diagnostics/build --no-deps symlink_data --force
