[3.054s] Invoking command in '/home/andrewlh/VSCode/ros2_ws/src/control': CONDA_PROMPT_MODIFIER=(base) DEBUGINFOD_URLS=https://debuginfod.ubuntu.com PYTHONPATH=/home/andrewlh/VSCode/ros2_ws/build/control/prefix_override:/usr/lib/python3/dist-packages/colcon_core/task/python/colcon_distutils_commands:/home/andrewlh/VSCode/ros2_ws/install/control/lib/python3.12/site-packages:${PYTHONPATH} /usr/bin/python3 -W ignore:setup.py install is deprecated -W ignore:easy_install command is deprecated setup.py egg_info --egg-base ../../build/control build --build-base /home/andrewlh/VSCode/ros2_ws/build/control/build install --record /home/andrewlh/VSCode/ros2_ws/build/control/install.log --single-version-externally-managed install_data
[3.700s] running egg_info
[3.736s] writing ../../build/control/control.egg-info/PKG-INFO
[3.737s] writing dependency_links to ../../build/control/control.egg-info/dependency_links.txt
[3.737s] writing entry points to ../../build/control/control.egg-info/entry_points.txt
[3.737s] writing requirements to ../../build/control/control.egg-info/requires.txt
[3.737s] writing top-level names to ../../build/control/control.egg-info/top_level.txt
[3.819s] reading manifest file '../../build/control/control.egg-info/SOURCES.txt'
[3.820s] writing manifest file '../../build/control/control.egg-info/SOURCES.txt'
[3.820s] running build
[3.820s] running build_py
[3.820s] running install
[3.833s] running install_lib
[3.879s] running install_data
[3.879s] running install_egg_info
[3.936s] removing '/home/andrewlh/VSCode/ros2_ws/install/control/lib/python3.12/site-packages/control-0.1.0-py3.12.egg-info' (and everything under it)
[3.937s] Copying ../../build/control/control.egg-info to /home/andrewlh/VSCode/ros2_ws/install/control/lib/python3.12/site-packages/control-0.1.0-py3.12.egg-info
[3.946s] running install_scripts
[4.376s] Installing motion_planner_node script to /home/andrewlh/VSCode/ros2_ws/install/control/lib/control
[4.382s] Installing pose_to_command_node script to /home/andrewlh/VSCode/ros2_ws/install/control/lib/control
[4.383s] Installing teleop_node script to /home/andrewlh/VSCode/ros2_ws/install/control/lib/control
[4.383s] Installing trajectory_executor_node script to /home/andrewlh/VSCode/ros2_ws/install/control/lib/control
[4.384s] writing list of installed files to '/home/andrewlh/VSCode/ros2_ws/build/control/install.log'
[4.585s] Invoked command in '/home/andrewlh/VSCode/ros2_ws/src/control' returned '0': CONDA_PROMPT_MODIFIER=(base) DEBUGINFOD_URLS=https://debuginfod.ubuntu.com PYTHONPATH=/home/andrewlh/VSCode/ros2_ws/build/control/prefix_override:/usr/lib/python3/dist-packages/colcon_core/task/python/colcon_distutils_commands:/home/andrewlh/VSCode/ros2_ws/install/control/lib/python3.12/site-packages:${PYTHONPATH} /usr/bin/python3 -W ignore:setup.py install is deprecated -W ignore:easy_install command is deprecated setup.py egg_info --egg-base ../../build/control build --build-base /home/andrewlh/VSCode/ros2_ws/build/control/build install --record /home/andrewlh/VSCode/ros2_ws/build/control/install.log --single-version-externally-managed install_data
