running egg_info
creating ../../build/perception/perception.egg-info
writing ../../build/perception/perception.egg-info/PKG-INFO
writing dependency_links to ../../build/perception/perception.egg-info/dependency_links.txt
writing entry points to ../../build/perception/perception.egg-info/entry_points.txt
writing requirements to ../../build/perception/perception.egg-info/requires.txt
writing top-level names to ../../build/perception/perception.egg-info/top_level.txt
writing manifest file '../../build/perception/perception.egg-info/SOURCES.txt'
reading manifest file '../../build/perception/perception.egg-info/SOURCES.txt'
writing manifest file '../../build/perception/perception.egg-info/SOURCES.txt'
running build
running build_py
creating /home/andrewlh/VSCode/ros2_ws/build/perception/build
creating /home/andrewlh/VSCode/ros2_ws/build/perception/build/lib
creating /home/andrewlh/VSCode/ros2_ws/build/perception/build/lib/perception
copying perception/__init__.py -> /home/andrewlh/VSCode/ros2_ws/build/perception/build/lib/perception
copying perception/coordinate_transform_node.py -> /home/andrewlh/VSCode/ros2_ws/build/perception/build/lib/perception
copying perception/pose_filter_node.py -> /home/andrewlh/VSCode/ros2_ws/build/perception/build/lib/perception
copying perception/hand_pose_node.py -> /home/andrewlh/VSCode/ros2_ws/build/perception/build/lib/perception
copying perception/body_pose_node.py -> /home/andrewlh/VSCode/ros2_ws/build/perception/build/lib/perception
running install
running install_lib
creating /home/andrewlh/VSCode/ros2_ws/install/perception/lib/python3.12/site-packages/perception
copying /home/andrewlh/VSCode/ros2_ws/build/perception/build/lib/perception/__init__.py -> /home/andrewlh/VSCode/ros2_ws/install/perception/lib/python3.12/site-packages/perception
copying /home/andrewlh/VSCode/ros2_ws/build/perception/build/lib/perception/coordinate_transform_node.py -> /home/andrewlh/VSCode/ros2_ws/install/perception/lib/python3.12/site-packages/perception
copying /home/andrewlh/VSCode/ros2_ws/build/perception/build/lib/perception/pose_filter_node.py -> /home/andrewlh/VSCode/ros2_ws/install/perception/lib/python3.12/site-packages/perception
copying /home/andrewlh/VSCode/ros2_ws/build/perception/build/lib/perception/hand_pose_node.py -> /home/andrewlh/VSCode/ros2_ws/install/perception/lib/python3.12/site-packages/perception
copying /home/andrewlh/VSCode/ros2_ws/build/perception/build/lib/perception/body_pose_node.py -> /home/andrewlh/VSCode/ros2_ws/install/perception/lib/python3.12/site-packages/perception
byte-compiling /home/andrewlh/VSCode/ros2_ws/install/perception/lib/python3.12/site-packages/perception/__init__.py to __init__.cpython-312.pyc
byte-compiling /home/andrewlh/VSCode/ros2_ws/install/perception/lib/python3.12/site-packages/perception/coordinate_transform_node.py to coordinate_transform_node.cpython-312.pyc
byte-compiling /home/andrewlh/VSCode/ros2_ws/install/perception/lib/python3.12/site-packages/perception/pose_filter_node.py to pose_filter_node.cpython-312.pyc
byte-compiling /home/andrewlh/VSCode/ros2_ws/install/perception/lib/python3.12/site-packages/perception/hand_pose_node.py to hand_pose_node.cpython-312.pyc
byte-compiling /home/andrewlh/VSCode/ros2_ws/install/perception/lib/python3.12/site-packages/perception/body_pose_node.py to body_pose_node.cpython-312.pyc
running install_data
creating /home/andrewlh/VSCode/ros2_ws/install/perception/share/ament_index
creating /home/andrewlh/VSCode/ros2_ws/install/perception/share/ament_index/resource_index
creating /home/andrewlh/VSCode/ros2_ws/install/perception/share/ament_index/resource_index/packages
copying resource/perception -> /home/andrewlh/VSCode/ros2_ws/install/perception/share/ament_index/resource_index/packages
copying package.xml -> /home/andrewlh/VSCode/ros2_ws/install/perception/share/perception
running install_egg_info
Copying ../../build/perception/perception.egg-info to /home/andrewlh/VSCode/ros2_ws/install/perception/lib/python3.12/site-packages/perception-0.1.0-py3.12.egg-info
running install_scripts
Installing body_pose_node script to /home/andrewlh/VSCode/ros2_ws/install/perception/lib/perception
Installing coordinate_transform_node script to /home/andrewlh/VSCode/ros2_ws/install/perception/lib/perception
Installing hand_pose_node script to /home/andrewlh/VSCode/ros2_ws/install/perception/lib/perception
Installing pose_filter_node script to /home/andrewlh/VSCode/ros2_ws/install/perception/lib/perception
writing list of installed files to '/home/andrewlh/VSCode/ros2_ws/build/perception/install.log'
