/home/andrewlh/VSCode/ros2_ws/install/perception/lib/python3.12/site-packages/perception/__init__.py
/home/andrewlh/VSCode/ros2_ws/install/perception/lib/python3.12/site-packages/perception/coordinate_transform_node.py
/home/andrewlh/VSCode/ros2_ws/install/perception/lib/python3.12/site-packages/perception/pose_filter_node.py
/home/andrewlh/VSCode/ros2_ws/install/perception/lib/python3.12/site-packages/perception/hand_pose_node.py
/home/andrewlh/VSCode/ros2_ws/install/perception/lib/python3.12/site-packages/perception/body_pose_node.py
/home/andrewlh/VSCode/ros2_ws/install/perception/lib/python3.12/site-packages/perception/__pycache__/__init__.cpython-312.pyc
/home/andrewlh/VSCode/ros2_ws/install/perception/lib/python3.12/site-packages/perception/__pycache__/coordinate_transform_node.cpython-312.pyc
/home/andrewlh/VSCode/ros2_ws/install/perception/lib/python3.12/site-packages/perception/__pycache__/pose_filter_node.cpython-312.pyc
/home/andrewlh/VSCode/ros2_ws/install/perception/lib/python3.12/site-packages/perception/__pycache__/hand_pose_node.cpython-312.pyc
/home/andrewlh/VSCode/ros2_ws/install/perception/lib/python3.12/site-packages/perception/__pycache__/body_pose_node.cpython-312.pyc
/home/andrewlh/VSCode/ros2_ws/install/perception/share/ament_index/resource_index/packages/perception
/home/andrewlh/VSCode/ros2_ws/install/perception/share/perception/package.xml
/home/andrewlh/VSCode/ros2_ws/install/perception/lib/python3.12/site-packages/perception-0.1.0-py3.12.egg-info/entry_points.txt
/home/andrewlh/VSCode/ros2_ws/install/perception/lib/python3.12/site-packages/perception-0.1.0-py3.12.egg-info/PKG-INFO
/home/andrewlh/VSCode/ros2_ws/install/perception/lib/python3.12/site-packages/perception-0.1.0-py3.12.egg-info/zip-safe
/home/andrewlh/VSCode/ros2_ws/install/perception/lib/python3.12/site-packages/perception-0.1.0-py3.12.egg-info/top_level.txt
/home/andrewlh/VSCode/ros2_ws/install/perception/lib/python3.12/site-packages/perception-0.1.0-py3.12.egg-info/SOURCES.txt
/home/andrewlh/VSCode/ros2_ws/install/perception/lib/python3.12/site-packages/perception-0.1.0-py3.12.egg-info/dependency_links.txt
/home/andrewlh/VSCode/ros2_ws/install/perception/lib/python3.12/site-packages/perception-0.1.0-py3.12.egg-info/requires.txt
/home/andrewlh/VSCode/ros2_ws/install/perception/lib/perception/body_pose_node
/home/andrewlh/VSCode/ros2_ws/install/perception/lib/perception/coordinate_transform_node
/home/andrewlh/VSCode/ros2_ws/install/perception/lib/perception/hand_pose_node
/home/andrewlh/VSCode/ros2_ws/install/perception/lib/perception/pose_filter_node
