[5.044s] Invoking command in '/home/andrewlh/VSCode/ros2_ws/build/ui': CONDA_PROMPT_MODIFIER=(base) DEBUGINFOD_URLS=https://debuginfod.ubuntu.com PYTHONPATH=/home/andrewlh/VSCode/ros2_ws/build/ui/prefix_override:/usr/lib/python3/dist-packages/colcon_core/task/python/colcon_distutils_commands:/home/andrewlh/VSCode/ros2_ws/install/ui/lib/python3.12/site-packages:${PYTHONPATH} /usr/bin/python3 -W ignore:setup.py install is deprecated -W ignore:easy_install command is deprecated setup.py develop --editable --build-directory /home/andrewlh/VSCode/ros2_ws/build/ui/build --no-deps symlink_data --force
[6.009s] running develop
[6.987s] running egg_info
[7.105s] writing ui.egg-info/PKG-INFO
[7.105s] writing dependency_links to ui.egg-info/dependency_links.txt
[7.105s] writing entry points to ui.egg-info/entry_points.txt
[7.106s] writing requirements to ui.egg-info/requires.txt
[7.106s] writing top-level names to ui.egg-info/top_level.txt
[7.301s] reading manifest file 'ui.egg-info/SOURCES.txt'
[7.303s] writing manifest file 'ui.egg-info/SOURCES.txt'
[7.400s] running build_ext
[7.400s] Creating /home/andrewlh/VSCode/ros2_ws/install/ui/lib/python3.12/site-packages/ui.egg-link (link to .)
[7.401s] Installing mode_switcher_node script to /home/andrewlh/VSCode/ros2_ws/install/ui/bin
[7.401s] Installing ui_dashboard_node script to /home/andrewlh/VSCode/ros2_ws/install/ui/bin
[7.401s] 
[7.401s] Installed /home/andrewlh/VSCode/ros2_ws/build/ui
[7.405s] running symlink_data
[7.405s] symbolically linking /home/andrewlh/VSCode/ros2_ws/build/ui/resource/ui -> /home/andrewlh/VSCode/ros2_ws/install/ui/share/ament_index/resource_index/packages
[7.405s] symbolically linking /home/andrewlh/VSCode/ros2_ws/build/ui/package.xml -> /home/andrewlh/VSCode/ros2_ws/install/ui/share/ui
[7.641s] Invoked command in '/home/andrewlh/VSCode/ros2_ws/build/ui' returned '0': CONDA_PROMPT_MODIFIER=(base) DEBUGINFOD_URLS=https://debuginfod.ubuntu.com PYTHONPATH=/home/andrewlh/VSCode/ros2_ws/build/ui/prefix_override:/usr/lib/python3/dist-packages/colcon_core/task/python/colcon_distutils_commands:/home/andrewlh/VSCode/ros2_ws/install/ui/lib/python3.12/site-packages:${PYTHONPATH} /usr/bin/python3 -W ignore:setup.py install is deprecated -W ignore:easy_install command is deprecated setup.py develop --editable --build-directory /home/andrewlh/VSCode/ros2_ws/build/ui/build --no-deps symlink_data --force
