[3.741s] Invoking command in '/home/andrewlh/VSCode/ros2_ws/src/diagnostics': CONDA_PROMPT_MODIFIER=(base) DEBUGINFOD_URLS=https://debuginfod.ubuntu.com PYTHONPATH=/home/andrewlh/VSCode/ros2_ws/build/diagnostics/prefix_override:/usr/lib/python3/dist-packages/colcon_core/task/python/colcon_distutils_commands:/home/andrewlh/VSCode/ros2_ws/install/diagnostics/lib/python3.12/site-packages:${PYTHONPATH} /usr/bin/python3 -W ignore:setup.py install is deprecated -W ignore:easy_install command is deprecated setup.py egg_info --egg-base ../../build/diagnostics build --build-base /home/andrewlh/VSCode/ros2_ws/build/diagnostics/build install --record /home/andrewlh/VSCode/ros2_ws/build/diagnostics/install.log --single-version-externally-managed install_data
[5.072s] running egg_info
[5.072s] writing ../../build/diagnostics/diagnostics.egg-info/PKG-INFO
[5.075s] writing dependency_links to ../../build/diagnostics/diagnostics.egg-info/dependency_links.txt
[5.076s] writing entry points to ../../build/diagnostics/diagnostics.egg-info/entry_points.txt
[5.076s] writing requirements to ../../build/diagnostics/diagnostics.egg-info/requires.txt
[5.076s] writing top-level names to ../../build/diagnostics/diagnostics.egg-info/top_level.txt
[5.085s] reading manifest file '../../build/diagnostics/diagnostics.egg-info/SOURCES.txt'
[5.086s] writing manifest file '../../build/diagnostics/diagnostics.egg-info/SOURCES.txt'
[5.087s] running build
[5.087s] running build_py
[5.088s] running install
[5.088s] running install_lib
[5.088s] running install_data
[5.089s] running install_egg_info
[5.099s] removing '/home/andrewlh/VSCode/ros2_ws/install/diagnostics/lib/python3.12/site-packages/diagnostics-0.1.0-py3.12.egg-info' (and everything under it)
[5.099s] Copying ../../build/diagnostics/diagnostics.egg-info to /home/andrewlh/VSCode/ros2_ws/install/diagnostics/lib/python3.12/site-packages/diagnostics-0.1.0-py3.12.egg-info
[5.099s] running install_scripts
[5.432s] Installing emergency_stop_node script to /home/andrewlh/VSCode/ros2_ws/install/diagnostics/lib/diagnostics
[5.432s] Installing error_handler_node script to /home/andrewlh/VSCode/ros2_ws/install/diagnostics/lib/diagnostics
[5.432s] Installing health_monitor_node script to /home/andrewlh/VSCode/ros2_ws/install/diagnostics/lib/diagnostics
[5.433s] Installing logger_node script to /home/andrewlh/VSCode/ros2_ws/install/diagnostics/lib/diagnostics
[5.433s] Installing network_monitor_node script to /home/andrewlh/VSCode/ros2_ws/install/diagnostics/lib/diagnostics
[5.434s] Installing resource_monitor_node script to /home/andrewlh/VSCode/ros2_ws/install/diagnostics/lib/diagnostics
[5.434s] Installing system_metrics_node script to /home/andrewlh/VSCode/ros2_ws/install/diagnostics/lib/diagnostics
[5.434s] Installing watchdog_node script to /home/andrewlh/VSCode/ros2_ws/install/diagnostics/lib/diagnostics
[5.435s] writing list of installed files to '/home/andrewlh/VSCode/ros2_ws/build/diagnostics/install.log'
[5.482s] Invoked command in '/home/andrewlh/VSCode/ros2_ws/src/diagnostics' returned '0': CONDA_PROMPT_MODIFIER=(base) DEBUGINFOD_URLS=https://debuginfod.ubuntu.com PYTHONPATH=/home/andrewlh/VSCode/ros2_ws/build/diagnostics/prefix_override:/usr/lib/python3/dist-packages/colcon_core/task/python/colcon_distutils_commands:/home/andrewlh/VSCode/ros2_ws/install/diagnostics/lib/python3.12/site-packages:${PYTHONPATH} /usr/bin/python3 -W ignore:setup.py install is deprecated -W ignore:easy_install command is deprecated setup.py egg_info --egg-base ../../build/diagnostics build --build-base /home/andrewlh/VSCode/ros2_ws/build/diagnostics/build install --record /home/andrewlh/VSCode/ros2_ws/build/diagnostics/install.log --single-version-externally-managed install_data
