running egg_info
writing ../../build/control/control.egg-info/PKG-INFO
writing dependency_links to ../../build/control/control.egg-info/dependency_links.txt
writing entry points to ../../build/control/control.egg-info/entry_points.txt
writing requirements to ../../build/control/control.egg-info/requires.txt
writing top-level names to ../../build/control/control.egg-info/top_level.txt
reading manifest file '../../build/control/control.egg-info/SOURCES.txt'
writing manifest file '../../build/control/control.egg-info/SOURCES.txt'
running build
running build_py
copying control/__init__.py -> /home/andrewlh/VSCode/ros2_ws/build/control/build/lib/control
running install
running install_lib
copying /home/andrewlh/VSCode/ros2_ws/build/control/build/lib/control/__init__.py -> /home/andrewlh/VSCode/ros2_ws/install/control/lib/python3.12/site-packages/control
byte-compiling /home/andrewlh/VSCode/ros2_ws/install/control/lib/python3.12/site-packages/control/__init__.py to __init__.cpython-312.pyc
running install_data
running install_egg_info
removing '/home/andrewlh/VSCode/ros2_ws/install/control/lib/python3.12/site-packages/control-0.1.0-py3.12.egg-info' (and everything under it)
Copying ../../build/control/control.egg-info to /home/andrewlh/VSCode/ros2_ws/install/control/lib/python3.12/site-packages/control-0.1.0-py3.12.egg-info
running install_scripts
Installing motion_planner_node script to /home/andrewlh/VSCode/ros2_ws/install/control/bin
Installing pose_to_command_node script to /home/andrewlh/VSCode/ros2_ws/install/control/bin
Installing teleop_node script to /home/andrewlh/VSCode/ros2_ws/install/control/bin
Installing trajectory_executor_node script to /home/andrewlh/VSCode/ros2_ws/install/control/bin
writing list of installed files to '/home/andrewlh/VSCode/ros2_ws/build/control/install.log'
