[5.575s] Invoking command in '/home/andrewlh/VSCode/ros2_ws/src/control': CONDA_PROMPT_MODIFIER=(base) DEBUGINFOD_URLS=https://debuginfod.ubuntu.com PYTHONPATH=/home/andrewlh/VSCode/ros2_ws/build/control/prefix_override:/usr/lib/python3/dist-packages/colcon_core/task/python/colcon_distutils_commands:/home/andrewlh/VSCode/ros2_ws/install/control/lib/python3.12/site-packages:${PYTHONPATH} /usr/bin/python3 -W ignore:setup.py install is deprecated -W ignore:easy_install command is deprecated setup.py egg_info --egg-base ../../build/control build --build-base /home/andrewlh/VSCode/ros2_ws/build/control/build install --record /home/andrewlh/VSCode/ros2_ws/build/control/install.log --single-version-externally-managed install_data
[6.548s] running egg_info
[6.651s] writing ../../build/control/control.egg-info/PKG-INFO
[6.663s] writing dependency_links to ../../build/control/control.egg-info/dependency_links.txt
[6.665s] writing entry points to ../../build/control/control.egg-info/entry_points.txt
[6.666s] writing requirements to ../../build/control/control.egg-info/requires.txt
[6.675s] writing top-level names to ../../build/control/control.egg-info/top_level.txt
[6.902s] reading manifest file '../../build/control/control.egg-info/SOURCES.txt'
[6.903s] writing manifest file '../../build/control/control.egg-info/SOURCES.txt'
[6.904s] running build
[6.905s] running build_py
[6.905s] copying control/__init__.py -> /home/andrewlh/VSCode/ros2_ws/build/control/build/lib/control
[6.913s] running install
[6.928s] running install_lib
[7.024s] copying /home/andrewlh/VSCode/ros2_ws/build/control/build/lib/control/__init__.py -> /home/andrewlh/VSCode/ros2_ws/install/control/lib/python3.12/site-packages/control
[7.025s] byte-compiling /home/andrewlh/VSCode/ros2_ws/install/control/lib/python3.12/site-packages/control/__init__.py to __init__.cpython-312.pyc
[7.025s] running install_data
[7.025s] running install_egg_info
[7.118s] removing '/home/andrewlh/VSCode/ros2_ws/install/control/lib/python3.12/site-packages/control-0.1.0-py3.12.egg-info' (and everything under it)
[7.118s] Copying ../../build/control/control.egg-info to /home/andrewlh/VSCode/ros2_ws/install/control/lib/python3.12/site-packages/control-0.1.0-py3.12.egg-info
[7.119s] running install_scripts
[7.603s] Installing motion_planner_node script to /home/andrewlh/VSCode/ros2_ws/install/control/bin
[7.604s] Installing pose_to_command_node script to /home/andrewlh/VSCode/ros2_ws/install/control/bin
[7.604s] Installing teleop_node script to /home/andrewlh/VSCode/ros2_ws/install/control/bin
[7.605s] Installing trajectory_executor_node script to /home/andrewlh/VSCode/ros2_ws/install/control/bin
[7.606s] writing list of installed files to '/home/andrewlh/VSCode/ros2_ws/build/control/install.log'
[7.728s] Invoked command in '/home/andrewlh/VSCode/ros2_ws/src/control' returned '0': CONDA_PROMPT_MODIFIER=(base) DEBUGINFOD_URLS=https://debuginfod.ubuntu.com PYTHONPATH=/home/andrewlh/VSCode/ros2_ws/build/control/prefix_override:/usr/lib/python3/dist-packages/colcon_core/task/python/colcon_distutils_commands:/home/andrewlh/VSCode/ros2_ws/install/control/lib/python3.12/site-packages:${PYTHONPATH} /usr/bin/python3 -W ignore:setup.py install is deprecated -W ignore:easy_install command is deprecated setup.py egg_info --egg-base ../../build/control build --build-base /home/andrewlh/VSCode/ros2_ws/build/control/build install --record /home/andrewlh/VSCode/ros2_ws/build/control/install.log --single-version-externally-managed install_data
