[3.554s] Invoking command in '/home/andrewlh/VSCode/ros2_ws/src/sim_interface': CONDA_PROMPT_MODIFIER=(base) DEBUGINFOD_URLS=https://debuginfod.ubuntu.com PYTHONPATH=/home/andrewlh/VSCode/ros2_ws/build/sim_interface/prefix_override:/usr/lib/python3/dist-packages/colcon_core/task/python/colcon_distutils_commands:/home/andrewlh/VSCode/ros2_ws/install/sim_interface/lib/python3.12/site-packages:${PYTHONPATH} /usr/bin/python3 -W ignore:setup.py install is deprecated -W ignore:easy_install command is deprecated setup.py egg_info --egg-base ../../build/sim_interface build --build-base /home/andrewlh/VSCode/ros2_ws/build/sim_interface/build install --record /home/andrewlh/VSCode/ros2_ws/build/sim_interface/install.log --single-version-externally-managed install_data
[4.410s] running egg_info
[4.490s] writing ../../build/sim_interface/sim_interface.egg-info/PKG-INFO
[4.490s] writing dependency_links to ../../build/sim_interface/sim_interface.egg-info/dependency_links.txt
[4.490s] writing entry points to ../../build/sim_interface/sim_interface.egg-info/entry_points.txt
[4.490s] writing requirements to ../../build/sim_interface/sim_interface.egg-info/requires.txt
[4.491s] writing top-level names to ../../build/sim_interface/sim_interface.egg-info/top_level.txt
[4.619s] reading manifest file '../../build/sim_interface/sim_interface.egg-info/SOURCES.txt'
[4.622s] writing manifest file '../../build/sim_interface/sim_interface.egg-info/SOURCES.txt'
[4.623s] running build
[4.623s] running build_py
[4.624s] running install
[4.646s] running install_lib
[4.714s] running install_data
[4.715s] running install_egg_info
[4.804s] removing '/home/andrewlh/VSCode/ros2_ws/install/sim_interface/lib/python3.12/site-packages/sim_interface-0.1.0-py3.12.egg-info' (and everything under it)
[4.807s] Copying ../../build/sim_interface/sim_interface.egg-info to /home/andrewlh/VSCode/ros2_ws/install/sim_interface/lib/python3.12/site-packages/sim_interface-0.1.0-py3.12.egg-info
[4.809s] running install_scripts
[5.285s] Installing sim_world_interface_node script to /home/andrewlh/VSCode/ros2_ws/install/sim_interface/lib/sim_interface
[5.289s] Installing simulator_node script to /home/andrewlh/VSCode/ros2_ws/install/sim_interface/lib/sim_interface
[5.298s] writing list of installed files to '/home/andrewlh/VSCode/ros2_ws/build/sim_interface/install.log'
[5.406s] Invoked command in '/home/andrewlh/VSCode/ros2_ws/src/sim_interface' returned '0': CONDA_PROMPT_MODIFIER=(base) DEBUGINFOD_URLS=https://debuginfod.ubuntu.com PYTHONPATH=/home/andrewlh/VSCode/ros2_ws/build/sim_interface/prefix_override:/usr/lib/python3/dist-packages/colcon_core/task/python/colcon_distutils_commands:/home/andrewlh/VSCode/ros2_ws/install/sim_interface/lib/python3.12/site-packages:${PYTHONPATH} /usr/bin/python3 -W ignore:setup.py install is deprecated -W ignore:easy_install command is deprecated setup.py egg_info --egg-base ../../build/sim_interface build --build-base /home/andrewlh/VSCode/ros2_ws/build/sim_interface/build install --record /home/andrewlh/VSCode/ros2_ws/build/sim_interface/install.log --single-version-externally-managed install_data
