running egg_info
writing ../../build/control_system/control_system.egg-info/PKG-INFO
writing dependency_links to ../../build/control_system/control_system.egg-info/dependency_links.txt
writing entry points to ../../build/control_system/control_system.egg-info/entry_points.txt
writing requirements to ../../build/control_system/control_system.egg-info/requires.txt
writing top-level names to ../../build/control_system/control_system.egg-info/top_level.txt
reading manifest file '../../build/control_system/control_system.egg-info/SOURCES.txt'
writing manifest file '../../build/control_system/control_system.egg-info/SOURCES.txt'
running build
running build_py
copying control_system/__init__.py -> /home/andrewlh/VSCode/ros2_ws/build/control_system/build/lib/control_system
copying control_system/perception_control_node.py -> /home/andrewlh/VSCode/ros2_ws/build/control_system/build/lib/control_system
copying control_system/manual_control_node.py -> /home/andrewlh/VSCode/ros2_ws/build/control_system/build/lib/control_system
copying control_system/unified_control_node.py -> /home/andrewlh/VSCode/ros2_ws/build/control_system/build/lib/control_system
copying control_system/servo_interface_node.py -> /home/andrewlh/VSCode/ros2_ws/build/control_system/build/lib/control_system
copying control_system/mode_manager_node.py -> /home/andrewlh/VSCode/ros2_ws/build/control_system/build/lib/control_system
running install
running install_lib
copying /home/andrewlh/VSCode/ros2_ws/build/control_system/build/lib/control_system/__init__.py -> /home/andrewlh/VSCode/ros2_ws/install/control_system/lib/python3.12/site-packages/control_system
copying /home/andrewlh/VSCode/ros2_ws/build/control_system/build/lib/control_system/perception_control_node.py -> /home/andrewlh/VSCode/ros2_ws/install/control_system/lib/python3.12/site-packages/control_system
copying /home/andrewlh/VSCode/ros2_ws/build/control_system/build/lib/control_system/manual_control_node.py -> /home/andrewlh/VSCode/ros2_ws/install/control_system/lib/python3.12/site-packages/control_system
copying /home/andrewlh/VSCode/ros2_ws/build/control_system/build/lib/control_system/unified_control_node.py -> /home/andrewlh/VSCode/ros2_ws/install/control_system/lib/python3.12/site-packages/control_system
copying /home/andrewlh/VSCode/ros2_ws/build/control_system/build/lib/control_system/servo_interface_node.py -> /home/andrewlh/VSCode/ros2_ws/install/control_system/lib/python3.12/site-packages/control_system
copying /home/andrewlh/VSCode/ros2_ws/build/control_system/build/lib/control_system/mode_manager_node.py -> /home/andrewlh/VSCode/ros2_ws/install/control_system/lib/python3.12/site-packages/control_system
byte-compiling /home/andrewlh/VSCode/ros2_ws/install/control_system/lib/python3.12/site-packages/control_system/__init__.py to __init__.cpython-312.pyc
byte-compiling /home/andrewlh/VSCode/ros2_ws/install/control_system/lib/python3.12/site-packages/control_system/perception_control_node.py to perception_control_node.cpython-312.pyc
byte-compiling /home/andrewlh/VSCode/ros2_ws/install/control_system/lib/python3.12/site-packages/control_system/manual_control_node.py to manual_control_node.cpython-312.pyc
byte-compiling /home/andrewlh/VSCode/ros2_ws/install/control_system/lib/python3.12/site-packages/control_system/unified_control_node.py to unified_control_node.cpython-312.pyc
byte-compiling /home/andrewlh/VSCode/ros2_ws/install/control_system/lib/python3.12/site-packages/control_system/servo_interface_node.py to servo_interface_node.cpython-312.pyc
byte-compiling /home/andrewlh/VSCode/ros2_ws/install/control_system/lib/python3.12/site-packages/control_system/mode_manager_node.py to mode_manager_node.cpython-312.pyc
running install_data
copying resource/control_system -> /home/andrewlh/VSCode/ros2_ws/install/control_system/share/ament_index/resource_index/packages
