[1.963s] Invoking command in '/home/andrewlh/VSCode/ros2_ws/src/control_system': CONDA_PROMPT_MODIFIER=(base) DEBUGINFOD_URLS=https://debuginfod.ubuntu.com PYTHONPATH=/home/andrewlh/VSCode/ros2_ws/build/control_system/prefix_override:/usr/lib/python3/dist-packages/colcon_core/task/python/colcon_distutils_commands:/home/andrewlh/VSCode/ros2_ws/install/control_system/lib/python3.12/site-packages:${PYTHONPATH} /usr/bin/python3 -W ignore:setup.py install is deprecated -W ignore:easy_install command is deprecated setup.py egg_info --egg-base ../../build/control_system build --build-base /home/andrewlh/VSCode/ros2_ws/build/control_system/build install --record /home/andrewlh/VSCode/ros2_ws/build/control_system/install.log --single-version-externally-managed install_data
[2.881s] running egg_info
[3.006s] writing ../../build/control_system/control_system.egg-info/PKG-INFO
[3.007s] writing dependency_links to ../../build/control_system/control_system.egg-info/dependency_links.txt
[3.007s] writing entry points to ../../build/control_system/control_system.egg-info/entry_points.txt
[3.007s] writing requirements to ../../build/control_system/control_system.egg-info/requires.txt
[3.007s] writing top-level names to ../../build/control_system/control_system.egg-info/top_level.txt
[3.181s] reading manifest file '../../build/control_system/control_system.egg-info/SOURCES.txt'
[3.181s] writing manifest file '../../build/control_system/control_system.egg-info/SOURCES.txt'
[3.182s] running build
[3.182s] running build_py
[3.182s] copying control_system/__init__.py -> /home/andrewlh/VSCode/ros2_ws/build/control_system/build/lib/control_system
[3.182s] copying control_system/perception_control_node.py -> /home/andrewlh/VSCode/ros2_ws/build/control_system/build/lib/control_system
[3.183s] copying control_system/manual_control_node.py -> /home/andrewlh/VSCode/ros2_ws/build/control_system/build/lib/control_system
[3.183s] copying control_system/unified_control_node.py -> /home/andrewlh/VSCode/ros2_ws/build/control_system/build/lib/control_system
[3.183s] copying control_system/servo_interface_node.py -> /home/andrewlh/VSCode/ros2_ws/build/control_system/build/lib/control_system
[3.195s] copying control_system/mode_manager_node.py -> /home/andrewlh/VSCode/ros2_ws/build/control_system/build/lib/control_system
[3.195s] running install
[3.219s] running install_lib
[3.340s] copying /home/andrewlh/VSCode/ros2_ws/build/control_system/build/lib/control_system/__init__.py -> /home/andrewlh/VSCode/ros2_ws/install/control_system/lib/python3.12/site-packages/control_system
[3.341s] copying /home/andrewlh/VSCode/ros2_ws/build/control_system/build/lib/control_system/perception_control_node.py -> /home/andrewlh/VSCode/ros2_ws/install/control_system/lib/python3.12/site-packages/control_system
[3.343s] copying /home/andrewlh/VSCode/ros2_ws/build/control_system/build/lib/control_system/manual_control_node.py -> /home/andrewlh/VSCode/ros2_ws/install/control_system/lib/python3.12/site-packages/control_system
[3.343s] copying /home/andrewlh/VSCode/ros2_ws/build/control_system/build/lib/control_system/unified_control_node.py -> /home/andrewlh/VSCode/ros2_ws/install/control_system/lib/python3.12/site-packages/control_system
[3.354s] copying /home/andrewlh/VSCode/ros2_ws/build/control_system/build/lib/control_system/servo_interface_node.py -> /home/andrewlh/VSCode/ros2_ws/install/control_system/lib/python3.12/site-packages/control_system
[3.354s] copying /home/andrewlh/VSCode/ros2_ws/build/control_system/build/lib/control_system/mode_manager_node.py -> /home/andrewlh/VSCode/ros2_ws/install/control_system/lib/python3.12/site-packages/control_system
[3.354s] byte-compiling /home/andrewlh/VSCode/ros2_ws/install/control_system/lib/python3.12/site-packages/control_system/__init__.py to __init__.cpython-312.pyc
[3.354s] byte-compiling /home/andrewlh/VSCode/ros2_ws/install/control_system/lib/python3.12/site-packages/control_system/perception_control_node.py to perception_control_node.cpython-312.pyc
[3.357s] byte-compiling /home/andrewlh/VSCode/ros2_ws/install/control_system/lib/python3.12/site-packages/control_system/manual_control_node.py to manual_control_node.cpython-312.pyc
[3.366s] byte-compiling /home/andrewlh/VSCode/ros2_ws/install/control_system/lib/python3.12/site-packages/control_system/unified_control_node.py to unified_control_node.cpython-312.pyc
[3.378s] byte-compiling /home/andrewlh/VSCode/ros2_ws/install/control_system/lib/python3.12/site-packages/control_system/servo_interface_node.py to servo_interface_node.cpython-312.pyc
[3.382s] byte-compiling /home/andrewlh/VSCode/ros2_ws/install/control_system/lib/python3.12/site-packages/control_system/mode_manager_node.py to mode_manager_node.cpython-312.pyc
[3.386s] running install_data
[3.389s] copying resource/control_system -> /home/andrewlh/VSCode/ros2_ws/install/control_system/share/ament_index/resource_index/packages
[3.402s] error: can't copy 'package.xml': doesn't exist or not a regular file
[3.475s] Invoked command in '/home/andrewlh/VSCode/ros2_ws/src/control_system' returned '1': CONDA_PROMPT_MODIFIER=(base) DEBUGINFOD_URLS=https://debuginfod.ubuntu.com PYTHONPATH=/home/andrewlh/VSCode/ros2_ws/build/control_system/prefix_override:/usr/lib/python3/dist-packages/colcon_core/task/python/colcon_distutils_commands:/home/andrewlh/VSCode/ros2_ws/install/control_system/lib/python3.12/site-packages:${PYTHONPATH} /usr/bin/python3 -W ignore:setup.py install is deprecated -W ignore:easy_install command is deprecated setup.py egg_info --egg-base ../../build/control_system build --build-base /home/andrewlh/VSCode/ros2_ws/build/control_system/build install --record /home/andrewlh/VSCode/ros2_ws/build/control_system/install.log --single-version-externally-managed install_data
