[4.928s] Invoking command in '/home/andrewlh/VSCode/ros2_ws/build/sim_interface': CONDA_PROMPT_MODIFIER=(base) DEBUGINFOD_URLS=https://debuginfod.ubuntu.com PYTHONPATH=/home/andrewlh/VSCode/ros2_ws/build/sim_interface/prefix_override:/usr/lib/python3/dist-packages/colcon_core/task/python/colcon_distutils_commands:/home/andrewlh/VSCode/ros2_ws/install/sim_interface/lib/python3.12/site-packages:${PYTHONPATH} /usr/bin/python3 -W ignore:setup.py install is deprecated -W ignore:easy_install command is deprecated setup.py develop --editable --build-directory /home/andrewlh/VSCode/ros2_ws/build/sim_interface/build --no-deps symlink_data --force
[6.287s] running develop
[7.110s] running egg_info
[7.243s] writing sim_interface.egg-info/PKG-INFO
[7.247s] writing dependency_links to sim_interface.egg-info/dependency_links.txt
[7.248s] writing entry points to sim_interface.egg-info/entry_points.txt
[7.248s] writing requirements to sim_interface.egg-info/requires.txt
[7.248s] writing top-level names to sim_interface.egg-info/top_level.txt
[7.465s] reading manifest file 'sim_interface.egg-info/SOURCES.txt'
[7.467s] writing manifest file 'sim_interface.egg-info/SOURCES.txt'
[7.533s] running build_ext
[7.533s] Creating /home/andrewlh/VSCode/ros2_ws/install/sim_interface/lib/python3.12/site-packages/sim-interface.egg-link (link to .)
[7.543s] Installing sim_world_interface_node script to /home/andrewlh/VSCode/ros2_ws/install/sim_interface/bin
[7.543s] Installing simulator_node script to /home/andrewlh/VSCode/ros2_ws/install/sim_interface/bin
[7.544s] 
[7.544s] Installed /home/andrewlh/VSCode/ros2_ws/build/sim_interface
[7.544s] running symlink_data
[7.544s] symbolically linking /home/andrewlh/VSCode/ros2_ws/build/sim_interface/resource/sim_interface -> /home/andrewlh/VSCode/ros2_ws/install/sim_interface/share/ament_index/resource_index/packages
[7.544s] symbolically linking /home/andrewlh/VSCode/ros2_ws/build/sim_interface/package.xml -> /home/andrewlh/VSCode/ros2_ws/install/sim_interface/share/sim_interface
[7.694s] Invoked command in '/home/andrewlh/VSCode/ros2_ws/build/sim_interface' returned '0': CONDA_PROMPT_MODIFIER=(base) DEBUGINFOD_URLS=https://debuginfod.ubuntu.com PYTHONPATH=/home/andrewlh/VSCode/ros2_ws/build/sim_interface/prefix_override:/usr/lib/python3/dist-packages/colcon_core/task/python/colcon_distutils_commands:/home/andrewlh/VSCode/ros2_ws/install/sim_interface/lib/python3.12/site-packages:${PYTHONPATH} /usr/bin/python3 -W ignore:setup.py install is deprecated -W ignore:easy_install command is deprecated setup.py develop --editable --build-directory /home/andrewlh/VSCode/ros2_ws/build/sim_interface/build --no-deps symlink_data --force
