[1.958s] Invoking command in '/home/andrewlh/VSCode/ros2_ws/src/ui': CONDA_PROMPT_MODIFIER=(base) DEBUGINFOD_URLS=https://debuginfod.ubuntu.com PYTHONPATH=/home/andrewlh/VSCode/ros2_ws/build/ui/prefix_override:/usr/lib/python3/dist-packages/colcon_core/task/python/colcon_distutils_commands:/home/andrewlh/VSCode/ros2_ws/install/ui/lib/python3.12/site-packages:${PYTHONPATH} /usr/bin/python3 -W ignore:setup.py install is deprecated -W ignore:easy_install command is deprecated setup.py egg_info --egg-base ../../build/ui build --build-base /home/andrewlh/VSCode/ros2_ws/build/ui/build install --record /home/andrewlh/VSCode/ros2_ws/build/ui/install.log --single-version-externally-managed install_data
[2.473s] running egg_info
[2.517s] writing ../../build/ui/ui.egg-info/PKG-INFO
[2.518s] writing dependency_links to ../../build/ui/ui.egg-info/dependency_links.txt
[2.518s] writing entry points to ../../build/ui/ui.egg-info/entry_points.txt
[2.518s] writing requirements to ../../build/ui/ui.egg-info/requires.txt
[2.518s] writing top-level names to ../../build/ui/ui.egg-info/top_level.txt
[2.594s] reading manifest file '../../build/ui/ui.egg-info/SOURCES.txt'
[2.594s] writing manifest file '../../build/ui/ui.egg-info/SOURCES.txt'
[2.595s] running build
[2.595s] running build_py
[2.596s] copying ui/mode_switcher_node.py -> /home/andrewlh/VSCode/ros2_ws/build/ui/build/lib/ui
[2.596s] running install
[2.605s] running install_lib
[2.640s] copying /home/andrewlh/VSCode/ros2_ws/build/ui/build/lib/ui/mode_switcher_node.py -> /home/andrewlh/VSCode/ros2_ws/install/ui/lib/python3.12/site-packages/ui
[2.642s] byte-compiling /home/andrewlh/VSCode/ros2_ws/install/ui/lib/python3.12/site-packages/ui/mode_switcher_node.py to mode_switcher_node.cpython-312.pyc
[2.644s] running install_data
[2.645s] running install_egg_info
[2.698s] removing '/home/andrewlh/VSCode/ros2_ws/install/ui/lib/python3.12/site-packages/ui-0.1.0-py3.12.egg-info' (and everything under it)
[2.699s] Copying ../../build/ui/ui.egg-info to /home/andrewlh/VSCode/ros2_ws/install/ui/lib/python3.12/site-packages/ui-0.1.0-py3.12.egg-info
[2.701s] running install_scripts
[2.996s] Installing mode_switcher_node script to /home/andrewlh/VSCode/ros2_ws/install/ui/lib/ui
[2.997s] Installing ui_dashboard_node script to /home/andrewlh/VSCode/ros2_ws/install/ui/lib/ui
[2.998s] writing list of installed files to '/home/andrewlh/VSCode/ros2_ws/build/ui/install.log'
[3.099s] Invoked command in '/home/andrewlh/VSCode/ros2_ws/src/ui' returned '0': CONDA_PROMPT_MODIFIER=(base) DEBUGINFOD_URLS=https://debuginfod.ubuntu.com PYTHONPATH=/home/andrewlh/VSCode/ros2_ws/build/ui/prefix_override:/usr/lib/python3/dist-packages/colcon_core/task/python/colcon_distutils_commands:/home/andrewlh/VSCode/ros2_ws/install/ui/lib/python3.12/site-packages:${PYTHONPATH} /usr/bin/python3 -W ignore:setup.py install is deprecated -W ignore:easy_install command is deprecated setup.py egg_info --egg-base ../../build/ui build --build-base /home/andrewlh/VSCode/ros2_ws/build/ui/build install --record /home/andrewlh/VSCode/ros2_ws/build/ui/install.log --single-version-externally-managed install_data
