[4.808s] Invoking command in '/home/andrewlh/VSCode/ros2_ws/build/control': CONDA_PROMPT_MODIFIER=(base) DEBUGINFOD_URLS=https://debuginfod.ubuntu.com PYTHONPATH=/home/andrewlh/VSCode/ros2_ws/build/control/prefix_override:/usr/lib/python3/dist-packages/colcon_core/task/python/colcon_distutils_commands:/home/andrewlh/VSCode/ros2_ws/install/control/lib/python3.12/site-packages:${PYTHONPATH} /usr/bin/python3 -W ignore:setup.py install is deprecated -W ignore:easy_install command is deprecated setup.py develop --editable --build-directory /home/andrewlh/VSCode/ros2_ws/build/control/build --no-deps symlink_data
[5.864s] running develop
[6.449s] running egg_info
[6.537s] writing control.egg-info/PKG-INFO
[6.538s] writing dependency_links to control.egg-info/dependency_links.txt
[6.539s] writing entry points to control.egg-info/entry_points.txt
[6.540s] writing requirements to control.egg-info/requires.txt
[6.542s] writing top-level names to control.egg-info/top_level.txt
[6.664s] reading manifest file 'control.egg-info/SOURCES.txt'
[6.665s] writing manifest file 'control.egg-info/SOURCES.txt'
[6.747s] running build_ext
[6.753s] Creating /home/andrewlh/VSCode/ros2_ws/install/control/lib/python3.12/site-packages/control.egg-link (link to .)
[6.758s] Installing motion_planner_node script to /home/andrewlh/VSCode/ros2_ws/install/control/bin
[6.772s] Installing pose_to_command_node script to /home/andrewlh/VSCode/ros2_ws/install/control/bin
[6.778s] Installing teleop_node script to /home/andrewlh/VSCode/ros2_ws/install/control/bin
[6.778s] Installing trajectory_executor_node script to /home/andrewlh/VSCode/ros2_ws/install/control/bin
[6.778s] 
[6.778s] Installed /home/andrewlh/VSCode/ros2_ws/build/control
[6.779s] running symlink_data
[6.924s] Invoked command in '/home/andrewlh/VSCode/ros2_ws/build/control' returned '0': CONDA_PROMPT_MODIFIER=(base) DEBUGINFOD_URLS=https://debuginfod.ubuntu.com PYTHONPATH=/home/andrewlh/VSCode/ros2_ws/build/control/prefix_override:/usr/lib/python3/dist-packages/colcon_core/task/python/colcon_distutils_commands:/home/andrewlh/VSCode/ros2_ws/install/control/lib/python3.12/site-packages:${PYTHONPATH} /usr/bin/python3 -W ignore:setup.py install is deprecated -W ignore:easy_install command is deprecated setup.py develop --editable --build-directory /home/andrewlh/VSCode/ros2_ws/build/control/build --no-deps symlink_data
