[4.749s] Invoking command in '/home/andrewlh/VSCode/ros2_ws/build/perception': CONDA_PROMPT_MODIFIER=(base) DEBUGINFOD_URLS=https://debuginfod.ubuntu.com PYTHONPATH=/home/andrewlh/VSCode/ros2_ws/build/perception/prefix_override:/usr/lib/python3/dist-packages/colcon_core/task/python/colcon_distutils_commands:/home/andrewlh/VSCode/ros2_ws/install/perception/lib/python3.12/site-packages:${PYTHONPATH} /usr/bin/python3 -W ignore:setup.py install is deprecated -W ignore:easy_install command is deprecated setup.py develop --editable --build-directory /home/andrewlh/VSCode/ros2_ws/build/perception/build --no-deps symlink_data
[5.806s] running develop
[6.551s] running egg_info
[6.610s] writing perception.egg-info/PKG-INFO
[6.610s] writing dependency_links to perception.egg-info/dependency_links.txt
[6.611s] writing entry points to perception.egg-info/entry_points.txt
[6.612s] writing requirements to perception.egg-info/requires.txt
[6.612s] writing top-level names to perception.egg-info/top_level.txt
[6.779s] reading manifest file 'perception.egg-info/SOURCES.txt'
[6.783s] writing manifest file 'perception.egg-info/SOURCES.txt'
[6.905s] running build_ext
[6.907s] Creating /home/andrewlh/VSCode/ros2_ws/install/perception/lib/python3.12/site-packages/perception.egg-link (link to .)
[6.915s] Installing body_pose_node script to /home/andrewlh/VSCode/ros2_ws/install/perception/bin
[6.915s] Installing coordinate_transform_node script to /home/andrewlh/VSCode/ros2_ws/install/perception/bin
[6.921s] Installing hand_pose_node script to /home/andrewlh/VSCode/ros2_ws/install/perception/bin
[6.924s] Installing pose_filter_node script to /home/andrewlh/VSCode/ros2_ws/install/perception/bin
[6.927s] 
[6.927s] Installed /home/andrewlh/VSCode/ros2_ws/build/perception
[6.928s] running symlink_data
[7.114s] Invoked command in '/home/andrewlh/VSCode/ros2_ws/build/perception' returned '0': CONDA_PROMPT_MODIFIER=(base) DEBUGINFOD_URLS=https://debuginfod.ubuntu.com PYTHONPATH=/home/andrewlh/VSCode/ros2_ws/build/perception/prefix_override:/usr/lib/python3/dist-packages/colcon_core/task/python/colcon_distutils_commands:/home/andrewlh/VSCode/ros2_ws/install/perception/lib/python3.12/site-packages:${PYTHONPATH} /usr/bin/python3 -W ignore:setup.py install is deprecated -W ignore:easy_install command is deprecated setup.py develop --editable --build-directory /home/andrewlh/VSCode/ros2_ws/build/perception/build --no-deps symlink_data
