[7.045s] Invoking command in '/home/andrewlh/VSCode/ros2_ws/build/ui': CONDA_PROMPT_MODIFIER=(base) DEBUGINFOD_URLS=https://debuginfod.ubuntu.com PYTHONPATH=/home/andrewlh/VSCode/ros2_ws/build/ui/prefix_override:/usr/lib/python3/dist-packages/colcon_core/task/python/colcon_distutils_commands:/home/andrewlh/VSCode/ros2_ws/install/ui/lib/python3.12/site-packages:${PYTHONPATH} /usr/bin/python3 -W ignore:setup.py install is deprecated -W ignore:easy_install command is deprecated setup.py develop --editable --build-directory /home/andrewlh/VSCode/ros2_ws/build/ui/build --no-deps symlink_data
[8.578s] running develop
[9.657s] running egg_info
[9.658s] creating ui.egg-info
[9.695s] writing ui.egg-info/PKG-INFO
[9.696s] writing dependency_links to ui.egg-info/dependency_links.txt
[9.696s] writing entry points to ui.egg-info/entry_points.txt
[9.696s] writing requirements to ui.egg-info/requires.txt
[9.696s] writing top-level names to ui.egg-info/top_level.txt
[9.713s] writing manifest file 'ui.egg-info/SOURCES.txt'
[9.836s] reading manifest file 'ui.egg-info/SOURCES.txt'
[9.836s] writing manifest file 'ui.egg-info/SOURCES.txt'
[9.888s] running build_ext
[9.889s] Creating /home/andrewlh/VSCode/ros2_ws/install/ui/lib/python3.12/site-packages/ui.egg-link (link to .)
[9.889s] Installing mode_switcher_node script to /home/andrewlh/VSCode/ros2_ws/install/ui/bin
[9.900s] Installing ui_dashboard_node script to /home/andrewlh/VSCode/ros2_ws/install/ui/bin
[9.901s] 
[9.901s] Installed /home/andrewlh/VSCode/ros2_ws/build/ui
[9.901s] running symlink_data
[9.901s] creating /home/andrewlh/VSCode/ros2_ws/install/ui/share/ament_index
[9.901s] creating /home/andrewlh/VSCode/ros2_ws/install/ui/share/ament_index/resource_index
[9.901s] creating /home/andrewlh/VSCode/ros2_ws/install/ui/share/ament_index/resource_index/packages
[9.901s] symbolically linking /home/andrewlh/VSCode/ros2_ws/build/ui/resource/ui -> /home/andrewlh/VSCode/ros2_ws/install/ui/share/ament_index/resource_index/packages
[9.901s] symbolically linking /home/andrewlh/VSCode/ros2_ws/build/ui/package.xml -> /home/andrewlh/VSCode/ros2_ws/install/ui/share/ui
[10.055s] Invoked command in '/home/andrewlh/VSCode/ros2_ws/build/ui' returned '0': CONDA_PROMPT_MODIFIER=(base) DEBUGINFOD_URLS=https://debuginfod.ubuntu.com PYTHONPATH=/home/andrewlh/VSCode/ros2_ws/build/ui/prefix_override:/usr/lib/python3/dist-packages/colcon_core/task/python/colcon_distutils_commands:/home/andrewlh/VSCode/ros2_ws/install/ui/lib/python3.12/site-packages:${PYTHONPATH} /usr/bin/python3 -W ignore:setup.py install is deprecated -W ignore:easy_install command is deprecated setup.py develop --editable --build-directory /home/andrewlh/VSCode/ros2_ws/build/ui/build --no-deps symlink_data
