[5.059s] Invoking command in '/home/andrewlh/VSCode/ros2_ws/src/control': CONDA_PROMPT_MODIFIER=(base) DEBUGINFOD_URLS=https://debuginfod.ubuntu.com PYTHONPATH=/home/andrewlh/VSCode/ros2_ws/build/control/prefix_override:/usr/lib/python3/dist-packages/colcon_core/task/python/colcon_distutils_commands:/home/andrewlh/VSCode/ros2_ws/install/control/lib/python3.12/site-packages:${PYTHONPATH} /usr/bin/python3 -W ignore:setup.py install is deprecated -W ignore:easy_install command is deprecated setup.py egg_info --egg-base ../../build/control build --build-base /home/andrewlh/VSCode/ros2_ws/build/control/build install --record /home/andrewlh/VSCode/ros2_ws/build/control/install.log --single-version-externally-managed install_data
[5.816s] running egg_info
[5.876s] writing ../../build/control/control.egg-info/PKG-INFO
[5.876s] writing dependency_links to ../../build/control/control.egg-info/dependency_links.txt
[5.877s] writing entry points to ../../build/control/control.egg-info/entry_points.txt
[5.877s] writing requirements to ../../build/control/control.egg-info/requires.txt
[5.877s] writing top-level names to ../../build/control/control.egg-info/top_level.txt
[5.981s] reading manifest file '../../build/control/control.egg-info/SOURCES.txt'
[5.982s] writing manifest file '../../build/control/control.egg-info/SOURCES.txt'
[5.983s] running build
[5.983s] running build_py
[5.990s] running install
[5.999s] running install_lib
[6.079s] running install_data
[6.080s] running install_egg_info
[6.164s] removing '/home/andrewlh/VSCode/ros2_ws/install/control/lib/python3.12/site-packages/control-0.1.0-py3.12.egg-info' (and everything under it)
[6.169s] Copying ../../build/control/control.egg-info to /home/andrewlh/VSCode/ros2_ws/install/control/lib/python3.12/site-packages/control-0.1.0-py3.12.egg-info
[6.172s] running install_scripts
[6.501s] Installing motion_planner_node script to /home/andrewlh/VSCode/ros2_ws/install/control/lib/control
[6.502s] Installing pose_to_command_node script to /home/andrewlh/VSCode/ros2_ws/install/control/lib/control
[6.504s] Installing teleop_node script to /home/andrewlh/VSCode/ros2_ws/install/control/lib/control
[6.505s] Installing trajectory_executor_node script to /home/andrewlh/VSCode/ros2_ws/install/control/lib/control
[6.505s] writing list of installed files to '/home/andrewlh/VSCode/ros2_ws/build/control/install.log'
[6.565s] Invoked command in '/home/andrewlh/VSCode/ros2_ws/src/control' returned '0': CONDA_PROMPT_MODIFIER=(base) DEBUGINFOD_URLS=https://debuginfod.ubuntu.com PYTHONPATH=/home/andrewlh/VSCode/ros2_ws/build/control/prefix_override:/usr/lib/python3/dist-packages/colcon_core/task/python/colcon_distutils_commands:/home/andrewlh/VSCode/ros2_ws/install/control/lib/python3.12/site-packages:${PYTHONPATH} /usr/bin/python3 -W ignore:setup.py install is deprecated -W ignore:easy_install command is deprecated setup.py egg_info --egg-base ../../build/control build --build-base /home/andrewlh/VSCode/ros2_ws/build/control/build install --record /home/andrewlh/VSCode/ros2_ws/build/control/install.log --single-version-externally-managed install_data
