[6.066s] Invoking command in '/home/andrewlh/VSCode/ros2_ws/build/control': CONDA_PROMPT_MODIFIER=(base) DEBUGINFOD_URLS=https://debuginfod.ubuntu.com PYTHONPATH=/home/andrewlh/VSCode/ros2_ws/build/control/prefix_override:/usr/lib/python3/dist-packages/colcon_core/task/python/colcon_distutils_commands:/home/andrewlh/VSCode/ros2_ws/install/control/lib/python3.12/site-packages:${PYTHONPATH} /usr/bin/python3 -W ignore:setup.py install is deprecated -W ignore:easy_install command is deprecated setup.py develop --editable --build-directory /home/andrewlh/VSCode/ros2_ws/build/control/build --no-deps symlink_data
[8.440s] running develop
[8.647s] running egg_info
[8.708s] writing control.egg-info/PKG-INFO
[8.708s] writing dependency_links to control.egg-info/dependency_links.txt
[8.708s] writing entry points to control.egg-info/entry_points.txt
[8.708s] writing requirements to control.egg-info/requires.txt
[8.709s] writing top-level names to control.egg-info/top_level.txt
[8.807s] reading manifest file 'control.egg-info/SOURCES.txt'
[8.808s] writing manifest file 'control.egg-info/SOURCES.txt'
[8.859s] running build_ext
[8.862s] Creating /home/andrewlh/VSCode/ros2_ws/install/control/lib/python3.12/site-packages/control.egg-link (link to .)
[8.863s] Installing motion_planner_node script to /home/andrewlh/VSCode/ros2_ws/install/control/bin
[8.863s] Installing pose_to_command_node script to /home/andrewlh/VSCode/ros2_ws/install/control/bin
[8.864s] Installing teleop_node script to /home/andrewlh/VSCode/ros2_ws/install/control/bin
[8.865s] Installing trajectory_executor_node script to /home/andrewlh/VSCode/ros2_ws/install/control/bin
[8.865s] 
[8.866s] Installed /home/andrewlh/VSCode/ros2_ws/build/control
[8.866s] running symlink_data
[8.866s] creating /home/andrewlh/VSCode/ros2_ws/install/control/share/ament_index
[8.866s] creating /home/andrewlh/VSCode/ros2_ws/install/control/share/ament_index/resource_index
[8.867s] creating /home/andrewlh/VSCode/ros2_ws/install/control/share/ament_index/resource_index/packages
[8.867s] symbolically linking /home/andrewlh/VSCode/ros2_ws/build/control/resource/control -> /home/andrewlh/VSCode/ros2_ws/install/control/share/ament_index/resource_index/packages
[8.867s] symbolically linking /home/andrewlh/VSCode/ros2_ws/build/control/package.xml -> /home/andrewlh/VSCode/ros2_ws/install/control/share/control
[8.953s] Invoked command in '/home/andrewlh/VSCode/ros2_ws/build/control' returned '0': CONDA_PROMPT_MODIFIER=(base) DEBUGINFOD_URLS=https://debuginfod.ubuntu.com PYTHONPATH=/home/andrewlh/VSCode/ros2_ws/build/control/prefix_override:/usr/lib/python3/dist-packages/colcon_core/task/python/colcon_distutils_commands:/home/andrewlh/VSCode/ros2_ws/install/control/lib/python3.12/site-packages:${PYTHONPATH} /usr/bin/python3 -W ignore:setup.py install is deprecated -W ignore:easy_install command is deprecated setup.py develop --editable --build-directory /home/andrewlh/VSCode/ros2_ws/build/control/build --no-deps symlink_data
