/home/andrewlh/VSCode/ros2_ws/install/control_system/lib/python3.12/site-packages/control_system/__init__.py
/home/andrewlh/VSCode/ros2_ws/install/control_system/lib/python3.12/site-packages/control_system/perception_control_node.py
/home/andrewlh/VSCode/ros2_ws/install/control_system/lib/python3.12/site-packages/control_system/manual_control_node.py
/home/andrewlh/VSCode/ros2_ws/install/control_system/lib/python3.12/site-packages/control_system/unified_control_node.py
/home/andrewlh/VSCode/ros2_ws/install/control_system/lib/python3.12/site-packages/control_system/servo_interface_node.py
/home/andrewlh/VSCode/ros2_ws/install/control_system/lib/python3.12/site-packages/control_system/mode_manager_node.py
/home/andrewlh/VSCode/ros2_ws/install/control_system/lib/python3.12/site-packages/control_system/__pycache__/__init__.cpython-312.pyc
/home/andrewlh/VSCode/ros2_ws/install/control_system/lib/python3.12/site-packages/control_system/__pycache__/perception_control_node.cpython-312.pyc
/home/andrewlh/VSCode/ros2_ws/install/control_system/lib/python3.12/site-packages/control_system/__pycache__/manual_control_node.cpython-312.pyc
/home/andrewlh/VSCode/ros2_ws/install/control_system/lib/python3.12/site-packages/control_system/__pycache__/unified_control_node.cpython-312.pyc
/home/andrewlh/VSCode/ros2_ws/install/control_system/lib/python3.12/site-packages/control_system/__pycache__/servo_interface_node.cpython-312.pyc
/home/andrewlh/VSCode/ros2_ws/install/control_system/lib/python3.12/site-packages/control_system/__pycache__/mode_manager_node.cpython-312.pyc
/home/andrewlh/VSCode/ros2_ws/install/control_system/share/ament_index/resource_index/packages/control_system
/home/andrewlh/VSCode/ros2_ws/install/control_system/share/control_system/package.xml
/home/andrewlh/VSCode/ros2_ws/install/control_system/lib/python3.12/site-packages/control_system-0.0.1-py3.12.egg-info/entry_points.txt
/home/andrewlh/VSCode/ros2_ws/install/control_system/lib/python3.12/site-packages/control_system-0.0.1-py3.12.egg-info/PKG-INFO
/home/andrewlh/VSCode/ros2_ws/install/control_system/lib/python3.12/site-packages/control_system-0.0.1-py3.12.egg-info/zip-safe
/home/andrewlh/VSCode/ros2_ws/install/control_system/lib/python3.12/site-packages/control_system-0.0.1-py3.12.egg-info/top_level.txt
/home/andrewlh/VSCode/ros2_ws/install/control_system/lib/python3.12/site-packages/control_system-0.0.1-py3.12.egg-info/SOURCES.txt
/home/andrewlh/VSCode/ros2_ws/install/control_system/lib/python3.12/site-packages/control_system-0.0.1-py3.12.egg-info/dependency_links.txt
/home/andrewlh/VSCode/ros2_ws/install/control_system/lib/python3.12/site-packages/control_system-0.0.1-py3.12.egg-info/requires.txt
/home/andrewlh/VSCode/ros2_ws/install/control_system/bin/manual_control_node
/home/andrewlh/VSCode/ros2_ws/install/control_system/bin/mode_manager_node
/home/andrewlh/VSCode/ros2_ws/install/control_system/bin/perception_control_node
/home/andrewlh/VSCode/ros2_ws/install/control_system/bin/servo_interface_node
/home/andrewlh/VSCode/ros2_ws/install/control_system/bin/unified_control_node
