/home/andrewlh/VSCode/ros2_ws/install/control/lib/python3.12/site-packages/control/__init__.py
/home/andrewlh/VSCode/ros2_ws/install/control/lib/python3.12/site-packages/control/teleop_node.py
/home/andrewlh/VSCode/ros2_ws/install/control/lib/python3.12/site-packages/control/pose_to_command_node.py
/home/andrewlh/VSCode/ros2_ws/install/control/lib/python3.12/site-packages/control/motion_planner_node.py
/home/andrewlh/VSCode/ros2_ws/install/control/lib/python3.12/site-packages/control/trajectory_executor_node.py
/home/andrewlh/VSCode/ros2_ws/install/control/lib/python3.12/site-packages/control/__pycache__/__init__.cpython-312.pyc
/home/andrewlh/VSCode/ros2_ws/install/control/lib/python3.12/site-packages/control/__pycache__/teleop_node.cpython-312.pyc
/home/andrewlh/VSCode/ros2_ws/install/control/lib/python3.12/site-packages/control/__pycache__/pose_to_command_node.cpython-312.pyc
/home/andrewlh/VSCode/ros2_ws/install/control/lib/python3.12/site-packages/control/__pycache__/motion_planner_node.cpython-312.pyc
/home/andrewlh/VSCode/ros2_ws/install/control/lib/python3.12/site-packages/control/__pycache__/trajectory_executor_node.cpython-312.pyc
/home/andrewlh/VSCode/ros2_ws/install/control/share/ament_index/resource_index/packages/control
/home/andrewlh/VSCode/ros2_ws/install/control/share/control/package.xml
/home/andrewlh/VSCode/ros2_ws/install/control/lib/python3.12/site-packages/control-0.1.0-py3.12.egg-info/entry_points.txt
/home/andrewlh/VSCode/ros2_ws/install/control/lib/python3.12/site-packages/control-0.1.0-py3.12.egg-info/PKG-INFO
/home/andrewlh/VSCode/ros2_ws/install/control/lib/python3.12/site-packages/control-0.1.0-py3.12.egg-info/zip-safe
/home/andrewlh/VSCode/ros2_ws/install/control/lib/python3.12/site-packages/control-0.1.0-py3.12.egg-info/top_level.txt
/home/andrewlh/VSCode/ros2_ws/install/control/lib/python3.12/site-packages/control-0.1.0-py3.12.egg-info/SOURCES.txt
/home/andrewlh/VSCode/ros2_ws/install/control/lib/python3.12/site-packages/control-0.1.0-py3.12.egg-info/dependency_links.txt
/home/andrewlh/VSCode/ros2_ws/install/control/lib/python3.12/site-packages/control-0.1.0-py3.12.egg-info/requires.txt
/home/andrewlh/VSCode/ros2_ws/install/control/lib/control/motion_planner_node
/home/andrewlh/VSCode/ros2_ws/install/control/lib/control/pose_to_command_node
/home/andrewlh/VSCode/ros2_ws/install/control/lib/control/teleop_node
/home/andrewlh/VSCode/ros2_ws/install/control/lib/control/trajectory_executor_node
