[5.726s] Invoking command in '/home/andrewlh/VSCode/ros2_ws/build/camera_interface': CONDA_PROMPT_MODIFIER=(base) DEBUGINFOD_URLS=https://debuginfod.ubuntu.com PYTHONPATH=/home/andrewlh/VSCode/ros2_ws/build/camera_interface/prefix_override:/usr/lib/python3/dist-packages/colcon_core/task/python/colcon_distutils_commands:/home/andrewlh/VSCode/ros2_ws/install/camera_interface/lib/python3.12/site-packages:${PYTHONPATH} /usr/bin/python3 -W ignore:setup.py install is deprecated -W ignore:easy_install command is deprecated setup.py develop --editable --build-directory /home/andrewlh/VSCode/ros2_ws/build/camera_interface/build --no-deps symlink_data
[7.489s] running develop
[8.423s] running egg_info
[8.514s] writing camera_interface.egg-info/PKG-INFO
[8.514s] writing dependency_links to camera_interface.egg-info/dependency_links.txt
[8.514s] writing entry points to camera_interface.egg-info/entry_points.txt
[8.514s] writing requirements to camera_interface.egg-info/requires.txt
[8.514s] writing top-level names to camera_interface.egg-info/top_level.txt
[8.662s] reading manifest file 'camera_interface.egg-info/SOURCES.txt'
[8.663s] writing manifest file 'camera_interface.egg-info/SOURCES.txt'
[8.713s] running build_ext
[8.713s] Creating /home/andrewlh/VSCode/ros2_ws/install/camera_interface/lib/python3.12/site-packages/camera-interface.egg-link (link to .)
[8.716s] Installing camera_info_node script to /home/andrewlh/VSCode/ros2_ws/install/camera_interface/bin
[8.724s] Installing camera_node script to /home/andrewlh/VSCode/ros2_ws/install/camera_interface/bin
[8.724s] 
[8.724s] Installed /home/andrewlh/VSCode/ros2_ws/build/camera_interface
[8.724s] running symlink_data
[8.725s] creating /home/andrewlh/VSCode/ros2_ws/install/camera_interface/share/ament_index
[8.725s] creating /home/andrewlh/VSCode/ros2_ws/install/camera_interface/share/ament_index/resource_index
[8.725s] creating /home/andrewlh/VSCode/ros2_ws/install/camera_interface/share/ament_index/resource_index/packages
[8.726s] symbolically linking /home/andrewlh/VSCode/ros2_ws/build/camera_interface/resource/camera_interface -> /home/andrewlh/VSCode/ros2_ws/install/camera_interface/share/ament_index/resource_index/packages
[8.726s] symbolically linking /home/andrewlh/VSCode/ros2_ws/build/camera_interface/package.xml -> /home/andrewlh/VSCode/ros2_ws/install/camera_interface/share/camera_interface
[8.817s] Invoked command in '/home/andrewlh/VSCode/ros2_ws/build/camera_interface' returned '0': CONDA_PROMPT_MODIFIER=(base) DEBUGINFOD_URLS=https://debuginfod.ubuntu.com PYTHONPATH=/home/andrewlh/VSCode/ros2_ws/build/camera_interface/prefix_override:/usr/lib/python3/dist-packages/colcon_core/task/python/colcon_distutils_commands:/home/andrewlh/VSCode/ros2_ws/install/camera_interface/lib/python3.12/site-packages:${PYTHONPATH} /usr/bin/python3 -W ignore:setup.py install is deprecated -W ignore:easy_install command is deprecated setup.py develop --editable --build-directory /home/andrewlh/VSCode/ros2_ws/build/camera_interface/build --no-deps symlink_data
