[2.399s] Invoking command in '/home/andrewlh/VSCode/ros2_ws/src/control_system': CONDA_PROMPT_MODIFIER=(base) DEBUGINFOD_URLS=https://debuginfod.ubuntu.com PYTHONPATH=/home/andrewlh/VSCode/ros2_ws/build/control_system/prefix_override:/usr/lib/python3/dist-packages/colcon_core/task/python/colcon_distutils_commands:/home/andrewlh/VSCode/ros2_ws/install/control_system/lib/python3.12/site-packages:${PYTHONPATH} /usr/bin/python3 -W ignore:setup.py install is deprecated -W ignore:easy_install command is deprecated setup.py egg_info --egg-base ../../build/control_system build --build-base /home/andrewlh/VSCode/ros2_ws/build/control_system/build install --record /home/andrewlh/VSCode/ros2_ws/build/control_system/install.log --single-version-externally-managed install_data
[3.542s] running egg_info
[3.612s] writing ../../build/control_system/control_system.egg-info/PKG-INFO
[3.613s] writing dependency_links to ../../build/control_system/control_system.egg-info/dependency_links.txt
[3.614s] writing entry points to ../../build/control_system/control_system.egg-info/entry_points.txt
[3.614s] writing requirements to ../../build/control_system/control_system.egg-info/requires.txt
[3.615s] writing top-level names to ../../build/control_system/control_system.egg-info/top_level.txt
[3.806s] reading manifest file '../../build/control_system/control_system.egg-info/SOURCES.txt'
[3.807s] writing manifest file '../../build/control_system/control_system.egg-info/SOURCES.txt'
[3.814s] running build
[3.818s] running build_py
[3.818s] running install
[3.831s] running install_lib
[3.929s] running install_data
[3.930s] running install_egg_info
[4.044s] removing '/home/andrewlh/VSCode/ros2_ws/install/control_system/lib/python3.12/site-packages/control_system-0.0.1-py3.12.egg-info' (and everything under it)
[4.047s] Copying ../../build/control_system/control_system.egg-info to /home/andrewlh/VSCode/ros2_ws/install/control_system/lib/python3.12/site-packages/control_system-0.0.1-py3.12.egg-info
[4.052s] running install_scripts
[4.554s] Installing manual_control_node script to /home/andrewlh/VSCode/ros2_ws/install/control_system/lib/control_system
[4.555s] Installing mode_manager_node script to /home/andrewlh/VSCode/ros2_ws/install/control_system/lib/control_system
[4.556s] Installing perception_control_node script to /home/andrewlh/VSCode/ros2_ws/install/control_system/lib/control_system
[4.556s] Installing servo_interface_lifecycle_node script to /home/andrewlh/VSCode/ros2_ws/install/control_system/lib/control_system
[4.557s] Installing servo_interface_node script to /home/andrewlh/VSCode/ros2_ws/install/control_system/lib/control_system
[4.557s] Installing unified_control_node script to /home/andrewlh/VSCode/ros2_ws/install/control_system/lib/control_system
[4.558s] writing list of installed files to '/home/andrewlh/VSCode/ros2_ws/build/control_system/install.log'
[4.635s] Invoked command in '/home/andrewlh/VSCode/ros2_ws/src/control_system' returned '0': CONDA_PROMPT_MODIFIER=(base) DEBUGINFOD_URLS=https://debuginfod.ubuntu.com PYTHONPATH=/home/andrewlh/VSCode/ros2_ws/build/control_system/prefix_override:/usr/lib/python3/dist-packages/colcon_core/task/python/colcon_distutils_commands:/home/andrewlh/VSCode/ros2_ws/install/control_system/lib/python3.12/site-packages:${PYTHONPATH} /usr/bin/python3 -W ignore:setup.py install is deprecated -W ignore:easy_install command is deprecated setup.py egg_info --egg-base ../../build/control_system build --build-base /home/andrewlh/VSCode/ros2_ws/build/control_system/build install --record /home/andrewlh/VSCode/ros2_ws/build/control_system/install.log --single-version-externally-managed install_data
