running egg_info
writing ../../build/cr3_interface/cr3_interface.egg-info/PKG-INFO
writing dependency_links to ../../build/cr3_interface/cr3_interface.egg-info/dependency_links.txt
writing entry points to ../../build/cr3_interface/cr3_interface.egg-info/entry_points.txt
writing requirements to ../../build/cr3_interface/cr3_interface.egg-info/requires.txt
writing top-level names to ../../build/cr3_interface/cr3_interface.egg-info/top_level.txt
reading manifest file '../../build/cr3_interface/cr3_interface.egg-info/SOURCES.txt'
writing manifest file '../../build/cr3_interface/cr3_interface.egg-info/SOURCES.txt'
running build
running build_py
running install
running install_lib
running install_data
running install_egg_info
removing '/home/andrewlh/VSCode/ros2_ws/install/cr3_interface/lib/python3.12/site-packages/cr3_interface-0.1.0-py3.12.egg-info' (and everything under it)
Copying ../../build/cr3_interface/cr3_interface.egg-info to /home/andrewlh/VSCode/ros2_ws/install/cr3_interface/lib/python3.12/site-packages/cr3_interface-0.1.0-py3.12.egg-info
running install_scripts
Installing cr3_controller_node script to /home/andrewlh/VSCode/ros2_ws/install/cr3_interface/lib/cr3_interface
Installing hand_controller_node script to /home/andrewlh/VSCode/ros2_ws/install/cr3_interface/lib/cr3_interface
Installing joint_state_publisher_node script to /home/andrewlh/VSCode/ros2_ws/install/cr3_interface/lib/cr3_interface
Installing tf_broadcaster_node script to /home/andrewlh/VSCode/ros2_ws/install/cr3_interface/lib/cr3_interface
writing list of installed files to '/home/andrewlh/VSCode/ros2_ws/build/cr3_interface/install.log'
