[5.353s] Invoking command in '/home/andrewlh/VSCode/ros2_ws/build/camera_interface': CONDA_PROMPT_MODIFIER=(base) DEBUGINFOD_URLS=https://debuginfod.ubuntu.com PYTHONPATH=/home/andrewlh/VSCode/ros2_ws/build/camera_interface/prefix_override:/usr/lib/python3/dist-packages/colcon_core/task/python/colcon_distutils_commands:/home/andrewlh/VSCode/ros2_ws/install/camera_interface/lib/python3.12/site-packages:${PYTHONPATH} /usr/bin/python3 -W ignore:setup.py install is deprecated -W ignore:easy_install command is deprecated setup.py develop --editable --build-directory /home/andrewlh/VSCode/ros2_ws/build/camera_interface/build --no-deps symlink_data --force
[6.764s] running develop
[7.883s] running egg_info
[7.933s] writing camera_interface.egg-info/PKG-INFO
[7.935s] writing dependency_links to camera_interface.egg-info/dependency_links.txt
[7.936s] writing entry points to camera_interface.egg-info/entry_points.txt
[7.938s] writing requirements to camera_interface.egg-info/requires.txt
[7.938s] writing top-level names to camera_interface.egg-info/top_level.txt
[8.078s] reading manifest file 'camera_interface.egg-info/SOURCES.txt'
[8.081s] writing manifest file 'camera_interface.egg-info/SOURCES.txt'
[8.177s] running build_ext
[8.179s] Creating /home/andrewlh/VSCode/ros2_ws/install/camera_interface/lib/python3.12/site-packages/camera-interface.egg-link (link to .)
[8.182s] Installing camera_info_node script to /home/andrewlh/VSCode/ros2_ws/install/camera_interface/bin
[8.187s] Installing camera_node script to /home/andrewlh/VSCode/ros2_ws/install/camera_interface/bin
[8.189s] 
[8.189s] Installed /home/andrewlh/VSCode/ros2_ws/build/camera_interface
[8.190s] running symlink_data
[8.190s] symbolically linking /home/andrewlh/VSCode/ros2_ws/build/camera_interface/resource/camera_interface -> /home/andrewlh/VSCode/ros2_ws/install/camera_interface/share/ament_index/resource_index/packages
[8.203s] symbolically linking /home/andrewlh/VSCode/ros2_ws/build/camera_interface/package.xml -> /home/andrewlh/VSCode/ros2_ws/install/camera_interface/share/camera_interface
[8.365s] Invoked command in '/home/andrewlh/VSCode/ros2_ws/build/camera_interface' returned '0': CONDA_PROMPT_MODIFIER=(base) DEBUGINFOD_URLS=https://debuginfod.ubuntu.com PYTHONPATH=/home/andrewlh/VSCode/ros2_ws/build/camera_interface/prefix_override:/usr/lib/python3/dist-packages/colcon_core/task/python/colcon_distutils_commands:/home/andrewlh/VSCode/ros2_ws/install/camera_interface/lib/python3.12/site-packages:${PYTHONPATH} /usr/bin/python3 -W ignore:setup.py install is deprecated -W ignore:easy_install command is deprecated setup.py develop --editable --build-directory /home/andrewlh/VSCode/ros2_ws/build/camera_interface/build --no-deps symlink_data --force
