[5.302s] Invoking command in '/home/andrewlh/VSCode/ros2_ws/build/control': CONDA_PROMPT_MODIFIER=(base) DEBUGINFOD_URLS=https://debuginfod.ubuntu.com PYTHONPATH=/home/andrewlh/VSCode/ros2_ws/build/control/prefix_override:/usr/lib/python3/dist-packages/colcon_core/task/python/colcon_distutils_commands:/home/andrewlh/VSCode/ros2_ws/install/control/lib/python3.12/site-packages:${PYTHONPATH} /usr/bin/python3 -W ignore:setup.py install is deprecated -W ignore:easy_install command is deprecated setup.py develop --editable --build-directory /home/andrewlh/VSCode/ros2_ws/build/control/build --no-deps symlink_data
[7.103s] running develop
[8.299s] running egg_info
[8.393s] writing control.egg-info/PKG-INFO
[8.394s] writing dependency_links to control.egg-info/dependency_links.txt
[8.408s] writing entry points to control.egg-info/entry_points.txt
[8.409s] writing requirements to control.egg-info/requires.txt
[8.409s] writing top-level names to control.egg-info/top_level.txt
[8.642s] reading manifest file 'control.egg-info/SOURCES.txt'
[8.644s] writing manifest file 'control.egg-info/SOURCES.txt'
[8.735s] running build_ext
[8.736s] Creating /home/andrewlh/VSCode/ros2_ws/install/control/lib/python3.12/site-packages/control.egg-link (link to .)
[8.736s] Installing motion_planner_node script to /home/andrewlh/VSCode/ros2_ws/install/control/bin
[8.752s] Installing pose_to_command_node script to /home/andrewlh/VSCode/ros2_ws/install/control/bin
[8.752s] Installing teleop_node script to /home/andrewlh/VSCode/ros2_ws/install/control/bin
[8.753s] Installing trajectory_executor_node script to /home/andrewlh/VSCode/ros2_ws/install/control/bin
[8.754s] 
[8.754s] Installed /home/andrewlh/VSCode/ros2_ws/build/control
[8.754s] running symlink_data
[8.936s] Invoked command in '/home/andrewlh/VSCode/ros2_ws/build/control' returned '0': CONDA_PROMPT_MODIFIER=(base) DEBUGINFOD_URLS=https://debuginfod.ubuntu.com PYTHONPATH=/home/andrewlh/VSCode/ros2_ws/build/control/prefix_override:/usr/lib/python3/dist-packages/colcon_core/task/python/colcon_distutils_commands:/home/andrewlh/VSCode/ros2_ws/install/control/lib/python3.12/site-packages:${PYTHONPATH} /usr/bin/python3 -W ignore:setup.py install is deprecated -W ignore:easy_install command is deprecated setup.py develop --editable --build-directory /home/andrewlh/VSCode/ros2_ws/build/control/build --no-deps symlink_data
