[4.458s] Invoking command in '/home/andrewlh/VSCode/ros2_ws/src/servo_control': CONDA_PROMPT_MODIFIER=(base) DEBUGINFOD_URLS=https://debuginfod.ubuntu.com PYTHONPATH=/home/andrewlh/VSCode/ros2_ws/build/servo_control/prefix_override:/usr/lib/python3/dist-packages/colcon_core/task/python/colcon_distutils_commands:/home/andrewlh/VSCode/ros2_ws/install/servo_control/lib/python3.12/site-packages:${PYTHONPATH} /usr/bin/python3 -W ignore:setup.py install is deprecated -W ignore:easy_install command is deprecated setup.py egg_info --egg-base ../../build/servo_control build --build-base /home/andrewlh/VSCode/ros2_ws/build/servo_control/build install --record /home/andrewlh/VSCode/ros2_ws/build/servo_control/install.log --single-version-externally-managed install_data
[5.692s] running egg_info
[5.802s] writing ../../build/servo_control/servo_control.egg-info/PKG-INFO
[5.802s] writing dependency_links to ../../build/servo_control/servo_control.egg-info/dependency_links.txt
[5.803s] writing entry points to ../../build/servo_control/servo_control.egg-info/entry_points.txt
[5.803s] writing requirements to ../../build/servo_control/servo_control.egg-info/requires.txt
[5.803s] writing top-level names to ../../build/servo_control/servo_control.egg-info/top_level.txt
[5.958s] reading manifest file '../../build/servo_control/servo_control.egg-info/SOURCES.txt'
[5.958s] writing manifest file '../../build/servo_control/servo_control.egg-info/SOURCES.txt'
[5.958s] running build
[5.958s] running build_py
[5.958s] copying servo_control/manual_servo_control_node.py -> /home/andrewlh/VSCode/ros2_ws/build/servo_control/build/lib/servo_control
[5.958s] copying servo_control/direct_servo_tester.py -> /home/andrewlh/VSCode/ros2_ws/build/servo_control/build/lib/servo_control
[5.959s] copying servo_control/direct_servo_tester_node.py -> /home/andrewlh/VSCode/ros2_ws/build/servo_control/build/lib/servo_control
[5.959s] copying servo_control/servo_interface_node.py -> /home/andrewlh/VSCode/ros2_ws/build/servo_control/build/lib/servo_control
[5.976s] running install
[5.993s] running install_lib
[6.061s] copying /home/andrewlh/VSCode/ros2_ws/build/servo_control/build/lib/servo_control/manual_servo_control_node.py -> /home/andrewlh/VSCode/ros2_ws/install/servo_control/lib/python3.12/site-packages/servo_control
[6.062s] copying /home/andrewlh/VSCode/ros2_ws/build/servo_control/build/lib/servo_control/direct_servo_tester.py -> /home/andrewlh/VSCode/ros2_ws/install/servo_control/lib/python3.12/site-packages/servo_control
[6.062s] copying /home/andrewlh/VSCode/ros2_ws/build/servo_control/build/lib/servo_control/direct_servo_tester_node.py -> /home/andrewlh/VSCode/ros2_ws/install/servo_control/lib/python3.12/site-packages/servo_control
[6.062s] copying /home/andrewlh/VSCode/ros2_ws/build/servo_control/build/lib/servo_control/servo_interface_node.py -> /home/andrewlh/VSCode/ros2_ws/install/servo_control/lib/python3.12/site-packages/servo_control
[6.066s] byte-compiling /home/andrewlh/VSCode/ros2_ws/install/servo_control/lib/python3.12/site-packages/servo_control/manual_servo_control_node.py to manual_servo_control_node.cpython-312.pyc
[6.077s] byte-compiling /home/andrewlh/VSCode/ros2_ws/install/servo_control/lib/python3.12/site-packages/servo_control/direct_servo_tester.py to direct_servo_tester.cpython-312.pyc
[6.080s] byte-compiling /home/andrewlh/VSCode/ros2_ws/install/servo_control/lib/python3.12/site-packages/servo_control/direct_servo_tester_node.py to direct_servo_tester_node.cpython-312.pyc
[6.098s] byte-compiling /home/andrewlh/VSCode/ros2_ws/install/servo_control/lib/python3.12/site-packages/servo_control/servo_interface_node.py to servo_interface_node.cpython-312.pyc
[6.099s] running install_data
[6.099s] running install_egg_info
[6.157s] removing '/home/andrewlh/VSCode/ros2_ws/install/servo_control/lib/python3.12/site-packages/servo_control-0.0.0-py3.12.egg-info' (and everything under it)
[6.161s] Copying ../../build/servo_control/servo_control.egg-info to /home/andrewlh/VSCode/ros2_ws/install/servo_control/lib/python3.12/site-packages/servo_control-0.0.0-py3.12.egg-info
[6.165s] running install_scripts
[6.598s] Installing direct_servo_tester_node script to /home/andrewlh/VSCode/ros2_ws/install/servo_control/lib/servo_control
[6.604s] Installing finger_servo_controller_node script to /home/andrewlh/VSCode/ros2_ws/install/servo_control/lib/servo_control
[6.606s] Installing manual_servo_control_node script to /home/andrewlh/VSCode/ros2_ws/install/servo_control/lib/servo_control
[6.607s] Installing servo_interface_node script to /home/andrewlh/VSCode/ros2_ws/install/servo_control/lib/servo_control
[6.607s] writing list of installed files to '/home/andrewlh/VSCode/ros2_ws/build/servo_control/install.log'
[6.731s] Invoked command in '/home/andrewlh/VSCode/ros2_ws/src/servo_control' returned '0': CONDA_PROMPT_MODIFIER=(base) DEBUGINFOD_URLS=https://debuginfod.ubuntu.com PYTHONPATH=/home/andrewlh/VSCode/ros2_ws/build/servo_control/prefix_override:/usr/lib/python3/dist-packages/colcon_core/task/python/colcon_distutils_commands:/home/andrewlh/VSCode/ros2_ws/install/servo_control/lib/python3.12/site-packages:${PYTHONPATH} /usr/bin/python3 -W ignore:setup.py install is deprecated -W ignore:easy_install command is deprecated setup.py egg_info --egg-base ../../build/servo_control build --build-base /home/andrewlh/VSCode/ros2_ws/build/servo_control/build install --record /home/andrewlh/VSCode/ros2_ws/build/servo_control/install.log --single-version-externally-managed install_data
