[7.399s] Invoking command in '/home/andrewlh/VSCode/ros2_ws/build/cr3_interface': CONDA_PROMPT_MODIFIER=(base) DEBUGINFOD_URLS=https://debuginfod.ubuntu.com PYTHONPATH=/home/andrewlh/VSCode/ros2_ws/build/cr3_interface/prefix_override:/usr/lib/python3/dist-packages/colcon_core/task/python/colcon_distutils_commands:/home/andrewlh/VSCode/ros2_ws/install/cr3_interface/lib/python3.12/site-packages:${PYTHONPATH} /usr/bin/python3 -W ignore:setup.py install is deprecated -W ignore:easy_install command is deprecated setup.py develop --editable --build-directory /home/andrewlh/VSCode/ros2_ws/build/cr3_interface/build --no-deps symlink_data
[9.764s] running develop
[9.764s] running egg_info
[9.764s] creating cr3_interface.egg-info
[9.764s] writing cr3_interface.egg-info/PKG-INFO
[9.768s] writing dependency_links to cr3_interface.egg-info/dependency_links.txt
[9.768s] writing entry points to cr3_interface.egg-info/entry_points.txt
[9.768s] writing requirements to cr3_interface.egg-info/requires.txt
[9.768s] writing top-level names to cr3_interface.egg-info/top_level.txt
[9.768s] writing manifest file 'cr3_interface.egg-info/SOURCES.txt'
[9.849s] reading manifest file 'cr3_interface.egg-info/SOURCES.txt'
[9.850s] writing manifest file 'cr3_interface.egg-info/SOURCES.txt'
[9.924s] running build_ext
[9.927s] Creating /home/andrewlh/VSCode/ros2_ws/install/cr3_interface/lib/python3.12/site-packages/cr3-interface.egg-link (link to .)
[9.927s] Installing cr3_controller_node script to /home/andrewlh/VSCode/ros2_ws/install/cr3_interface/bin
[9.927s] Installing hand_controller_node script to /home/andrewlh/VSCode/ros2_ws/install/cr3_interface/bin
[9.927s] Installing joint_state_publisher_node script to /home/andrewlh/VSCode/ros2_ws/install/cr3_interface/bin
[9.928s] Installing tf_broadcaster_node script to /home/andrewlh/VSCode/ros2_ws/install/cr3_interface/bin
[9.936s] 
[9.937s] Installed /home/andrewlh/VSCode/ros2_ws/build/cr3_interface
[9.937s] running symlink_data
[9.954s] creating /home/andrewlh/VSCode/ros2_ws/install/cr3_interface/share/ament_index
[9.955s] creating /home/andrewlh/VSCode/ros2_ws/install/cr3_interface/share/ament_index/resource_index
[9.955s] creating /home/andrewlh/VSCode/ros2_ws/install/cr3_interface/share/ament_index/resource_index/packages
[9.955s] symbolically linking /home/andrewlh/VSCode/ros2_ws/build/cr3_interface/resource/cr3_interface -> /home/andrewlh/VSCode/ros2_ws/install/cr3_interface/share/ament_index/resource_index/packages
[9.955s] symbolically linking /home/andrewlh/VSCode/ros2_ws/build/cr3_interface/package.xml -> /home/andrewlh/VSCode/ros2_ws/install/cr3_interface/share/cr3_interface
[10.111s] Invoked command in '/home/andrewlh/VSCode/ros2_ws/build/cr3_interface' returned '0': CONDA_PROMPT_MODIFIER=(base) DEBUGINFOD_URLS=https://debuginfod.ubuntu.com PYTHONPATH=/home/andrewlh/VSCode/ros2_ws/build/cr3_interface/prefix_override:/usr/lib/python3/dist-packages/colcon_core/task/python/colcon_distutils_commands:/home/andrewlh/VSCode/ros2_ws/install/cr3_interface/lib/python3.12/site-packages:${PYTHONPATH} /usr/bin/python3 -W ignore:setup.py install is deprecated -W ignore:easy_install command is deprecated setup.py develop --editable --build-directory /home/andrewlh/VSCode/ros2_ws/build/cr3_interface/build --no-deps symlink_data
