[3.699s] Invoking command in '/home/andrewlh/VSCode/ros2_ws/src/camera_interface': CONDA_PROMPT_MODIFIER=(base) DEBUGINFOD_URLS=https://debuginfod.ubuntu.com PYTHONPATH=/home/andrewlh/VSCode/ros2_ws/build/camera_interface/prefix_override:/usr/lib/python3/dist-packages/colcon_core/task/python/colcon_distutils_commands:/home/andrewlh/VSCode/ros2_ws/install/camera_interface/lib/python3.12/site-packages:${PYTHONPATH} /usr/bin/python3 -W ignore:setup.py install is deprecated -W ignore:easy_install command is deprecated setup.py egg_info --egg-base ../../build/camera_interface build --build-base /home/andrewlh/VSCode/ros2_ws/build/camera_interface/build install --record /home/andrewlh/VSCode/ros2_ws/build/camera_interface/install.log --single-version-externally-managed install_data
[4.345s] running egg_info
[4.398s] writing ../../build/camera_interface/camera_interface.egg-info/PKG-INFO
[4.398s] writing dependency_links to ../../build/camera_interface/camera_interface.egg-info/dependency_links.txt
[4.399s] writing entry points to ../../build/camera_interface/camera_interface.egg-info/entry_points.txt
[4.399s] writing requirements to ../../build/camera_interface/camera_interface.egg-info/requires.txt
[4.400s] writing top-level names to ../../build/camera_interface/camera_interface.egg-info/top_level.txt
[4.534s] reading manifest file '../../build/camera_interface/camera_interface.egg-info/SOURCES.txt'
[4.536s] writing manifest file '../../build/camera_interface/camera_interface.egg-info/SOURCES.txt'
[4.536s] running build
[4.536s] running build_py
[4.537s] running install
[4.555s] running install_lib
[4.613s] running install_data
[4.613s] running install_egg_info
[4.667s] removing '/home/andrewlh/VSCode/ros2_ws/install/camera_interface/lib/python3.12/site-packages/camera_interface-0.1.0-py3.12.egg-info' (and everything under it)
[4.668s] Copying ../../build/camera_interface/camera_interface.egg-info to /home/andrewlh/VSCode/ros2_ws/install/camera_interface/lib/python3.12/site-packages/camera_interface-0.1.0-py3.12.egg-info
[4.670s] running install_scripts
[4.993s] Installing camera_info_node script to /home/andrewlh/VSCode/ros2_ws/install/camera_interface/lib/camera_interface
[4.999s] Installing camera_lifecycle_node script to /home/andrewlh/VSCode/ros2_ws/install/camera_interface/lib/camera_interface
[4.999s] Installing camera_node script to /home/andrewlh/VSCode/ros2_ws/install/camera_interface/lib/camera_interface
[5.000s] writing list of installed files to '/home/andrewlh/VSCode/ros2_ws/build/camera_interface/install.log'
[5.110s] Invoked command in '/home/andrewlh/VSCode/ros2_ws/src/camera_interface' returned '0': CONDA_PROMPT_MODIFIER=(base) DEBUGINFOD_URLS=https://debuginfod.ubuntu.com PYTHONPATH=/home/andrewlh/VSCode/ros2_ws/build/camera_interface/prefix_override:/usr/lib/python3/dist-packages/colcon_core/task/python/colcon_distutils_commands:/home/andrewlh/VSCode/ros2_ws/install/camera_interface/lib/python3.12/site-packages:${PYTHONPATH} /usr/bin/python3 -W ignore:setup.py install is deprecated -W ignore:easy_install command is deprecated setup.py egg_info --egg-base ../../build/camera_interface build --build-base /home/andrewlh/VSCode/ros2_ws/build/camera_interface/build install --record /home/andrewlh/VSCode/ros2_ws/build/camera_interface/install.log --single-version-externally-managed install_data
