[0.500s] DEBUG:colcon:Command line arguments: ['/usr/bin/colcon', 'build']
[0.500s] DEBUG:colcon:Parsed command line arguments: Namespace(log_base=None, log_level=None, verb_name='build', build_base='build', install_base='install', merge_install=False, symlink_install=False, test_result_base=None, continue_on_error=False, executor='parallel', parallel_workers=8, event_handlers=None, ignore_user_meta=False, metas=['./colcon.meta'], base_paths=['.'], packages_ignore=None, packages_ignore_regex=None, paths=None, packages_up_to=None, packages_up_to_regex=None, packages_above=None, packages_above_and_dependencies=None, packages_above_depth=None, packages_select_by_dep=None, packages_skip_by_dep=None, packages_skip_up_to=None, packages_select_build_failed=False, packages_skip_build_finished=False, packages_select_test_failures=False, packages_skip_test_passed=False, packages_select=None, packages_skip=None, packages_select_regex=None, packages_skip_regex=None, packages_start=None, packages_end=None, allow_overriding=[], cmake_args=None, cmake_target=None, cmake_target_skip_unavailable=False, cmake_clean_cache=False, cmake_clean_first=False, cmake_force_configure=False, ament_cmake_args=None, catkin_cmake_args=None, catkin_skip_building_tests=False, mixin_files=None, mixin=None, verb_parser=<colcon_mixin.mixin.mixin_argument.MixinArgumentDecorator object at 0x7b7710b80380>, verb_extension=<colcon_core.verb.build.BuildVerb object at 0x7b7710b7ffb0>, main=<bound method BuildVerb.main of <colcon_core.verb.build.BuildVerb object at 0x7b7710b7ffb0>>, mixin_verb=('build',))
[0.555s] Level 1:colcon.colcon_core.package_discovery:discover_packages(colcon_meta) check parameters
[0.555s] Level 1:colcon.colcon_core.package_discovery:discover_packages(recursive) check parameters
[0.556s] Level 1:colcon.colcon_core.package_discovery:discover_packages(ignore) check parameters
[0.556s] Level 1:colcon.colcon_core.package_discovery:discover_packages(path) check parameters
[0.556s] Level 1:colcon.colcon_core.package_discovery:discover_packages(colcon_meta) discover
[0.556s] Level 1:colcon.colcon_core.package_discovery:discover_packages(recursive) discover
[0.556s] INFO:colcon.colcon_core.package_discovery:Crawling recursively for packages in '/home/andrewlh/VSCode/ros2_ws'
[0.556s] Level 1:colcon.colcon_core.package_identification:_identify(.) by extensions ['ignore', 'ignore_ament_install']
[0.556s] Level 1:colcon.colcon_core.package_identification:_identify(.) by extension 'ignore'
[0.556s] Level 1:colcon.colcon_core.package_identification:_identify(.) by extension 'ignore_ament_install'
[0.556s] Level 1:colcon.colcon_core.package_identification:_identify(.) by extensions ['colcon_pkg']
[0.556s] Level 1:colcon.colcon_core.package_identification:_identify(.) by extension 'colcon_pkg'
[0.556s] Level 1:colcon.colcon_core.package_identification:_identify(.) by extensions ['colcon_meta']
[0.557s] Level 1:colcon.colcon_core.package_identification:_identify(.) by extension 'colcon_meta'
[0.557s] Level 1:colcon.colcon_core.package_identification:_identify(.) by extensions ['ros']
[0.557s] Level 1:colcon.colcon_core.package_identification:_identify(.) by extension 'ros'
[0.590s] Level 1:colcon.colcon_core.package_identification:_identify(.) by extensions ['cmake', 'python']
[0.590s] Level 1:colcon.colcon_core.package_identification:_identify(.) by extension 'cmake'
[0.591s] Level 1:colcon.colcon_core.package_identification:_identify(.) by extension 'python'
[0.591s] Level 1:colcon.colcon_core.package_identification:_identify(.) by extensions ['python_setup_py']
[0.591s] Level 1:colcon.colcon_core.package_identification:_identify(.) by extension 'python_setup_py'
[0.591s] Level 1:colcon.colcon_core.package_identification:_identify(Dashboards) by extensions ['ignore', 'ignore_ament_install']
[0.591s] Level 1:colcon.colcon_core.package_identification:_identify(Dashboards) by extension 'ignore'
[0.591s] Level 1:colcon.colcon_core.package_identification:_identify(Dashboards) by extension 'ignore_ament_install'
[0.591s] Level 1:colcon.colcon_core.package_identification:_identify(Dashboards) by extensions ['colcon_pkg']
[0.591s] Level 1:colcon.colcon_core.package_identification:_identify(Dashboards) by extension 'colcon_pkg'
[0.591s] Level 1:colcon.colcon_core.package_identification:_identify(Dashboards) by extensions ['colcon_meta']
[0.591s] Level 1:colcon.colcon_core.package_identification:_identify(Dashboards) by extension 'colcon_meta'
[0.591s] Level 1:colcon.colcon_core.package_identification:_identify(Dashboards) by extensions ['ros']
[0.591s] Level 1:colcon.colcon_core.package_identification:_identify(Dashboards) by extension 'ros'
[0.592s] Level 1:colcon.colcon_core.package_identification:_identify(Dashboards) by extensions ['cmake', 'python']
[0.592s] Level 1:colcon.colcon_core.package_identification:_identify(Dashboards) by extension 'cmake'
[0.592s] Level 1:colcon.colcon_core.package_identification:_identify(Dashboards) by extension 'python'
[0.592s] Level 1:colcon.colcon_core.package_identification:_identify(Dashboards) by extensions ['python_setup_py']
[0.592s] Level 1:colcon.colcon_core.package_identification:_identify(Dashboards) by extension 'python_setup_py'
[0.592s] Level 1:colcon.colcon_core.package_identification:_identify(Dashboards/hand_tracking_dashboard) by extensions ['ignore', 'ignore_ament_install']
[0.592s] Level 1:colcon.colcon_core.package_identification:_identify(Dashboards/hand_tracking_dashboard) by extension 'ignore'
[0.592s] Level 1:colcon.colcon_core.package_identification:_identify(Dashboards/hand_tracking_dashboard) by extension 'ignore_ament_install'
[0.592s] Level 1:colcon.colcon_core.package_identification:_identify(Dashboards/hand_tracking_dashboard) by extensions ['colcon_pkg']
[0.592s] Level 1:colcon.colcon_core.package_identification:_identify(Dashboards/hand_tracking_dashboard) by extension 'colcon_pkg'
[0.592s] Level 1:colcon.colcon_core.package_identification:_identify(Dashboards/hand_tracking_dashboard) by extensions ['colcon_meta']
[0.592s] Level 1:colcon.colcon_core.package_identification:_identify(Dashboards/hand_tracking_dashboard) by extension 'colcon_meta'
[0.592s] Level 1:colcon.colcon_core.package_identification:_identify(Dashboards/hand_tracking_dashboard) by extensions ['ros']
[0.592s] Level 1:colcon.colcon_core.package_identification:_identify(Dashboards/hand_tracking_dashboard) by extension 'ros'
[0.593s] Level 1:colcon.colcon_core.package_identification:_identify(Dashboards/hand_tracking_dashboard) by extensions ['cmake', 'python']
[0.593s] Level 1:colcon.colcon_core.package_identification:_identify(Dashboards/hand_tracking_dashboard) by extension 'cmake'
[0.593s] Level 1:colcon.colcon_core.package_identification:_identify(Dashboards/hand_tracking_dashboard) by extension 'python'
[0.593s] Level 1:colcon.colcon_core.package_identification:_identify(Dashboards/hand_tracking_dashboard) by extensions ['python_setup_py']
[0.593s] Level 1:colcon.colcon_core.package_identification:_identify(Dashboards/hand_tracking_dashboard) by extension 'python_setup_py'
[0.593s] Level 1:colcon.colcon_core.package_identification:_identify(Dashboards/hand_tracking_dashboard/__pycache__) by extensions ['ignore', 'ignore_ament_install']
[0.593s] Level 1:colcon.colcon_core.package_identification:_identify(Dashboards/hand_tracking_dashboard/__pycache__) by extension 'ignore'
[0.593s] Level 1:colcon.colcon_core.package_identification:_identify(Dashboards/hand_tracking_dashboard/__pycache__) by extension 'ignore_ament_install'
[0.593s] Level 1:colcon.colcon_core.package_identification:_identify(Dashboards/hand_tracking_dashboard/__pycache__) by extensions ['colcon_pkg']
[0.593s] Level 1:colcon.colcon_core.package_identification:_identify(Dashboards/hand_tracking_dashboard/__pycache__) by extension 'colcon_pkg'
[0.593s] Level 1:colcon.colcon_core.package_identification:_identify(Dashboards/hand_tracking_dashboard/__pycache__) by extensions ['colcon_meta']
[0.593s] Level 1:colcon.colcon_core.package_identification:_identify(Dashboards/hand_tracking_dashboard/__pycache__) by extension 'colcon_meta'
[0.593s] Level 1:colcon.colcon_core.package_identification:_identify(Dashboards/hand_tracking_dashboard/__pycache__) by extensions ['ros']
[0.593s] Level 1:colcon.colcon_core.package_identification:_identify(Dashboards/hand_tracking_dashboard/__pycache__) by extension 'ros'
[0.593s] Level 1:colcon.colcon_core.package_identification:_identify(Dashboards/hand_tracking_dashboard/__pycache__) by extensions ['cmake', 'python']
[0.593s] Level 1:colcon.colcon_core.package_identification:_identify(Dashboards/hand_tracking_dashboard/__pycache__) by extension 'cmake'
[0.593s] Level 1:colcon.colcon_core.package_identification:_identify(Dashboards/hand_tracking_dashboard/__pycache__) by extension 'python'
[0.593s] Level 1:colcon.colcon_core.package_identification:_identify(Dashboards/hand_tracking_dashboard/__pycache__) by extensions ['python_setup_py']
[0.593s] Level 1:colcon.colcon_core.package_identification:_identify(Dashboards/hand_tracking_dashboard/__pycache__) by extension 'python_setup_py'
[0.593s] Level 1:colcon.colcon_core.package_identification:_identify(build) by extensions ['ignore', 'ignore_ament_install']
[0.594s] Level 1:colcon.colcon_core.package_identification:_identify(build) by extension 'ignore'
[0.594s] Level 1:colcon.colcon_core.package_identification:_identify(build) ignored
[0.594s] Level 1:colcon.colcon_core.package_identification:_identify(documentation) by extensions ['ignore', 'ignore_ament_install']
[0.594s] Level 1:colcon.colcon_core.package_identification:_identify(documentation) by extension 'ignore'
[0.594s] Level 1:colcon.colcon_core.package_identification:_identify(documentation) by extension 'ignore_ament_install'
[0.594s] Level 1:colcon.colcon_core.package_identification:_identify(documentation) by extensions ['colcon_pkg']
[0.594s] Level 1:colcon.colcon_core.package_identification:_identify(documentation) by extension 'colcon_pkg'
[0.594s] Level 1:colcon.colcon_core.package_identification:_identify(documentation) by extensions ['colcon_meta']
[0.594s] Level 1:colcon.colcon_core.package_identification:_identify(documentation) by extension 'colcon_meta'
[0.594s] Level 1:colcon.colcon_core.package_identification:_identify(documentation) by extensions ['ros']
[0.594s] Level 1:colcon.colcon_core.package_identification:_identify(documentation) by extension 'ros'
[0.594s] Level 1:colcon.colcon_core.package_identification:_identify(documentation) by extensions ['cmake', 'python']
[0.594s] Level 1:colcon.colcon_core.package_identification:_identify(documentation) by extension 'cmake'
[0.594s] Level 1:colcon.colcon_core.package_identification:_identify(documentation) by extension 'python'
[0.594s] Level 1:colcon.colcon_core.package_identification:_identify(documentation) by extensions ['python_setup_py']
[0.594s] Level 1:colcon.colcon_core.package_identification:_identify(documentation) by extension 'python_setup_py'
[0.594s] Level 1:colcon.colcon_core.package_identification:_identify(install) by extensions ['ignore', 'ignore_ament_install']
[0.594s] Level 1:colcon.colcon_core.package_identification:_identify(install) by extension 'ignore'
[0.595s] Level 1:colcon.colcon_core.package_identification:_identify(install) ignored
[0.595s] Level 1:colcon.colcon_core.package_identification:_identify(log) by extensions ['ignore', 'ignore_ament_install']
[0.595s] Level 1:colcon.colcon_core.package_identification:_identify(log) by extension 'ignore'
[0.595s] Level 1:colcon.colcon_core.package_identification:_identify(log) ignored
[0.595s] Level 1:colcon.colcon_core.package_identification:_identify(src) by extensions ['ignore', 'ignore_ament_install']
[0.595s] Level 1:colcon.colcon_core.package_identification:_identify(src) by extension 'ignore'
[0.595s] Level 1:colcon.colcon_core.package_identification:_identify(src) by extension 'ignore_ament_install'
[0.595s] Level 1:colcon.colcon_core.package_identification:_identify(src) by extensions ['colcon_pkg']
[0.595s] Level 1:colcon.colcon_core.package_identification:_identify(src) by extension 'colcon_pkg'
[0.595s] Level 1:colcon.colcon_core.package_identification:_identify(src) by extensions ['colcon_meta']
[0.595s] Level 1:colcon.colcon_core.package_identification:_identify(src) by extension 'colcon_meta'
[0.595s] Level 1:colcon.colcon_core.package_identification:_identify(src) by extensions ['ros']
[0.595s] Level 1:colcon.colcon_core.package_identification:_identify(src) by extension 'ros'
[0.595s] Level 1:colcon.colcon_core.package_identification:_identify(src) by extensions ['cmake', 'python']
[0.595s] Level 1:colcon.colcon_core.package_identification:_identify(src) by extension 'cmake'
[0.595s] Level 1:colcon.colcon_core.package_identification:_identify(src) by extension 'python'
[0.595s] Level 1:colcon.colcon_core.package_identification:_identify(src) by extensions ['python_setup_py']
[0.595s] Level 1:colcon.colcon_core.package_identification:_identify(src) by extension 'python_setup_py'
[0.595s] Level 1:colcon.colcon_core.package_identification:_identify(src/camera_interface) by extensions ['ignore', 'ignore_ament_install']
[0.595s] Level 1:colcon.colcon_core.package_identification:_identify(src/camera_interface) by extension 'ignore'
[0.596s] Level 1:colcon.colcon_core.package_identification:_identify(src/camera_interface) by extension 'ignore_ament_install'
[0.596s] Level 1:colcon.colcon_core.package_identification:_identify(src/camera_interface) by extensions ['colcon_pkg']
[0.596s] Level 1:colcon.colcon_core.package_identification:_identify(src/camera_interface) by extension 'colcon_pkg'
[0.596s] Level 1:colcon.colcon_core.package_identification:_identify(src/camera_interface) by extensions ['colcon_meta']
[0.596s] Level 1:colcon.colcon_core.package_identification:_identify(src/camera_interface) by extension 'colcon_meta'
[0.596s] Level 1:colcon.colcon_core.package_identification:_identify(src/camera_interface) by extensions ['ros']
[0.596s] Level 1:colcon.colcon_core.package_identification:_identify(src/camera_interface) by extension 'ros'
[0.599s] DEBUG:colcon.colcon_core.package_identification:Package 'src/camera_interface' with type 'ros.ament_python' and name 'camera_interface'
[0.599s] Level 1:colcon.colcon_core.package_identification:_identify(src/control) by extensions ['ignore', 'ignore_ament_install']
[0.599s] Level 1:colcon.colcon_core.package_identification:_identify(src/control) by extension 'ignore'
[0.599s] Level 1:colcon.colcon_core.package_identification:_identify(src/control) by extension 'ignore_ament_install'
[0.599s] Level 1:colcon.colcon_core.package_identification:_identify(src/control) by extensions ['colcon_pkg']
[0.599s] Level 1:colcon.colcon_core.package_identification:_identify(src/control) by extension 'colcon_pkg'
[0.600s] Level 1:colcon.colcon_core.package_identification:_identify(src/control) by extensions ['colcon_meta']
[0.600s] Level 1:colcon.colcon_core.package_identification:_identify(src/control) by extension 'colcon_meta'
[0.600s] Level 1:colcon.colcon_core.package_identification:_identify(src/control) by extensions ['ros']
[0.600s] Level 1:colcon.colcon_core.package_identification:_identify(src/control) by extension 'ros'
[0.600s] DEBUG:colcon.colcon_core.package_identification:Package 'src/control' with type 'ros.ament_python' and name 'control'
[0.600s] Level 1:colcon.colcon_core.package_identification:_identify(src/cr3_interface) by extensions ['ignore', 'ignore_ament_install']
[0.600s] Level 1:colcon.colcon_core.package_identification:_identify(src/cr3_interface) by extension 'ignore'
[0.600s] Level 1:colcon.colcon_core.package_identification:_identify(src/cr3_interface) by extension 'ignore_ament_install'
[0.601s] Level 1:colcon.colcon_core.package_identification:_identify(src/cr3_interface) by extensions ['colcon_pkg']
[0.601s] Level 1:colcon.colcon_core.package_identification:_identify(src/cr3_interface) by extension 'colcon_pkg'
[0.601s] Level 1:colcon.colcon_core.package_identification:_identify(src/cr3_interface) by extensions ['colcon_meta']
[0.601s] Level 1:colcon.colcon_core.package_identification:_identify(src/cr3_interface) by extension 'colcon_meta'
[0.601s] Level 1:colcon.colcon_core.package_identification:_identify(src/cr3_interface) by extensions ['ros']
[0.601s] Level 1:colcon.colcon_core.package_identification:_identify(src/cr3_interface) by extension 'ros'
[0.601s] DEBUG:colcon.colcon_core.package_identification:Package 'src/cr3_interface' with type 'ros.ament_python' and name 'cr3_interface'
[0.602s] Level 1:colcon.colcon_core.package_identification:_identify(src/diagnostics) by extensions ['ignore', 'ignore_ament_install']
[0.602s] Level 1:colcon.colcon_core.package_identification:_identify(src/diagnostics) by extension 'ignore'
[0.602s] Level 1:colcon.colcon_core.package_identification:_identify(src/diagnostics) by extension 'ignore_ament_install'
[0.602s] Level 1:colcon.colcon_core.package_identification:_identify(src/diagnostics) by extensions ['colcon_pkg']
[0.602s] Level 1:colcon.colcon_core.package_identification:_identify(src/diagnostics) by extension 'colcon_pkg'
[0.602s] Level 1:colcon.colcon_core.package_identification:_identify(src/diagnostics) by extensions ['colcon_meta']
[0.602s] Level 1:colcon.colcon_core.package_identification:_identify(src/diagnostics) by extension 'colcon_meta'
[0.602s] Level 1:colcon.colcon_core.package_identification:_identify(src/diagnostics) by extensions ['ros']
[0.602s] Level 1:colcon.colcon_core.package_identification:_identify(src/diagnostics) by extension 'ros'
[0.603s] DEBUG:colcon.colcon_core.package_identification:Package 'src/diagnostics' with type 'ros.ament_python' and name 'diagnostics'
[0.603s] Level 1:colcon.colcon_core.package_identification:_identify(src/integration_tests) by extensions ['ignore', 'ignore_ament_install']
[0.603s] Level 1:colcon.colcon_core.package_identification:_identify(src/integration_tests) by extension 'ignore'
[0.603s] Level 1:colcon.colcon_core.package_identification:_identify(src/integration_tests) by extension 'ignore_ament_install'
[0.604s] Level 1:colcon.colcon_core.package_identification:_identify(src/integration_tests) by extensions ['colcon_pkg']
[0.604s] Level 1:colcon.colcon_core.package_identification:_identify(src/integration_tests) by extension 'colcon_pkg'
[0.604s] Level 1:colcon.colcon_core.package_identification:_identify(src/integration_tests) by extensions ['colcon_meta']
[0.604s] Level 1:colcon.colcon_core.package_identification:_identify(src/integration_tests) by extension 'colcon_meta'
[0.604s] Level 1:colcon.colcon_core.package_identification:_identify(src/integration_tests) by extensions ['ros']
[0.604s] Level 1:colcon.colcon_core.package_identification:_identify(src/integration_tests) by extension 'ros'
[0.605s] DEBUG:colcon.colcon_core.package_identification:Package 'src/integration_tests' with type 'ros.ament_python' and name 'integration_tests'
[0.605s] Level 1:colcon.colcon_core.package_identification:_identify(src/launch) by extensions ['ignore', 'ignore_ament_install']
[0.605s] Level 1:colcon.colcon_core.package_identification:_identify(src/launch) by extension 'ignore'
[0.605s] Level 1:colcon.colcon_core.package_identification:_identify(src/launch) by extension 'ignore_ament_install'
[0.605s] Level 1:colcon.colcon_core.package_identification:_identify(src/launch) by extensions ['colcon_pkg']
[0.605s] Level 1:colcon.colcon_core.package_identification:_identify(src/launch) by extension 'colcon_pkg'
[0.606s] Level 1:colcon.colcon_core.package_identification:_identify(src/launch) by extensions ['colcon_meta']
[0.606s] Level 1:colcon.colcon_core.package_identification:_identify(src/launch) by extension 'colcon_meta'
[0.606s] Level 1:colcon.colcon_core.package_identification:_identify(src/launch) by extensions ['ros']
[0.606s] Level 1:colcon.colcon_core.package_identification:_identify(src/launch) by extension 'ros'
[0.606s] Level 1:colcon.colcon_core.package_identification:_identify(src/launch) by extensions ['cmake', 'python']
[0.606s] Level 1:colcon.colcon_core.package_identification:_identify(src/launch) by extension 'cmake'
[0.606s] Level 1:colcon.colcon_core.package_identification:_identify(src/launch) by extension 'python'
[0.606s] Level 1:colcon.colcon_core.package_identification:_identify(src/launch) by extensions ['python_setup_py']
[0.606s] Level 1:colcon.colcon_core.package_identification:_identify(src/launch) by extension 'python_setup_py'
[0.606s] Level 1:colcon.colcon_core.package_identification:_identify(src/perception) by extensions ['ignore', 'ignore_ament_install']
[0.606s] Level 1:colcon.colcon_core.package_identification:_identify(src/perception) by extension 'ignore'
[0.606s] Level 1:colcon.colcon_core.package_identification:_identify(src/perception) by extension 'ignore_ament_install'
[0.606s] Level 1:colcon.colcon_core.package_identification:_identify(src/perception) by extensions ['colcon_pkg']
[0.606s] Level 1:colcon.colcon_core.package_identification:_identify(src/perception) by extension 'colcon_pkg'
[0.606s] Level 1:colcon.colcon_core.package_identification:_identify(src/perception) by extensions ['colcon_meta']
[0.606s] Level 1:colcon.colcon_core.package_identification:_identify(src/perception) by extension 'colcon_meta'
[0.606s] Level 1:colcon.colcon_core.package_identification:_identify(src/perception) by extensions ['ros']
[0.606s] Level 1:colcon.colcon_core.package_identification:_identify(src/perception) by extension 'ros'
[0.607s] DEBUG:colcon.colcon_core.package_identification:Package 'src/perception' with type 'ros.ament_python' and name 'perception'
[0.607s] Level 1:colcon.colcon_core.package_identification:_identify(src/sim_interface) by extensions ['ignore', 'ignore_ament_install']
[0.607s] Level 1:colcon.colcon_core.package_identification:_identify(src/sim_interface) by extension 'ignore'
[0.607s] Level 1:colcon.colcon_core.package_identification:_identify(src/sim_interface) by extension 'ignore_ament_install'
[0.607s] Level 1:colcon.colcon_core.package_identification:_identify(src/sim_interface) by extensions ['colcon_pkg']
[0.607s] Level 1:colcon.colcon_core.package_identification:_identify(src/sim_interface) by extension 'colcon_pkg'
[0.607s] Level 1:colcon.colcon_core.package_identification:_identify(src/sim_interface) by extensions ['colcon_meta']
[0.607s] Level 1:colcon.colcon_core.package_identification:_identify(src/sim_interface) by extension 'colcon_meta'
[0.607s] Level 1:colcon.colcon_core.package_identification:_identify(src/sim_interface) by extensions ['ros']
[0.607s] Level 1:colcon.colcon_core.package_identification:_identify(src/sim_interface) by extension 'ros'
[0.608s] DEBUG:colcon.colcon_core.package_identification:Package 'src/sim_interface' with type 'ros.ament_python' and name 'sim_interface'
[0.608s] Level 1:colcon.colcon_core.package_identification:_identify(src/ui) by extensions ['ignore', 'ignore_ament_install']
[0.608s] Level 1:colcon.colcon_core.package_identification:_identify(src/ui) by extension 'ignore'
[0.608s] Level 1:colcon.colcon_core.package_identification:_identify(src/ui) by extension 'ignore_ament_install'
[0.608s] Level 1:colcon.colcon_core.package_identification:_identify(src/ui) by extensions ['colcon_pkg']
[0.608s] Level 1:colcon.colcon_core.package_identification:_identify(src/ui) by extension 'colcon_pkg'
[0.608s] Level 1:colcon.colcon_core.package_identification:_identify(src/ui) by extensions ['colcon_meta']
[0.608s] Level 1:colcon.colcon_core.package_identification:_identify(src/ui) by extension 'colcon_meta'
[0.608s] Level 1:colcon.colcon_core.package_identification:_identify(src/ui) by extensions ['ros']
[0.608s] Level 1:colcon.colcon_core.package_identification:_identify(src/ui) by extension 'ros'
[0.609s] DEBUG:colcon.colcon_core.package_identification:Package 'src/ui' with type 'ros.ament_python' and name 'ui'
[0.609s] Level 1:colcon.colcon_core.package_discovery:discover_packages(recursive) using defaults
[0.609s] Level 1:colcon.colcon_core.package_discovery:discover_packages(ignore) discover
[0.609s] Level 1:colcon.colcon_core.package_discovery:discover_packages(ignore) using defaults
[0.609s] Level 1:colcon.colcon_core.package_discovery:discover_packages(path) discover
[0.609s] Level 1:colcon.colcon_core.package_discovery:discover_packages(path) using defaults
[0.634s] Level 1:colcon.colcon_core.package_discovery:discover_packages(prefix_path) check parameters
[0.634s] Level 1:colcon.colcon_core.package_discovery:discover_packages(prefix_path) discover
[0.638s] DEBUG:colcon.colcon_installed_package_information.package_discovery:Found 8 installed packages in /home/andrewlh/VSCode/ros2_ws/install
[0.640s] DEBUG:colcon.colcon_installed_package_information.package_discovery:Found 318 installed packages in /opt/ros/jazzy
[0.641s] Level 1:colcon.colcon_core.package_discovery:discover_packages(prefix_path) using defaults
[0.688s] Level 5:colcon.colcon_core.verb:set package 'camera_interface' build argument 'cmake_args' from command line to 'None'
[0.688s] Level 5:colcon.colcon_core.verb:set package 'camera_interface' build argument 'cmake_target' from command line to 'None'
[0.688s] Level 5:colcon.colcon_core.verb:set package 'camera_interface' build argument 'cmake_target_skip_unavailable' from command line to 'False'
[0.688s] Level 5:colcon.colcon_core.verb:set package 'camera_interface' build argument 'cmake_clean_cache' from command line to 'False'
[0.688s] Level 5:colcon.colcon_core.verb:set package 'camera_interface' build argument 'cmake_clean_first' from command line to 'False'
[0.688s] Level 5:colcon.colcon_core.verb:set package 'camera_interface' build argument 'cmake_force_configure' from command line to 'False'
[0.688s] Level 5:colcon.colcon_core.verb:set package 'camera_interface' build argument 'ament_cmake_args' from command line to 'None'
[0.688s] Level 5:colcon.colcon_core.verb:set package 'camera_interface' build argument 'catkin_cmake_args' from command line to 'None'
[0.688s] Level 5:colcon.colcon_core.verb:set package 'camera_interface' build argument 'catkin_skip_building_tests' from command line to 'False'
[0.688s] DEBUG:colcon.colcon_core.verb:Building package 'camera_interface' with the following arguments: {'ament_cmake_args': None, 'build_base': '/home/andrewlh/VSCode/ros2_ws/build/camera_interface', 'catkin_cmake_args': None, 'catkin_skip_building_tests': False, 'cmake_args': None, 'cmake_clean_cache': False, 'cmake_clean_first': False, 'cmake_force_configure': False, 'cmake_target': None, 'cmake_target_skip_unavailable': False, 'install_base': '/home/andrewlh/VSCode/ros2_ws/install/camera_interface', 'merge_install': False, 'path': '/home/andrewlh/VSCode/ros2_ws/src/camera_interface', 'symlink_install': False, 'test_result_base': None}
[0.688s] Level 5:colcon.colcon_core.verb:set package 'control' build argument 'cmake_args' from command line to 'None'
[0.689s] Level 5:colcon.colcon_core.verb:set package 'control' build argument 'cmake_target' from command line to 'None'
[0.689s] Level 5:colcon.colcon_core.verb:set package 'control' build argument 'cmake_target_skip_unavailable' from command line to 'False'
[0.689s] Level 5:colcon.colcon_core.verb:set package 'control' build argument 'cmake_clean_cache' from command line to 'False'
[0.689s] Level 5:colcon.colcon_core.verb:set package 'control' build argument 'cmake_clean_first' from command line to 'False'
[0.689s] Level 5:colcon.colcon_core.verb:set package 'control' build argument 'cmake_force_configure' from command line to 'False'
[0.689s] Level 5:colcon.colcon_core.verb:set package 'control' build argument 'ament_cmake_args' from command line to 'None'
[0.689s] Level 5:colcon.colcon_core.verb:set package 'control' build argument 'catkin_cmake_args' from command line to 'None'
[0.689s] Level 5:colcon.colcon_core.verb:set package 'control' build argument 'catkin_skip_building_tests' from command line to 'False'
[0.689s] DEBUG:colcon.colcon_core.verb:Building package 'control' with the following arguments: {'ament_cmake_args': None, 'build_base': '/home/andrewlh/VSCode/ros2_ws/build/control', 'catkin_cmake_args': None, 'catkin_skip_building_tests': False, 'cmake_args': None, 'cmake_clean_cache': False, 'cmake_clean_first': False, 'cmake_force_configure': False, 'cmake_target': None, 'cmake_target_skip_unavailable': False, 'install_base': '/home/andrewlh/VSCode/ros2_ws/install/control', 'merge_install': False, 'path': '/home/andrewlh/VSCode/ros2_ws/src/control', 'symlink_install': False, 'test_result_base': None}
[0.689s] Level 5:colcon.colcon_core.verb:set package 'cr3_interface' build argument 'cmake_args' from command line to 'None'
[0.689s] Level 5:colcon.colcon_core.verb:set package 'cr3_interface' build argument 'cmake_target' from command line to 'None'
[0.689s] Level 5:colcon.colcon_core.verb:set package 'cr3_interface' build argument 'cmake_target_skip_unavailable' from command line to 'False'
[0.689s] Level 5:colcon.colcon_core.verb:set package 'cr3_interface' build argument 'cmake_clean_cache' from command line to 'False'
[0.689s] Level 5:colcon.colcon_core.verb:set package 'cr3_interface' build argument 'cmake_clean_first' from command line to 'False'
[0.689s] Level 5:colcon.colcon_core.verb:set package 'cr3_interface' build argument 'cmake_force_configure' from command line to 'False'
[0.689s] Level 5:colcon.colcon_core.verb:set package 'cr3_interface' build argument 'ament_cmake_args' from command line to 'None'
[0.689s] Level 5:colcon.colcon_core.verb:set package 'cr3_interface' build argument 'catkin_cmake_args' from command line to 'None'
[0.689s] Level 5:colcon.colcon_core.verb:set package 'cr3_interface' build argument 'catkin_skip_building_tests' from command line to 'False'
[0.689s] DEBUG:colcon.colcon_core.verb:Building package 'cr3_interface' with the following arguments: {'ament_cmake_args': None, 'build_base': '/home/andrewlh/VSCode/ros2_ws/build/cr3_interface', 'catkin_cmake_args': None, 'catkin_skip_building_tests': False, 'cmake_args': None, 'cmake_clean_cache': False, 'cmake_clean_first': False, 'cmake_force_configure': False, 'cmake_target': None, 'cmake_target_skip_unavailable': False, 'install_base': '/home/andrewlh/VSCode/ros2_ws/install/cr3_interface', 'merge_install': False, 'path': '/home/andrewlh/VSCode/ros2_ws/src/cr3_interface', 'symlink_install': False, 'test_result_base': None}
[0.690s] Level 5:colcon.colcon_core.verb:set package 'diagnostics' build argument 'cmake_args' from command line to 'None'
[0.690s] Level 5:colcon.colcon_core.verb:set package 'diagnostics' build argument 'cmake_target' from command line to 'None'
[0.690s] Level 5:colcon.colcon_core.verb:set package 'diagnostics' build argument 'cmake_target_skip_unavailable' from command line to 'False'
[0.690s] Level 5:colcon.colcon_core.verb:set package 'diagnostics' build argument 'cmake_clean_cache' from command line to 'False'
[0.690s] Level 5:colcon.colcon_core.verb:set package 'diagnostics' build argument 'cmake_clean_first' from command line to 'False'
[0.690s] Level 5:colcon.colcon_core.verb:set package 'diagnostics' build argument 'cmake_force_configure' from command line to 'False'
[0.690s] Level 5:colcon.colcon_core.verb:set package 'diagnostics' build argument 'ament_cmake_args' from command line to 'None'
[0.690s] Level 5:colcon.colcon_core.verb:set package 'diagnostics' build argument 'catkin_cmake_args' from command line to 'None'
[0.690s] Level 5:colcon.colcon_core.verb:set package 'diagnostics' build argument 'catkin_skip_building_tests' from command line to 'False'
[0.690s] DEBUG:colcon.colcon_core.verb:Building package 'diagnostics' with the following arguments: {'ament_cmake_args': None, 'build_base': '/home/andrewlh/VSCode/ros2_ws/build/diagnostics', 'catkin_cmake_args': None, 'catkin_skip_building_tests': False, 'cmake_args': None, 'cmake_clean_cache': False, 'cmake_clean_first': False, 'cmake_force_configure': False, 'cmake_target': None, 'cmake_target_skip_unavailable': False, 'install_base': '/home/andrewlh/VSCode/ros2_ws/install/diagnostics', 'merge_install': False, 'path': '/home/andrewlh/VSCode/ros2_ws/src/diagnostics', 'symlink_install': False, 'test_result_base': None}
[0.690s] Level 5:colcon.colcon_core.verb:set package 'integration_tests' build argument 'cmake_args' from command line to 'None'
[0.690s] Level 5:colcon.colcon_core.verb:set package 'integration_tests' build argument 'cmake_target' from command line to 'None'
[0.690s] Level 5:colcon.colcon_core.verb:set package 'integration_tests' build argument 'cmake_target_skip_unavailable' from command line to 'False'
[0.690s] Level 5:colcon.colcon_core.verb:set package 'integration_tests' build argument 'cmake_clean_cache' from command line to 'False'
[0.690s] Level 5:colcon.colcon_core.verb:set package 'integration_tests' build argument 'cmake_clean_first' from command line to 'False'
[0.690s] Level 5:colcon.colcon_core.verb:set package 'integration_tests' build argument 'cmake_force_configure' from command line to 'False'
[0.690s] Level 5:colcon.colcon_core.verb:set package 'integration_tests' build argument 'ament_cmake_args' from command line to 'None'
[0.690s] Level 5:colcon.colcon_core.verb:set package 'integration_tests' build argument 'catkin_cmake_args' from command line to 'None'
[0.690s] Level 5:colcon.colcon_core.verb:set package 'integration_tests' build argument 'catkin_skip_building_tests' from command line to 'False'
[0.690s] DEBUG:colcon.colcon_core.verb:Building package 'integration_tests' with the following arguments: {'ament_cmake_args': None, 'build_base': '/home/andrewlh/VSCode/ros2_ws/build/integration_tests', 'catkin_cmake_args': None, 'catkin_skip_building_tests': False, 'cmake_args': None, 'cmake_clean_cache': False, 'cmake_clean_first': False, 'cmake_force_configure': False, 'cmake_target': None, 'cmake_target_skip_unavailable': False, 'install_base': '/home/andrewlh/VSCode/ros2_ws/install/integration_tests', 'merge_install': False, 'path': '/home/andrewlh/VSCode/ros2_ws/src/integration_tests', 'symlink_install': False, 'test_result_base': None}
[0.691s] Level 5:colcon.colcon_core.verb:set package 'perception' build argument 'cmake_args' from command line to 'None'
[0.691s] Level 5:colcon.colcon_core.verb:set package 'perception' build argument 'cmake_target' from command line to 'None'
[0.691s] Level 5:colcon.colcon_core.verb:set package 'perception' build argument 'cmake_target_skip_unavailable' from command line to 'False'
[0.691s] Level 5:colcon.colcon_core.verb:set package 'perception' build argument 'cmake_clean_cache' from command line to 'False'
[0.691s] Level 5:colcon.colcon_core.verb:set package 'perception' build argument 'cmake_clean_first' from command line to 'False'
[0.691s] Level 5:colcon.colcon_core.verb:set package 'perception' build argument 'cmake_force_configure' from command line to 'False'
[0.691s] Level 5:colcon.colcon_core.verb:set package 'perception' build argument 'ament_cmake_args' from command line to 'None'
[0.691s] Level 5:colcon.colcon_core.verb:set package 'perception' build argument 'catkin_cmake_args' from command line to 'None'
[0.691s] Level 5:colcon.colcon_core.verb:set package 'perception' build argument 'catkin_skip_building_tests' from command line to 'False'
[0.691s] DEBUG:colcon.colcon_core.verb:Building package 'perception' with the following arguments: {'ament_cmake_args': None, 'build_base': '/home/andrewlh/VSCode/ros2_ws/build/perception', 'catkin_cmake_args': None, 'catkin_skip_building_tests': False, 'cmake_args': None, 'cmake_clean_cache': False, 'cmake_clean_first': False, 'cmake_force_configure': False, 'cmake_target': None, 'cmake_target_skip_unavailable': False, 'install_base': '/home/andrewlh/VSCode/ros2_ws/install/perception', 'merge_install': False, 'path': '/home/andrewlh/VSCode/ros2_ws/src/perception', 'symlink_install': False, 'test_result_base': None}
[0.691s] Level 5:colcon.colcon_core.verb:set package 'sim_interface' build argument 'cmake_args' from command line to 'None'
[0.691s] Level 5:colcon.colcon_core.verb:set package 'sim_interface' build argument 'cmake_target' from command line to 'None'
[0.691s] Level 5:colcon.colcon_core.verb:set package 'sim_interface' build argument 'cmake_target_skip_unavailable' from command line to 'False'
[0.691s] Level 5:colcon.colcon_core.verb:set package 'sim_interface' build argument 'cmake_clean_cache' from command line to 'False'
[0.691s] Level 5:colcon.colcon_core.verb:set package 'sim_interface' build argument 'cmake_clean_first' from command line to 'False'
[0.691s] Level 5:colcon.colcon_core.verb:set package 'sim_interface' build argument 'cmake_force_configure' from command line to 'False'
[0.691s] Level 5:colcon.colcon_core.verb:set package 'sim_interface' build argument 'ament_cmake_args' from command line to 'None'
[0.691s] Level 5:colcon.colcon_core.verb:set package 'sim_interface' build argument 'catkin_cmake_args' from command line to 'None'
[0.691s] Level 5:colcon.colcon_core.verb:set package 'sim_interface' build argument 'catkin_skip_building_tests' from command line to 'False'
[0.691s] DEBUG:colcon.colcon_core.verb:Building package 'sim_interface' with the following arguments: {'ament_cmake_args': None, 'build_base': '/home/andrewlh/VSCode/ros2_ws/build/sim_interface', 'catkin_cmake_args': None, 'catkin_skip_building_tests': False, 'cmake_args': None, 'cmake_clean_cache': False, 'cmake_clean_first': False, 'cmake_force_configure': False, 'cmake_target': None, 'cmake_target_skip_unavailable': False, 'install_base': '/home/andrewlh/VSCode/ros2_ws/install/sim_interface', 'merge_install': False, 'path': '/home/andrewlh/VSCode/ros2_ws/src/sim_interface', 'symlink_install': False, 'test_result_base': None}
[0.691s] Level 5:colcon.colcon_core.verb:set package 'ui' build argument 'cmake_args' from command line to 'None'
[0.691s] Level 5:colcon.colcon_core.verb:set package 'ui' build argument 'cmake_target' from command line to 'None'
[0.692s] Level 5:colcon.colcon_core.verb:set package 'ui' build argument 'cmake_target_skip_unavailable' from command line to 'False'
[0.692s] Level 5:colcon.colcon_core.verb:set package 'ui' build argument 'cmake_clean_cache' from command line to 'False'
[0.692s] Level 5:colcon.colcon_core.verb:set package 'ui' build argument 'cmake_clean_first' from command line to 'False'
[0.692s] Level 5:colcon.colcon_core.verb:set package 'ui' build argument 'cmake_force_configure' from command line to 'False'
[0.692s] Level 5:colcon.colcon_core.verb:set package 'ui' build argument 'ament_cmake_args' from command line to 'None'
[0.692s] Level 5:colcon.colcon_core.verb:set package 'ui' build argument 'catkin_cmake_args' from command line to 'None'
[0.692s] Level 5:colcon.colcon_core.verb:set package 'ui' build argument 'catkin_skip_building_tests' from command line to 'False'
[0.692s] DEBUG:colcon.colcon_core.verb:Building package 'ui' with the following arguments: {'ament_cmake_args': None, 'build_base': '/home/andrewlh/VSCode/ros2_ws/build/ui', 'catkin_cmake_args': None, 'catkin_skip_building_tests': False, 'cmake_args': None, 'cmake_clean_cache': False, 'cmake_clean_first': False, 'cmake_force_configure': False, 'cmake_target': None, 'cmake_target_skip_unavailable': False, 'install_base': '/home/andrewlh/VSCode/ros2_ws/install/ui', 'merge_install': False, 'path': '/home/andrewlh/VSCode/ros2_ws/src/ui', 'symlink_install': False, 'test_result_base': None}
[0.692s] INFO:colcon.colcon_core.executor:Executing jobs using 'parallel' executor
[0.693s] DEBUG:colcon.colcon_parallel_executor.executor.parallel:run_until_complete
[0.694s] INFO:colcon.colcon_ros.task.ament_python.build:Building ROS package in '/home/andrewlh/VSCode/ros2_ws/src/camera_interface' with build type 'ament_python'
[0.694s] Level 1:colcon.colcon_core.shell:create_environment_hook('camera_interface', 'ament_prefix_path')
[0.703s] INFO:colcon.colcon_core.plugin_system:Skipping extension 'colcon_core.shell.bat': Not used on non-Windows systems
[0.703s] INFO:colcon.colcon_core.shell:Creating environment hook '/home/andrewlh/VSCode/ros2_ws/install/camera_interface/share/camera_interface/hook/ament_prefix_path.ps1'
[0.704s] INFO:colcon.colcon_core.shell:Creating environment descriptor '/home/andrewlh/VSCode/ros2_ws/install/camera_interface/share/camera_interface/hook/ament_prefix_path.dsv'
[0.705s] INFO:colcon.colcon_core.shell:Creating environment hook '/home/andrewlh/VSCode/ros2_ws/install/camera_interface/share/camera_interface/hook/ament_prefix_path.sh'
[0.706s] INFO:colcon.colcon_core.shell:Skip shell extension 'powershell' for command environment: Not usable outside of PowerShell
[0.706s] DEBUG:colcon.colcon_core.shell:Skip shell extension 'dsv' for command environment
[0.710s] INFO:colcon.colcon_ros.task.ament_python.build:Building ROS package in '/home/andrewlh/VSCode/ros2_ws/src/control' with build type 'ament_python'
[0.710s] Level 1:colcon.colcon_core.shell:create_environment_hook('control', 'ament_prefix_path')
[0.710s] INFO:colcon.colcon_core.shell:Creating environment hook '/home/andrewlh/VSCode/ros2_ws/install/control/share/control/hook/ament_prefix_path.ps1'
[0.711s] INFO:colcon.colcon_core.shell:Creating environment descriptor '/home/andrewlh/VSCode/ros2_ws/install/control/share/control/hook/ament_prefix_path.dsv'
[0.712s] INFO:colcon.colcon_core.shell:Creating environment hook '/home/andrewlh/VSCode/ros2_ws/install/control/share/control/hook/ament_prefix_path.sh'
[0.713s] INFO:colcon.colcon_core.shell:Skip shell extension 'powershell' for command environment: Not usable outside of PowerShell
[0.713s] DEBUG:colcon.colcon_core.shell:Skip shell extension 'dsv' for command environment
[0.718s] INFO:colcon.colcon_ros.task.ament_python.build:Building ROS package in '/home/andrewlh/VSCode/ros2_ws/src/cr3_interface' with build type 'ament_python'
[0.719s] Level 1:colcon.colcon_core.shell:create_environment_hook('cr3_interface', 'ament_prefix_path')
[0.719s] INFO:colcon.colcon_core.shell:Creating environment hook '/home/andrewlh/VSCode/ros2_ws/install/cr3_interface/share/cr3_interface/hook/ament_prefix_path.ps1'
[0.721s] INFO:colcon.colcon_core.shell:Creating environment descriptor '/home/andrewlh/VSCode/ros2_ws/install/cr3_interface/share/cr3_interface/hook/ament_prefix_path.dsv'
[0.724s] INFO:colcon.colcon_core.shell:Creating environment hook '/home/andrewlh/VSCode/ros2_ws/install/cr3_interface/share/cr3_interface/hook/ament_prefix_path.sh'
[0.727s] INFO:colcon.colcon_core.shell:Skip shell extension 'powershell' for command environment: Not usable outside of PowerShell
[0.727s] DEBUG:colcon.colcon_core.shell:Skip shell extension 'dsv' for command environment
[0.733s] INFO:colcon.colcon_ros.task.ament_python.build:Building ROS package in '/home/andrewlh/VSCode/ros2_ws/src/diagnostics' with build type 'ament_python'
[0.734s] Level 1:colcon.colcon_core.shell:create_environment_hook('diagnostics', 'ament_prefix_path')
[0.734s] INFO:colcon.colcon_core.shell:Creating environment hook '/home/andrewlh/VSCode/ros2_ws/install/diagnostics/share/diagnostics/hook/ament_prefix_path.ps1'
[0.735s] INFO:colcon.colcon_core.shell:Creating environment descriptor '/home/andrewlh/VSCode/ros2_ws/install/diagnostics/share/diagnostics/hook/ament_prefix_path.dsv'
[0.735s] INFO:colcon.colcon_core.shell:Creating environment hook '/home/andrewlh/VSCode/ros2_ws/install/diagnostics/share/diagnostics/hook/ament_prefix_path.sh'
[0.737s] INFO:colcon.colcon_core.shell:Skip shell extension 'powershell' for command environment: Not usable outside of PowerShell
[0.737s] DEBUG:colcon.colcon_core.shell:Skip shell extension 'dsv' for command environment
[0.741s] INFO:colcon.colcon_ros.task.ament_python.build:Building ROS package in '/home/andrewlh/VSCode/ros2_ws/src/integration_tests' with build type 'ament_python'
[0.742s] Level 1:colcon.colcon_core.shell:create_environment_hook('integration_tests', 'ament_prefix_path')
[0.743s] INFO:colcon.colcon_core.shell:Creating environment hook '/home/andrewlh/VSCode/ros2_ws/install/integration_tests/share/integration_tests/hook/ament_prefix_path.ps1'
[0.744s] INFO:colcon.colcon_core.shell:Creating environment descriptor '/home/andrewlh/VSCode/ros2_ws/install/integration_tests/share/integration_tests/hook/ament_prefix_path.dsv'
[0.744s] INFO:colcon.colcon_core.shell:Creating environment hook '/home/andrewlh/VSCode/ros2_ws/install/integration_tests/share/integration_tests/hook/ament_prefix_path.sh'
[0.745s] INFO:colcon.colcon_core.shell:Skip shell extension 'powershell' for command environment: Not usable outside of PowerShell
[0.745s] DEBUG:colcon.colcon_core.shell:Skip shell extension 'dsv' for command environment
[0.750s] INFO:colcon.colcon_ros.task.ament_python.build:Building ROS package in '/home/andrewlh/VSCode/ros2_ws/src/perception' with build type 'ament_python'
[0.751s] Level 1:colcon.colcon_core.shell:create_environment_hook('perception', 'ament_prefix_path')
[0.751s] INFO:colcon.colcon_core.shell:Creating environment hook '/home/andrewlh/VSCode/ros2_ws/install/perception/share/perception/hook/ament_prefix_path.ps1'
[0.753s] INFO:colcon.colcon_core.shell:Creating environment descriptor '/home/andrewlh/VSCode/ros2_ws/install/perception/share/perception/hook/ament_prefix_path.dsv'
[0.753s] INFO:colcon.colcon_core.shell:Creating environment hook '/home/andrewlh/VSCode/ros2_ws/install/perception/share/perception/hook/ament_prefix_path.sh'
[0.754s] INFO:colcon.colcon_core.shell:Skip shell extension 'powershell' for command environment: Not usable outside of PowerShell
[0.754s] DEBUG:colcon.colcon_core.shell:Skip shell extension 'dsv' for command environment
[0.759s] INFO:colcon.colcon_ros.task.ament_python.build:Building ROS package in '/home/andrewlh/VSCode/ros2_ws/src/sim_interface' with build type 'ament_python'
[0.760s] Level 1:colcon.colcon_core.shell:create_environment_hook('sim_interface', 'ament_prefix_path')
[0.761s] INFO:colcon.colcon_core.shell:Creating environment hook '/home/andrewlh/VSCode/ros2_ws/install/sim_interface/share/sim_interface/hook/ament_prefix_path.ps1'
[0.763s] INFO:colcon.colcon_core.shell:Creating environment descriptor '/home/andrewlh/VSCode/ros2_ws/install/sim_interface/share/sim_interface/hook/ament_prefix_path.dsv'
[0.763s] INFO:colcon.colcon_core.shell:Creating environment hook '/home/andrewlh/VSCode/ros2_ws/install/sim_interface/share/sim_interface/hook/ament_prefix_path.sh'
[0.765s] INFO:colcon.colcon_core.shell:Skip shell extension 'powershell' for command environment: Not usable outside of PowerShell
[0.765s] DEBUG:colcon.colcon_core.shell:Skip shell extension 'dsv' for command environment
[0.771s] INFO:colcon.colcon_ros.task.ament_python.build:Building ROS package in '/home/andrewlh/VSCode/ros2_ws/src/ui' with build type 'ament_python'
[0.771s] Level 1:colcon.colcon_core.shell:create_environment_hook('ui', 'ament_prefix_path')
[0.771s] INFO:colcon.colcon_core.shell:Creating environment hook '/home/andrewlh/VSCode/ros2_ws/install/ui/share/ui/hook/ament_prefix_path.ps1'
[0.773s] INFO:colcon.colcon_core.shell:Creating environment descriptor '/home/andrewlh/VSCode/ros2_ws/install/ui/share/ui/hook/ament_prefix_path.dsv'
[0.774s] INFO:colcon.colcon_core.shell:Creating environment hook '/home/andrewlh/VSCode/ros2_ws/install/ui/share/ui/hook/ament_prefix_path.sh'
[0.774s] INFO:colcon.colcon_core.shell:Skip shell extension 'powershell' for command environment: Not usable outside of PowerShell
[0.775s] DEBUG:colcon.colcon_core.shell:Skip shell extension 'dsv' for command environment
[1.087s] INFO:colcon.colcon_core.task.python.build:Building Python package in '/home/andrewlh/VSCode/ros2_ws/src/camera_interface'
[1.087s] INFO:colcon.colcon_core.shell:Skip shell extension 'powershell' for command environment: Not usable outside of PowerShell
[1.087s] DEBUG:colcon.colcon_core.shell:Skip shell extension 'dsv' for command environment
[1.396s] INFO:colcon.colcon_core.task.python.build:Building Python package in '/home/andrewlh/VSCode/ros2_ws/src/control'
[1.397s] INFO:colcon.colcon_core.shell:Skip shell extension 'powershell' for command environment: Not usable outside of PowerShell
[1.397s] DEBUG:colcon.colcon_core.shell:Skip shell extension 'dsv' for command environment
[1.690s] INFO:colcon.colcon_core.task.python.build:Building Python package in '/home/andrewlh/VSCode/ros2_ws/src/cr3_interface'
[1.691s] INFO:colcon.colcon_core.shell:Skip shell extension 'powershell' for command environment: Not usable outside of PowerShell
[1.691s] DEBUG:colcon.colcon_core.shell:Skip shell extension 'dsv' for command environment
[1.962s] INFO:colcon.colcon_core.task.python.build:Building Python package in '/home/andrewlh/VSCode/ros2_ws/src/diagnostics'
[1.962s] INFO:colcon.colcon_core.shell:Skip shell extension 'powershell' for command environment: Not usable outside of PowerShell
[1.962s] DEBUG:colcon.colcon_core.shell:Skip shell extension 'dsv' for command environment
[2.257s] INFO:colcon.colcon_core.task.python.build:Building Python package in '/home/andrewlh/VSCode/ros2_ws/src/integration_tests'
[2.258s] INFO:colcon.colcon_core.shell:Skip shell extension 'powershell' for command environment: Not usable outside of PowerShell
[2.258s] DEBUG:colcon.colcon_core.shell:Skip shell extension 'dsv' for command environment
[2.554s] INFO:colcon.colcon_core.task.python.build:Building Python package in '/home/andrewlh/VSCode/ros2_ws/src/perception'
[2.554s] INFO:colcon.colcon_core.shell:Skip shell extension 'powershell' for command environment: Not usable outside of PowerShell
[2.554s] DEBUG:colcon.colcon_core.shell:Skip shell extension 'dsv' for command environment
[2.822s] INFO:colcon.colcon_core.task.python.build:Building Python package in '/home/andrewlh/VSCode/ros2_ws/src/sim_interface'
[2.822s] INFO:colcon.colcon_core.shell:Skip shell extension 'powershell' for command environment: Not usable outside of PowerShell
[2.822s] DEBUG:colcon.colcon_core.shell:Skip shell extension 'dsv' for command environment
[3.098s] INFO:colcon.colcon_core.task.python.build:Building Python package in '/home/andrewlh/VSCode/ros2_ws/src/ui'
[3.098s] INFO:colcon.colcon_core.shell:Skip shell extension 'powershell' for command environment: Not usable outside of PowerShell
[3.098s] DEBUG:colcon.colcon_core.shell:Skip shell extension 'dsv' for command environment
[4.588s] DEBUG:colcon.colcon_core.event_handler.log_command:Invoking command in '/home/andrewlh/VSCode/ros2_ws/src/diagnostics': CONDA_PROMPT_MODIFIER=(base) DEBUGINFOD_URLS=https://debuginfod.ubuntu.com PYTHONPATH=/home/andrewlh/VSCode/ros2_ws/build/diagnostics/prefix_override:/usr/lib/python3/dist-packages/colcon_core/task/python/colcon_distutils_commands:/home/andrewlh/VSCode/ros2_ws/install/diagnostics/lib/python3.12/site-packages:${PYTHONPATH} /usr/bin/python3 -W ignore:setup.py install is deprecated -W ignore:easy_install command is deprecated setup.py egg_info --egg-base ../../build/diagnostics build --build-base /home/andrewlh/VSCode/ros2_ws/build/diagnostics/build install --record /home/andrewlh/VSCode/ros2_ws/build/diagnostics/install.log --single-version-externally-managed install_data
[4.603s] DEBUG:colcon.colcon_core.event_handler.log_command:Invoking command in '/home/andrewlh/VSCode/ros2_ws/src/integration_tests': CONDA_PROMPT_MODIFIER=(base) DEBUGINFOD_URLS=https://debuginfod.ubuntu.com PYTHONPATH=/home/andrewlh/VSCode/ros2_ws/build/integration_tests/prefix_override:/usr/lib/python3/dist-packages/colcon_core/task/python/colcon_distutils_commands:/home/andrewlh/VSCode/ros2_ws/install/integration_tests/lib/python3.12/site-packages:${PYTHONPATH} /usr/bin/python3 -W ignore:setup.py install is deprecated -W ignore:easy_install command is deprecated setup.py egg_info --egg-base ../../build/integration_tests build --build-base /home/andrewlh/VSCode/ros2_ws/build/integration_tests/build install --record /home/andrewlh/VSCode/ros2_ws/build/integration_tests/install.log --single-version-externally-managed install_data
[4.637s] DEBUG:colcon.colcon_core.event_handler.log_command:Invoking command in '/home/andrewlh/VSCode/ros2_ws/src/ui': CONDA_PROMPT_MODIFIER=(base) DEBUGINFOD_URLS=https://debuginfod.ubuntu.com PYTHONPATH=/home/andrewlh/VSCode/ros2_ws/build/ui/prefix_override:/usr/lib/python3/dist-packages/colcon_core/task/python/colcon_distutils_commands:/home/andrewlh/VSCode/ros2_ws/install/ui/lib/python3.12/site-packages:${PYTHONPATH} /usr/bin/python3 -W ignore:setup.py install is deprecated -W ignore:easy_install command is deprecated setup.py egg_info --egg-base ../../build/ui build --build-base /home/andrewlh/VSCode/ros2_ws/build/ui/build install --record /home/andrewlh/VSCode/ros2_ws/build/ui/install.log --single-version-externally-managed install_data
[4.639s] DEBUG:colcon.colcon_core.event_handler.log_command:Invoking command in '/home/andrewlh/VSCode/ros2_ws/src/perception': CONDA_PROMPT_MODIFIER=(base) DEBUGINFOD_URLS=https://debuginfod.ubuntu.com PYTHONPATH=/home/andrewlh/VSCode/ros2_ws/build/perception/prefix_override:/usr/lib/python3/dist-packages/colcon_core/task/python/colcon_distutils_commands:/home/andrewlh/VSCode/ros2_ws/install/perception/lib/python3.12/site-packages:${PYTHONPATH} /usr/bin/python3 -W ignore:setup.py install is deprecated -W ignore:easy_install command is deprecated setup.py egg_info --egg-base ../../build/perception build --build-base /home/andrewlh/VSCode/ros2_ws/build/perception/build install --record /home/andrewlh/VSCode/ros2_ws/build/perception/install.log --single-version-externally-managed install_data
[4.643s] DEBUG:colcon.colcon_core.event_handler.log_command:Invoking command in '/home/andrewlh/VSCode/ros2_ws/src/camera_interface': CONDA_PROMPT_MODIFIER=(base) DEBUGINFOD_URLS=https://debuginfod.ubuntu.com PYTHONPATH=/home/andrewlh/VSCode/ros2_ws/build/camera_interface/prefix_override:/usr/lib/python3/dist-packages/colcon_core/task/python/colcon_distutils_commands:/home/andrewlh/VSCode/ros2_ws/install/camera_interface/lib/python3.12/site-packages:${PYTHONPATH} /usr/bin/python3 -W ignore:setup.py install is deprecated -W ignore:easy_install command is deprecated setup.py egg_info --egg-base ../../build/camera_interface build --build-base /home/andrewlh/VSCode/ros2_ws/build/camera_interface/build install --record /home/andrewlh/VSCode/ros2_ws/build/camera_interface/install.log --single-version-externally-managed install_data
[4.688s] DEBUG:colcon.colcon_core.event_handler.log_command:Invoking command in '/home/andrewlh/VSCode/ros2_ws/src/cr3_interface': CONDA_PROMPT_MODIFIER=(base) DEBUGINFOD_URLS=https://debuginfod.ubuntu.com PYTHONPATH=/home/andrewlh/VSCode/ros2_ws/build/cr3_interface/prefix_override:/usr/lib/python3/dist-packages/colcon_core/task/python/colcon_distutils_commands:/home/andrewlh/VSCode/ros2_ws/install/cr3_interface/lib/python3.12/site-packages:${PYTHONPATH} /usr/bin/python3 -W ignore:setup.py install is deprecated -W ignore:easy_install command is deprecated setup.py egg_info --egg-base ../../build/cr3_interface build --build-base /home/andrewlh/VSCode/ros2_ws/build/cr3_interface/build install --record /home/andrewlh/VSCode/ros2_ws/build/cr3_interface/install.log --single-version-externally-managed install_data
[4.692s] DEBUG:colcon.colcon_core.event_handler.log_command:Invoking command in '/home/andrewlh/VSCode/ros2_ws/src/sim_interface': CONDA_PROMPT_MODIFIER=(base) DEBUGINFOD_URLS=https://debuginfod.ubuntu.com PYTHONPATH=/home/andrewlh/VSCode/ros2_ws/build/sim_interface/prefix_override:/usr/lib/python3/dist-packages/colcon_core/task/python/colcon_distutils_commands:/home/andrewlh/VSCode/ros2_ws/install/sim_interface/lib/python3.12/site-packages:${PYTHONPATH} /usr/bin/python3 -W ignore:setup.py install is deprecated -W ignore:easy_install command is deprecated setup.py egg_info --egg-base ../../build/sim_interface build --build-base /home/andrewlh/VSCode/ros2_ws/build/sim_interface/build install --record /home/andrewlh/VSCode/ros2_ws/build/sim_interface/install.log --single-version-externally-managed install_data
[4.699s] DEBUG:colcon.colcon_core.event_handler.log_command:Invoking command in '/home/andrewlh/VSCode/ros2_ws/src/control': CONDA_PROMPT_MODIFIER=(base) DEBUGINFOD_URLS=https://debuginfod.ubuntu.com PYTHONPATH=/home/andrewlh/VSCode/ros2_ws/build/control/prefix_override:/usr/lib/python3/dist-packages/colcon_core/task/python/colcon_distutils_commands:/home/andrewlh/VSCode/ros2_ws/install/control/lib/python3.12/site-packages:${PYTHONPATH} /usr/bin/python3 -W ignore:setup.py install is deprecated -W ignore:easy_install command is deprecated setup.py egg_info --egg-base ../../build/control build --build-base /home/andrewlh/VSCode/ros2_ws/build/control/build install --record /home/andrewlh/VSCode/ros2_ws/build/control/install.log --single-version-externally-managed install_data
[6.137s] DEBUG:colcon.colcon_core.event_handler.log_command:Invoked command in '/home/andrewlh/VSCode/ros2_ws/src/ui' returned '0': CONDA_PROMPT_MODIFIER=(base) DEBUGINFOD_URLS=https://debuginfod.ubuntu.com PYTHONPATH=/home/andrewlh/VSCode/ros2_ws/build/ui/prefix_override:/usr/lib/python3/dist-packages/colcon_core/task/python/colcon_distutils_commands:/home/andrewlh/VSCode/ros2_ws/install/ui/lib/python3.12/site-packages:${PYTHONPATH} /usr/bin/python3 -W ignore:setup.py install is deprecated -W ignore:easy_install command is deprecated setup.py egg_info --egg-base ../../build/ui build --build-base /home/andrewlh/VSCode/ros2_ws/build/ui/build install --record /home/andrewlh/VSCode/ros2_ws/build/ui/install.log --single-version-externally-managed install_data
[6.214s] Level 1:colcon.colcon_core.environment:checking '/home/andrewlh/VSCode/ros2_ws/install/ui' for CMake module files
[6.225s] Level 1:colcon.colcon_core.environment:checking '/home/andrewlh/VSCode/ros2_ws/install/ui' for CMake config files
[6.239s] Level 1:colcon.colcon_core.environment:checking '/home/andrewlh/VSCode/ros2_ws/install/ui/lib'
[6.240s] Level 1:colcon.colcon_core.environment:checking '/home/andrewlh/VSCode/ros2_ws/install/ui/bin'
[6.240s] Level 1:colcon.colcon_core.environment:checking '/home/andrewlh/VSCode/ros2_ws/install/ui/lib/pkgconfig/ui.pc'
[6.241s] Level 1:colcon.colcon_core.environment:checking '/home/andrewlh/VSCode/ros2_ws/install/ui/lib/python3.12/site-packages'
[6.241s] Level 1:colcon.colcon_core.shell:create_environment_hook('ui', 'pythonpath')
[6.241s] INFO:colcon.colcon_core.shell:Creating environment hook '/home/andrewlh/VSCode/ros2_ws/install/ui/share/ui/hook/pythonpath.ps1'
[6.242s] INFO:colcon.colcon_core.shell:Creating environment descriptor '/home/andrewlh/VSCode/ros2_ws/install/ui/share/ui/hook/pythonpath.dsv'
[6.243s] INFO:colcon.colcon_core.shell:Creating environment hook '/home/andrewlh/VSCode/ros2_ws/install/ui/share/ui/hook/pythonpath.sh'
[6.248s] Level 1:colcon.colcon_core.environment:checking '/home/andrewlh/VSCode/ros2_ws/install/ui/bin'
[6.248s] Level 1:colcon.colcon_core.environment:create_environment_scripts_only(ui)
[6.249s] INFO:colcon.colcon_core.shell:Creating package script '/home/andrewlh/VSCode/ros2_ws/install/ui/share/ui/package.ps1'
[6.250s] INFO:colcon.colcon_core.shell:Creating package descriptor '/home/andrewlh/VSCode/ros2_ws/install/ui/share/ui/package.dsv'
[6.252s] INFO:colcon.colcon_core.shell:Creating package script '/home/andrewlh/VSCode/ros2_ws/install/ui/share/ui/package.sh'
[6.257s] INFO:colcon.colcon_core.shell:Creating package script '/home/andrewlh/VSCode/ros2_ws/install/ui/share/ui/package.bash'
[6.258s] INFO:colcon.colcon_core.shell:Creating package script '/home/andrewlh/VSCode/ros2_ws/install/ui/share/ui/package.zsh'
[6.263s] Level 1:colcon.colcon_core.environment:create_file_with_runtime_dependencies(/home/andrewlh/VSCode/ros2_ws/install/ui/share/colcon-core/packages/ui)
[6.343s] Level 1:colcon.colcon_core.environment:checking '/home/andrewlh/VSCode/ros2_ws/install/perception' for CMake module files
[6.344s] Level 1:colcon.colcon_core.environment:checking '/home/andrewlh/VSCode/ros2_ws/install/perception' for CMake config files
[6.345s] Level 1:colcon.colcon_core.environment:checking '/home/andrewlh/VSCode/ros2_ws/install/perception/lib'
[6.345s] Level 1:colcon.colcon_core.environment:checking '/home/andrewlh/VSCode/ros2_ws/install/perception/bin'
[6.345s] Level 1:colcon.colcon_core.environment:checking '/home/andrewlh/VSCode/ros2_ws/install/perception/lib/pkgconfig/perception.pc'
[6.366s] Level 1:colcon.colcon_core.environment:checking '/home/andrewlh/VSCode/ros2_ws/install/perception/lib/python3.12/site-packages'
[6.369s] Level 1:colcon.colcon_core.shell:create_environment_hook('perception', 'pythonpath')
[6.370s] INFO:colcon.colcon_core.shell:Creating environment hook '/home/andrewlh/VSCode/ros2_ws/install/perception/share/perception/hook/pythonpath.ps1'
[6.371s] INFO:colcon.colcon_core.shell:Creating environment descriptor '/home/andrewlh/VSCode/ros2_ws/install/perception/share/perception/hook/pythonpath.dsv'
[6.373s] INFO:colcon.colcon_core.shell:Creating environment hook '/home/andrewlh/VSCode/ros2_ws/install/perception/share/perception/hook/pythonpath.sh'
[6.375s] Level 1:colcon.colcon_core.environment:checking '/home/andrewlh/VSCode/ros2_ws/install/perception/bin'
[6.380s] DEBUG:colcon.colcon_core.event_handler.log_command:Invoked command in '/home/andrewlh/VSCode/ros2_ws/src/perception' returned '0': CONDA_PROMPT_MODIFIER=(base) DEBUGINFOD_URLS=https://debuginfod.ubuntu.com PYTHONPATH=/home/andrewlh/VSCode/ros2_ws/build/perception/prefix_override:/usr/lib/python3/dist-packages/colcon_core/task/python/colcon_distutils_commands:/home/andrewlh/VSCode/ros2_ws/install/perception/lib/python3.12/site-packages:${PYTHONPATH} /usr/bin/python3 -W ignore:setup.py install is deprecated -W ignore:easy_install command is deprecated setup.py egg_info --egg-base ../../build/perception build --build-base /home/andrewlh/VSCode/ros2_ws/build/perception/build install --record /home/andrewlh/VSCode/ros2_ws/build/perception/install.log --single-version-externally-managed install_data
[6.382s] Level 1:colcon.colcon_core.environment:create_environment_scripts_only(perception)
[6.383s] INFO:colcon.colcon_core.shell:Creating package script '/home/andrewlh/VSCode/ros2_ws/install/perception/share/perception/package.ps1'
[6.388s] INFO:colcon.colcon_core.shell:Creating package descriptor '/home/andrewlh/VSCode/ros2_ws/install/perception/share/perception/package.dsv'
[6.409s] INFO:colcon.colcon_core.shell:Creating package script '/home/andrewlh/VSCode/ros2_ws/install/perception/share/perception/package.sh'
[6.410s] INFO:colcon.colcon_core.shell:Creating package script '/home/andrewlh/VSCode/ros2_ws/install/perception/share/perception/package.bash'
[6.410s] INFO:colcon.colcon_core.shell:Creating package script '/home/andrewlh/VSCode/ros2_ws/install/perception/share/perception/package.zsh'
[6.411s] Level 1:colcon.colcon_core.environment:create_file_with_runtime_dependencies(/home/andrewlh/VSCode/ros2_ws/install/perception/share/colcon-core/packages/perception)
[6.415s] Level 1:colcon.colcon_core.environment:checking '/home/andrewlh/VSCode/ros2_ws/install/sim_interface' for CMake module files
[6.427s] Level 1:colcon.colcon_core.environment:checking '/home/andrewlh/VSCode/ros2_ws/install/sim_interface' for CMake config files
[6.428s] DEBUG:colcon.colcon_core.event_handler.log_command:Invoked command in '/home/andrewlh/VSCode/ros2_ws/src/sim_interface' returned '0': CONDA_PROMPT_MODIFIER=(base) DEBUGINFOD_URLS=https://debuginfod.ubuntu.com PYTHONPATH=/home/andrewlh/VSCode/ros2_ws/build/sim_interface/prefix_override:/usr/lib/python3/dist-packages/colcon_core/task/python/colcon_distutils_commands:/home/andrewlh/VSCode/ros2_ws/install/sim_interface/lib/python3.12/site-packages:${PYTHONPATH} /usr/bin/python3 -W ignore:setup.py install is deprecated -W ignore:easy_install command is deprecated setup.py egg_info --egg-base ../../build/sim_interface build --build-base /home/andrewlh/VSCode/ros2_ws/build/sim_interface/build install --record /home/andrewlh/VSCode/ros2_ws/build/sim_interface/install.log --single-version-externally-managed install_data
[6.429s] Level 1:colcon.colcon_core.environment:checking '/home/andrewlh/VSCode/ros2_ws/install/sim_interface/lib'
[6.429s] Level 1:colcon.colcon_core.environment:checking '/home/andrewlh/VSCode/ros2_ws/install/sim_interface/bin'
[6.429s] Level 1:colcon.colcon_core.environment:checking '/home/andrewlh/VSCode/ros2_ws/install/sim_interface/lib/pkgconfig/sim_interface.pc'
[6.430s] Level 1:colcon.colcon_core.environment:checking '/home/andrewlh/VSCode/ros2_ws/install/sim_interface/lib/python3.12/site-packages'
[6.430s] Level 1:colcon.colcon_core.shell:create_environment_hook('sim_interface', 'pythonpath')
[6.430s] INFO:colcon.colcon_core.shell:Creating environment hook '/home/andrewlh/VSCode/ros2_ws/install/sim_interface/share/sim_interface/hook/pythonpath.ps1'
[6.432s] INFO:colcon.colcon_core.shell:Creating environment descriptor '/home/andrewlh/VSCode/ros2_ws/install/sim_interface/share/sim_interface/hook/pythonpath.dsv'
[6.432s] INFO:colcon.colcon_core.shell:Creating environment hook '/home/andrewlh/VSCode/ros2_ws/install/sim_interface/share/sim_interface/hook/pythonpath.sh'
[6.433s] Level 1:colcon.colcon_core.environment:checking '/home/andrewlh/VSCode/ros2_ws/install/sim_interface/bin'
[6.433s] Level 1:colcon.colcon_core.environment:create_environment_scripts_only(sim_interface)
[6.434s] INFO:colcon.colcon_core.shell:Creating package script '/home/andrewlh/VSCode/ros2_ws/install/sim_interface/share/sim_interface/package.ps1'
[6.435s] INFO:colcon.colcon_core.shell:Creating package descriptor '/home/andrewlh/VSCode/ros2_ws/install/sim_interface/share/sim_interface/package.dsv'
[6.435s] INFO:colcon.colcon_core.shell:Creating package script '/home/andrewlh/VSCode/ros2_ws/install/sim_interface/share/sim_interface/package.sh'
[6.436s] INFO:colcon.colcon_core.shell:Creating package script '/home/andrewlh/VSCode/ros2_ws/install/sim_interface/share/sim_interface/package.bash'
[6.437s] INFO:colcon.colcon_core.shell:Creating package script '/home/andrewlh/VSCode/ros2_ws/install/sim_interface/share/sim_interface/package.zsh'
[6.437s] Level 1:colcon.colcon_core.environment:create_file_with_runtime_dependencies(/home/andrewlh/VSCode/ros2_ws/install/sim_interface/share/colcon-core/packages/sim_interface)
[6.446s] Level 1:colcon.colcon_core.environment:checking '/home/andrewlh/VSCode/ros2_ws/install/diagnostics' for CMake module files
[6.447s] Level 1:colcon.colcon_core.environment:checking '/home/andrewlh/VSCode/ros2_ws/install/diagnostics' for CMake config files
[6.448s] DEBUG:colcon.colcon_core.event_handler.log_command:Invoked command in '/home/andrewlh/VSCode/ros2_ws/src/diagnostics' returned '0': CONDA_PROMPT_MODIFIER=(base) DEBUGINFOD_URLS=https://debuginfod.ubuntu.com PYTHONPATH=/home/andrewlh/VSCode/ros2_ws/build/diagnostics/prefix_override:/usr/lib/python3/dist-packages/colcon_core/task/python/colcon_distutils_commands:/home/andrewlh/VSCode/ros2_ws/install/diagnostics/lib/python3.12/site-packages:${PYTHONPATH} /usr/bin/python3 -W ignore:setup.py install is deprecated -W ignore:easy_install command is deprecated setup.py egg_info --egg-base ../../build/diagnostics build --build-base /home/andrewlh/VSCode/ros2_ws/build/diagnostics/build install --record /home/andrewlh/VSCode/ros2_ws/build/diagnostics/install.log --single-version-externally-managed install_data
[6.449s] Level 1:colcon.colcon_core.environment:checking '/home/andrewlh/VSCode/ros2_ws/install/diagnostics/lib'
[6.449s] Level 1:colcon.colcon_core.environment:checking '/home/andrewlh/VSCode/ros2_ws/install/diagnostics/bin'
[6.450s] Level 1:colcon.colcon_core.environment:checking '/home/andrewlh/VSCode/ros2_ws/install/diagnostics/lib/pkgconfig/diagnostics.pc'
[6.450s] Level 1:colcon.colcon_core.environment:checking '/home/andrewlh/VSCode/ros2_ws/install/diagnostics/lib/python3.12/site-packages'
[6.450s] Level 1:colcon.colcon_core.shell:create_environment_hook('diagnostics', 'pythonpath')
[6.450s] INFO:colcon.colcon_core.shell:Creating environment hook '/home/andrewlh/VSCode/ros2_ws/install/diagnostics/share/diagnostics/hook/pythonpath.ps1'
[6.451s] INFO:colcon.colcon_core.shell:Creating environment descriptor '/home/andrewlh/VSCode/ros2_ws/install/diagnostics/share/diagnostics/hook/pythonpath.dsv'
[6.452s] INFO:colcon.colcon_core.shell:Creating environment hook '/home/andrewlh/VSCode/ros2_ws/install/diagnostics/share/diagnostics/hook/pythonpath.sh'
[6.453s] Level 1:colcon.colcon_core.environment:checking '/home/andrewlh/VSCode/ros2_ws/install/diagnostics/bin'
[6.453s] Level 1:colcon.colcon_core.environment:create_environment_scripts_only(diagnostics)
[6.454s] INFO:colcon.colcon_core.shell:Creating package script '/home/andrewlh/VSCode/ros2_ws/install/diagnostics/share/diagnostics/package.ps1'
[6.454s] INFO:colcon.colcon_core.shell:Creating package descriptor '/home/andrewlh/VSCode/ros2_ws/install/diagnostics/share/diagnostics/package.dsv'
[6.456s] INFO:colcon.colcon_core.shell:Creating package script '/home/andrewlh/VSCode/ros2_ws/install/diagnostics/share/diagnostics/package.sh'
[6.457s] INFO:colcon.colcon_core.shell:Creating package script '/home/andrewlh/VSCode/ros2_ws/install/diagnostics/share/diagnostics/package.bash'
[6.459s] INFO:colcon.colcon_core.shell:Creating package script '/home/andrewlh/VSCode/ros2_ws/install/diagnostics/share/diagnostics/package.zsh'
[6.460s] Level 1:colcon.colcon_core.environment:create_file_with_runtime_dependencies(/home/andrewlh/VSCode/ros2_ws/install/diagnostics/share/colcon-core/packages/diagnostics)
[6.461s] Level 1:colcon.colcon_core.environment:checking '/home/andrewlh/VSCode/ros2_ws/install/camera_interface' for CMake module files
[6.462s] Level 1:colcon.colcon_core.environment:checking '/home/andrewlh/VSCode/ros2_ws/install/camera_interface' for CMake config files
[6.464s] Level 1:colcon.colcon_core.environment:checking '/home/andrewlh/VSCode/ros2_ws/install/camera_interface/lib'
[6.464s] Level 1:colcon.colcon_core.environment:checking '/home/andrewlh/VSCode/ros2_ws/install/camera_interface/bin'
[6.464s] Level 1:colcon.colcon_core.environment:checking '/home/andrewlh/VSCode/ros2_ws/install/camera_interface/lib/pkgconfig/camera_interface.pc'
[6.465s] Level 1:colcon.colcon_core.environment:checking '/home/andrewlh/VSCode/ros2_ws/install/camera_interface/lib/python3.12/site-packages'
[6.466s] Level 1:colcon.colcon_core.shell:create_environment_hook('camera_interface', 'pythonpath')
[6.466s] INFO:colcon.colcon_core.shell:Creating environment hook '/home/andrewlh/VSCode/ros2_ws/install/camera_interface/share/camera_interface/hook/pythonpath.ps1'
[6.468s] DEBUG:colcon.colcon_core.event_handler.log_command:Invoked command in '/home/andrewlh/VSCode/ros2_ws/src/camera_interface' returned '0': CONDA_PROMPT_MODIFIER=(base) DEBUGINFOD_URLS=https://debuginfod.ubuntu.com PYTHONPATH=/home/andrewlh/VSCode/ros2_ws/build/camera_interface/prefix_override:/usr/lib/python3/dist-packages/colcon_core/task/python/colcon_distutils_commands:/home/andrewlh/VSCode/ros2_ws/install/camera_interface/lib/python3.12/site-packages:${PYTHONPATH} /usr/bin/python3 -W ignore:setup.py install is deprecated -W ignore:easy_install command is deprecated setup.py egg_info --egg-base ../../build/camera_interface build --build-base /home/andrewlh/VSCode/ros2_ws/build/camera_interface/build install --record /home/andrewlh/VSCode/ros2_ws/build/camera_interface/install.log --single-version-externally-managed install_data
[6.468s] INFO:colcon.colcon_core.shell:Creating environment descriptor '/home/andrewlh/VSCode/ros2_ws/install/camera_interface/share/camera_interface/hook/pythonpath.dsv'
[6.469s] INFO:colcon.colcon_core.shell:Creating environment hook '/home/andrewlh/VSCode/ros2_ws/install/camera_interface/share/camera_interface/hook/pythonpath.sh'
[6.470s] Level 1:colcon.colcon_core.environment:checking '/home/andrewlh/VSCode/ros2_ws/install/camera_interface/bin'
[6.470s] Level 1:colcon.colcon_core.environment:create_environment_scripts_only(camera_interface)
[6.470s] INFO:colcon.colcon_core.shell:Creating package script '/home/andrewlh/VSCode/ros2_ws/install/camera_interface/share/camera_interface/package.ps1'
[6.471s] INFO:colcon.colcon_core.shell:Creating package descriptor '/home/andrewlh/VSCode/ros2_ws/install/camera_interface/share/camera_interface/package.dsv'
[6.472s] INFO:colcon.colcon_core.shell:Creating package script '/home/andrewlh/VSCode/ros2_ws/install/camera_interface/share/camera_interface/package.sh'
[6.474s] INFO:colcon.colcon_core.shell:Creating package script '/home/andrewlh/VSCode/ros2_ws/install/camera_interface/share/camera_interface/package.bash'
[6.475s] INFO:colcon.colcon_core.shell:Creating package script '/home/andrewlh/VSCode/ros2_ws/install/camera_interface/share/camera_interface/package.zsh'
[6.476s] Level 1:colcon.colcon_core.environment:create_file_with_runtime_dependencies(/home/andrewlh/VSCode/ros2_ws/install/camera_interface/share/colcon-core/packages/camera_interface)
[6.479s] Level 1:colcon.colcon_core.environment:checking '/home/andrewlh/VSCode/ros2_ws/install/integration_tests' for CMake module files
[6.480s] DEBUG:colcon.colcon_core.event_handler.log_command:Invoked command in '/home/andrewlh/VSCode/ros2_ws/src/integration_tests' returned '0': CONDA_PROMPT_MODIFIER=(base) DEBUGINFOD_URLS=https://debuginfod.ubuntu.com PYTHONPATH=/home/andrewlh/VSCode/ros2_ws/build/integration_tests/prefix_override:/usr/lib/python3/dist-packages/colcon_core/task/python/colcon_distutils_commands:/home/andrewlh/VSCode/ros2_ws/install/integration_tests/lib/python3.12/site-packages:${PYTHONPATH} /usr/bin/python3 -W ignore:setup.py install is deprecated -W ignore:easy_install command is deprecated setup.py egg_info --egg-base ../../build/integration_tests build --build-base /home/andrewlh/VSCode/ros2_ws/build/integration_tests/build install --record /home/andrewlh/VSCode/ros2_ws/build/integration_tests/install.log --single-version-externally-managed install_data
[6.480s] Level 1:colcon.colcon_core.environment:checking '/home/andrewlh/VSCode/ros2_ws/install/integration_tests' for CMake config files
[6.481s] Level 1:colcon.colcon_core.environment:checking '/home/andrewlh/VSCode/ros2_ws/install/integration_tests/lib'
[6.481s] Level 1:colcon.colcon_core.environment:checking '/home/andrewlh/VSCode/ros2_ws/install/integration_tests/bin'
[6.481s] Level 1:colcon.colcon_core.environment:checking '/home/andrewlh/VSCode/ros2_ws/install/integration_tests/lib/pkgconfig/integration_tests.pc'
[6.481s] Level 1:colcon.colcon_core.environment:checking '/home/andrewlh/VSCode/ros2_ws/install/integration_tests/lib/python3.12/site-packages'
[6.482s] Level 1:colcon.colcon_core.shell:create_environment_hook('integration_tests', 'pythonpath')
[6.482s] INFO:colcon.colcon_core.shell:Creating environment hook '/home/andrewlh/VSCode/ros2_ws/install/integration_tests/share/integration_tests/hook/pythonpath.ps1'
[6.482s] INFO:colcon.colcon_core.shell:Creating environment descriptor '/home/andrewlh/VSCode/ros2_ws/install/integration_tests/share/integration_tests/hook/pythonpath.dsv'
[6.483s] INFO:colcon.colcon_core.shell:Creating environment hook '/home/andrewlh/VSCode/ros2_ws/install/integration_tests/share/integration_tests/hook/pythonpath.sh'
[6.484s] Level 1:colcon.colcon_core.environment:checking '/home/andrewlh/VSCode/ros2_ws/install/integration_tests/bin'
[6.484s] Level 1:colcon.colcon_core.environment:create_environment_scripts_only(integration_tests)
[6.484s] INFO:colcon.colcon_core.shell:Creating package script '/home/andrewlh/VSCode/ros2_ws/install/integration_tests/share/integration_tests/package.ps1'
[6.484s] INFO:colcon.colcon_core.shell:Creating package descriptor '/home/andrewlh/VSCode/ros2_ws/install/integration_tests/share/integration_tests/package.dsv'
[6.485s] INFO:colcon.colcon_core.shell:Creating package script '/home/andrewlh/VSCode/ros2_ws/install/integration_tests/share/integration_tests/package.sh'
[6.486s] INFO:colcon.colcon_core.shell:Creating package script '/home/andrewlh/VSCode/ros2_ws/install/integration_tests/share/integration_tests/package.bash'
[6.486s] INFO:colcon.colcon_core.shell:Creating package script '/home/andrewlh/VSCode/ros2_ws/install/integration_tests/share/integration_tests/package.zsh'
[6.487s] Level 1:colcon.colcon_core.environment:create_file_with_runtime_dependencies(/home/andrewlh/VSCode/ros2_ws/install/integration_tests/share/colcon-core/packages/integration_tests)
[6.489s] Level 1:colcon.colcon_core.environment:checking '/home/andrewlh/VSCode/ros2_ws/install/cr3_interface' for CMake module files
[6.490s] DEBUG:colcon.colcon_core.event_handler.log_command:Invoked command in '/home/andrewlh/VSCode/ros2_ws/src/cr3_interface' returned '0': CONDA_PROMPT_MODIFIER=(base) DEBUGINFOD_URLS=https://debuginfod.ubuntu.com PYTHONPATH=/home/andrewlh/VSCode/ros2_ws/build/cr3_interface/prefix_override:/usr/lib/python3/dist-packages/colcon_core/task/python/colcon_distutils_commands:/home/andrewlh/VSCode/ros2_ws/install/cr3_interface/lib/python3.12/site-packages:${PYTHONPATH} /usr/bin/python3 -W ignore:setup.py install is deprecated -W ignore:easy_install command is deprecated setup.py egg_info --egg-base ../../build/cr3_interface build --build-base /home/andrewlh/VSCode/ros2_ws/build/cr3_interface/build install --record /home/andrewlh/VSCode/ros2_ws/build/cr3_interface/install.log --single-version-externally-managed install_data
[6.491s] Level 1:colcon.colcon_core.environment:checking '/home/andrewlh/VSCode/ros2_ws/install/cr3_interface' for CMake config files
[6.491s] Level 1:colcon.colcon_core.environment:checking '/home/andrewlh/VSCode/ros2_ws/install/cr3_interface/lib'
[6.492s] Level 1:colcon.colcon_core.environment:checking '/home/andrewlh/VSCode/ros2_ws/install/cr3_interface/bin'
[6.492s] Level 1:colcon.colcon_core.environment:checking '/home/andrewlh/VSCode/ros2_ws/install/cr3_interface/lib/pkgconfig/cr3_interface.pc'
[6.493s] Level 1:colcon.colcon_core.environment:checking '/home/andrewlh/VSCode/ros2_ws/install/cr3_interface/lib/python3.12/site-packages'
[6.494s] Level 1:colcon.colcon_core.shell:create_environment_hook('cr3_interface', 'pythonpath')
[6.494s] INFO:colcon.colcon_core.shell:Creating environment hook '/home/andrewlh/VSCode/ros2_ws/install/cr3_interface/share/cr3_interface/hook/pythonpath.ps1'
[6.495s] INFO:colcon.colcon_core.shell:Creating environment descriptor '/home/andrewlh/VSCode/ros2_ws/install/cr3_interface/share/cr3_interface/hook/pythonpath.dsv'
[6.496s] INFO:colcon.colcon_core.shell:Creating environment hook '/home/andrewlh/VSCode/ros2_ws/install/cr3_interface/share/cr3_interface/hook/pythonpath.sh'
[6.497s] Level 1:colcon.colcon_core.environment:checking '/home/andrewlh/VSCode/ros2_ws/install/cr3_interface/bin'
[6.497s] Level 1:colcon.colcon_core.environment:create_environment_scripts_only(cr3_interface)
[6.497s] INFO:colcon.colcon_core.shell:Creating package script '/home/andrewlh/VSCode/ros2_ws/install/cr3_interface/share/cr3_interface/package.ps1'
[6.498s] INFO:colcon.colcon_core.shell:Creating package descriptor '/home/andrewlh/VSCode/ros2_ws/install/cr3_interface/share/cr3_interface/package.dsv'
[6.498s] INFO:colcon.colcon_core.shell:Creating package script '/home/andrewlh/VSCode/ros2_ws/install/cr3_interface/share/cr3_interface/package.sh'
[6.498s] INFO:colcon.colcon_core.shell:Creating package script '/home/andrewlh/VSCode/ros2_ws/install/cr3_interface/share/cr3_interface/package.bash'
[6.499s] INFO:colcon.colcon_core.shell:Creating package script '/home/andrewlh/VSCode/ros2_ws/install/cr3_interface/share/cr3_interface/package.zsh'
[6.499s] Level 1:colcon.colcon_core.environment:create_file_with_runtime_dependencies(/home/andrewlh/VSCode/ros2_ws/install/cr3_interface/share/colcon-core/packages/cr3_interface)
[6.584s] Level 1:colcon.colcon_core.environment:checking '/home/andrewlh/VSCode/ros2_ws/install/control' for CMake module files
[6.586s] DEBUG:colcon.colcon_core.event_handler.log_command:Invoked command in '/home/andrewlh/VSCode/ros2_ws/src/control' returned '0': CONDA_PROMPT_MODIFIER=(base) DEBUGINFOD_URLS=https://debuginfod.ubuntu.com PYTHONPATH=/home/andrewlh/VSCode/ros2_ws/build/control/prefix_override:/usr/lib/python3/dist-packages/colcon_core/task/python/colcon_distutils_commands:/home/andrewlh/VSCode/ros2_ws/install/control/lib/python3.12/site-packages:${PYTHONPATH} /usr/bin/python3 -W ignore:setup.py install is deprecated -W ignore:easy_install command is deprecated setup.py egg_info --egg-base ../../build/control build --build-base /home/andrewlh/VSCode/ros2_ws/build/control/build install --record /home/andrewlh/VSCode/ros2_ws/build/control/install.log --single-version-externally-managed install_data
[6.586s] Level 1:colcon.colcon_core.environment:checking '/home/andrewlh/VSCode/ros2_ws/install/control' for CMake config files
[6.587s] Level 1:colcon.colcon_core.environment:checking '/home/andrewlh/VSCode/ros2_ws/install/control/lib'
[6.587s] Level 1:colcon.colcon_core.environment:checking '/home/andrewlh/VSCode/ros2_ws/install/control/bin'
[6.587s] Level 1:colcon.colcon_core.environment:checking '/home/andrewlh/VSCode/ros2_ws/install/control/lib/pkgconfig/control.pc'
[6.588s] Level 1:colcon.colcon_core.environment:checking '/home/andrewlh/VSCode/ros2_ws/install/control/lib/python3.12/site-packages'
[6.588s] Level 1:colcon.colcon_core.shell:create_environment_hook('control', 'pythonpath')
[6.588s] INFO:colcon.colcon_core.shell:Creating environment hook '/home/andrewlh/VSCode/ros2_ws/install/control/share/control/hook/pythonpath.ps1'
[6.589s] INFO:colcon.colcon_core.shell:Creating environment descriptor '/home/andrewlh/VSCode/ros2_ws/install/control/share/control/hook/pythonpath.dsv'
[6.590s] INFO:colcon.colcon_core.shell:Creating environment hook '/home/andrewlh/VSCode/ros2_ws/install/control/share/control/hook/pythonpath.sh'
[6.591s] Level 1:colcon.colcon_core.environment:checking '/home/andrewlh/VSCode/ros2_ws/install/control/bin'
[6.591s] Level 1:colcon.colcon_core.environment:create_environment_scripts_only(control)
[6.592s] INFO:colcon.colcon_core.shell:Creating package script '/home/andrewlh/VSCode/ros2_ws/install/control/share/control/package.ps1'
[6.592s] INFO:colcon.colcon_core.shell:Creating package descriptor '/home/andrewlh/VSCode/ros2_ws/install/control/share/control/package.dsv'
[6.593s] INFO:colcon.colcon_core.shell:Creating package script '/home/andrewlh/VSCode/ros2_ws/install/control/share/control/package.sh'
[6.594s] INFO:colcon.colcon_core.shell:Creating package script '/home/andrewlh/VSCode/ros2_ws/install/control/share/control/package.bash'
[6.594s] INFO:colcon.colcon_core.shell:Creating package script '/home/andrewlh/VSCode/ros2_ws/install/control/share/control/package.zsh'
[6.595s] Level 1:colcon.colcon_core.environment:create_file_with_runtime_dependencies(/home/andrewlh/VSCode/ros2_ws/install/control/share/colcon-core/packages/control)
[6.596s] DEBUG:colcon.colcon_parallel_executor.executor.parallel:closing loop
[6.597s] DEBUG:colcon.colcon_parallel_executor.executor.parallel:loop closed
[6.597s] DEBUG:colcon.colcon_parallel_executor.executor.parallel:run_until_complete finished with '0'
[6.597s] DEBUG:colcon.colcon_core.event_reactor:joining thread
[6.614s] INFO:colcon.colcon_core.plugin_system:Skipping extension 'colcon_notification.desktop_notification.terminal_notifier': Not used on non-Darwin systems
[6.614s] INFO:colcon.colcon_core.plugin_system:Skipping extension 'colcon_notification.desktop_notification.win32': Not used on non-Windows systems
[6.614s] INFO:colcon.colcon_notification.desktop_notification:Sending desktop notification using 'notify2'
[6.622s] DEBUG:colcon.colcon_core.event_reactor:joined thread
[6.622s] INFO:colcon.colcon_core.shell:Creating prefix script '/home/andrewlh/VSCode/ros2_ws/install/local_setup.ps1'
[6.624s] INFO:colcon.colcon_core.shell:Creating prefix util module '/home/andrewlh/VSCode/ros2_ws/install/_local_setup_util_ps1.py'
[6.626s] INFO:colcon.colcon_core.shell:Creating prefix chain script '/home/andrewlh/VSCode/ros2_ws/install/setup.ps1'
[6.627s] INFO:colcon.colcon_core.shell:Creating prefix script '/home/andrewlh/VSCode/ros2_ws/install/local_setup.sh'
[6.627s] INFO:colcon.colcon_core.shell:Creating prefix util module '/home/andrewlh/VSCode/ros2_ws/install/_local_setup_util_sh.py'
[6.628s] INFO:colcon.colcon_core.shell:Creating prefix chain script '/home/andrewlh/VSCode/ros2_ws/install/setup.sh'
[6.629s] INFO:colcon.colcon_core.shell:Creating prefix script '/home/andrewlh/VSCode/ros2_ws/install/local_setup.bash'
[6.630s] INFO:colcon.colcon_core.shell:Creating prefix chain script '/home/andrewlh/VSCode/ros2_ws/install/setup.bash'
[6.631s] INFO:colcon.colcon_core.shell:Creating prefix script '/home/andrewlh/VSCode/ros2_ws/install/local_setup.zsh'
[6.632s] INFO:colcon.colcon_core.shell:Creating prefix chain script '/home/andrewlh/VSCode/ros2_ws/install/setup.zsh'
