[5.353s] Invoking command in '/home/andrewlh/VSCode/ros2_ws/build/perception': CONDA_PROMPT_MODIFIER=(base) DEBUGINFOD_URLS=https://debuginfod.ubuntu.com PYTHONPATH=/home/andrewlh/VSCode/ros2_ws/build/perception/prefix_override:/usr/lib/python3/dist-packages/colcon_core/task/python/colcon_distutils_commands:/home/andrewlh/VSCode/ros2_ws/install/perception/lib/python3.12/site-packages:${PYTHONPATH} /usr/bin/python3 -W ignore:setup.py install is deprecated -W ignore:easy_install command is deprecated setup.py develop --editable --build-directory /home/andrewlh/VSCode/ros2_ws/build/perception/build --no-deps symlink_data --force
[6.430s] running develop
[7.153s] running egg_info
[7.229s] writing perception.egg-info/PKG-INFO
[7.233s] writing dependency_links to perception.egg-info/dependency_links.txt
[7.234s] writing entry points to perception.egg-info/entry_points.txt
[7.234s] writing requirements to perception.egg-info/requires.txt
[7.234s] writing top-level names to perception.egg-info/top_level.txt
[7.386s] reading manifest file 'perception.egg-info/SOURCES.txt'
[7.391s] writing manifest file 'perception.egg-info/SOURCES.txt'
[7.467s] running build_ext
[7.469s] Creating /home/andrewlh/VSCode/ros2_ws/install/perception/lib/python3.12/site-packages/perception.egg-link (link to .)
[7.476s] Installing body_pose_node script to /home/andrewlh/VSCode/ros2_ws/install/perception/bin
[7.477s] Installing coordinate_transform_node script to /home/andrewlh/VSCode/ros2_ws/install/perception/bin
[7.477s] Installing hand_pose_node script to /home/andrewlh/VSCode/ros2_ws/install/perception/bin
[7.477s] Installing pose_filter_node script to /home/andrewlh/VSCode/ros2_ws/install/perception/bin
[7.477s] 
[7.477s] Installed /home/andrewlh/VSCode/ros2_ws/build/perception
[7.477s] running symlink_data
[7.477s] symbolically linking /home/andrewlh/VSCode/ros2_ws/build/perception/resource/perception -> /home/andrewlh/VSCode/ros2_ws/install/perception/share/ament_index/resource_index/packages
[7.478s] symbolically linking /home/andrewlh/VSCode/ros2_ws/build/perception/package.xml -> /home/andrewlh/VSCode/ros2_ws/install/perception/share/perception
[7.626s] Invoked command in '/home/andrewlh/VSCode/ros2_ws/build/perception' returned '0': CONDA_PROMPT_MODIFIER=(base) DEBUGINFOD_URLS=https://debuginfod.ubuntu.com PYTHONPATH=/home/andrewlh/VSCode/ros2_ws/build/perception/prefix_override:/usr/lib/python3/dist-packages/colcon_core/task/python/colcon_distutils_commands:/home/andrewlh/VSCode/ros2_ws/install/perception/lib/python3.12/site-packages:${PYTHONPATH} /usr/bin/python3 -W ignore:setup.py install is deprecated -W ignore:easy_install command is deprecated setup.py develop --editable --build-directory /home/andrewlh/VSCode/ros2_ws/build/perception/build --no-deps symlink_data --force
