[5.511s] Invoking command in '/home/andrewlh/VSCode/ros2_ws/src/camera_interface': CONDA_PROMPT_MODIFIER=(base) DEBUGINFOD_URLS=https://debuginfod.ubuntu.com PYTHONPATH=/home/andrewlh/VSCode/ros2_ws/build/camera_interface/prefix_override:/usr/lib/python3/dist-packages/colcon_core/task/python/colcon_distutils_commands:/home/andrewlh/VSCode/ros2_ws/install/camera_interface/lib/python3.12/site-packages:${PYTHONPATH} /usr/bin/python3 -W ignore:setup.py install is deprecated -W ignore:easy_install command is deprecated setup.py egg_info --egg-base ../../build/camera_interface build --build-base /home/andrewlh/VSCode/ros2_ws/build/camera_interface/build install --record /home/andrewlh/VSCode/ros2_ws/build/camera_interface/install.log --single-version-externally-managed install_data
[6.510s] running egg_info
[6.596s] writing ../../build/camera_interface/camera_interface.egg-info/PKG-INFO
[6.596s] writing dependency_links to ../../build/camera_interface/camera_interface.egg-info/dependency_links.txt
[6.596s] writing entry points to ../../build/camera_interface/camera_interface.egg-info/entry_points.txt
[6.596s] writing requirements to ../../build/camera_interface/camera_interface.egg-info/requires.txt
[6.596s] writing top-level names to ../../build/camera_interface/camera_interface.egg-info/top_level.txt
[6.766s] reading manifest file '../../build/camera_interface/camera_interface.egg-info/SOURCES.txt'
[6.766s] writing manifest file '../../build/camera_interface/camera_interface.egg-info/SOURCES.txt'
[6.766s] running build
[6.766s] running build_py
[6.767s] copying camera_interface/__init__.py -> /home/andrewlh/VSCode/ros2_ws/build/camera_interface/build/lib/camera_interface
[6.767s] copying camera_interface/camera_node.py -> /home/andrewlh/VSCode/ros2_ws/build/camera_interface/build/lib/camera_interface
[6.767s] running install
[6.798s] running install_lib
[6.888s] copying /home/andrewlh/VSCode/ros2_ws/build/camera_interface/build/lib/camera_interface/__init__.py -> /home/andrewlh/VSCode/ros2_ws/install/camera_interface/lib/python3.12/site-packages/camera_interface
[6.888s] copying /home/andrewlh/VSCode/ros2_ws/build/camera_interface/build/lib/camera_interface/camera_node.py -> /home/andrewlh/VSCode/ros2_ws/install/camera_interface/lib/python3.12/site-packages/camera_interface
[6.899s] byte-compiling /home/andrewlh/VSCode/ros2_ws/install/camera_interface/lib/python3.12/site-packages/camera_interface/__init__.py to __init__.cpython-312.pyc
[6.899s] byte-compiling /home/andrewlh/VSCode/ros2_ws/install/camera_interface/lib/python3.12/site-packages/camera_interface/camera_node.py to camera_node.cpython-312.pyc
[6.914s] running install_data
[6.923s] running install_egg_info
[7.023s] removing '/home/andrewlh/VSCode/ros2_ws/install/camera_interface/lib/python3.12/site-packages/camera_interface-0.1.0-py3.12.egg-info' (and everything under it)
[7.023s] Copying ../../build/camera_interface/camera_interface.egg-info to /home/andrewlh/VSCode/ros2_ws/install/camera_interface/lib/python3.12/site-packages/camera_interface-0.1.0-py3.12.egg-info
[7.030s] running install_scripts
[7.524s] Installing camera_info_node script to /home/andrewlh/VSCode/ros2_ws/install/camera_interface/bin
[7.525s] Installing camera_node script to /home/andrewlh/VSCode/ros2_ws/install/camera_interface/bin
[7.530s] writing list of installed files to '/home/andrewlh/VSCode/ros2_ws/build/camera_interface/install.log'
[7.662s] Invoked command in '/home/andrewlh/VSCode/ros2_ws/src/camera_interface' returned '0': CONDA_PROMPT_MODIFIER=(base) DEBUGINFOD_URLS=https://debuginfod.ubuntu.com PYTHONPATH=/home/andrewlh/VSCode/ros2_ws/build/camera_interface/prefix_override:/usr/lib/python3/dist-packages/colcon_core/task/python/colcon_distutils_commands:/home/andrewlh/VSCode/ros2_ws/install/camera_interface/lib/python3.12/site-packages:${PYTHONPATH} /usr/bin/python3 -W ignore:setup.py install is deprecated -W ignore:easy_install command is deprecated setup.py egg_info --egg-base ../../build/camera_interface build --build-base /home/andrewlh/VSCode/ros2_ws/build/camera_interface/build install --record /home/andrewlh/VSCode/ros2_ws/build/camera_interface/install.log --single-version-externally-managed install_data
