[1.522s] Invoking command in '/home/andrewlh/VSCode/ros2_ws/src/ui': CONDA_PROMPT_MODIFIER=(base) DEBUGINFOD_URLS=https://debuginfod.ubuntu.com PYTHONPATH=/home/andrewlh/VSCode/ros2_ws/build/ui/prefix_override:/usr/lib/python3/dist-packages/colcon_core/task/python/colcon_distutils_commands:/home/andrewlh/VSCode/ros2_ws/install/ui/lib/python3.12/site-packages:${PYTHONPATH} /usr/bin/python3 -W ignore:setup.py install is deprecated -W ignore:easy_install command is deprecated setup.py egg_info --egg-base ../../build/ui build --build-base /home/andrewlh/VSCode/ros2_ws/build/ui/build install --record /home/andrewlh/VSCode/ros2_ws/build/ui/install.log --single-version-externally-managed install_data
[1.864s] running egg_info
[1.890s] writing ../../build/ui/ui.egg-info/PKG-INFO
[1.891s] writing dependency_links to ../../build/ui/ui.egg-info/dependency_links.txt
[1.891s] writing entry points to ../../build/ui/ui.egg-info/entry_points.txt
[1.891s] writing requirements to ../../build/ui/ui.egg-info/requires.txt
[1.891s] writing top-level names to ../../build/ui/ui.egg-info/top_level.txt
[1.949s] reading manifest file '../../build/ui/ui.egg-info/SOURCES.txt'
[1.950s] writing manifest file '../../build/ui/ui.egg-info/SOURCES.txt'
[1.950s] running build
[1.950s] running build_py
[1.950s] running install
[1.958s] running install_lib
[1.984s] running install_data
[1.984s] running install_egg_info
[2.007s] removing '/home/andrewlh/VSCode/ros2_ws/install/ui/lib/python3.12/site-packages/ui-0.1.0-py3.12.egg-info' (and everything under it)
[2.008s] Copying ../../build/ui/ui.egg-info to /home/andrewlh/VSCode/ros2_ws/install/ui/lib/python3.12/site-packages/ui-0.1.0-py3.12.egg-info
[2.009s] running install_scripts
[2.163s] Installing lifecycle_manager script to /home/andrewlh/VSCode/ros2_ws/install/ui/lib/ui
[2.164s] Installing mode_switcher_node script to /home/andrewlh/VSCode/ros2_ws/install/ui/lib/ui
[2.164s] Installing ui_dashboard_node script to /home/andrewlh/VSCode/ros2_ws/install/ui/lib/ui
[2.164s] Installing ui_dashboard_node_modular script to /home/andrewlh/VSCode/ros2_ws/install/ui/lib/ui
[2.165s] writing list of installed files to '/home/andrewlh/VSCode/ros2_ws/build/ui/install.log'
[2.206s] Invoked command in '/home/andrewlh/VSCode/ros2_ws/src/ui' returned '0': CONDA_PROMPT_MODIFIER=(base) DEBUGINFOD_URLS=https://debuginfod.ubuntu.com PYTHONPATH=/home/andrewlh/VSCode/ros2_ws/build/ui/prefix_override:/usr/lib/python3/dist-packages/colcon_core/task/python/colcon_distutils_commands:/home/andrewlh/VSCode/ros2_ws/install/ui/lib/python3.12/site-packages:${PYTHONPATH} /usr/bin/python3 -W ignore:setup.py install is deprecated -W ignore:easy_install command is deprecated setup.py egg_info --egg-base ../../build/ui build --build-base /home/andrewlh/VSCode/ros2_ws/build/ui/build install --record /home/andrewlh/VSCode/ros2_ws/build/ui/install.log --single-version-externally-managed install_data
