[7.273s] Invoking command in '/home/andrewlh/VSCode/ros2_ws/build/perception': CONDA_PROMPT_MODIFIER=(base) DEBUGINFOD_URLS=https://debuginfod.ubuntu.com PYTHONPATH=/home/andrewlh/VSCode/ros2_ws/build/perception/prefix_override:/usr/lib/python3/dist-packages/colcon_core/task/python/colcon_distutils_commands:/home/andrewlh/VSCode/ros2_ws/install/perception/lib/python3.12/site-packages:${PYTHONPATH} /usr/bin/python3 -W ignore:setup.py install is deprecated -W ignore:easy_install command is deprecated setup.py develop --editable --build-directory /home/andrewlh/VSCode/ros2_ws/build/perception/build --no-deps symlink_data
[9.582s] running develop
[9.582s] running egg_info
[9.583s] creating perception.egg-info
[9.634s] writing perception.egg-info/PKG-INFO
[9.634s] writing dependency_links to perception.egg-info/dependency_links.txt
[9.635s] writing entry points to perception.egg-info/entry_points.txt
[9.635s] writing requirements to perception.egg-info/requires.txt
[9.635s] writing top-level names to perception.egg-info/top_level.txt
[9.635s] writing manifest file 'perception.egg-info/SOURCES.txt'
[9.798s] reading manifest file 'perception.egg-info/SOURCES.txt'
[9.802s] writing manifest file 'perception.egg-info/SOURCES.txt'
[9.874s] running build_ext
[9.874s] Creating /home/andrewlh/VSCode/ros2_ws/install/perception/lib/python3.12/site-packages/perception.egg-link (link to .)
[9.888s] Installing body_pose_node script to /home/andrewlh/VSCode/ros2_ws/install/perception/bin
[9.888s] Installing coordinate_transform_node script to /home/andrewlh/VSCode/ros2_ws/install/perception/bin
[9.889s] Installing hand_pose_node script to /home/andrewlh/VSCode/ros2_ws/install/perception/bin
[9.889s] Installing pose_filter_node script to /home/andrewlh/VSCode/ros2_ws/install/perception/bin
[9.890s] 
[9.891s] Installed /home/andrewlh/VSCode/ros2_ws/build/perception
[9.893s] running symlink_data
[9.896s] creating /home/andrewlh/VSCode/ros2_ws/install/perception/share/ament_index
[9.897s] creating /home/andrewlh/VSCode/ros2_ws/install/perception/share/ament_index/resource_index
[9.906s] creating /home/andrewlh/VSCode/ros2_ws/install/perception/share/ament_index/resource_index/packages
[9.906s] symbolically linking /home/andrewlh/VSCode/ros2_ws/build/perception/resource/perception -> /home/andrewlh/VSCode/ros2_ws/install/perception/share/ament_index/resource_index/packages
[9.906s] symbolically linking /home/andrewlh/VSCode/ros2_ws/build/perception/package.xml -> /home/andrewlh/VSCode/ros2_ws/install/perception/share/perception
[10.005s] Invoked command in '/home/andrewlh/VSCode/ros2_ws/build/perception' returned '0': CONDA_PROMPT_MODIFIER=(base) DEBUGINFOD_URLS=https://debuginfod.ubuntu.com PYTHONPATH=/home/andrewlh/VSCode/ros2_ws/build/perception/prefix_override:/usr/lib/python3/dist-packages/colcon_core/task/python/colcon_distutils_commands:/home/andrewlh/VSCode/ros2_ws/install/perception/lib/python3.12/site-packages:${PYTHONPATH} /usr/bin/python3 -W ignore:setup.py install is deprecated -W ignore:easy_install command is deprecated setup.py develop --editable --build-directory /home/andrewlh/VSCode/ros2_ws/build/perception/build --no-deps symlink_data
